k: 50
	&	0	&	1	&	2	&	3	&	4	&	5	&	6	&	7	&	8	&	9\\
0	&	68.62	&	0.07605	&	0.4405	&	0.2994	&	7.229	&	0.6536	&	2.558	&	0.3854	&	3.898	&	4.128\\
1	&	0.1724	&	80.08	&	0.3524	&	0.5988	&	3.012	&	0.6536	&	0.6977	&	0.9634	&	1.499	&	0.8257\\
2	&	4.052	&	7.452	&	6.167	&	29.49	&	3.414	&	25.3	&	13.72	&	4.721	&	15.74	&	3.945\\
3	&	0.7759	&	1.521	&	32.25	&	4.641	&	1.205	&	27.36	&	4.884	&	7.129	&	11.69	&	7.798\\
4	&	4.569	&	2.586	&	3.084	&	1.347	&	36.04	&	3.268	&	1.977	&	11.95	&	11.84	&	21.74\\
5	&	2.069	&	1.597	&	29.78	&	22.6	&	2.209	&	4.949	&	8.256	&	6.551	&	10.79	&	6.606\\
6	&	8.19	&	1.065	&	8.282	&	4.79	&	5.723	&	9.804	&	62.33	&	0	&	2.849	&	0.5505\\
7	&	0.3448	&	3.802	&	3.172	&	10.18	&	8.835	&	5.602	&	0.4651	&	38.63	&	4.048	&	26.61\\
8	&	9.397	&	0.4563	&	13.83	&	16.17	&	5.321	&	16.62	&	4.884	&	2.216	&	29.39	&	9.358\\
9	&	1.81	&	1.369	&	2.643	&	9.88	&	27.01	&	5.789	&	0.2326	&	27.46	&	8.246	&	18.44\\
correct: 36.96%
k: 49
	&	0	&	1	&	2	&	3	&	4	&	5	&	6	&	7	&	8	&	9\\
0	&	68.91	&	0.07616	&	0.4401	&	0.299	&	7.322	&	0.555	&	2.445	&	0.1925	&	3.916	&	4.07\\
1	&	0.1723	&	80.35	&	0.4401	&	0.5979	&	2.909	&	0.6475	&	0.6985	&	0.9625	&	1.506	&	0.6475\\
2	&	3.79	&	7.464	&	6.338	&	28.85	&	3.611	&	25.62	&	13.85	&	4.524	&	15.81	&	3.793\\
3	&	0.8613	&	1.447	&	31.6	&	5.082	&	1.204	&	28.03	&	4.889	&	7.218	&	11.3	&	7.493\\
4	&	4.565	&	2.589	&	3.169	&	1.345	&	36.41	&	2.868	&	1.979	&	11.65	&	12.2	&	21.92\\
5	&	2.153	&	1.599	&	30.28	&	22.87	&	2.307	&	4.718	&	7.8	&	6.352	&	10.24	&	6.846\\
6	&	7.924	&	0.9901	&	7.835	&	5.232	&	5.817	&	9.898	&	62.75	&	0	&	2.861	&	0.555\\
7	&	0.4307	&	3.656	&	3.433	&	9.865	&	8.626	&	5.55	&	0.3492	&	38.98	&	4.066	&	26.73\\
8	&	9.388	&	0.457	&	13.91	&	15.99	&	5.517	&	16.28	&	4.773	&	2.214	&	29.97	&	9.251\\
9	&	1.809	&	1.371	&	2.553	&	9.865	&	26.28	&	5.828	&	0.4657	&	27.91	&	8.133	&	18.69\\
correct: 37.2%
k: 48
	&	0	&	1	&	2	&	3	&	4	&	5	&	6	&	7	&	8	&	9\\
0	&	69.08	&	0.07628	&	0.4394	&	0.2976	&	7.265	&	0.6518	&	2.445	&	0.1908	&	3.886	&	3.9\\
1	&	0.1723	&	80.47	&	0.3515	&	0.5952	&	3.027	&	0.6518	&	0.6985	&	0.9542	&	1.495	&	0.65\\
2	&	3.79	&	7.323	&	6.327	&	28.72	&	3.633	&	25.98	&	13.74	&	4.198	&	16.29	&	3.807\\
3	&	0.9475	&	1.449	&	31.81	&	5.506	&	1.312	&	28.12	&	4.889	&	6.966	&	10.91	&	7.242\\
4	&	4.651	&	2.593	&	2.988	&	1.339	&	36.73	&	2.793	&	2.095	&	11.74	&	11.96	&	21.91\\
5	&	1.895	&	1.602	&	30.4	&	23.07	&	2.321	&	4.749	&	7.683	&	6.584	&	10.16	&	6.592\\
6	&	7.838	&	0.9916	&	7.909	&	5.06	&	6.054	&	9.683	&	62.86	&	0	&	2.99	&	0.5571\\
7	&	0.5168	&	3.661	&	3.427	&	9.673	&	8.476	&	5.307	&	0.2328	&	39.31	&	3.886	&	26.83\\
8	&	9.302	&	0.4577	&	13.8	&	15.92	&	5.146	&	16.39	&	4.889	&	2.195	&	30.19	&	9.471\\
9	&	1.809	&	1.373	&	2.548	&	9.821	&	26.03	&	5.68	&	0.4657	&	27.86	&	8.221	&	19.03\\
correct: 37.4%
k: 47
	&	0	&	1	&	2	&	3	&	4	&	5	&	6	&	7	&	8	&	9\\
0	&	69.25	&	0.07639	&	0.4417	&	0.4392	&	7.179	&	0.65	&	2.45	&	0.1885	&	4.024	&	3.679\\
1	&	0.1723	&	80.75	&	0.3534	&	0.5857	&	2.932	&	0.65	&	0.5834	&	0.9425	&	1.49	&	0.6604\\
2	&	3.704	&	7.181	&	6.625	&	28.99	&	3.539	&	25.81	&	13.65	&	4.053	&	16.24	&	3.774\\
3	&	0.8613	&	1.375	&	32.51	&	5.564	&	1.314	&	28.04	&	4.901	&	7.069	&	10.43	&	6.981\\
4	&	4.996	&	2.597	&	3.004	&	1.318	&	36.7	&	2.693	&	1.867	&	11.69	&	12.22	&	21.98\\
5	&	1.981	&	1.604	&	30.21	&	22.99	&	2.528	&	5.014	&	7.701	&	6.315	&	9.985	&	6.604\\
6	&	7.58	&	0.9931	&	7.951	&	4.832	&	6.067	&	9.935	&	63.48	&	0	&	2.534	&	0.566\\
7	&	0.5168	&	3.591	&	3.357	&	9.224	&	8.595	&	5.2	&	0.2334	&	39.96	&	3.726	&	26.6\\
8	&	9.388	&	0.4584	&	13.16	&	16.25	&	5.258	&	16.34	&	4.667	&	2.074	&	30.85	&	9.623\\
9	&	1.55	&	1.375	&	2.385	&	9.81	&	25.88	&	5.664	&	0.4667	&	27.71	&	8.495	&	19.53\\
correct: 37.73%
k: 46
	&	0	&	1	&	2	&	3	&	4	&	5	&	6	&	7	&	8	&	9\\
0	&	69.4	&	0.07657	&	0.5268	&	0.4386	&	7.064	&	0.653	&	2.448	&	0.1889	&	4.072	&	3.558\\
1	&	0.1724	&	80.93	&	0.3512	&	0.5848	&	2.926	&	0.653	&	0.5828	&	0.9443	&	1.659	&	0.5618\\
2	&	3.707	&	7.274	&	6.848	&	28.8	&	3.532	&	26.03	&	13.64	&	4.155	&	15.84	&	3.652\\
3	&	0.8621	&	1.378	&	32.57	&	5.848	&	1.312	&	28.08	&	4.895	&	6.704	&	10.41	&	7.022\\
4	&	4.741	&	2.527	&	3.073	&	1.316	&	37.24	&	2.705	&	1.865	&	11.33	&	12.07	&	22.1\\
5	&	1.897	&	1.608	&	30.11	&	23.25	&	2.523	&	5.037	&	7.459	&	6.421	&	10.11	&	6.461\\
6	&	7.586	&	0.9954	&	8.253	&	4.532	&	5.954	&	9.701	&	63.87	&	0	&	2.262	&	0.5618\\
7	&	0.5172	&	3.369	&	3.336	&	9.649	&	8.577	&	5.131	&	0.2331	&	40.32	&	3.62	&	26.31\\
8	&	9.397	&	0.4594	&	12.64	&	16.67	&	5.449	&	16.32	&	4.545	&	2.077	&	31.52	&	9.551\\
9	&	1.724	&	1.378	&	2.283	&	8.918	&	25.43	&	5.69	&	0.4662	&	27.86	&	8.446	&	20.22\\
correct: 38.03%
k: 45
	&	0	&	1	&	2	&	3	&	4	&	5	&	6	&	7	&	8	&	9\\
0	&	69.69	&	0.07686	&	0.5263	&	0.438	&	6.998	&	0.653	&	2.431	&	0.1908	&	4.054	&	3.426\\
1	&	0.1727	&	81.25	&	0.4386	&	0.5839	&	2.941	&	0.5597	&	0.5787	&	0.9542	&	1.652	&	0.5556\\
2	&	3.454	&	7.071	&	7.193	&	29.78	&	3.448	&	25.84	&	13.43	&	4.103	&	15.62	&	3.704\\
3	&	0.6908	&	1.307	&	31.93	&	6.423	&	1.318	&	28.73	&	4.63	&	6.584	&	10.66	&	7.037\\
4	&	5.095	&	2.306	&	3.07	&	1.314	&	38.13	&	2.612	&	1.736	&	11.07	&	11.56	&	21.94\\
5	&	1.9	&	1.691	&	30.26	&	23.36	&	2.333	&	5.131	&	7.407	&	6.202	&	9.91	&	6.481\\
6	&	7.34	&	0.9224	&	8.333	&	4.234	&	5.882	&	9.608	&	64.12	&	0	&	2.553	&	0.463\\
7	&	0.4318	&	3.382	&	3.333	&	9.343	&	8.215	&	4.944	&	0.463	&	41.22	&	3.754	&	26.11\\
8	&	9.326	&	0.538	&	12.63	&	16.06	&	5.375	&	16.23	&	4.745	&	1.813	&	31.98	&	9.722\\
9	&	1.9	&	1.46	&	2.281	&	8.467	&	25.35	&	5.69	&	0.463	&	27.86	&	8.258	&	20.56\\
correct: 38.42%
k: 44
	&	0	&	1	&	2	&	3	&	4	&	5	&	6	&	7	&	8	&	9\\
0	&	69.13	&	0.07716	&	0.4405	&	0.5935	&	6.754	&	0.5629	&	2.309	&	0.1901	&	3.886	&	3.352\\
1	&	0.1701	&	81.48	&	0.4405	&	0.5935	&	3.024	&	0.5629	&	0.5774	&	0.9506	&	1.644	&	0.5587\\
2	&	3.656	&	6.944	&	7.225	&	29.97	&	3.327	&	26.45	&	13.51	&	4.183	&	14.8	&	3.724\\
3	&	0.6803	&	1.312	&	32.07	&	6.528	&	1.31	&	28.89	&	4.388	&	6.464	&	10.76	&	7.263\\
4	&	5.442	&	2.315	&	2.996	&	1.187	&	38.41	&	2.345	&	1.732	&	11.12	&	11.36	&	21.6\\
5	&	1.871	&	1.62	&	30.57	&	23.74	&	2.117	&	5.253	&	7.506	&	6.464	&	9.567	&	6.331\\
6	&	7.398	&	0.9259	&	8.37	&	4.154	&	5.847	&	9.381	&	64.2	&	0	&	2.541	&	0.4655\\
7	&	0.4252	&	3.318	&	3.348	&	9.05	&	8.669	&	4.878	&	0.4619	&	41.25	&	4.036	&	25.88\\
8	&	9.439	&	0.5401	&	12.42	&	15.73	&	5.343	&	15.85	&	4.85	&	1.616	&	33.03	&	9.963\\
9	&	1.786	&	1.466	&	2.115	&	8.457	&	25.2	&	5.816	&	0.4619	&	27.76	&	8.371	&	20.86\\
correct: 38.67%
k: 43
	&	0	&	1	&	2	&	3	&	4	&	5	&	6	&	7	&	8	&	9\\
0	&	68.95	&	0.07692	&	0.2662	&	0.5865	&	6.707	&	0.5634	&	2.299	&	0.1883	&	3.823	&	3.361\\
1	&	0.08439	&	81.31	&	0.5324	&	0.5865	&	3.15	&	0.5634	&	0.5747	&	0.8475	&	1.682	&	0.4669\\
2	&	3.882	&	6.769	&	7.453	&	29.62	&	3.15	&	26.85	&	13.33	&	4.049	&	14.98	&	3.548\\
3	&	0.6751	&	1.462	&	31.77	&	7.478	&	1.321	&	28.64	&	4.713	&	6.403	&	10.86	&	7.096\\
4	&	5.485	&	2.308	&	3.106	&	1.173	&	39.33	&	2.347	&	1.379	&	11.39	&	10.4	&	21.57\\
5	&	1.857	&	1.692	&	30.43	&	24.19	&	2.236	&	5.634	&	7.241	&	6.403	&	9.174	&	6.256\\
6	&	7.173	&	0.9231	&	8.163	&	4.399	&	5.691	&	9.484	&	64.48	&	0	&	2.294	&	0.5602\\
7	&	0.4219	&	3.308	&	3.638	&	9.091	&	8.435	&	4.601	&	0.4598	&	41.34	&	4.128	&	25.68\\
8	&	9.62	&	0.5385	&	12.51	&	14.81	&	4.878	&	15.77	&	5.057	&	1.412	&	34.56	&	10.27\\
9	&	1.857	&	1.615	&	2.13	&	8.065	&	25.1	&	5.54	&	0.4598	&	27.97	&	8.104	&	21.2\\
correct: 39.09%
k: 42
	&	0	&	1	&	2	&	3	&	4	&	5	&	6	&	7	&	8	&	9\\
0	&	69.32	&	0.07722	&	0.1775	&	0.5874	&	6.633	&	0.5587	&	2.283	&	0.1876	&	3.704	&	3.364\\
1	&	0.08453	&	81.54	&	0.6211	&	0.5874	&	3.265	&	0.5587	&	0.5708	&	0.8443	&	1.698	&	0.3738\\
2	&	3.888	&	6.486	&	8.163	&	30.25	&	3.265	&	26.91	&	13.13	&	3.752	&	14.51	&	3.178\\
3	&	0.6762	&	1.39	&	31.32	&	8.076	&	1.02	&	28.77	&	4.68	&	6.567	&	10.65	&	7.196\\
4	&	5.241	&	2.317	&	3.017	&	1.028	&	40	&	2.328	&	1.37	&	10.98	&	10.65	&	21.87\\
5	&	1.775	&	1.544	&	30.35	&	23.94	&	2.143	&	6.145	&	7.534	&	6.567	&	8.796	&	6.168\\
6	&	7.016	&	1.081	&	8.075	&	4.112	&	5.816	&	9.125	&	64.5	&	0	&	2.469	&	0.5607\\
7	&	0.4227	&	3.32	&	3.727	&	8.957	&	8.367	&	4.562	&	0.5708	&	41.56	&	4.167	&	25.33\\
8	&	9.552	&	0.6178	&	12.51	&	14.54	&	4.898	&	15.74	&	4.909	&	1.313	&	34.88	&	10.56\\
9	&	2.029	&	1.622	&	2.041	&	7.93	&	24.59	&	5.307	&	0.4566	&	28.24	&	8.488	&	21.4\\
correct: 39.44%
k: 41
	&	0	&	1	&	2	&	3	&	4	&	5	&	6	&	7	&	8	&	9\\
0	&	69.85	&	0.07716	&	0.2627	&	0.5857	&	6.481	&	0.566	&	2.365	&	0.2828	&	3.511	&	3.368\\
1	&	0.08518	&	81.56	&	0.5254	&	0.5857	&	3.292	&	0.566	&	0.5631	&	0.8483	&	1.679	&	0.3742\\
2	&	3.918	&	6.481	&	8.406	&	30.6	&	3.086	&	26.89	&	12.95	&	3.487	&	14.96	&	2.993\\
3	&	0.6814	&	1.235	&	32.05	&	8.638	&	1.029	&	28.58	&	4.279	&	6.126	&	10.84	&	6.922\\
4	&	4.94	&	2.546	&	3.065	&	1.025	&	40.95	&	2.264	&	1.464	&	10.84	&	10.38	&	21.61\\
5	&	1.618	&	1.543	&	29.86	&	24.01	&	2.16	&	6.415	&	7.658	&	6.315	&	8.855	&	6.174\\
6	&	7.155	&	1.003	&	8.144	&	3.953	&	5.658	&	8.868	&	64.19	&	0	&	2.443	&	0.5613\\
7	&	0.5111	&	3.318	&	3.678	&	8.199	&	8.23	&	4.528	&	0.5631	&	42.22	&	3.969	&	25.63\\
8	&	8.944	&	0.6173	&	12	&	14.64	&	5.144	&	15.85	&	5.518	&	1.32	&	35.27	&	10.48\\
9	&	2.3	&	1.62	&	2.014	&	7.76	&	23.97	&	5.472	&	0.4505	&	28.56	&	8.092	&	21.89\\
correct: 39.81%
k: 40
	&	0	&	1	&	2	&	3	&	4	&	5	&	6	&	7	&	8	&	9\\
0	&	69.49	&	0.0771	&	0.2618	&	0.5797	&	6.475	&	0.572	&	2.368	&	0.2841	&	3.533	&	3.361\\
1	&	0.08475	&	81.5	&	0.5236	&	0.5797	&	3.289	&	0.572	&	0.5637	&	0.8523	&	1.69	&	0.3735\\
2	&	3.814	&	6.708	&	8.639	&	29.86	&	3.186	&	27.45	&	12.97	&	3.22	&	14.44	&	3.081\\
3	&	0.7627	&	1.234	&	32.2	&	8.986	&	1.028	&	28.5	&	4.51	&	6.155	&	10.45	&	6.723\\
4	&	5.085	&	2.544	&	2.88	&	1.159	&	41.42	&	2.193	&	1.466	&	10.51	&	9.985	&	21.76\\
5	&	1.525	&	1.542	&	29.06	&	24.2	&	2.158	&	7.15	&	7.554	&	6.061	&	9.37	&	6.162\\
6	&	7.203	&	0.9252	&	8.29	&	3.768	&	5.55	&	8.77	&	64.49	&	0	&	2.304	&	0.6536\\
7	&	0.5085	&	3.238	&	3.839	&	8.116	&	8.222	&	4.48	&	0.451	&	42.61	&	3.84	&	25.58\\
8	&	9.237	&	0.6168	&	12.3	&	14.78	&	5.242	&	15.16	&	5.299	&	1.231	&	36.41	&	9.991\\
9	&	2.288	&	1.619	&	2.007	&	7.971	&	23.43	&	5.148	&	0.3382	&	29.07	&	7.988	&	22.32\\
correct: 40.14%
k: 39
	&	0	&	1	&	2	&	3	&	4	&	5	&	6	&	7	&	8	&	9\\
0	&	69.24	&	0.07734	&	0.2643	&	0.4304	&	6.211	&	0.5634	&	2.48	&	0.377	&	3.416	&	3.296\\
1	&	0.08403	&	81.83	&	0.6167	&	0.5739	&	3.106	&	0.5634	&	0.6764	&	0.754	&	1.553	&	0.4708\\
2	&	3.782	&	6.497	&	8.634	&	30.99	&	3.106	&	27.32	&	12.85	&	2.922	&	14.13	&	3.013\\
3	&	0.7563	&	1.392	&	32.16	&	9.613	&	0.9317	&	28.64	&	4.397	&	6.032	&	10.09	&	6.497\\
4	&	5.21	&	2.475	&	2.555	&	1.148	&	42.24	&	2.16	&	1.466	&	10.56	&	9.938	&	21.75\\
5	&	1.513	&	1.469	&	29.78	&	24.25	&	2.174	&	7.136	&	7.666	&	5.749	&	9.006	&	6.026\\
6	&	6.807	&	0.9281	&	8.106	&	3.443	&	5.59	&	8.92	&	64.94	&	0	&	2.484	&	0.7533\\
7	&	0.6723	&	3.248	&	3.7	&	8.034	&	8.385	&	4.507	&	0.3382	&	42.7	&	3.416	&	25.71\\
8	&	9.58	&	0.5414	&	12.25	&	13.49	&	5.59	&	15.02	&	4.848	&	1.225	&	38.35	&	9.699\\
9	&	2.353	&	1.547	&	1.938	&	8.034	&	22.67	&	5.164	&	0.3382	&	29.69	&	7.609	&	22.79\\
correct: 40.49%
k: 38
	&	0	&	1	&	2	&	3	&	4	&	5	&	6	&	7	&	8	&	9\\
0	&	70.03	&	0.07746	&	0.1765	&	0.4329	&	6.244	&	0.5545	&	2.262	&	0.381	&	3.395	&	3.205\\
1	&	0.08467	&	81.95	&	0.6178	&	0.5772	&	3.071	&	0.5545	&	0.6787	&	0.7619	&	1.543	&	0.4713\\
2	&	3.641	&	6.739	&	8.914	&	31.02	&	2.968	&	27.36	&	13.01	&	2.381	&	13.89	&	2.922\\
3	&	0.7621	&	1.239	&	31.16	&	10.25	&	0.9212	&	29.39	&	4.412	&	6	&	10.03	&	6.315\\
4	&	5.334	&	2.324	&	2.383	&	1.01	&	42.37	&	1.941	&	1.584	&	10.19	&	10.03	&	22.05\\
5	&	1.439	&	1.394	&	30.54	&	24.1	&	2.149	&	7.209	&	6.9	&	6	&	8.951	&	5.938\\
6	&	6.52	&	0.9295	&	8.032	&	3.463	&	5.527	&	8.965	&	65.72	&	0	&	2.16	&	0.754\\
7	&	0.6774	&	3.176	&	3.442	&	8.081	&	8.7	&	4.436	&	0.3394	&	43.43	&	3.241	&	25.54\\
8	&	9.06	&	0.5422	&	12.89	&	13.28	&	5.629	&	14.51	&	4.638	&	1.333	&	39.35	&	9.425\\
9	&	2.456	&	1.627	&	1.853	&	7.792	&	22.42	&	5.083	&	0.4525	&	29.52	&	7.407	&	23.37\\
correct: 40.89%
k: 37
	&	0	&	1	&	2	&	3	&	4	&	5	&	6	&	7	&	8	&	9\\
0	&	70.79	&	0.07764	&	0.1764	&	0.4354	&	6.039	&	0.551	&	1.945	&	0.2828	&	2.905	&	3.229\\
1	&	0.08467	&	82.14	&	0.6173	&	0.5806	&	3.071	&	0.551	&	0.6865	&	0.754	&	1.529	&	0.4748\\
2	&	3.556	&	6.832	&	9.083	&	31.06	&	2.968	&	27.64	&	12.7	&	2.168	&	13.76	&	2.944\\
3	&	0.5927	&	1.165	&	31.04	&	10.89	&	0.9212	&	29.29	&	4.233	&	5.844	&	10.09	&	6.458\\
4	&	5.334	&	2.329	&	2.469	&	0.8708	&	42.78	&	1.928	&	1.487	&	9.708	&	10.09	&	22.22\\
5	&	1.355	&	1.242	&	30.6	&	23.95	&	2.252	&	7.897	&	6.751	&	5.844	&	9.174	&	5.603\\
6	&	6.52	&	0.9317	&	7.848	&	3.483	&	5.425	&	8.815	&	66.93	&	0	&	2.141	&	0.7597\\
7	&	0.6774	&	3.261	&	3.263	&	7.983	&	8.802	&	4.316	&	0.3432	&	43.45	&	3.058	&	25.55\\
8	&	8.637	&	0.5435	&	13.05	&	13.06	&	5.629	&	14.42	&	4.462	&	1.414	&	40.06	&	9.402\\
9	&	2.456	&	1.475	&	1.852	&	7.692	&	22.11	&	4.591	&	0.4577	&	30.54	&	7.187	&	23.36\\
correct: 41.3%
k: 36
	&	0	&	1	&	2	&	3	&	4	&	5	&	6	&	7	&	8	&	9\\
0	&	71.2	&	0.0777	&	0.1761	&	0.4386	&	5.785	&	0.542	&	2.059	&	0.2849	&	2.874	&	3.229\\
1	&	0.08496	&	82.44	&	0.6162	&	0.5848	&	2.789	&	0.542	&	0.6865	&	0.7597	&	1.513	&	0.4748\\
2	&	3.568	&	6.527	&	9.243	&	30.7	&	2.893	&	27.82	&	12.24	&	2.374	&	14.07	&	2.849\\
3	&	0.5947	&	1.166	&	31.07	&	10.96	&	0.9298	&	29.54	&	4.005	&	5.413	&	9.834	&	6.363\\
4	&	5.183	&	2.409	&	2.377	&	1.023	&	43.6	&	1.897	&	1.602	&	9.497	&	9.682	&	22.32\\
5	&	1.444	&	1.321	&	30.81	&	23.83	&	2.273	&	8.04	&	6.865	&	5.603	&	9.228	&	5.128\\
6	&	6.287	&	0.777	&	7.746	&	3.509	&	5.579	&	8.762	&	67.51	&	0	&	1.967	&	0.7597\\
7	&	0.7647	&	3.186	&	3.169	&	7.602	&	8.574	&	4.246	&	0.2288	&	44.63	&	3.631	&	25.07\\
8	&	8.496	&	0.5439	&	12.94	&	13.45	&	5.579	&	14.18	&	4.233	&	1.235	&	40.09	&	9.687\\
9	&	2.379	&	1.554	&	1.849	&	7.895	&	22	&	4.426	&	0.5721	&	30.2	&	7.11	&	24.12\\
correct: 41.69%
k: 35
	&	0	&	1	&	2	&	3	&	4	&	5	&	6	&	7	&	8	&	9\\
0	&	71.62	&	0.07776	&	0.1767	&	0.4386	&	5.579	&	0.5396	&	2.05	&	0.2852	&	2.553	&	3.158\\
1	&	0.08496	&	82.58	&	0.4417	&	0.731	&	2.789	&	0.5396	&	0.6834	&	0.8555	&	1.351	&	0.4785\\
2	&	3.568	&	6.454	&	9.629	&	30.41	&	2.789	&	27.61	&	12.19	&	1.996	&	14.71	&	2.871\\
3	&	0.5947	&	1.166	&	30.74	&	11.4	&	1.033	&	29.77	&	3.986	&	5.323	&	10.06	&	6.029\\
4	&	5.438	&	2.411	&	2.297	&	1.023	&	44.32	&	1.888	&	1.481	&	9.411	&	9.309	&	22.01\\
5	&	1.359	&	1.244	&	30.74	&	25	&	2.376	&	8.004	&	6.834	&	5.323	&	8.559	&	5.359\\
6	&	6.117	&	0.7776	&	7.862	&	3.216	&	5.579	&	8.543	&	67.54	&	0	&	2.102	&	0.8612\\
7	&	0.7647	&	3.11	&	3.269	&	7.456	&	8.264	&	4.137	&	0.2278	&	45.44	&	3.604	&	24.98\\
8	&	8.241	&	0.5443	&	13.07	&	12.43	&	5.475	&	14.21	&	4.442	&	1.236	&	41.14	&	9.569\\
9	&	2.209	&	1.633	&	1.767	&	7.895	&	21.8	&	4.766	&	0.5695	&	30.13	&	6.607	&	24.69\\
correct: 42.13%
k: 34
	&	0	&	1	&	2	&	3	&	4	&	5	&	6	&	7	&	8	&	9\\
0	&	71.81	&	0.07819	&	0.1751	&	0.4386	&	5.573	&	0.5291	&	2.062	&	0.3846	&	2.462	&	3.128\\
1	&	0.08518	&	83.03	&	0.5254	&	0.731	&	2.477	&	0.7055	&	0.6873	&	0.8654	&	1.385	&	0.4739\\
2	&	3.663	&	6.255	&	9.545	&	29.82	&	2.89	&	27.6	&	12.26	&	2.115	&	14.62	&	2.938\\
3	&	0.5963	&	1.095	&	30.65	&	11.99	&	0.9288	&	29.89	&	3.78	&	5.096	&	9.538	&	5.782\\
4	&	5.451	&	2.424	&	2.452	&	1.17	&	44.89	&	1.852	&	1.375	&	9.423	&	8.923	&	21.52\\
5	&	1.363	&	1.095	&	31.17	&	25.29	&	2.27	&	8.113	&	6.186	&	5.096	&	8.462	&	5.403\\
6	&	6.048	&	0.7819	&	7.531	&	3.216	&	5.47	&	8.554	&	68.38	&	0	&	2	&	0.8531\\
7	&	0.7666	&	3.049	&	3.24	&	7.164	&	8.256	&	4.145	&	0.2291	&	45.96	&	3.692	&	24.93\\
8	&	7.922	&	0.5473	&	12.96	&	12.28	&	5.676	&	13.84	&	4.467	&	1.154	&	42.46	&	9.763\\
9	&	2.3	&	1.642	&	1.751	&	7.895	&	21.57	&	4.762	&	0.5727	&	29.9	&	6.462	&	25.21\\
correct: 42.4%
k: 33
	&	0	&	1	&	2	&	3	&	4	&	5	&	6	&	7	&	8	&	9\\
0	&	72.26	&	0.07862	&	0.1773	&	0.4304	&	5.561	&	0.439	&	2.069	&	0.478	&	2.311	&	3.113\\
1	&	0.08562	&	83.57	&	0.5319	&	0.8608	&	2.472	&	0.6146	&	0.5747	&	0.8604	&	1.233	&	0.566\\
2	&	3.853	&	6.053	&	10.37	&	29.7	&	2.781	&	27.39	&	11.72	&	2.103	&	14.33	&	2.83\\
3	&	0.5137	&	1.022	&	30.32	&	12.63	&	1.03	&	30.55	&	3.678	&	5.067	&	9.091	&	5.566\\
4	&	5.394	&	2.358	&	2.394	&	1.148	&	45.42	&	1.844	&	1.149	&	9.178	&	8.937	&	21.51\\
5	&	1.455	&	1.179	&	31.12	&	25.11	&	2.266	&	8.165	&	6.322	&	5.163	&	8.475	&	5.189\\
6	&	5.908	&	0.7075	&	7.447	&	3.156	&	5.458	&	8.516	&	69.08	&	0	&	2.157	&	0.8491\\
7	&	0.7705	&	2.83	&	3.014	&	7.174	&	8.033	&	4.126	&	0.2299	&	46.27	&	3.698	&	24.91\\
8	&	7.363	&	0.6289	&	12.85	&	12.48	&	5.664	&	13.52	&	4.483	&	1.243	&	43.45	&	9.906\\
9	&	2.397	&	1.572	&	1.773	&	7.317	&	21.32	&	4.829	&	0.6897	&	29.64	&	6.317	&	25.57\\
correct: 42.84%
k: 32
	&	0	&	1	&	2	&	3	&	4	&	5	&	6	&	7	&	8	&	9\\
0	&	71.96	&	0.07893	&	0.1779	&	0.4323	&	5.344	&	0.4367	&	1.952	&	0.4753	&	2.628	&	2.952\\
1	&	0.08496	&	83.9	&	0.5338	&	0.8646	&	2.467	&	0.6114	&	0.5741	&	0.8555	&	1.236	&	0.5714\\
2	&	3.823	&	5.841	&	10.5	&	30.84	&	2.672	&	27.51	&	11.25	&	2.091	&	14.06	&	2.762\\
3	&	0.5098	&	0.9471	&	30.25	&	12.97	&	1.131	&	30.66	&	3.559	&	4.943	&	9.119	&	5.524\\
4	&	5.438	&	2.447	&	2.313	&	1.009	&	45.84	&	1.921	&	1.148	&	8.935	&	8.655	&	21.52\\
5	&	1.444	&	1.105	&	31.67	&	24.5	&	2.158	&	8.122	&	6.2	&	5.038	&	9.274	&	5.143\\
6	&	6.032	&	0.7893	&	7.384	&	2.594	&	5.139	&	8.21	&	69.92	&	0	&	2.164	&	0.8571\\
7	&	0.8496	&	2.841	&	3.203	&	7.061	&	7.914	&	4.192	&	0.2296	&	46.77	&	3.246	&	24.48\\
8	&	7.562	&	0.6314	&	12.19	&	12.54	&	5.755	&	13.62	&	4.592	&	1.236	&	43.89	&	9.905\\
9	&	2.294	&	1.421	&	1.779	&	7.205	&	21.58	&	4.716	&	0.5741	&	29.66	&	5.719	&	26.29\\
correct: 43.18%
k: 31
	&	0	&	1	&	2	&	3	&	4	&	5	&	6	&	7	&	8	&	9\\
0	&	71.97	&	0.07924	&	0.1803	&	0.4225	&	5.397	&	0.4413	&	2.278	&	0.4726	&	2.044	&	2.664\\
1	&	0.08467	&	84.23	&	0.4509	&	0.8451	&	2.444	&	0.6178	&	0.6834	&	0.8507	&	1.258	&	0.5709\\
2	&	3.81	&	5.864	&	11.36	&	30.99	&	2.444	&	26.83	&	11.62	&	2.363	&	13.36	&	2.569\\
3	&	0.508	&	0.9509	&	30.75	&	13.38	&	1.12	&	30.98	&	3.417	&	4.82	&	9.119	&	5.233\\
4	&	5.334	&	2.377	&	2.164	&	0.9859	&	46.33	&	1.942	&	1.253	&	8.507	&	9.119	&	21.12\\
5	&	1.524	&	1.03	&	31.38	&	24.51	&	2.24	&	8.385	&	6.036	&	5.009	&	9.591	&	5.233\\
6	&	5.843	&	0.7132	&	7.304	&	2.535	&	5.193	&	8.385	&	69.93	&	0	&	1.887	&	0.8563\\
7	&	0.8467	&	2.773	&	2.885	&	6.761	&	7.943	&	4.148	&	0.2278	&	47.26	&	3.145	&	24.36\\
8	&	7.705	&	0.5547	&	11.81	&	12.96	&	5.703	&	13.68	&	3.986	&	1.418	&	44.97	&	10.09\\
9	&	2.371	&	1.426	&	1.713	&	6.62	&	21.18	&	4.59	&	0.5695	&	29.3	&	5.503	&	27.31\\
correct: 43.71%
k: 30
	&	0	&	1	&	2	&	3	&	4	&	5	&	6	&	7	&	8	&	9\\
0	&	71.88	&	0.07855	&	0.2727	&	0.4208	&	5.355	&	0.3484	&	2.286	&	0.381	&	2.077	&	2.736\\
1	&	0.08446	&	84.29	&	0.5455	&	0.8415	&	1.442	&	0.6098	&	0.6857	&	0.8571	&	1.118	&	0.566\\
2	&	3.97	&	5.813	&	11.36	&	30.72	&	2.575	&	26.39	&	11.43	&	2.571	&	13.58	&	2.547\\
3	&	0.5068	&	0.8641	&	30.73	&	13.46	&	1.133	&	31.71	&	3.086	&	4.286	&	8.626	&	5.472\\
4	&	5.152	&	2.435	&	2.091	&	0.8415	&	47.37	&	1.916	&	1.257	&	8.762	&	8.626	&	20.94\\
5	&	1.436	&	1.1	&	31.27	&	24.96	&	2.163	&	9.233	&	5.943	&	4.571	&	8.946	&	5.283\\
6	&	5.912	&	0.707	&	7.364	&	2.525	&	4.84	&	8.362	&	70.51	&	0	&	1.757	&	0.8491\\
7	&	0.7601	&	2.828	&	2.636	&	7.153	&	8.136	&	4.007	&	0.2286	&	48.1	&	3.035	&	23.77\\
8	&	7.939	&	0.5499	&	12	&	12.34	&	5.87	&	12.89	&	4	&	1.333	&	46.96	&	9.906\\
9	&	2.365	&	1.335	&	1.727	&	6.732	&	21.11	&	4.53	&	0.5714	&	29.14	&	5.272	&	27.92\\
correct: 44.23%
k: 29
	&	0	&	1	&	2	&	3	&	4	&	5	&	6	&	7	&	8	&	9\\
0	&	71.73	&	0	&	0.2732	&	0.5626	&	5.462	&	0.2618	&	2.039	&	0.3788	&	2.251	&	2.535\\
1	&	0.08389	&	84.31	&	0.5464	&	0.8439	&	1.471	&	0.6108	&	0.6795	&	0.8523	&	0.8039	&	0.5634\\
2	&	4.027	&	5.647	&	11.57	&	30.8	&	2.311	&	26.96	&	11.33	&	2.557	&	13.18	&	2.441\\
3	&	0.5034	&	0.9412	&	30.15	&	14.35	&	1.155	&	31.59	&	3.171	&	4.261	&	8.521	&	5.634\\
4	&	5.201	&	2.431	&	2.004	&	0.8439	&	48.74	&	1.92	&	1.359	&	8.523	&	8.36	&	20.75\\
5	&	1.51	&	1.098	&	31.97	&	24.75	&	2.101	&	9.511	&	5.663	&	4.356	&	8.36	&	5.258\\
6	&	5.789	&	0.7059	&	7.195	&	2.391	&	4.727	&	8.028	&	70.89	&	0	&	1.929	&	0.8451\\
7	&	0.755	&	2.98	&	2.55	&	7.173	&	7.248	&	4.014	&	0.2265	&	48.77	&	2.733	&	23.76\\
8	&	7.886	&	0.549	&	12.11	&	11.53	&	5.882	&	12.48	&	4.077	&	1.515	&	48.87	&	9.671\\
9	&	2.517	&	1.333	&	1.639	&	6.751	&	20.9	&	4.625	&	0.5663	&	28.79	&	4.984	&	28.54\\
correct: 44.81%
k: 28
	&	0	&	1	&	2	&	3	&	4	&	5	&	6	&	7	&	8	&	9\\
0	&	72.28	&	0	&	0.2698	&	0.5666	&	5.335	&	0.2639	&	2.052	&	0.2846	&	2.05	&	2.547\\
1	&	0.08425	&	84.34	&	0.5396	&	0.8499	&	1.36	&	0.6157	&	0.6842	&	0.8539	&	0.6309	&	0.566\\
2	&	3.96	&	5.638	&	11.78	&	30.45	&	2.51	&	27.18	&	11.06	&	2.467	&	13.56	&	2.358\\
3	&	0.5897	&	0.9397	&	30.22	&	14.59	&	1.151	&	31.66	&	3.079	&	4.08	&	8.202	&	5.566\\
4	&	4.971	&	2.271	&	2.158	&	0.7082	&	49.58	&	1.847	&	1.368	&	7.97	&	8.36	&	20.85\\
5	&	1.432	&	1.253	&	31.74	&	24.5	&	1.987	&	9.763	&	5.587	&	4.554	&	8.044	&	5.189\\
6	&	5.813	&	0.7048	&	7.374	&	2.408	&	4.393	&	7.74	&	71.72	&	0	&	2.05	&	0.8491\\
7	&	0.7582	&	2.897	&	2.518	&	6.941	&	7.531	&	4.046	&	0.2281	&	49.53	&	2.366	&	23.4\\
8	&	7.751	&	0.5482	&	11.87	&	12.04	&	5.649	&	12.4	&	3.649	&	1.423	&	49.84	&	9.434\\
9	&	2.359	&	1.41	&	1.529	&	6.941	&	20.5	&	4.485	&	0.5701	&	28.84	&	4.89	&	29.25\\
correct: 45.31%
k: 27
	&	0	&	1	&	2	&	3	&	4	&	5	&	6	&	7	&	8	&	9\\
0	&	72.72	&	0	&	0.364	&	0.5618	&	5.109	&	0.2584	&	1.822	&	0.282	&	2.233	&	2.5\\
1	&	0.08446	&	84.48	&	0.546	&	0.7022	&	1.356	&	0.6029	&	0.6834	&	0.8459	&	0.638	&	0.5769\\
2	&	3.97	&	5.564	&	11.74	&	30.2	&	2.503	&	27.22	&	10.93	&	2.726	&	12.92	&	2.308\\
3	&	0.5068	&	0.8621	&	29.94	&	15.17	&	1.043	&	31.7	&	3.075	&	4.041	&	8.134	&	5.481\\
4	&	4.899	&	2.429	&	2.366	&	0.7022	&	49.95	&	1.809	&	1.253	&	7.895	&	7.974	&	20.87\\
5	&	1.351	&	1.254	&	31.57	&	24.86	&	2.086	&	10.51	&	5.467	&	4.417	&	7.496	&	5\\
6	&	5.659	&	0.7053	&	7.097	&	2.247	&	4.275	&	7.58	&	72.55	&	0	&	2.073	&	0.8654\\
7	&	0.7601	&	2.9	&	2.457	&	7.163	&	7.716	&	3.876	&	0.2278	&	49.91	&	2.073	&	22.98\\
8	&	7.686	&	0.5486	&	12.28	&	11.66	&	5.527	&	11.97	&	3.417	&	1.692	&	51.67	&	9.038\\
9	&	2.365	&	1.254	&	1.638	&	6.742	&	20.44	&	4.479	&	0.5695	&	28.2	&	4.785	&	30.38\\
correct: 45.85%
k: 26
	&	0	&	1	&	2	&	3	&	4	&	5	&	6	&	7	&	8	&	9\\
0	&	73.37	&	0	&	0.367	&	0.5502	&	4.911	&	0.2591	&	1.818	&	0.2817	&	2.205	&	2.323\\
1	&	0.08482	&	84.64	&	0.4587	&	0.5502	&	1.254	&	0.6908	&	0.7955	&	0.6573	&	0.6299	&	0.6776\\
2	&	3.732	&	5.564	&	11.74	&	30.67	&	2.508	&	26.6	&	11.14	&	2.254	&	13.86	&	2.323\\
3	&	0.4241	&	0.9404	&	30	&	15.68	&	1.045	&	32.12	&	2.727	&	3.944	&	7.717	&	5.324\\
4	&	4.75	&	2.429	&	2.202	&	0.8253	&	51.52	&	1.813	&	1.25	&	7.793	&	7.244	&	20.43\\
5	&	1.357	&	1.176	&	32.02	&	24.62	&	2.299	&	10.97	&	5.227	&	4.413	&	6.772	&	4.647\\
6	&	5.683	&	0.7053	&	7.248	&	2.201	&	4.075	&	7.427	&	72.95	&	0	&	1.732	&	0.8712\\
7	&	0.6785	&	2.9	&	2.202	&	6.74	&	7.837	&	3.886	&	0.2273	&	50.8	&	2.047	&	22.65\\
8	&	7.549	&	0.3918	&	12.11	&	11.55	&	5.225	&	11.66	&	3.295	&	1.69	&	52.91	&	9.293\\
9	&	2.375	&	1.254	&	1.651	&	6.602	&	19.33	&	4.577	&	0.5682	&	28.17	&	4.882	&	31.46\\
correct: 46.51%
k: 25
	&	0	&	1	&	2	&	3	&	4	&	5	&	6	&	7	&	8	&	9\\
0	&	73.41	&	0	&	0.37	&	0.5427	&	4.707	&	0.2566	&	1.81	&	0.2852	&	2.181	&	2.335\\
1	&	0.08467	&	85.2	&	0.4625	&	0.5427	&	1.255	&	0.5988	&	0.6787	&	0.6654	&	0.6231	&	0.6809\\
2	&	3.726	&	5.354	&	12.3	&	30.94	&	2.301	&	26.43	&	10.75	&	1.996	&	14.17	&	2.043\\
3	&	0.508	&	0.9449	&	28.68	&	16.69	&	1.046	&	33.11	&	2.828	&	3.707	&	7.321	&	4.961\\
4	&	5.08	&	2.362	&	2.035	&	0.8141	&	52.3	&	1.625	&	1.244	&	7.51	&	7.165	&	20.33\\
5	&	1.185	&	1.181	&	33.02	&	23.88	&	2.301	&	11.04	&	5.204	&	4.278	&	6.386	&	4.572\\
6	&	5.334	&	0.7874	&	7.123	&	2.035	&	4.184	&	7.357	&	73.42	&	0	&	1.713	&	0.6809\\
7	&	0.6774	&	2.598	&	2.22	&	6.242	&	8.054	&	3.935	&	0.1131	&	52.09	&	2.181	&	22.47\\
8	&	7.621	&	0.3937	&	12.12	&	11.67	&	4.916	&	11.46	&	3.394	&	1.711	&	53.58	&	8.658\\
9	&	2.371	&	1.181	&	1.665	&	6.649	&	18.93	&	4.192	&	0.5656	&	27.76	&	4.673	&	33.27\\
correct: 47.17%
k: 24
	&	0	&	1	&	2	&	3	&	4	&	5	&	6	&	7	&	8	&	9\\
0	&	74.4	&	0	&	0.2804	&	0.406	&	4.654	&	0.4237	&	1.794	&	0.2874	&	2.167	&	2.146\\
1	&	0.08562	&	85.42	&	0.4673	&	0.5413	&	1.344	&	0.5085	&	0.5605	&	0.5747	&	0.6192	&	0.6829\\
2	&	3.682	&	5.122	&	12.9	&	30.58	&	2.275	&	25.93	&	11.1	&	2.107	&	14.09	&	1.951\\
3	&	0.5137	&	0.8668	&	28.97	&	17.19	&	1.138	&	33.47	&	2.466	&	3.161	&	6.966	&	4.878\\
4	&	4.966	&	2.364	&	1.963	&	0.6766	&	53.05	&	1.441	&	1.345	&	7.28	&	7.121	&	19.9\\
5	&	1.113	&	1.182	&	33.18	&	23.14	&	2.172	&	11.86	&	5.157	&	4.31	&	6.192	&	4.488\\
6	&	4.88	&	0.788	&	6.822	&	2.571	&	4.24	&	7.034	&	73.54	&	0	&	1.858	&	0.6829\\
7	&	0.5993	&	2.679	&	2.15	&	6.36	&	7.653	&	4.068	&	0.1121	&	53.26	&	2.322	&	21.76\\
8	&	7.534	&	0.3152	&	11.87	&	11.91	&	4.964	&	10.93	&	3.475	&	1.628	&	54.18	&	8.976\\
9	&	2.226	&	1.261	&	1.402	&	6.631	&	18.51	&	4.322	&	0.4484	&	27.39	&	4.489	&	34.54\\
correct: 47.87%
k: 23
	&	0	&	1	&	2	&	3	&	4	&	5	&	6	&	7	&	8	&	9\\
0	&	74.62	&	0	&	0.2752	&	0.4104	&	4.479	&	0.4234	&	1.68	&	0.2868	&	2.157	&	2.057\\
1	&	0.08547	&	86.02	&	0.4587	&	0.5472	&	1.354	&	0.5927	&	0.5599	&	0.5736	&	0.6163	&	0.6856\\
2	&	3.761	&	4.686	&	14.31	&	30.1	&	2.188	&	25.57	&	11.09	&	1.912	&	14.18	&	1.861\\
3	&	0.6838	&	0.7149	&	27.89	&	17.78	&	1.042	&	34.8	&	2.128	&	3.25	&	6.317	&	4.31\\
4	&	4.701	&	2.462	&	2.11	&	0.684	&	53.75	&	1.524	&	1.456	&	6.979	&	7.088	&	19.78\\
5	&	1.111	&	1.191	&	33.39	&	23.53	&	2.188	&	12.19	&	4.479	&	4.207	&	5.085	&	4.505\\
6	&	4.957	&	0.7943	&	6.147	&	2.599	&	4.583	&	6.52	&	74.13	&	0	&	2.311	&	0.5877\\
7	&	0.6838	&	2.701	&	2.202	&	6.293	&	7.292	&	3.81	&	0.112	&	54.21	&	2.157	&	21.45\\
8	&	7.179	&	0.2383	&	12.02	&	11.49	&	5.104	&	10.5	&	3.919	&	1.338	&	55.32	&	8.913\\
9	&	2.222	&	1.191	&	1.193	&	6.566	&	18.02	&	4.064	&	0.4479	&	27.25	&	4.777	&	35.85\\
correct: 48.56%
k: 22
	&	0	&	1	&	2	&	3	&	4	&	5	&	6	&	7	&	8	&	9\\
0	&	75.28	&	0	&	0.2788	&	0.4121	&	4.184	&	0.4163	&	1.674	&	0.2849	&	2.019	&	2.055\\
1	&	0.08584	&	86.1	&	0.4647	&	0.4121	&	1.255	&	0.6661	&	0.558	&	0.5698	&	0.6211	&	0.6849\\
2	&	3.863	&	4.527	&	14.87	&	29.81	&	2.197	&	25.73	&	11.05	&	1.804	&	13.51	&	1.761\\
3	&	0.515	&	0.8737	&	27.42	&	18.96	&	1.151	&	34.05	&	2.121	&	3.324	&	5.901	&	4.697\\
4	&	4.721	&	2.383	&	1.952	&	0.5495	&	55.23	&	1.582	&	1.116	&	7.028	&	7.298	&	18.98\\
5	&	1.116	&	1.191	&	33.27	&	23.21	&	2.092	&	12.74	&	4.576	&	4.084	&	4.814	&	4.795\\
6	&	4.979	&	0.8737	&	6.227	&	2.473	&	4.289	&	6.162	&	74.55	&	0	&	2.329	&	0.5871\\
7	&	0.6009	&	2.621	&	2.138	&	6.044	&	7.322	&	3.997	&	0.1116	&	54.61	&	2.019	&	20.94\\
8	&	6.867	&	0.2383	&	12.17	&	11.81	&	4.916	&	10.66	&	3.795	&	1.425	&	56.83	&	8.219\\
9	&	1.974	&	1.191	&	1.208	&	6.319	&	17.36	&	3.997	&	0.4464	&	26.88	&	4.658	&	37.28\\
correct: 49.3%
k: 21
	&	0	&	1	&	2	&	3	&	4	&	5	&	6	&	7	&	8	&	9\\
0	&	76.78	&	0	&	0.09443	&	0.4071	&	4.062	&	0.4125	&	1.669	&	0.2841	&	1.849	&	1.859\\
1	&	0.08696	&	86.31	&	0.4721	&	0.4071	&	1.25	&	0.6601	&	0.5562	&	0.5682	&	0.6163	&	0.6849\\
2	&	2.957	&	4.14	&	15.39	&	30.26	&	2.396	&	25.99	&	11.12	&	1.894	&	12.94	&	1.761\\
3	&	0.5217	&	0.9554	&	27.29	&	19.95	&	1.146	&	33.66	&	2.002	&	3.409	&	5.701	&	4.501\\
4	&	4.435	&	2.548	&	1.794	&	0.5427	&	55.73	&	1.568	&	1.112	&	6.913	&	6.934	&	18.98\\
5	&	0.9565	&	1.115	&	33.62	&	22.66	&	1.875	&	13.45	&	4.561	&	3.977	&	4.931	&	4.697\\
6	&	4.87	&	0.7166	&	6.327	&	2.714	&	4.271	&	5.941	&	74.86	&	0	&	2.157	&	0.5871\\
7	&	0.6087	&	2.707	&	2.077	&	5.292	&	7.292	&	3.878	&	0.1112	&	55.87	&	1.849	&	20.16\\
8	&	6.783	&	0.3185	&	11.52	&	11.94	&	4.896	&	10.64	&	3.56	&	1.326	&	58.24	&	8.023\\
9	&	2	&	1.194	&	1.416	&	5.834	&	17.08	&	3.795	&	0.4449	&	25.76	&	4.777	&	38.75\\
correct: 50.12%
k: 20
	&	0	&	1	&	2	&	3	&	4	&	5	&	6	&	7	&	8	&	9\\
0	&	76.91	&	0	&	0.09337	&	0.4049	&	3.882	&	0.4129	&	1.652	&	0.286	&	1.713	&	1.855\\
1	&	0.08681	&	86.87	&	0.4669	&	0.4049	&	1.259	&	0.578	&	0.5507	&	0.572	&	0.6231	&	0.6836\\
2	&	2.691	&	4.083	&	16.34	&	29.96	&	2.413	&	26.01	&	11.01	&	1.907	&	11.99	&	1.758\\
3	&	0.6076	&	0.8807	&	26.42	&	21.05	&	0.9444	&	34.1	&	2.093	&	3.337	&	5.14	&	4.297\\
4	&	4.601	&	2.642	&	1.774	&	0.4049	&	57.19	&	1.486	&	1.432	&	6.292	&	6.698	&	18.46\\
5	&	1.215	&	0.9608	&	33.43	&	22.67	&	1.679	&	13.87	&	4.295	&	3.813	&	4.829	&	4.492\\
6	&	4.601	&	0.5604	&	6.349	&	2.564	&	4.197	&	5.698	&	75.22	&	0	&	2.336	&	0.3906\\
7	&	0.5208	&	2.562	&	2.054	&	5.128	&	7.345	&	3.716	&	0	&	57.1	&	1.869	&	19.92\\
8	&	6.684	&	0.3203	&	11.76	&	11.47	&	4.512	&	10.49	&	3.414	&	1.144	&	60.12	&	8.105\\
9	&	2.083	&	1.121	&	1.307	&	5.938	&	16.58	&	3.633	&	0.3304	&	25.55	&	4.673	&	40.04\\
correct: 50.93%
k: 19
	&	0	&	1	&	2	&	3	&	4	&	5	&	6	&	7	&	8	&	9\\
0	&	76.68	&	0	&	0.1864	&	0.2703	&	3.932	&	0.4129	&	1.547	&	0.2838	&	1.667	&	1.782\\
1	&	0.08636	&	87.15	&	0.3728	&	0.4054	&	1.275	&	0.578	&	0.663	&	0.5676	&	0.7576	&	0.5941\\
2	&	2.591	&	4.016	&	17.24	&	30.54	&	2.444	&	25.68	&	10.61	&	1.892	&	11.52	&	1.485\\
3	&	0.6045	&	0.8835	&	26.28	&	22.7	&	1.063	&	33.36	&	1.989	&	3.5	&	4.848	&	4.059\\
4	&	4.663	&	2.892	&	1.678	&	0.5405	&	58.66	&	1.321	&	1.547	&	5.96	&	6.97	&	17.72\\
5	&	1.209	&	0.7229	&	33.36	&	21.62	&	1.7	&	14.86	&	3.646	&	3.69	&	5.455	&	4.653\\
6	&	4.231	&	0.5622	&	6.524	&	2.297	&	3.401	&	5.863	&	76.46	&	0	&	2.424	&	0.396\\
7	&	0.5181	&	2.49	&	1.957	&	5.135	&	7.014	&	3.881	&	0	&	57.24	&	1.818	&	20\\
8	&	7.34	&	0.241	&	11.18	&	10.68	&	4.251	&	10.65	&	3.204	&	1.041	&	60	&	8.119\\
9	&	2.073	&	1.044	&	1.212	&	5.811	&	16.26	&	3.386	&	0.3315	&	25.83	&	4.545	&	41.19\\
correct: 51.67%
k: 18
	&	0	&	1	&	2	&	3	&	4	&	5	&	6	&	7	&	8	&	9\\
0	&	77.25	&	0	&	0.0932	&	0.4021	&	3.772	&	0.2435	&	1.547	&	0.2857	&	1.511	&	1.789\\
1	&	0.08651	&	87.36	&	0.3728	&	0.5362	&	1.293	&	0.4058	&	0.663	&	0.5714	&	0.9063	&	0.5964\\
2	&	2.682	&	3.865	&	17.89	&	30.56	&	2.371	&	25.41	&	10.06	&	1.81	&	11.18	&	1.392\\
3	&	0.519	&	0.6441	&	26.1	&	23.46	&	0.9698	&	33.44	&	1.878	&	3.429	&	4.834	&	3.479\\
4	&	4.585	&	2.818	&	1.678	&	0.5362	&	60.78	&	1.299	&	1.547	&	5.524	&	6.798	&	17.4\\
5	&	1.384	&	0.7246	&	33.18	&	20.78	&	1.616	&	15.67	&	3.757	&	3.524	&	5.287	&	4.175\\
6	&	4.066	&	0.4831	&	6.244	&	2.413	&	3.556	&	5.682	&	77.13	&	0	&	2.266	&	0.3976\\
7	&	0.4325	&	2.496	&	2.05	&	5.094	&	6.789	&	3.896	&	0	&	58.19	&	1.511	&	19.88\\
8	&	6.747	&	0.4026	&	11.28	&	10.59	&	3.556	&	10.88	&	3.094	&	1.048	&	61.48	&	7.753\\
9	&	2.249	&	1.208	&	1.118	&	5.63	&	15.3	&	3.084	&	0.3315	&	25.62	&	4.23	&	43.14\\
correct: 52.52%
k: 17
	&	0	&	1	&	2	&	3	&	4	&	5	&	6	&	7	&	8	&	9\\
0	&	77.24	&	0	&	0.09337	&	0.3932	&	3.735	&	0.2475	&	1.549	&	0.2874	&	1.351	&	1.59\\
1	&	0.08621	&	87.79	&	0.4669	&	0.5242	&	1.281	&	0.33	&	0.6637	&	0.5747	&	0.9009	&	0.497\\
2	&	3.103	&	3.719	&	19.42	&	30.41	&	2.455	&	25.17	&	9.513	&	1.533	&	9.91	&	1.392\\
3	&	0.6034	&	0.6467	&	26.42	&	24.51	&	0.8538	&	33.75	&	1.438	&	3.257	&	4.655	&	2.982\\
4	&	4.655	&	2.91	&	1.587	&	0.5242	&	61.69	&	1.155	&	1.438	&	5.268	&	6.757	&	16.5\\
5	&	1.293	&	0.8084	&	31.84	&	21.76	&	1.708	&	16.34	&	3.982	&	3.544	&	4.655	&	4.175\\
6	&	3.966	&	0.5659	&	5.882	&	2.228	&	3.095	&	5.528	&	78.21	&	0	&	2.402	&	0.5964\\
7	&	0.431	&	2.102	&	1.961	&	4.587	&	6.51	&	4.043	&	0	&	59	&	1.652	&	20.28\\
8	&	6.552	&	0.3234	&	11.3	&	9.961	&	3.522	&	10.56	&	2.987	&	0.9579	&	63.36	&	7.654\\
9	&	2.069	&	1.132	&	1.027	&	5.111	&	15.15	&	2.888	&	0.2212	&	25.57	&	4.354	&	44.33\\
correct: 53.44%
k: 16
	&	0	&	1	&	2	&	3	&	4	&	5	&	6	&	7	&	8	&	9\\
0	&	77.8	&	0	&	0.1854	&	0.3974	&	3.644	&	0.2496	&	1.52	&	0.2863	&	1.218	&	1.573\\
1	&	0.08673	&	88.18	&	0.3707	&	0.6623	&	1.179	&	0.3328	&	0.5429	&	0.4771	&	0.9132	&	0.4916\\
2	&	2.862	&	3.644	&	20.95	&	29.8	&	2.144	&	25.29	&	10.1	&	1.336	&	8.98	&	1.278\\
3	&	0.6071	&	0.5668	&	25.86	&	26.75	&	0.5359	&	33.19	&	1.412	&	3.053	&	4.718	&	3.441\\
4	&	4.423	&	2.834	&	1.483	&	0.5298	&	63.88	&	1.165	&	1.303	&	5.153	&	5.936	&	15.83\\
5	&	1.301	&	0.7287	&	31.6	&	20.4	&	1.715	&	17.39	&	4.126	&	3.817	&	4.414	&	4.031\\
6	&	3.729	&	0.6478	&	5.561	&	2.252	&	2.787	&	5.158	&	78.18	&	0	&	2.435	&	0.59\\
7	&	0.4337	&	2.024	&	1.854	&	4.901	&	6.109	&	3.993	&	0	&	59.92	&	1.522	&	19.47\\
8	&	6.765	&	0.3239	&	10.94	&	9.536	&	3.215	&	10.57	&	2.714	&	0.8588	&	65.75	&	7.768\\
9	&	1.995	&	1.053	&	1.205	&	4.768	&	14.79	&	2.662	&	0.1086	&	25.1	&	4.11	&	45.53\\
correct: 54.62%
k: 15
	&	0	&	1	&	2	&	3	&	4	&	5	&	6	&	7	&	8	&	9\\
0	&	77.82	&	0	&	0.2799	&	0.2677	&	3.66	&	0.2519	&	1.509	&	0.2817	&	1.199	&	1.49\\
1	&	0.08666	&	87.82	&	0.4664	&	0.6693	&	1.184	&	0.3359	&	0.5388	&	0.4695	&	0.8996	&	0.3972\\
2	&	2.86	&	3.79	&	22.67	&	29.32	&	2.476	&	24.69	&	10.02	&	1.408	&	7.796	&	1.291\\
3	&	0.6932	&	0.6452	&	25.09	&	28.38	&	0.6459	&	33.75	&	1.293	&	2.817	&	4.798	&	3.078\\
4	&	4.246	&	2.823	&	1.399	&	0.4016	&	64.91	&	1.092	&	1.293	&	5.164	&	5.697	&	15.79\\
5	&	1.3	&	0.6452	&	30.88	&	20.75	&	1.615	&	18.47	&	4.203	&	3.474	&	4.498	&	4.171\\
6	&	3.466	&	0.8065	&	5.69	&	2.008	&	2.691	&	5.038	&	78.34	&	0	&	2.099	&	0.5958\\
7	&	0.4333	&	1.855	&	1.213	&	4.552	&	5.705	&	4.114	&	0	&	61.22	&	1.499	&	18.77\\
8	&	6.846	&	0.4032	&	10.91	&	9.103	&	3.122	&	9.908	&	2.694	&	0.7512	&	67.47	&	7.448\\
9	&	2.253	&	1.21	&	1.399	&	4.552	&	13.99	&	2.351	&	0.1078	&	24.41	&	4.048	&	46.97\\
correct: 55.67%
k: 14
	&	0	&	1	&	2	&	3	&	4	&	5	&	6	&	7	&	8	&	9\\
0	&	77.88	&	0	&	0.3777	&	0.2639	&	3.254	&	0.2498	&	1.194	&	0.2809	&	1.335	&	1.299\\
1	&	0.08606	&	88.33	&	0.4721	&	0.6596	&	1.193	&	0.2498	&	0.6515	&	0.2809	&	0.8902	&	0.4995\\
2	&	2.926	&	3.971	&	24.17	&	28.89	&	1.844	&	24.15	&	9.446	&	1.311	&	7.715	&	1.399\\
3	&	0.6024	&	0.5673	&	24.08	&	29.82	&	0.7592	&	33.39	&	1.194	&	3.184	&	4.748	&	2.997\\
4	&	4.303	&	2.674	&	1.605	&	0.3958	&	66.81	&	1.082	&	1.086	&	4.963	&	5.193	&	15.18\\
5	&	1.291	&	0.5673	&	31.16	&	19.66	&	1.41	&	19.4	&	3.909	&	3.464	&	4.748	&	3.996\\
6	&	3.098	&	0.8104	&	5.666	&	1.847	&	2.386	&	5.079	&	80.02	&	0	&	1.78	&	0.5994\\
7	&	0.4303	&	1.702	&	1.228	&	4.881	&	5.423	&	3.913	&	0	&	61.42	&	1.484	&	18.88\\
8	&	6.971	&	0.3241	&	9.915	&	9.103	&	3.688	&	10.07	&	2.389	&	1.124	&	68.4	&	6.494\\
9	&	2.41	&	1.053	&	1.322	&	4.485	&	13.23	&	2.415	&	0.1086	&	23.97	&	3.709	&	48.65\\
correct: 56.67%
k: 13
	&	0	&	1	&	2	&	3	&	4	&	5	&	6	&	7	&	8	&	9\\
0	&	78.67	&	0	&	0.3813	&	0.2601	&	2.916	&	0.2547	&	1.067	&	0.1848	&	1.159	&	1.329\\
1	&	0.08636	&	88.65	&	0.286	&	0.6502	&	1.188	&	0.3396	&	0.5336	&	0.2773	&	0.8696	&	0.409\\
2	&	2.85	&	3.731	&	25.93	&	28.22	&	2.052	&	23.51	&	9.605	&	1.571	&	6.957	&	1.329\\
3	&	0.5181	&	0.5677	&	22.88	&	32.64	&	0.6479	&	33.7	&	1.494	&	3.05	&	4.058	&	2.863\\
4	&	4.404	&	2.514	&	1.716	&	0.3901	&	67.17	&	1.104	&	0.9605	&	5.176	&	5.072	&	14.72\\
5	&	1.295	&	0.4866	&	30.6	&	19.77	&	1.404	&	20.63	&	4.269	&	3.142	&	4.348	&	3.885\\
6	&	2.936	&	0.811	&	5.624	&	1.821	&	2.484	&	4.754	&	79.51	&	0	&	1.884	&	0.409\\
7	&	0.3454	&	1.784	&	1.239	&	4.421	&	5.4	&	3.82	&	0	&	62.38	&	1.594	&	17.79\\
8	&	6.736	&	0.4866	&	10.01	&	7.412	&	3.888	&	9.508	&	2.455	&	1.017	&	70.58	&	6.033\\
9	&	2.159	&	0.9732	&	1.335	&	4.421	&	12.85	&	2.377	&	0.1067	&	23.2	&	3.478	&	51.23\\
correct: 58%
k: 12
	&	0	&	1	&	2	&	3	&	4	&	5	&	6	&	7	&	8	&	9\\
0	&	79.74	&	0	&	0.1914	&	0.2681	&	2.925	&	0.1657	&	0.9636	&	0.2806	&	1.13	&	1.011\\
1	&	0.08696	&	89.42	&	0.1914	&	0.6702	&	1.083	&	0.4143	&	0.5353	&	0.2806	&	0.2825	&	0.3033\\
2	&	2.696	&	3.255	&	29.09	&	26.41	&	2.059	&	23.28	&	9.101	&	1.31	&	6.921	&	1.213\\
3	&	0.6087	&	0.4068	&	21.53	&	35.52	&	0.5417	&	33.55	&	1.392	&	3.274	&	3.531	&	2.528\\
4	&	4.435	&	2.522	&	1.722	&	0.2681	&	69.34	&	0.9114	&	0.9636	&	4.677	&	4.802	&	13.75\\
5	&	1.217	&	0.4882	&	29.76	&	19.71	&	1.192	&	22.2	&	3.747	&	3.087	&	4.661	&	3.438\\
6	&	2.783	&	0.8137	&	5.646	&	1.877	&	2.275	&	4.308	&	80.73	&	0	&	1.977	&	0.2022\\
7	&	0.3478	&	1.709	&	1.531	&	4.155	&	4.334	&	3.645	&	0	&	64.45	&	1.412	&	17.49\\
8	&	6.261	&	0.4882	&	9.091	&	6.836	&	4.117	&	9.445	&	2.57	&	0.9355	&	72.03	&	5.46\\
9	&	1.826	&	0.895	&	1.244	&	4.29	&	12.13	&	2.071	&	0	&	21.7	&	3.249	&	54.6\\
correct: 59.86%
k: 11
	&	0	&	1	&	2	&	3	&	4	&	5	&	6	&	7	&	8	&	9\\
0	&	80.19	&	0	&	0.194	&	0.2632	&	2.732	&	0.08333	&	1.054	&	0.2762	&	0.9845	&	0.715\\
1	&	0.08688	&	90.07	&	0.194	&	0.6579	&	1.202	&	0.4167	&	0.7376	&	0.3683	&	0.1406	&	0.2043\\
2	&	2.78	&	2.956	&	31.62	&	23.82	&	2.077	&	23.08	&	8.957	&	1.473	&	6.892	&	1.124\\
3	&	0.6082	&	0.4105	&	20.56	&	39.21	&	0.2186	&	33.5	&	0.843	&	2.578	&	2.954	&	2.758\\
4	&	4.257	&	2.463	&	1.552	&	0.2632	&	71.04	&	0.8333	&	1.159	&	4.788	&	4.079	&	13.59\\
5	&	1.216	&	0.5747	&	29.1	&	19.74	&	1.093	&	23.25	&	3.688	&	3.407	&	4.36	&	2.962\\
6	&	2.78	&	0.6568	&	5.238	&	1.447	&	2.186	&	4	&	81.14	&	0	&	1.828	&	0.2043\\
7	&	0.3475	&	1.642	&	1.358	&	3.947	&	3.934	&	3.583	&	0	&	64.73	&	1.547	&	17.06\\
8	&	6.082	&	0.5747	&	8.923	&	6.579	&	4.044	&	9.25	&	2.424	&	0.9208	&	73.84	&	5.005\\
9	&	1.651	&	0.6568	&	1.261	&	4.079	&	11.48	&	2	&	0	&	21.45	&	3.376	&	56.38\\
correct: 61.23%
k: 10
	&	0	&	1	&	2	&	3	&	4	&	5	&	6	&	7	&	8	&	9\\
0	&	80.68	&	0	&	0.09814	&	0.1377	&	2.612	&	0.1606	&	1.068	&	0.1887	&	0.9682	&	0.5952\\
1	&	0.08703	&	90.53	&	0.1963	&	0.6887	&	0.9793	&	0.3213	&	0.641	&	0.4717	&	0.1383	&	0.1984\\
2	&	2.437	&	2.881	&	34.94	&	21.49	&	1.959	&	23.21	&	8.013	&	1.509	&	6.501	&	1.19\\
3	&	0.8703	&	0.3292	&	19.82	&	42.7	&	0.1088	&	31.89	&	0.5342	&	2.642	&	3.458	&	2.778\\
4	&	3.829	&	2.469	&	1.276	&	0.4132	&	72.8	&	0.8835	&	1.282	&	4.528	&	3.458	&	12.6\\
5	&	1.131	&	0.6584	&	27.97	&	19.15	&	1.088	&	25.54	&	3.419	&	3.019	&	3.873	&	2.679\\
6	&	2.872	&	0.5761	&	4.907	&	1.515	&	2.176	&	4.016	&	82.91	&	0	&	1.383	&	0.09921\\
7	&	0.3481	&	1.481	&	1.276	&	3.581	&	3.917	&	3.454	&	0	&	67.45	&	1.66	&	15.97\\
8	&	6.005	&	0.5761	&	8.243	&	6.612	&	3.917	&	8.675	&	2.03	&	0.8491	&	75.38	&	4.861\\
9	&	1.741	&	0.4938	&	1.276	&	3.719	&	10.45	&	1.847	&	0.1068	&	19.34	&	3.181	&	59.03\\
correct: 63.11%
k: 9
	&	0	&	1	&	2	&	3	&	4	&	5	&	6	&	7	&	8	&	9\\
0	&	82.46	&	0	&	0.09852	&	0.1314	&	2.295	&	0.08271	&	1.048	&	0.1855	&	1.088	&	0.5005\\
1	&	0.1771	&	91.29	&	0.2956	&	0.5256	&	0.9836	&	0.08271	&	0.7338	&	0.6494	&	0.1361	&	0.1001\\
2	&	1.949	&	2.407	&	38.13	&	20.76	&	1.858	&	22	&	8.7	&	1.391	&	5.85	&	1.201\\
3	&	0.8857	&	0.249	&	18.33	&	44.81	&	0.1093	&	31.93	&	0.5241	&	2.226	&	3.673	&	2.703\\
4	&	3.632	&	2.158	&	1.379	&	0.3942	&	75.19	&	0.9098	&	0.9434	&	4.267	&	2.857	&	12.31\\
5	&	0.9743	&	0.7469	&	26.8	&	18.92	&	0.765	&	27.71	&	3.145	&	2.597	&	3.946	&	2.703\\
6	&	2.657	&	0.5809	&	4.631	&	1.577	&	1.858	&	3.97	&	82.49	&	0	&	1.224	&	0.1001\\
7	&	0.3543	&	1.577	&	1.084	&	3.285	&	3.388	&	3.309	&	0	&	68.37	&	1.633	&	14.91\\
8	&	5.314	&	0.4979	&	8.079	&	6.439	&	3.934	&	8.271	&	2.306	&	0.9276	&	76.73	&	4.505\\
9	&	1.594	&	0.4979	&	1.182	&	3.154	&	9.617	&	1.737	&	0.1048	&	19.39	&	2.857	&	60.96\\
correct: 64.79%
k: 8
	&	0	&	1	&	2	&	3	&	4	&	5	&	6	&	7	&	8	&	9\\
0	&	82.69	&	0	&	0.09709	&	0.133	&	2.086	&	0.1646	&	0.9554	&	0.09416	&	1.061	&	0.3018\\
1	&	0.1767	&	91.14	&	0.2913	&	0.6649	&	0.9879	&	0.0823	&	0.7431	&	0.565	&	0	&	0.1006\\
2	&	2.032	&	2.235	&	41.07	&	19.02	&	1.756	&	22.06	&	7.431	&	1.036	&	5.305	&	1.107\\
3	&	0.8834	&	0.3311	&	17.96	&	48.8	&	0.1098	&	30.45	&	0.4246	&	2.354	&	2.785	&	2.314\\
4	&	3.975	&	1.987	&	1.068	&	0.3989	&	77.72	&	0.823	&	0.9554	&	3.578	&	2.918	&	11.27\\
5	&	0.8834	&	0.745	&	25.15	&	18.09	&	0.8782	&	29.96	&	2.654	&	2.448	&	4.111	&	2.414\\
6	&	2.385	&	0.745	&	4.466	&	1.33	&	1.647	&	3.786	&	84.39	&	0	&	1.326	&	0\\
7	&	0.4417	&	1.656	&	1.262	&	2.527	&	2.525	&	3.21	&	0	&	70.9	&	1.724	&	14.39\\
8	&	5.035	&	0.745	&	7.476	&	6.25	&	3.293	&	7.737	&	2.335	&	0.9416	&	77.98	&	4.024\\
9	&	1.502	&	0.4139	&	1.165	&	2.793	&	9.001	&	1.728	&	0.1062	&	18.08	&	2.785	&	64.08\\
correct: 66.72%
k: 7
	&	0	&	1	&	2	&	3	&	4	&	5	&	6	&	7	&	8	&	9\\
0	&	82.98	&	0	&	0.09634	&	0.2554	&	1.87	&	0.08511	&	0.8493	&	0.3704	&	1.062	&	0.3043\\
1	&	0.1773	&	91.63	&	0.289	&	0.5109	&	0.6601	&	0.08511	&	0.7431	&	0.5556	&	0	&	0.1014\\
2	&	2.039	&	1.907	&	44.03	&	17.37	&	1.87	&	21.19	&	7.219	&	0.7407	&	5.312	&	1.116\\
3	&	0.8865	&	0.3317	&	17.82	&	52.49	&	0.11	&	28.34	&	0.4246	&	2.13	&	2.523	&	2.028\\
4	&	3.546	&	1.99	&	1.06	&	0.3831	&	79.43	&	0.9362	&	0.8493	&	3.426	&	2.39	&	10.95\\
5	&	0.7979	&	0.7463	&	24.08	&	17.5	&	0.7701	&	33.19	&	2.548	&	1.944	&	2.922	&	2.333\\
6	&	2.482	&	0.6633	&	3.95	&	1.277	&	1.32	&	3.745	&	85.35	&	0	&	1.461	&	0\\
7	&	0.4433	&	1.493	&	1.06	&	2.554	&	2.64	&	2.894	&	0	&	71.94	&	1.062	&	13.29\\
8	&	4.965	&	0.7463	&	6.551	&	5.364	&	3.52	&	7.745	&	1.911	&	0.9259	&	80.48	&	4.26\\
9	&	1.684	&	0.4975	&	1.06	&	2.299	&	7.811	&	1.787	&	0.1062	&	17.96	&	2.789	&	65.62\\
correct: 68.55%
k: 6
	&	0	&	1	&	2	&	3	&	4	&	5	&	6	&	7	&	8	&	9\\
0	&	83.85	&	0	&	0.09804	&	0.2574	&	1.303	&	0.08183	&	0.8584	&	0.1896	&	0.6658	&	0.4012\\
1	&	0.08873	&	92.57	&	0.2941	&	0.5148	&	0.6515	&	0.08183	&	0.6438	&	0.3791	&	0	&	0.1003\\
2	&	1.863	&	1.503	&	48.73	&	16.09	&	1.737	&	20.46	&	6.009	&	0.8531	&	4.261	&	0.8024\\
3	&	0.7098	&	0.2504	&	17.65	&	57.27	&	0.2172	&	25.45	&	0.3219	&	1.991	&	1.997	&	2.207\\
4	&	3.904	&	1.836	&	0.7843	&	0.1287	&	81	&	0.9002	&	0.9657	&	2.938	&	2.13	&	9.428\\
5	&	0.7986	&	0.6678	&	21.18	&	15.19	&	0.5429	&	37.4	&	2.039	&	2.085	&	2.264	&	2.106\\
6	&	2.13	&	0.6678	&	3.235	&	1.03	&	1.303	&	3.682	&	87.66	&	0	&	1.465	&	0\\
7	&	0.2662	&	1.336	&	0.9804	&	2.445	&	2.389	&	2.782	&	0	&	75.26	&	0.6658	&	12.54\\
8	&	4.88	&	0.6678	&	6.275	&	4.762	&	3.04	&	7.365	&	1.502	&	1.137	&	83.62	&	3.811\\
9	&	1.508	&	0.5008	&	0.7843	&	2.317	&	7.818	&	1.8	&	0	&	15.17	&	2.929	&	68.61\\
correct: 71.22%
k: 5
	&	0	&	1	&	2	&	3	&	4	&	5	&	6	&	7	&	8	&	9\\
0	&	86.29	&	0	&	0.1003	&	0	&	1.1	&	0.1764	&	0.8273	&	0.09141	&	0.7712	&	0.2024\\
1	&	0.1817	&	93.19	&	0.5015	&	0.4745	&	0.33	&	0.08818	&	0.5171	&	0.5484	&	0	&	0.1012\\
2	&	1.635	&	1.43	&	51.55	&	14.35	&	0.9901	&	20.02	&	7.239	&	0.9141	&	5.141	&	0.6073\\
3	&	0.6358	&	0.2523	&	14.04	&	62.87	&	0.33	&	23.37	&	0.1034	&	2.102	&	2.314	&	2.024\\
4	&	3.27	&	1.514	&	0.8024	&	0.1186	&	83.61	&	1.058	&	1.448	&	2.834	&	1.671	&	9.008\\
5	&	0.8174	&	0.6728	&	21.46	&	14.59	&	0.44	&	40.83	&	1.655	&	1.737	&	2.057	&	2.024\\
6	&	1.817	&	0.6728	&	3.109	&	0.5931	&	1.32	&	3.616	&	86.25	&	0	&	0.8997	&	0\\
7	&	0.1817	&	1.262	&	1.103	&	1.898	&	2.42	&	2.205	&	0	&	74.86	&	0.3856	&	11.64\\
8	&	3.906	&	0.5046	&	6.419	&	3.559	&	2.64	&	6.878	&	1.965	&	1.371	&	84.58	&	3.745\\
9	&	1.272	&	0.5046	&	0.9027	&	1.542	&	6.821	&	1.764	&	0	&	15.54	&	2.185	&	70.65\\
correct: 73.34%
k: 4
	&	0	&	1	&	2	&	3	&	4	&	5	&	6	&	7	&	8	&	9\\
0	&	86.66	&	0	&	0.1021	&	0	&	0.528	&	0.1612	&	0.9464	&	0.09461	&	0.6502	&	0.2047\\
1	&	0.1815	&	93.84	&	0.715	&	0.3793	&	0.4224	&	0	&	0.3155	&	0.2838	&	0	&	0\\
2	&	2.087	&	1.433	&	58.53	&	11.13	&	1.162	&	19.02	&	4.522	&	0.6623	&	3.641	&	0.6141\\
3	&	0.363	&	0.1686	&	12.56	&	70.54	&	0.4224	&	21.03	&	0.3155	&	1.608	&	2.341	&	2.047\\
4	&	2.904	&	1.18	&	0.715	&	0.1264	&	84.16	&	1.128	&	1.262	&	2.271	&	1.43	&	7.165\\
5	&	0.5445	&	0.6745	&	16.85	&	9.987	&	0.3168	&	46.41	&	1.577	&	1.608	&	0.9103	&	1.638\\
6	&	1.543	&	0.5059	&	2.451	&	0.5057	&	1.162	&	3.304	&	89.17	&	0	&	0.9103	&	0\\
7	&	0.2722	&	1.012	&	1.328	&	1.896	&	2.218	&	1.853	&	0	&	78.52	&	0.3901	&	11.05\\
8	&	4.083	&	0.5902	&	6.333	&	3.793	&	2.429	&	5.641	&	1.893	&	1.419	&	87.78	&	2.968\\
9	&	1.361	&	0.5902	&	0.4086	&	1.643	&	7.181	&	1.45	&	0	&	13.53	&	1.951	&	74.31\\
correct: 76.51%
k: 3
	&	0	&	1	&	2	&	3	&	4	&	5	&	6	&	7	&	8	&	9\\
0	&	88.08	&	0	&	0	&	0	&	0.5342	&	0.182	&	0.8188	&	0.09124	&	0.1189	&	0.2068\\
1	&	0.09166	&	95.12	&	0.7322	&	0.3448	&	0.4274	&	0	&	0.6141	&	0.365	&	0	&	0\\
2	&	2.016	&	0.7712	&	65.48	&	10.34	&	1.068	&	16.11	&	5.118	&	0.7299	&	4.281	&	0.4137\\
3	&	0.4583	&	0.1714	&	10.46	&	73.79	&	0.2137	&	17.2	&	0.4094	&	2.372	&	2.021	&	2.378\\
4	&	2.658	&	1.2	&	0.8368	&	0.1149	&	86.11	&	0.9099	&	1.331	&	2.099	&	1.07	&	7.135\\
5	&	0.3666	&	0.5998	&	14.75	&	9.655	&	0.3205	&	54.14	&	1.433	&	1.551	&	1.427	&	1.551\\
6	&	1.283	&	0.5141	&	2.301	&	0.2299	&	0.9615	&	2.548	&	89.05	&	0	&	0.8323	&	0\\
7	&	0.275	&	0.8569	&	0.9414	&	1.149	&	1.816	&	1.729	&	0	&	79.84	&	0.7134	&	8.17\\
8	&	3.575	&	0.5141	&	4.079	&	2.989	&	2.244	&	5.278	&	1.228	&	1.369	&	87.16	&	2.585\\
9	&	1.192	&	0.2571	&	0.4184	&	1.379	&	6.303	&	1.911	&	0	&	11.59	&	2.378	&	77.56\\
correct: 79.68%
k: 2
	&	0	&	1	&	2	&	3	&	4	&	5	&	6	&	7	&	8	&	9\\
0	&	88.1	&	0	&	0	&	0.1311	&	0	&	0.1609	&	0.4219	&	0.1033	&	0.1289	&	0.09823\\
1	&	0	&	95.98	&	0.4975	&	0	&	0.396	&	0.08045	&	0.3165	&	0	&	0	&	0.09823\\
2	&	1.726	&	0.4281	&	73.43	&	4.325	&	0.8911	&	14.72	&	1.899	&	0.6198	&	2.191	&	0.3929\\
3	&	0.4541	&	0	&	11.74	&	85.85	&	0.198	&	15.29	&	0	&	0.9298	&	1.031	&	2.259\\
4	&	2.634	&	0.8562	&	0.398	&	0	&	88.91	&	0.4827	&	0.211	&	0.6198	&	0.2577	&	2.456\\
5	&	0.9991	&	0.5137	&	5.871	&	4.194	&	0.297	&	60.74	&	1.16	&	0.7231	&	0.2577	&	0.5894\\
6	&	0.9083	&	0.6849	&	1.791	&	0.5242	&	0.6931	&	1.85	&	93.57	&	0	&	0	&	0.09823\\
7	&	0.3633	&	0.7705	&	1.095	&	1.573	&	1.881	&	2.011	&	0	&	89.98	&	0.1289	&	7.466\\
8	&	3.361	&	0.5137	&	4.776	&	2.49	&	1.881	&	2.977	&	2.426	&	1.343	&	95.88	&	2.75\\
9	&	1.453	&	0.2568	&	0.398	&	0.9174	&	4.851	&	1.689	&	0	&	5.682	&	0.1289	&	83.79\\
correct: 84.92%
k: 1
	&	0	&	1	&	2	&	3	&	4	&	5	&	6	&	7	&	8	&	9\\
0	&	91.83	&	0	&	0	&	0.1065	&	0.4264	&	0.2123	&	0.4012	&	0.09141	&	0.1072	&	0.1031\\
1	&	0	&	96.44	&	0.7121	&	0.213	&	0.4264	&	0.1062	&	0.5015	&	0.2742	&	0	&	0.2062\\
2	&	1.141	&	0.2604	&	76.6	&	8.094	&	0.7463	&	10.08	&	4.213	&	0.7313	&	3.644	&	0.2062\\
3	&	0.1901	&	0	&	8.444	&	80.51	&	0.2132	&	11.89	&	0.2006	&	2.102	&	1.715	&	1.443\\
4	&	1.996	&	1.128	&	0.6104	&	0.1065	&	91.15	&	0.3185	&	0.4012	&	2.011	&	1.179	&	4.742\\
5	&	0.8555	&	0.5208	&	8.647	&	7.455	&	0.4264	&	70.59	&	1.906	&	1.28	&	1.179	&	0.9278\\
6	&	0.5703	&	0.434	&	1.424	&	0.3195	&	0.533	&	1.274	&	90.87	&	0	&	0.6431	&	0.1031\\
7	&	0.2852	&	0.434	&	1.119	&	1.065	&	1.066	&	1.911	&	0	&	84.1	&	0.6431	&	4.639\\
8	&	2.091	&	0.5208	&	2.136	&	1.171	&	1.386	&	2.017	&	1.505	&	1.097	&	89.5	&	2.062\\
9	&	1.046	&	0.2604	&	0.3052	&	0.9585	&	3.625	&	1.592	&	0	&	8.318	&	1.393	&	85.57\\
correct: 85.97%
