k: 15
	&	0	&	1	&	2	&	3	&	4	&	5	&	6	&	7	&	8	&	9\\
0	&	77.82	&	0	&	0.2799	&	0.2677	&	3.66	&	0.2519	&	1.509	&	0.2817	&	1.199	&	1.49\\
1	&	0.08666	&	87.82	&	0.4664	&	0.6693	&	1.184	&	0.3359	&	0.5388	&	0.4695	&	0.8996	&	0.3972\\
2	&	2.86	&	3.79	&	22.67	&	29.32	&	2.476	&	24.69	&	10.02	&	1.408	&	7.796	&	1.291\\
3	&	0.6932	&	0.6452	&	25.09	&	28.38	&	0.6459	&	33.75	&	1.293	&	2.817	&	4.798	&	3.078\\
4	&	4.246	&	2.823	&	1.399	&	0.4016	&	64.91	&	1.092	&	1.293	&	5.164	&	5.697	&	15.79\\
5	&	1.3	&	0.6452	&	30.88	&	20.75	&	1.615	&	18.47	&	4.203	&	3.474	&	4.498	&	4.171\\
6	&	3.466	&	0.8065	&	5.69	&	2.008	&	2.691	&	5.038	&	78.34	&	0	&	2.099	&	0.5958\\
7	&	0.4333	&	1.855	&	1.213	&	4.552	&	5.705	&	4.114	&	0	&	61.22	&	1.499	&	18.77\\
8	&	6.846	&	0.4032	&	10.91	&	9.103	&	3.122	&	9.908	&	2.694	&	0.7512	&	67.47	&	7.448\\
9	&	2.253	&	1.21	&	1.399	&	4.552	&	13.99	&	2.351	&	0.1078	&	24.41	&	4.048	&	46.97\\
correct: 55.67%
k: 14
	&	0	&	1	&	2	&	3	&	4	&	5	&	6	&	7	&	8	&	9\\
0	&	77.88	&	0	&	0.3777	&	0.2639	&	3.254	&	0.2498	&	1.194	&	0.2809	&	1.335	&	1.299\\
1	&	0.08606	&	88.33	&	0.4721	&	0.6596	&	1.193	&	0.2498	&	0.6515	&	0.2809	&	0.8902	&	0.4995\\
2	&	2.926	&	3.971	&	24.17	&	28.89	&	1.844	&	24.15	&	9.446	&	1.311	&	7.715	&	1.399\\
3	&	0.6024	&	0.5673	&	24.08	&	29.82	&	0.7592	&	33.39	&	1.194	&	3.184	&	4.748	&	2.997\\
4	&	4.303	&	2.674	&	1.605	&	0.3958	&	66.81	&	1.082	&	1.086	&	4.963	&	5.193	&	15.18\\
5	&	1.291	&	0.5673	&	31.16	&	19.66	&	1.41	&	19.4	&	3.909	&	3.464	&	4.748	&	3.996\\
6	&	3.098	&	0.8104	&	5.666	&	1.847	&	2.386	&	5.079	&	80.02	&	0	&	1.78	&	0.5994\\
7	&	0.4303	&	1.702	&	1.228	&	4.881	&	5.423	&	3.913	&	0	&	61.42	&	1.484	&	18.88\\
8	&	6.971	&	0.3241	&	9.915	&	9.103	&	3.688	&	10.07	&	2.389	&	1.124	&	68.4	&	6.494\\
9	&	2.41	&	1.053	&	1.322	&	4.485	&	13.23	&	2.415	&	0.1086	&	23.97	&	3.709	&	48.65\\
correct: 56.67%
k: 13
	&	0	&	1	&	2	&	3	&	4	&	5	&	6	&	7	&	8	&	9\\
0	&	78.67	&	0	&	0.3813	&	0.2601	&	2.916	&	0.2547	&	1.067	&	0.1848	&	1.159	&	1.329\\
1	&	0.08636	&	88.65	&	0.286	&	0.6502	&	1.188	&	0.3396	&	0.5336	&	0.2773	&	0.8696	&	0.409\\
2	&	2.85	&	3.731	&	25.93	&	28.22	&	2.052	&	23.51	&	9.605	&	1.571	&	6.957	&	1.329\\
3	&	0.5181	&	0.5677	&	22.88	&	32.64	&	0.6479	&	33.7	&	1.494	&	3.05	&	4.058	&	2.863\\
4	&	4.404	&	2.514	&	1.716	&	0.3901	&	67.17	&	1.104	&	0.9605	&	5.176	&	5.072	&	14.72\\
5	&	1.295	&	0.4866	&	30.6	&	19.77	&	1.404	&	20.63	&	4.269	&	3.142	&	4.348	&	3.885\\
6	&	2.936	&	0.811	&	5.624	&	1.821	&	2.484	&	4.754	&	79.51	&	0	&	1.884	&	0.409\\
7	&	0.3454	&	1.784	&	1.239	&	4.421	&	5.4	&	3.82	&	0	&	62.38	&	1.594	&	17.79\\
8	&	6.736	&	0.4866	&	10.01	&	7.412	&	3.888	&	9.508	&	2.455	&	1.017	&	70.58	&	6.033\\
9	&	2.159	&	0.9732	&	1.335	&	4.421	&	12.85	&	2.377	&	0.1067	&	23.2	&	3.478	&	51.23\\
correct: 58%
k: 12
	&	0	&	1	&	2	&	3	&	4	&	5	&	6	&	7	&	8	&	9\\
0	&	79.74	&	0	&	0.1914	&	0.2681	&	2.925	&	0.1657	&	0.9636	&	0.2806	&	1.13	&	1.011\\
1	&	0.08696	&	89.42	&	0.1914	&	0.6702	&	1.083	&	0.4143	&	0.5353	&	0.2806	&	0.2825	&	0.3033\\
2	&	2.696	&	3.255	&	29.09	&	26.41	&	2.059	&	23.28	&	9.101	&	1.31	&	6.921	&	1.213\\
3	&	0.6087	&	0.4068	&	21.53	&	35.52	&	0.5417	&	33.55	&	1.392	&	3.274	&	3.531	&	2.528\\
4	&	4.435	&	2.522	&	1.722	&	0.2681	&	69.34	&	0.9114	&	0.9636	&	4.677	&	4.802	&	13.75\\
5	&	1.217	&	0.4882	&	29.76	&	19.71	&	1.192	&	22.2	&	3.747	&	3.087	&	4.661	&	3.438\\
6	&	2.783	&	0.8137	&	5.646	&	1.877	&	2.275	&	4.308	&	80.73	&	0	&	1.977	&	0.2022\\
7	&	0.3478	&	1.709	&	1.531	&	4.155	&	4.334	&	3.645	&	0	&	64.45	&	1.412	&	17.49\\
8	&	6.261	&	0.4882	&	9.091	&	6.836	&	4.117	&	9.445	&	2.57	&	0.9355	&	72.03	&	5.46\\
9	&	1.826	&	0.895	&	1.244	&	4.29	&	12.13	&	2.071	&	0	&	21.7	&	3.249	&	54.6\\
correct: 59.86%
k: 11
	&	0	&	1	&	2	&	3	&	4	&	5	&	6	&	7	&	8	&	9\\
0	&	80.19	&	0	&	0.194	&	0.2632	&	2.732	&	0.08333	&	1.054	&	0.2762	&	0.9845	&	0.715\\
1	&	0.08688	&	90.07	&	0.194	&	0.6579	&	1.202	&	0.4167	&	0.7376	&	0.3683	&	0.1406	&	0.2043\\
2	&	2.78	&	2.956	&	31.62	&	23.82	&	2.077	&	23.08	&	8.957	&	1.473	&	6.892	&	1.124\\
3	&	0.6082	&	0.4105	&	20.56	&	39.21	&	0.2186	&	33.5	&	0.843	&	2.578	&	2.954	&	2.758\\
4	&	4.257	&	2.463	&	1.552	&	0.2632	&	71.04	&	0.8333	&	1.159	&	4.788	&	4.079	&	13.59\\
5	&	1.216	&	0.5747	&	29.1	&	19.74	&	1.093	&	23.25	&	3.688	&	3.407	&	4.36	&	2.962\\
6	&	2.78	&	0.6568	&	5.238	&	1.447	&	2.186	&	4	&	81.14	&	0	&	1.828	&	0.2043\\
7	&	0.3475	&	1.642	&	1.358	&	3.947	&	3.934	&	3.583	&	0	&	64.73	&	1.547	&	17.06\\
8	&	6.082	&	0.5747	&	8.923	&	6.579	&	4.044	&	9.25	&	2.424	&	0.9208	&	73.84	&	5.005\\
9	&	1.651	&	0.6568	&	1.261	&	4.079	&	11.48	&	2	&	0	&	21.45	&	3.376	&	56.38\\
correct: 61.23%
k: 10
	&	0	&	1	&	2	&	3	&	4	&	5	&	6	&	7	&	8	&	9\\
0	&	80.68	&	0	&	0.09814	&	0.1377	&	2.612	&	0.1606	&	1.068	&	0.1887	&	0.9682	&	0.5952\\
1	&	0.08703	&	90.53	&	0.1963	&	0.6887	&	0.9793	&	0.3213	&	0.641	&	0.4717	&	0.1383	&	0.1984\\
2	&	2.437	&	2.881	&	34.94	&	21.49	&	1.959	&	23.21	&	8.013	&	1.509	&	6.501	&	1.19\\
3	&	0.8703	&	0.3292	&	19.82	&	42.7	&	0.1088	&	31.89	&	0.5342	&	2.642	&	3.458	&	2.778\\
4	&	3.829	&	2.469	&	1.276	&	0.4132	&	72.8	&	0.8835	&	1.282	&	4.528	&	3.458	&	12.6\\
5	&	1.131	&	0.6584	&	27.97	&	19.15	&	1.088	&	25.54	&	3.419	&	3.019	&	3.873	&	2.679\\
6	&	2.872	&	0.5761	&	4.907	&	1.515	&	2.176	&	4.016	&	82.91	&	0	&	1.383	&	0.09921\\
7	&	0.3481	&	1.481	&	1.276	&	3.581	&	3.917	&	3.454	&	0	&	67.45	&	1.66	&	15.97\\
8	&	6.005	&	0.5761	&	8.243	&	6.612	&	3.917	&	8.675	&	2.03	&	0.8491	&	75.38	&	4.861\\
9	&	1.741	&	0.4938	&	1.276	&	3.719	&	10.45	&	1.847	&	0.1068	&	19.34	&	3.181	&	59.03\\
correct: 63.11%
k: 9
	&	0	&	1	&	2	&	3	&	4	&	5	&	6	&	7	&	8	&	9\\
0	&	82.46	&	0	&	0.09852	&	0.1314	&	2.295	&	0.08271	&	1.048	&	0.1855	&	1.088	&	0.5005\\
1	&	0.1771	&	91.29	&	0.2956	&	0.5256	&	0.9836	&	0.08271	&	0.7338	&	0.6494	&	0.1361	&	0.1001\\
2	&	1.949	&	2.407	&	38.13	&	20.76	&	1.858	&	22	&	8.7	&	1.391	&	5.85	&	1.201\\
3	&	0.8857	&	0.249	&	18.33	&	44.81	&	0.1093	&	31.93	&	0.5241	&	2.226	&	3.673	&	2.703\\
4	&	3.632	&	2.158	&	1.379	&	0.3942	&	75.19	&	0.9098	&	0.9434	&	4.267	&	2.857	&	12.31\\
5	&	0.9743	&	0.7469	&	26.8	&	18.92	&	0.765	&	27.71	&	3.145	&	2.597	&	3.946	&	2.703\\
6	&	2.657	&	0.5809	&	4.631	&	1.577	&	1.858	&	3.97	&	82.49	&	0	&	1.224	&	0.1001\\
7	&	0.3543	&	1.577	&	1.084	&	3.285	&	3.388	&	3.309	&	0	&	68.37	&	1.633	&	14.91\\
8	&	5.314	&	0.4979	&	8.079	&	6.439	&	3.934	&	8.271	&	2.306	&	0.9276	&	76.73	&	4.505\\
9	&	1.594	&	0.4979	&	1.182	&	3.154	&	9.617	&	1.737	&	0.1048	&	19.39	&	2.857	&	60.96\\
correct: 64.79%
k: 8
	&	0	&	1	&	2	&	3	&	4	&	5	&	6	&	7	&	8	&	9\\
0	&	82.69	&	0	&	0.09709	&	0.133	&	2.086	&	0.1646	&	0.9554	&	0.09416	&	1.061	&	0.3018\\
1	&	0.1767	&	91.14	&	0.2913	&	0.6649	&	0.9879	&	0.0823	&	0.7431	&	0.565	&	0	&	0.1006\\
2	&	2.032	&	2.235	&	41.07	&	19.02	&	1.756	&	22.06	&	7.431	&	1.036	&	5.305	&	1.107\\
3	&	0.8834	&	0.3311	&	17.96	&	48.8	&	0.1098	&	30.45	&	0.4246	&	2.354	&	2.785	&	2.314\\
4	&	3.975	&	1.987	&	1.068	&	0.3989	&	77.72	&	0.823	&	0.9554	&	3.578	&	2.918	&	11.27\\
5	&	0.8834	&	0.745	&	25.15	&	18.09	&	0.8782	&	29.96	&	2.654	&	2.448	&	4.111	&	2.414\\
6	&	2.385	&	0.745	&	4.466	&	1.33	&	1.647	&	3.786	&	84.39	&	0	&	1.326	&	0\\
7	&	0.4417	&	1.656	&	1.262	&	2.527	&	2.525	&	3.21	&	0	&	70.9	&	1.724	&	14.39\\
8	&	5.035	&	0.745	&	7.476	&	6.25	&	3.293	&	7.737	&	2.335	&	0.9416	&	77.98	&	4.024\\
9	&	1.502	&	0.4139	&	1.165	&	2.793	&	9.001	&	1.728	&	0.1062	&	18.08	&	2.785	&	64.08\\
correct: 66.72%
k: 7
	&	0	&	1	&	2	&	3	&	4	&	5	&	6	&	7	&	8	&	9\\
0	&	82.98	&	0	&	0.09634	&	0.2554	&	1.87	&	0.08511	&	0.8493	&	0.3704	&	1.062	&	0.3043\\
1	&	0.1773	&	91.63	&	0.289	&	0.5109	&	0.6601	&	0.08511	&	0.7431	&	0.5556	&	0	&	0.1014\\
2	&	2.039	&	1.907	&	44.03	&	17.37	&	1.87	&	21.19	&	7.219	&	0.7407	&	5.312	&	1.116\\
3	&	0.8865	&	0.3317	&	17.82	&	52.49	&	0.11	&	28.34	&	0.4246	&	2.13	&	2.523	&	2.028\\
4	&	3.546	&	1.99	&	1.06	&	0.3831	&	79.43	&	0.9362	&	0.8493	&	3.426	&	2.39	&	10.95\\
5	&	0.7979	&	0.7463	&	24.08	&	17.5	&	0.7701	&	33.19	&	2.548	&	1.944	&	2.922	&	2.333\\
6	&	2.482	&	0.6633	&	3.95	&	1.277	&	1.32	&	3.745	&	85.35	&	0	&	1.461	&	0\\
7	&	0.4433	&	1.493	&	1.06	&	2.554	&	2.64	&	2.894	&	0	&	71.94	&	1.062	&	13.29\\
8	&	4.965	&	0.7463	&	6.551	&	5.364	&	3.52	&	7.745	&	1.911	&	0.9259	&	80.48	&	4.26\\
9	&	1.684	&	0.4975	&	1.06	&	2.299	&	7.811	&	1.787	&	0.1062	&	17.96	&	2.789	&	65.62\\
correct: 68.55%
k: 6
	&	0	&	1	&	2	&	3	&	4	&	5	&	6	&	7	&	8	&	9\\
0	&	83.85	&	0	&	0.09804	&	0.2574	&	1.303	&	0.08183	&	0.8584	&	0.1896	&	0.6658	&	0.4012\\
1	&	0.08873	&	92.57	&	0.2941	&	0.5148	&	0.6515	&	0.08183	&	0.6438	&	0.3791	&	0	&	0.1003\\
2	&	1.863	&	1.503	&	48.73	&	16.09	&	1.737	&	20.46	&	6.009	&	0.8531	&	4.261	&	0.8024\\
3	&	0.7098	&	0.2504	&	17.65	&	57.27	&	0.2172	&	25.45	&	0.3219	&	1.991	&	1.997	&	2.207\\
4	&	3.904	&	1.836	&	0.7843	&	0.1287	&	81	&	0.9002	&	0.9657	&	2.938	&	2.13	&	9.428\\
5	&	0.7986	&	0.6678	&	21.18	&	15.19	&	0.5429	&	37.4	&	2.039	&	2.085	&	2.264	&	2.106\\
6	&	2.13	&	0.6678	&	3.235	&	1.03	&	1.303	&	3.682	&	87.66	&	0	&	1.465	&	0\\
7	&	0.2662	&	1.336	&	0.9804	&	2.445	&	2.389	&	2.782	&	0	&	75.26	&	0.6658	&	12.54\\
8	&	4.88	&	0.6678	&	6.275	&	4.762	&	3.04	&	7.365	&	1.502	&	1.137	&	83.62	&	3.811\\
9	&	1.508	&	0.5008	&	0.7843	&	2.317	&	7.818	&	1.8	&	0	&	15.17	&	2.929	&	68.61\\
correct: 71.22%
k: 5
	&	0	&	1	&	2	&	3	&	4	&	5	&	6	&	7	&	8	&	9\\
0	&	86.29	&	0	&	0.1003	&	0	&	1.1	&	0.1764	&	0.8273	&	0.09141	&	0.7712	&	0.2024\\
1	&	0.1817	&	93.19	&	0.5015	&	0.4745	&	0.33	&	0.08818	&	0.5171	&	0.5484	&	0	&	0.1012\\
2	&	1.635	&	1.43	&	51.55	&	14.35	&	0.9901	&	20.02	&	7.239	&	0.9141	&	5.141	&	0.6073\\
3	&	0.6358	&	0.2523	&	14.04	&	62.87	&	0.33	&	23.37	&	0.1034	&	2.102	&	2.314	&	2.024\\
4	&	3.27	&	1.514	&	0.8024	&	0.1186	&	83.61	&	1.058	&	1.448	&	2.834	&	1.671	&	9.008\\
5	&	0.8174	&	0.6728	&	21.46	&	14.59	&	0.44	&	40.83	&	1.655	&	1.737	&	2.057	&	2.024\\
6	&	1.817	&	0.6728	&	3.109	&	0.5931	&	1.32	&	3.616	&	86.25	&	0	&	0.8997	&	0\\
7	&	0.1817	&	1.262	&	1.103	&	1.898	&	2.42	&	2.205	&	0	&	74.86	&	0.3856	&	11.64\\
8	&	3.906	&	0.5046	&	6.419	&	3.559	&	2.64	&	6.878	&	1.965	&	1.371	&	84.58	&	3.745\\
9	&	1.272	&	0.5046	&	0.9027	&	1.542	&	6.821	&	1.764	&	0	&	15.54	&	2.185	&	70.65\\
correct: 73.34%
k: 4
	&	0	&	1	&	2	&	3	&	4	&	5	&	6	&	7	&	8	&	9\\
0	&	86.66	&	0	&	0.1021	&	0	&	0.528	&	0.1612	&	0.9464	&	0.09461	&	0.6502	&	0.2047\\
1	&	0.1815	&	93.84	&	0.715	&	0.3793	&	0.4224	&	0	&	0.3155	&	0.2838	&	0	&	0\\
2	&	2.087	&	1.433	&	58.53	&	11.13	&	1.162	&	19.02	&	4.522	&	0.6623	&	3.641	&	0.6141\\
3	&	0.363	&	0.1686	&	12.56	&	70.54	&	0.4224	&	21.03	&	0.3155	&	1.608	&	2.341	&	2.047\\
4	&	2.904	&	1.18	&	0.715	&	0.1264	&	84.16	&	1.128	&	1.262	&	2.271	&	1.43	&	7.165\\
5	&	0.5445	&	0.6745	&	16.85	&	9.987	&	0.3168	&	46.41	&	1.577	&	1.608	&	0.9103	&	1.638\\
6	&	1.543	&	0.5059	&	2.451	&	0.5057	&	1.162	&	3.304	&	89.17	&	0	&	0.9103	&	0\\
7	&	0.2722	&	1.012	&	1.328	&	1.896	&	2.218	&	1.853	&	0	&	78.52	&	0.3901	&	11.05\\
8	&	4.083	&	0.5902	&	6.333	&	3.793	&	2.429	&	5.641	&	1.893	&	1.419	&	87.78	&	2.968\\
9	&	1.361	&	0.5902	&	0.4086	&	1.643	&	7.181	&	1.45	&	0	&	13.53	&	1.951	&	74.31\\
correct: 76.51%
k: 3
	&	0	&	1	&	2	&	3	&	4	&	5	&	6	&	7	&	8	&	9\\
0	&	88.08	&	0	&	0	&	0	&	0.5342	&	0.182	&	0.8188	&	0.09124	&	0.1189	&	0.2068\\
1	&	0.09166	&	95.12	&	0.7322	&	0.3448	&	0.4274	&	0	&	0.6141	&	0.365	&	0	&	0\\
2	&	2.016	&	0.7712	&	65.48	&	10.34	&	1.068	&	16.11	&	5.118	&	0.7299	&	4.281	&	0.4137\\
3	&	0.4583	&	0.1714	&	10.46	&	73.79	&	0.2137	&	17.2	&	0.4094	&	2.372	&	2.021	&	2.378\\
4	&	2.658	&	1.2	&	0.8368	&	0.1149	&	86.11	&	0.9099	&	1.331	&	2.099	&	1.07	&	7.135\\
5	&	0.3666	&	0.5998	&	14.75	&	9.655	&	0.3205	&	54.14	&	1.433	&	1.551	&	1.427	&	1.551\\
6	&	1.283	&	0.5141	&	2.301	&	0.2299	&	0.9615	&	2.548	&	89.05	&	0	&	0.8323	&	0\\
7	&	0.275	&	0.8569	&	0.9414	&	1.149	&	1.816	&	1.729	&	0	&	79.84	&	0.7134	&	8.17\\
8	&	3.575	&	0.5141	&	4.079	&	2.989	&	2.244	&	5.278	&	1.228	&	1.369	&	87.16	&	2.585\\
9	&	1.192	&	0.2571	&	0.4184	&	1.379	&	6.303	&	1.911	&	0	&	11.59	&	2.378	&	77.56\\
correct: 79.68%
k: 2
	&	0	&	1	&	2	&	3	&	4	&	5	&	6	&	7	&	8	&	9\\
0	&	88.1	&	0	&	0	&	0.1311	&	0	&	0.1609	&	0.4219	&	0.1033	&	0.1289	&	0.09823\\
1	&	0	&	95.98	&	0.4975	&	0	&	0.396	&	0.08045	&	0.3165	&	0	&	0	&	0.09823\\
2	&	1.726	&	0.4281	&	73.43	&	4.325	&	0.8911	&	14.72	&	1.899	&	0.6198	&	2.191	&	0.3929\\
3	&	0.4541	&	0	&	11.74	&	85.85	&	0.198	&	15.29	&	0	&	0.9298	&	1.031	&	2.259\\
4	&	2.634	&	0.8562	&	0.398	&	0	&	88.91	&	0.4827	&	0.211	&	0.6198	&	0.2577	&	2.456\\
5	&	0.9991	&	0.5137	&	5.871	&	4.194	&	0.297	&	60.74	&	1.16	&	0.7231	&	0.2577	&	0.5894\\
6	&	0.9083	&	0.6849	&	1.791	&	0.5242	&	0.6931	&	1.85	&	93.57	&	0	&	0	&	0.09823\\
7	&	0.3633	&	0.7705	&	1.095	&	1.573	&	1.881	&	2.011	&	0	&	89.98	&	0.1289	&	7.466\\
8	&	3.361	&	0.5137	&	4.776	&	2.49	&	1.881	&	2.977	&	2.426	&	1.343	&	95.88	&	2.75\\
9	&	1.453	&	0.2568	&	0.398	&	0.9174	&	4.851	&	1.689	&	0	&	5.682	&	0.1289	&	83.79\\
correct: 84.92%
k: 1
	&	0	&	1	&	2	&	3	&	4	&	5	&	6	&	7	&	8	&	9\\
0	&	91.83	&	0	&	0	&	0.1065	&	0.4264	&	0.2123	&	0.4012	&	0.09141	&	0.1072	&	0.1031\\
1	&	0	&	96.44	&	0.7121	&	0.213	&	0.4264	&	0.1062	&	0.5015	&	0.2742	&	0	&	0.2062\\
2	&	1.141	&	0.2604	&	76.6	&	8.094	&	0.7463	&	10.08	&	4.213	&	0.7313	&	3.644	&	0.2062\\
3	&	0.1901	&	0	&	8.444	&	80.51	&	0.2132	&	11.89	&	0.2006	&	2.102	&	1.715	&	1.443\\
4	&	1.996	&	1.128	&	0.6104	&	0.1065	&	91.15	&	0.3185	&	0.4012	&	2.011	&	1.179	&	4.742\\
5	&	0.8555	&	0.5208	&	8.647	&	7.455	&	0.4264	&	70.59	&	1.906	&	1.28	&	1.179	&	0.9278\\
6	&	0.5703	&	0.434	&	1.424	&	0.3195	&	0.533	&	1.274	&	90.87	&	0	&	0.6431	&	0.1031\\
7	&	0.2852	&	0.434	&	1.119	&	1.065	&	1.066	&	1.911	&	0	&	84.1	&	0.6431	&	4.639\\
8	&	2.091	&	0.5208	&	2.136	&	1.171	&	1.386	&	2.017	&	1.505	&	1.097	&	89.5	&	2.062\\
9	&	1.046	&	0.2604	&	0.3052	&	0.9585	&	3.625	&	1.592	&	0	&	8.318	&	1.393	&	85.57\\
correct: 85.97%
