k: 50
	&	0	&	1	&	2	&	3	&	4	&	5	&	6	&	7	&	8	&	9\\
0	&	66.92	&	0.07331	&	0.6346	&	0.2915	&	5.711	&	0.7561	&	4.091	&	0.5	&	1.855	&	4.78\\
1	&	0.1671	&	78.08	&	0.3626	&	1.02	&	1.102	&	1.04	&	1.136	&	1.2	&	1.082	&	0.5623\\
2	&	4.678	&	8.138	&	7.162	&	27.7	&	3.206	&	22.5	&	13.52	&	4.6	&	17.77	&	4.311\\
3	&	0.6683	&	1.32	&	31.46	&	5.831	&	1.904	&	28.36	&	4.545	&	6.5	&	13.6	&	7.966\\
4	&	5.096	&	4.106	&	3.173	&	1.603	&	36.17	&	3.119	&	1.705	&	10.8	&	12.67	&	20.62\\
5	&	2.089	&	1.466	&	30.1	&	22.59	&	2.305	&	4.82	&	8.182	&	6.8	&	10.51	&	7.31\\
6	&	7.602	&	0.9531	&	7.978	&	3.936	&	7.214	&	9.83	&	60.11	&	0.2	&	3.709	&	0.7498\\
7	&	0.8354	&	3.079	&	2.448	&	12.1	&	11.92	&	6.616	&	0.3409	&	37.7	&	4.328	&	25.21\\
8	&	9.273	&	1.1	&	12.96	&	16.03	&	5.411	&	17.49	&	5.909	&	2.2	&	27.98	&	9.466\\
9	&	2.673	&	1.686	&	3.717	&	8.892	&	25.05	&	5.482	&	0.4545	&	29.5	&	6.491	&	19.03\\
correct: 36.87%
k: 49
	&	0	&	1	&	2	&	3	&	4	&	5	&	6	&	7	&	8	&	9\\
0	&	66.94	&	0.07358	&	0.6341	&	0.2937	&	5.711	&	0.7533	&	4.1	&	0.4995	&	1.682	&	4.789\\
1	&	0.1669	&	78.44	&	0.3623	&	0.8811	&	1.202	&	1.036	&	1.025	&	1.299	&	0.9174	&	0.5634\\
2	&	4.758	&	8.241	&	7.609	&	27.46	&	3.206	&	23.26	&	12.76	&	4.695	&	16.82	&	4.131\\
3	&	0.6678	&	1.398	&	31.52	&	5.727	&	1.804	&	28.34	&	4.442	&	6.494	&	13.46	&	7.981\\
4	&	5.259	&	3.753	&	3.17	&	1.615	&	36.97	&	3.013	&	1.708	&	10.49	&	12.69	&	20.47\\
5	&	2.003	&	1.472	&	30.25	&	21.88	&	2.305	&	5.273	&	8.428	&	6.494	&	10.86	&	7.136\\
6	&	7.679	&	0.9566	&	7.971	&	3.818	&	7.214	&	9.416	&	60.71	&	0.1998	&	3.67	&	0.7512\\
7	&	0.6678	&	3.091	&	2.355	&	12.33	&	11.32	&	6.685	&	0.3417	&	38.16	&	4.434	&	25.35\\
8	&	9.349	&	1.03	&	12.41	&	16.74	&	5.311	&	17.04	&	6.036	&	2.098	&	28.75	&	9.484\\
9	&	2.504	&	1.545	&	3.714	&	9.251	&	24.95	&	5.179	&	0.4556	&	29.57	&	6.728	&	19.34\\
correct: 37.25%
k: 48
	&	0	&	1	&	2	&	3	&	4	&	5	&	6	&	7	&	8	&	9\\
0	&	67.48	&	0.07396	&	0.6329	&	0.2937	&	5.622	&	0.7463	&	3.895	&	0.4975	&	1.829	&	4.69\\
1	&	0.1676	&	78.92	&	0.3617	&	0.8811	&	1.305	&	0.9328	&	1.031	&	1.294	&	0.9146	&	0.469\\
2	&	4.443	&	8.136	&	7.505	&	28.05	&	3.213	&	23.69	&	12.71	&	4.677	&	16.46	&	4.034\\
3	&	0.7544	&	1.257	&	31.56	&	5.874	&	1.807	&	28.45	&	4.467	&	6.468	&	12.65	&	7.974\\
4	&	5.113	&	3.698	&	3.074	&	1.615	&	37.25	&	2.799	&	1.833	&	10.35	&	13.11	&	20.54\\
5	&	1.928	&	1.405	&	30.2	&	22.47	&	2.309	&	5.317	&	7.904	&	6.567	&	10.98	&	7.129\\
6	&	7.544	&	0.9615	&	8.137	&	3.671	&	7.028	&	9.422	&	61.4	&	0.199	&	3.354	&	0.8443\\
7	&	0.6706	&	3.107	&	2.441	&	12.04	&	11.35	&	6.53	&	0.3436	&	38.41	&	4.268	&	25.23\\
8	&	9.388	&	1.036	&	12.39	&	16.15	&	5.522	&	16.79	&	5.956	&	1.99	&	29.57	&	9.381\\
9	&	2.515	&	1.405	&	3.707	&	8.957	&	24.6	&	5.317	&	0.4582	&	29.55	&	6.86	&	19.7\\
correct: 37.49%
k: 47
	&	0	&	1	&	2	&	3	&	4	&	5	&	6	&	7	&	8	&	9\\
0	&	67.82	&	0.0744	&	0.6306	&	0.2941	&	5.416	&	0.7421	&	3.886	&	0.496	&	1.829	&	4.708\\
1	&	0.1681	&	79.54	&	0.3604	&	0.8824	&	1.304	&	0.9276	&	1.029	&	1.19	&	0.9146	&	0.3766\\
2	&	4.454	&	8.11	&	7.477	&	28.53	&	3.31	&	23.56	&	13.03	&	4.266	&	16.31	&	3.955\\
3	&	0.9244	&	1.339	&	31.26	&	5.882	&	1.906	&	28.85	&	3.886	&	6.349	&	12.2	&	8.098\\
4	&	5.126	&	3.348	&	2.973	&	1.618	&	37.41	&	2.876	&	1.714	&	10.81	&	13.26	&	20.43\\
5	&	1.849	&	1.414	&	30.63	&	22.06	&	2.307	&	5.473	&	7.886	&	6.448	&	10.82	&	6.968\\
6	&	7.647	&	0.744	&	7.838	&	3.824	&	7.021	&	9.462	&	61.71	&	0.1984	&	3.201	&	0.8475\\
7	&	0.6723	&	3.051	&	2.523	&	11.91	&	11.33	&	6.215	&	0.3429	&	38.99	&	4.268	&	25.05\\
8	&	8.992	&	0.9673	&	12.52	&	16.18	&	5.316	&	16.7	&	6.057	&	2.083	&	30.34	&	9.322\\
9	&	2.353	&	1.414	&	3.784	&	8.824	&	24.67	&	5.195	&	0.4571	&	29.17	&	6.86	&	20.24\\
correct: 37.78%
k: 46
	&	0	&	1	&	2	&	3	&	4	&	5	&	6	&	7	&	8	&	9\\
0	&	68.01	&	0.07474	&	0.6329	&	0.2911	&	5.216	&	0.7306	&	3.657	&	0.499	&	1.821	&	4.857\\
1	&	0.1679	&	79.9	&	0.3617	&	1.019	&	1.304	&	0.9132	&	1.029	&	1.098	&	0.9105	&	0.381\\
2	&	4.45	&	7.773	&	7.595	&	28.97	&	3.21	&	23.74	&	12.69	&	4.291	&	16.08	&	3.81\\
3	&	1.008	&	1.345	&	31.46	&	5.822	&	1.906	&	29.13	&	3.886	&	5.589	&	11.84	&	8.19\\
4	&	5.374	&	3.288	&	2.893	&	1.601	&	37.71	&	2.831	&	1.829	&	10.78	&	13.35	&	20.19\\
5	&	1.847	&	1.42	&	30.29	&	21.98	&	2.307	&	5.662	&	7.886	&	6.687	&	10.62	&	7.048\\
6	&	7.389	&	0.6726	&	7.685	&	3.785	&	7.222	&	9.224	&	62.29	&	0.1996	&	3.187	&	0.8571\\
7	&	0.6717	&	3.064	&	2.532	&	11.35	&	11.43	&	6.21	&	0.3429	&	40.02	&	4.401	&	24.57\\
8	&	8.816	&	1.121	&	12.57	&	16.45	&	5.115	&	16.53	&	5.943	&	1.996	&	30.65	&	9.143\\
9	&	2.267	&	1.345	&	3.978	&	8.734	&	24.57	&	5.023	&	0.4571	&	28.84	&	7.132	&	20.95\\
correct: 38.09%
k: 45
	&	0	&	1	&	2	&	3	&	4	&	5	&	6	&	7	&	8	&	9\\
0	&	68.44	&	0.07457	&	0.7201	&	0.2861	&	5.237	&	0.7387	&	3.539	&	0.498	&	1.84	&	4.735\\
1	&	0.1688	&	79.79	&	0.36	&	0.8584	&	1.41	&	0.9234	&	0.9132	&	1.096	&	0.9202	&	0.3788\\
2	&	4.304	&	7.905	&	7.381	&	29.18	&	3.323	&	23.73	&	12.79	&	4.183	&	15.95	&	3.883\\
3	&	0.9283	&	1.417	&	31.5	&	6.295	&	1.611	&	29.46	&	3.881	&	5.578	&	11.66	&	8.049\\
4	&	5.485	&	3.281	&	3.06	&	1.431	&	38.37	&	2.77	&	1.826	&	10.46	&	12.88	&	20.17\\
5	&	1.857	&	1.417	&	30.6	&	21.89	&	2.316	&	5.725	&	7.648	&	6.275	&	10.43	&	7.102\\
6	&	7.426	&	0.6711	&	7.651	&	3.577	&	7.251	&	9.326	&	62.67	&	0.0996	&	2.914	&	0.8523\\
7	&	0.5907	&	3.057	&	2.61	&	11.3	&	11.08	&	6.187	&	0.3425	&	40.74	&	4.448	&	24.05\\
8	&	8.608	&	1.044	&	12.06	&	16.74	&	5.237	&	16.25	&	5.936	&	2.092	&	31.75	&	9.375\\
9	&	2.194	&	1.342	&	4.05	&	8.441	&	24.17	&	4.894	&	0.4566	&	28.98	&	7.209	&	21.4\\
correct: 38.41%
k: 44
	&	0	&	1	&	2	&	3	&	4	&	5	&	6	&	7	&	8	&	9\\
0	&	68.29	&	0.07474	&	0.7266	&	0.2878	&	5.115	&	0.7319	&	3.657	&	0.496	&	1.863	&	4.623\\
1	&	0.1682	&	79.9	&	0.3633	&	1.007	&	1.404	&	0.9149	&	0.9143	&	1.091	&	0.9317	&	0.3774\\
2	&	4.289	&	7.922	&	7.902	&	29.78	&	3.31	&	23.42	&	12.23	&	4.365	&	15.68	&	3.774\\
3	&	0.9251	&	1.271	&	31.52	&	6.043	&	1.605	&	29.83	&	3.771	&	5.952	&	11.49	&	7.925\\
4	&	5.551	&	3.288	&	3.088	&	1.439	&	38.62	&	2.836	&	1.829	&	10.22	&	12.42	&	20.09\\
5	&	1.766	&	1.42	&	31.06	&	22.3	&	2.106	&	5.764	&	7.429	&	6.448	&	10.09	&	7.17\\
6	&	7.233	&	0.6726	&	7.72	&	3.453	&	7.322	&	9.241	&	63.31	&	0.09921	&	2.64	&	0.7547\\
7	&	0.5887	&	3.139	&	2.543	&	11.08	&	11.13	&	6.038	&	0.2286	&	40.77	&	4.503	&	24.06\\
8	&	8.915	&	1.046	&	11.35	&	16.4	&	5.216	&	16.29	&	6.171	&	2.083	&	33.07	&	9.151\\
9	&	2.271	&	1.271	&	3.724	&	8.201	&	24.17	&	4.941	&	0.4571	&	28.47	&	7.298	&	22.08\\
correct: 38.7%
k: 43
	&	0	&	1	&	2	&	3	&	4	&	5	&	6	&	7	&	8	&	9\\
0	&	68.46	&	0.07513	&	0.7286	&	0.2849	&	5.08	&	0.6416	&	3.527	&	0.4985	&	2.157	&	4.459\\
1	&	0.1682	&	80.47	&	0.2732	&	0.9972	&	1.295	&	0.9166	&	0.9101	&	1.097	&	0.9245	&	0.3795\\
2	&	4.037	&	7.663	&	8.197	&	30.2	&	3.187	&	23.28	&	12.4	&	4.287	&	16.02	&	3.605\\
3	&	1.009	&	1.277	&	31.15	&	6.695	&	1.594	&	29.79	&	3.527	&	5.882	&	11.56	&	8.159\\
4	&	5.551	&	3.156	&	3.188	&	1.425	&	39.14	&	2.841	&	1.706	&	9.87	&	12.02	&	20.21\\
5	&	1.766	&	1.427	&	31.33	&	22.08	&	2.092	&	6.141	&	7.509	&	6.281	&	9.399	&	7.116\\
6	&	6.897	&	0.6011	&	7.65	&	3.134	&	7.271	&	9.258	&	63.82	&	0.0997	&	2.773	&	0.759\\
7	&	0.7569	&	3.08	&	2.55	&	10.83	&	11.16	&	5.866	&	0.2275	&	41.38	&	4.314	&	24\\
8	&	8.915	&	0.9767	&	11.02	&	16.52	&	5.179	&	16.32	&	5.916	&	1.994	&	34.05	&	9.013\\
9	&	2.439	&	1.277	&	3.916	&	7.835	&	24	&	4.95	&	0.4551	&	28.61	&	6.78	&	22.3\\
correct: 39.14%
k: 42
	&	0	&	1	&	2	&	3	&	4	&	5	&	6	&	7	&	8	&	9\\
0	&	68.8	&	0.07519	&	0.7326	&	0.2805	&	5.095	&	0.6341	&	3.543	&	0.4965	&	2.016	&	4.394\\
1	&	0.1686	&	80.53	&	0.2747	&	0.9818	&	1.299	&	0.9058	&	0.9143	&	1.092	&	0.9302	&	0.382\\
2	&	4.047	&	7.669	&	8.059	&	30.86	&	2.997	&	23.28	&	11.77	&	4.568	&	15.66	&	3.534\\
3	&	1.012	&	1.278	&	31.59	&	6.592	&	1.598	&	29.89	&	3.657	&	5.462	&	11.01	&	8.118\\
4	&	5.481	&	3.233	&	3.205	&	1.262	&	39.76	&	2.717	&	1.829	&	10.03	&	11.78	&	19.96\\
5	&	1.771	&	1.429	&	31.23	&	22.3	&	1.998	&	6.431	&	7.086	&	6.058	&	9.767	&	7.163\\
6	&	6.914	&	0.5263	&	7.509	&	3.086	&	7.093	&	9.149	&	64.57	&	0.0993	&	2.946	&	0.7641\\
7	&	0.7589	&	3.008	&	2.656	&	10.52	&	11.29	&	5.797	&	0.2286	&	41.21	&	4.186	&	24.26\\
8	&	8.769	&	0.9774	&	10.81	&	16.41	&	4.995	&	16.49	&	5.943	&	2.085	&	35.04	&	8.691\\
9	&	2.277	&	1.278	&	3.938	&	7.714	&	23.88	&	4.71	&	0.4571	&	28.9	&	6.667	&	22.73\\
correct: 39.35%
k: 41
	&	0	&	1	&	2	&	3	&	4	&	5	&	6	&	7	&	8	&	9\\
0	&	69.44	&	0.07593	&	0.7194	&	0.2786	&	4.98	&	0.6256	&	3.46	&	0.4926	&	2.019	&	4.483\\
1	&	0.1698	&	81.4	&	0.3597	&	0.9749	&	1.195	&	0.8937	&	0.9227	&	1.084	&	0.7764	&	0.3899\\
2	&	3.905	&	7.289	&	8.183	&	30.92	&	2.789	&	23.77	&	11.65	&	4.532	&	15.22	&	3.704\\
3	&	1.019	&	1.215	&	31.12	&	7.242	&	1.594	&	30.12	&	3.46	&	5.123	&	10.56	&	7.895\\
4	&	5.433	&	3.341	&	3.058	&	1.253	&	40.34	&	2.592	&	2.076	&	9.655	&	11.8	&	19.98\\
5	&	1.698	&	1.215	&	31.47	&	21.73	&	2.092	&	6.524	&	7.036	&	5.813	&	10.25	&	6.823\\
6	&	7.046	&	0.5315	&	7.554	&	3.064	&	6.873	&	9.383	&	65.17	&	0.09852	&	2.329	&	0.6823\\
7	&	0.6791	&	2.809	&	2.698	&	10.31	&	11.35	&	5.541	&	0.2307	&	41.67	&	4.193	&	24.46\\
8	&	8.489	&	0.9871	&	11.15	&	16.57	&	4.98	&	16.09	&	5.536	&	2.069	&	36.02	&	8.48\\
9	&	2.122	&	1.139	&	3.687	&	7.66	&	23.8	&	4.468	&	0.4614	&	29.46	&	6.832	&	23.1\\
correct: 39.68%
k: 40
	&	0	&	1	&	2	&	3	&	4	&	5	&	6	&	7	&	8	&	9\\
0	&	69.87	&	0	&	0.6261	&	0.2789	&	4.975	&	0.6222	&	3.484	&	0.4946	&	2.167	&	4.288\\
1	&	0.08511	&	81.61	&	0.3578	&	0.9763	&	1.095	&	0.8889	&	0.6969	&	1.088	&	1.084	&	0.3899\\
2	&	4.255	&	7.371	&	8.408	&	30.82	&	2.587	&	23.91	&	11.03	&	4.748	&	14.86	&	3.509\\
3	&	1.021	&	1.14	&	31.22	&	7.671	&	1.692	&	30.22	&	3.252	&	4.847	&	10.22	&	7.7\\
4	&	5.191	&	3.191	&	3.22	&	1.395	&	41	&	2.578	&	2.207	&	9.693	&	11.3	&	19.69\\
5	&	1.617	&	1.14	&	30.77	&	22.04	&	2.09	&	6.933	&	6.852	&	5.539	&	10.84	&	7.018\\
6	&	7.149	&	0.5319	&	7.603	&	2.789	&	6.667	&	9.333	&	66.09	&	0.09891	&	2.167	&	0.5848\\
7	&	0.766	&	2.812	&	2.504	&	10.04	&	11.44	&	5.511	&	0.2323	&	42.04	&	4.18	&	24.46\\
8	&	8.17	&	0.9878	&	11.72	&	16.32	&	4.876	&	15.47	&	5.691	&	1.978	&	36.53	&	8.674\\
9	&	1.872	&	1.216	&	3.578	&	7.671	&	23.58	&	4.533	&	0.4646	&	29.48	&	6.656	&	23.68\\
correct: 40.07%
k: 39
	&	0	&	1	&	2	&	3	&	4	&	5	&	6	&	7	&	8	&	9\\
0	&	70.37	&	0	&	0.6306	&	0.2762	&	4.955	&	0.6233	&	3.58	&	0.3933	&	2.164	&	4.008\\
1	&	0.0854	&	81.98	&	0.3604	&	0.9669	&	1.09	&	0.8905	&	0.6928	&	1.082	&	1.082	&	0.391\\
2	&	4.184	&	7.328	&	9.009	&	31.35	&	2.577	&	23.33	&	10.85	&	4.621	&	14.22	&	3.812\\
3	&	1.025	&	1.069	&	30.54	&	8.287	&	1.685	&	30.72	&	3.118	&	5.015	&	10.05	&	7.82\\
4	&	5.209	&	2.824	&	3.153	&	1.243	&	41.72	&	2.671	&	2.194	&	9.145	&	11.75	&	19.65\\
5	&	1.537	&	1.145	&	30.99	&	22.24	&	2.081	&	6.946	&	6.813	&	5.605	&	10.66	&	6.843\\
6	&	7.088	&	0.5344	&	7.658	&	2.624	&	6.442	&	9.083	&	66.63	&	0	&	2.318	&	0.4888\\
7	&	0.5978	&	2.901	&	2.703	&	10.08	&	11.5	&	5.343	&	0.2309	&	42.18	&	4.328	&	23.95\\
8	&	8.198	&	0.9924	&	11.53	&	15.61	&	4.856	&	15.85	&	5.427	&	1.868	&	37.09	&	8.895\\
9	&	1.708	&	1.221	&	3.423	&	7.32	&	23.09	&	4.541	&	0.4619	&	30.09	&	6.337	&	24.14\\
correct: 40.5%
k: 38
	&	0	&	1	&	2	&	3	&	4	&	5	&	6	&	7	&	8	&	9\\
0	&	71.12	&	0	&	0.6341	&	0.2766	&	4.946	&	0.5272	&	3.567	&	0.3949	&	2.311	&	3.918\\
1	&	0.08621	&	82.01	&	0.3623	&	0.8299	&	0.8902	&	0.9666	&	0.6904	&	0.9872	&	1.079	&	0.4897\\
2	&	3.879	&	7.317	&	9.239	&	31.12	&	2.473	&	23.81	&	10.47	&	4.442	&	14.48	&	3.722\\
3	&	0.8621	&	1.143	&	29.89	&	8.575	&	1.682	&	31.63	&	3.107	&	4.837	&	9.707	&	7.542\\
4	&	5.259	&	2.82	&	3.08	&	1.245	&	42.83	&	2.636	&	2.186	&	8.885	&	11.09	&	19.29\\
5	&	1.552	&	0.9909	&	31.16	&	22.82	&	2.077	&	6.766	&	7.02	&	5.726	&	10.48	&	6.562\\
6	&	6.81	&	0.5335	&	8.062	&	2.49	&	6.528	&	8.787	&	66.63	&	0	&	2.157	&	0.5877\\
7	&	0.6034	&	2.973	&	2.536	&	9.959	&	11.08	&	5.272	&	0.2301	&	42.65	&	4.777	&	24\\
8	&	8.19	&	0.9146	&	11.5	&	15.21	&	4.748	&	15.47	&	5.639	&	1.974	&	37.44	&	9.207\\
9	&	1.638	&	1.296	&	3.533	&	7.469	&	22.75	&	4.13	&	0.4603	&	30.11	&	6.471	&	24.68\\
correct: 40.81%
k: 37
	&	0	&	1	&	2	&	3	&	4	&	5	&	6	&	7	&	8	&	9\\
0	&	71.81	&	0	&	0.544	&	0.1377	&	4.842	&	0.53	&	3.666	&	0.4803	&	2.194	&	3.842\\
1	&	0.08673	&	82.4	&	0.3626	&	0.8264	&	0.7905	&	0.9717	&	0.6873	&	0.9606	&	1.097	&	0.4926\\
2	&	3.643	&	7.039	&	9.429	&	30.72	&	2.767	&	24.29	&	10.65	&	4.611	&	13.95	&	3.744\\
3	&	0.7806	&	1.148	&	30.1	&	9.366	&	1.68	&	31.45	&	3.093	&	4.707	&	9.875	&	7.291\\
4	&	5.117	&	2.831	&	3.354	&	1.377	&	43.08	&	2.473	&	2.176	&	8.646	&	10.66	&	19.51\\
5	&	1.474	&	0.9946	&	31.01	&	23	&	2.075	&	7.155	&	6.758	&	5.764	&	10.34	&	6.502\\
6	&	6.592	&	0.4591	&	8.069	&	2.342	&	6.621	&	8.657	&	66.78	&	0	&	2.508	&	0.5911\\
7	&	0.6071	&	2.984	&	2.357	&	9.229	&	11.07	&	5.212	&	0.2291	&	42.75	&	4.545	&	23.84\\
8	&	8.413	&	0.9181	&	11.42	&	15.56	&	4.743	&	15.19	&	5.384	&	1.921	&	38.71	&	9.064\\
9	&	1.474	&	1.224	&	3.354	&	7.438	&	22.33	&	4.064	&	0.5727	&	30.16	&	6.113	&	25.12\\
correct: 41.24%
k: 36
	&	0	&	1	&	2	&	3	&	4	&	5	&	6	&	7	&	8	&	9\\
0	&	72.28	&	0	&	0.5401	&	0.1395	&	4.767	&	0.5314	&	3.563	&	0.3842	&	2.16	&	3.74\\
1	&	0.08688	&	82.29	&	0.36	&	0.6974	&	0.8937	&	0.8857	&	0.6897	&	0.9606	&	1.08	&	0.4921\\
2	&	3.475	&	7.176	&	9.541	&	29.99	&	2.681	&	24.36	&	10.69	&	4.899	&	14.2	&	3.839\\
3	&	0.7819	&	1.145	&	29.97	&	10.18	&	1.688	&	31.27	&	3.103	&	4.707	&	9.414	&	7.185\\
4	&	4.865	&	2.901	&	3.51	&	1.255	&	43.69	&	2.391	&	2.299	&	8.357	&	10.96	&	19.19\\
5	&	1.39	&	1.069	&	31.5	&	22.87	&	2.085	&	7.352	&	6.552	&	5.572	&	9.877	&	6.398\\
6	&	6.69	&	0.3817	&	7.921	&	2.51	&	6.356	&	8.592	&	67.47	&	0	&	2.469	&	0.5906\\
7	&	0.6082	&	2.901	&	2.34	&	9.205	&	11.02	&	5.049	&	0.2299	&	42.84	&	4.63	&	24.11\\
8	&	8.341	&	0.8397	&	11.34	&	15.48	&	4.866	&	15.41	&	4.943	&	2.017	&	39.04	&	8.858\\
9	&	1.477	&	1.298	&	2.97	&	7.671	&	21.95	&	4.163	&	0.4598	&	30.26	&	6.173	&	25.59\\
correct: 41.58%
k: 35
	&	0	&	1	&	2	&	3	&	4	&	5	&	6	&	7	&	8	&	9\\
0	&	72.37	&	0	&	0.5401	&	0.1361	&	4.4	&	0.5343	&	3.513	&	0.4776	&	1.994	&	3.656\\
1	&	0.08636	&	82.49	&	0.36	&	0.6803	&	0.9	&	0.8905	&	0.7026	&	0.7641	&	1.074	&	0.5929\\
2	&	3.627	&	7.11	&	9.901	&	30.2	&	2.8	&	24.31	&	9.836	&	4.871	&	14.26	&	3.557\\
3	&	0.8636	&	1.07	&	29.34	&	10.2	&	1.7	&	32.15	&	2.81	&	4.871	&	9.356	&	7.016\\
4	&	4.663	&	2.829	&	3.42	&	1.361	&	44.5	&	2.493	&	2.108	&	8.214	&	10.43	&	19.57\\
5	&	1.382	&	1.147	&	31.59	&	22.86	&	2.1	&	7.391	&	6.323	&	5.54	&	9.663	&	6.225\\
6	&	6.39	&	0.3058	&	8.101	&	2.449	&	6.1	&	8.281	&	69.44	&	0	&	2.761	&	0.6917\\
7	&	0.5181	&	2.905	&	2.34	&	9.252	&	10.9	&	4.987	&	0.2342	&	43.36	&	4.448	&	23.72\\
8	&	8.636	&	0.841	&	11.43	&	15.24	&	4.6	&	15.05	&	4.684	&	1.815	&	40.18	&	8.696\\
9	&	1.468	&	1.3	&	2.97	&	7.619	&	22	&	3.918	&	0.3513	&	30.09	&	5.828	&	26.28\\
correct: 42.05%
k: 34
	&	0	&	1	&	2	&	3	&	4	&	5	&	6	&	7	&	8	&	9\\
0	&	72.85	&	0	&	0.5376	&	0.1368	&	4.335	&	0.5272	&	3.546	&	0.484	&	1.799	&	3.624\\
1	&	0.08673	&	82.89	&	0.3584	&	0.5472	&	0.9073	&	0.7909	&	0.8274	&	0.7744	&	1.049	&	0.5877\\
2	&	3.556	&	6.754	&	10.48	&	30.78	&	2.722	&	24.6	&	9.338	&	4.647	&	13.94	&	3.33\\
3	&	0.7806	&	1.074	&	28.94	&	10.53	&	1.815	&	32.69	&	2.364	&	4.453	&	8.996	&	6.954\\
4	&	4.51	&	2.84	&	3.136	&	1.231	&	45.46	&	2.46	&	2.128	&	8.132	&	10.34	&	19.49\\
5	&	1.388	&	1.151	&	31.99	&	22.44	&	1.714	&	7.821	&	6.147	&	5.518	&	9.595	&	5.975\\
6	&	6.505	&	0.307	&	7.796	&	2.326	&	6.048	&	7.821	&	70.8	&	0	&	2.999	&	0.6856\\
7	&	0.4337	&	2.84	&	2.24	&	9.166	&	10.69	&	5.009	&	0.1182	&	44.24	&	4.498	&	23.8\\
8	&	8.239	&	0.8442	&	11.56	&	15.18	&	5.141	&	14.32	&	4.374	&	1.742	&	41.08	&	8.325\\
9	&	1.648	&	1.305	&	2.957	&	7.661	&	21.17	&	3.954	&	0.3546	&	30.01	&	5.697	&	27.23\\
correct: 42.62%
k: 33
	&	0	&	1	&	2	&	3	&	4	&	5	&	6	&	7	&	8	&	9\\
0	&	72.15	&	0	&	0.6312	&	0.1364	&	4.462	&	0.5217	&	3.302	&	0.3824	&	1.685	&	3.663\\
1	&	0.08569	&	83.2	&	0.3607	&	0.4093	&	0.9128	&	0.8696	&	0.8255	&	0.7648	&	1.072	&	0.5941\\
2	&	4.113	&	6.626	&	11.09	&	30.29	&	2.535	&	24.43	&	9.08	&	4.589	&	13.48	&	3.366\\
3	&	0.8569	&	1.079	&	28.76	&	11.32	&	1.724	&	32.87	&	2.358	&	4.685	&	7.81	&	6.832\\
4	&	4.542	&	2.851	&	2.885	&	1.228	&	46.25	&	2.522	&	2.241	&	8.126	&	10.11	&	19.41\\
5	&	1.371	&	1.156	&	32.01	&	22.1	&	1.724	&	8.087	&	6.25	&	5.258	&	10.11	&	5.941\\
6	&	6.684	&	0.3082	&	7.755	&	2.319	&	5.781	&	7.565	&	71.11	&	0	&	3.063	&	0.5941\\
7	&	0.4284	&	2.696	&	2.164	&	9.277	&	10.65	&	4.696	&	0.1179	&	44.93	&	4.441	&	23.47\\
8	&	8.055	&	0.8475	&	11.27	&	15.14	&	4.97	&	14.43	&	4.363	&	1.53	&	42.57	&	8.614\\
9	&	1.714	&	1.233	&	3.066	&	7.776	&	20.99	&	4	&	0.3538	&	29.73	&	5.666	&	27.52\\
correct: 43.06%
k: 32
	&	0	&	1	&	2	&	3	&	4	&	5	&	6	&	7	&	8	&	9\\
0	&	72.22	&	0	&	0.6358	&	0.1377	&	4.308	&	0.4363	&	3.372	&	0.3806	&	1.679	&	3.543\\
1	&	0.08547	&	83.15	&	0.3633	&	0.4132	&	0.9231	&	0.7853	&	0.6977	&	0.8563	&	1.221	&	0.4921\\
2	&	3.761	&	6.385	&	11.53	&	30.3	&	2.564	&	24.96	&	9.419	&	4.377	&	13.28	&	3.248\\
3	&	0.8547	&	1.231	&	28.79	&	12.26	&	1.641	&	32.2	&	2.442	&	4.757	&	8.244	&	6.693\\
4	&	4.786	&	2.846	&	2.634	&	1.102	&	47.08	&	2.531	&	2.209	&	8.088	&	9.313	&	19.59\\
5	&	1.453	&	1.154	&	31.7	&	22.04	&	1.744	&	8.639	&	6.279	&	5.138	&	10.38	&	5.807\\
6	&	6.752	&	0.3077	&	7.811	&	2.479	&	5.641	&	7.33	&	70.58	&	0	&	2.901	&	0.5906\\
7	&	0.4274	&	2.769	&	2.18	&	9.091	&	10.56	&	4.799	&	0.1163	&	44.91	&	4.427	&	23.33\\
8	&	8.034	&	0.8462	&	11.53	&	14.19	&	4.821	&	14.49	&	4.535	&	1.618	&	43.51	&	8.366\\
9	&	1.624	&	1.308	&	2.816	&	7.989	&	20.72	&	3.839	&	0.3488	&	29.88	&	5.038	&	28.35\\
correct: 43.52%
k: 31
	&	0	&	1	&	2	&	3	&	4	&	5	&	6	&	7	&	8	&	9\\
0	&	72.8	&	0	&	0.6306	&	0.1366	&	4.119	&	0.4352	&	3.252	&	0.286	&	1.69	&	3.38\\
1	&	0.08554	&	83.18	&	0.3604	&	0.4098	&	0.9269	&	0.8703	&	0.813	&	0.6673	&	1.229	&	0.2982\\
2	&	3.678	&	6.144	&	12.25	&	31.01	&	2.678	&	24.98	&	8.711	&	4.099	&	12.6	&	3.28\\
3	&	0.8554	&	1.229	&	28.56	&	12.7	&	1.648	&	31.85	&	2.323	&	4.862	&	8.449	&	6.561\\
4	&	4.79	&	2.995	&	2.342	&	1.093	&	47.99	&	2.611	&	2.091	&	7.912	&	9.063	&	19.58\\
5	&	1.625	&	1.152	&	32.16	&	20.77	&	1.648	&	8.877	&	6.039	&	4.957	&	10.29	&	5.964\\
6	&	6.672	&	0.384	&	7.387	&	2.459	&	5.046	&	7.311	&	71.54	&	0	&	3.226	&	0.497\\
7	&	0.4277	&	2.842	&	2.252	&	8.743	&	10.81	&	4.874	&	0.1161	&	45.57	&	4.147	&	22.86\\
8	&	7.528	&	0.768	&	11.26	&	14.75	&	4.737	&	14.53	&	4.762	&	1.525	&	44.55	&	8.25\\
9	&	1.54	&	1.306	&	2.793	&	7.923	&	20.39	&	3.655	&	0.3484	&	30.12	&	4.762	&	29.32\\
correct: 44.1%
k: 30
	&	0	&	1	&	2	&	3	&	4	&	5	&	6	&	7	&	8	&	9\\
0	&	73.16	&	0	&	0.6323	&	0.1366	&	4.098	&	0.4274	&	3.36	&	0.2868	&	1.543	&	3.219\\
1	&	0.1715	&	83.44	&	0.4517	&	0.5464	&	0.8197	&	0.8547	&	0.8111	&	0.5736	&	1.08	&	0.3018\\
2	&	3.688	&	6.163	&	12.29	&	31.56	&	2.357	&	25.38	&	7.879	&	3.92	&	12.5	&	3.219\\
3	&	0.8576	&	1.156	&	28	&	13.11	&	1.639	&	32.05	&	2.317	&	4.493	&	8.025	&	6.942\\
4	&	4.803	&	2.928	&	2.439	&	0.8197	&	48.67	&	2.479	&	2.202	&	8.126	&	8.951	&	19.01\\
5	&	1.544	&	1.079	&	32.52	&	21.31	&	1.639	&	9.145	&	5.678	&	4.876	&	9.722	&	5.835\\
6	&	6.175	&	0.3082	&	7.136	&	2.459	&	5.02	&	7.35	&	72.54	&	0	&	2.932	&	0.503\\
7	&	0.4288	&	2.851	&	2.258	&	8.333	&	10.55	&	4.957	&	0.1159	&	46.46	&	4.012	&	22.74\\
8	&	7.376	&	0.7704	&	11.38	&	14.21	&	4.713	&	13.93	&	4.867	&	1.434	&	46.3	&	8.249\\
9	&	1.801	&	1.31	&	2.891	&	7.514	&	20.49	&	3.419	&	0.2317	&	29.83	&	4.938	&	29.98\\
correct: 44.6%
k: 29
	&	0	&	1	&	2	&	3	&	4	&	5	&	6	&	7	&	8	&	9\\
0	&	73.39	&	0	&	0.5333	&	0.1357	&	4.037	&	0.4359	&	3.456	&	0.2836	&	1.395	&	3.203\\
1	&	0.1717	&	83.95	&	0.5333	&	0.2714	&	0.7246	&	0.959	&	0.8065	&	0.6616	&	1.085	&	0.3003\\
2	&	3.605	&	6.202	&	12.98	&	31.75	&	2.174	&	25.2	&	8.41	&	3.875	&	11.47	&	3.203\\
3	&	0.8584	&	1.163	&	28.27	&	14.38	&	1.553	&	32.17	&	1.959	&	4.348	&	7.442	&	6.607\\
4	&	4.893	&	2.868	&	2.4	&	0.5427	&	49.48	&	2.441	&	1.959	&	7.94	&	9.302	&	19.02\\
5	&	1.631	&	1.008	&	32.18	&	21.17	&	1.76	&	9.677	&	5.53	&	4.631	&	9.147	&	5.806\\
6	&	6.009	&	0.3101	&	6.933	&	2.171	&	5.28	&	7.411	&	72.7	&	0	&	2.946	&	0.4004\\
7	&	0.515	&	2.558	&	2.222	&	8.277	&	10.14	&	5.144	&	0.1152	&	46.41	&	3.721	&	23.02\\
8	&	7.21	&	0.6977	&	11.02	&	14.25	&	5.072	&	13.34	&	4.839	&	1.607	&	48.06	&	8.108\\
9	&	1.717	&	1.24	&	2.933	&	7.056	&	19.77	&	3.226	&	0.2304	&	30.25	&	5.426	&	30.33\\
correct: 45.14%
k: 28
	&	0	&	1	&	2	&	3	&	4	&	5	&	6	&	7	&	8	&	9\\
0	&	73.19	&	0	&	0.541	&	0	&	3.938	&	0.3448	&	3.511	&	0.2865	&	1.553	&	3.088\\
1	&	0.2562	&	84.35	&	0.4509	&	0.2729	&	0.7254	&	0.9483	&	0.6795	&	0.6686	&	1.242	&	0.2988\\
2	&	3.416	&	5.997	&	13.44	&	32.33	&	2.073	&	25.17	&	8.72	&	3.343	&	11.49	&	3.088\\
3	&	1.025	&	1.09	&	28.49	&	15.14	&	1.451	&	32.24	&	1.699	&	4.298	&	6.832	&	6.474\\
4	&	4.526	&	2.882	&	2.344	&	0.6821	&	49.74	&	2.414	&	2.039	&	7.832	&	9.006	&	19.42\\
5	&	1.623	&	1.012	&	32.01	&	21.42	&	1.762	&	10.43	&	5.549	&	4.776	&	8.54	&	5.578\\
6	&	5.722	&	0.3115	&	6.763	&	2.046	&	4.974	&	7.241	&	72.71	&	0	&	2.95	&	0.3984\\
7	&	0.5978	&	2.336	&	2.435	&	7.776	&	10.26	&	5	&	0.1133	&	47.37	&	3.727	&	22.81\\
8	&	7.942	&	0.7788	&	10.55	&	13.78	&	4.974	&	12.84	&	4.757	&	1.433	&	49.69	&	7.869\\
9	&	1.708	&	1.246	&	2.976	&	6.548	&	20.1	&	3.362	&	0.2265	&	29.99	&	4.969	&	30.98\\
correct: 45.7%
k: 27
	&	0	&	1	&	2	&	3	&	4	&	5	&	6	&	7	&	8	&	9\\
0	&	73.59	&	0	&	0.5489	&	0	&	3.838	&	0.3425	&	3.515	&	0.2822	&	1.703	&	2.727\\
1	&	0.2564	&	84.87	&	0.4575	&	0.2674	&	0.6224	&	0.8562	&	0.7937	&	0.6585	&	1.238	&	0.404\\
2	&	3.333	&	5.721	&	14	&	31.28	&	1.867	&	25.77	&	8.73	&	3.293	&	11.3	&	2.929\\
3	&	0.8547	&	1.176	&	28.27	&	15.91	&	1.556	&	31.59	&	1.701	&	4.327	&	7.276	&	6.566\\
4	&	4.444	&	2.9	&	2.287	&	0.6684	&	50.52	&	2.397	&	2.041	&	7.62	&	9.133	&	19.19\\
5	&	1.709	&	0.7837	&	32.3	&	22.19	&	1.763	&	10.62	&	5.442	&	4.61	&	7.74	&	5.556\\
6	&	5.47	&	0.3918	&	6.496	&	2.005	&	4.876	&	7.363	&	73.24	&	0	&	3.096	&	0.404\\
7	&	0.6838	&	2.194	&	2.562	&	7.487	&	9.751	&	4.88	&	0	&	48.26	&	3.56	&	22.32\\
8	&	7.863	&	0.7837	&	10.25	&	13.64	&	5.29	&	12.76	&	4.422	&	1.505	&	50.15	&	7.98\\
9	&	1.795	&	1.176	&	2.836	&	6.551	&	19.92	&	3.425	&	0.1134	&	29.44	&	4.799	&	31.92\\
correct: 46.26%
k: 26
	&	0	&	1	&	2	&	3	&	4	&	5	&	6	&	7	&	8	&	9\\
0	&	74.2	&	0	&	0.4575	&	0	&	3.746	&	0.3381	&	3.378	&	0.3766	&	1.698	&	2.711\\
1	&	0.258	&	85.2	&	0.6404	&	0.2717	&	0.6243	&	0.7608	&	0.7883	&	0.6591	&	1.235	&	0.4016\\
2	&	3.095	&	5.906	&	14.64	&	30.71	&	1.769	&	25.61	&	8.784	&	3.39	&	11.11	&	2.912\\
3	&	0.7739	&	1.024	&	27.26	&	16.71	&	1.561	&	32.12	&	1.689	&	4.331	&	7.407	&	6.325\\
4	&	4.299	&	2.835	&	2.287	&	0.5435	&	51.3	&	2.282	&	2.14	&	7.627	&	8.642	&	19.18\\
5	&	1.72	&	0.7874	&	32.39	&	22.28	&	1.561	&	11.24	&	5.405	&	4.426	&	7.407	&	5.321\\
6	&	5.331	&	0.2362	&	6.679	&	2.174	&	4.683	&	6.932	&	73.42	&	0	&	3.241	&	0.4016\\
7	&	0.6879	&	2.047	&	2.196	&	7.337	&	10.09	&	4.818	&	0	&	49.06	&	3.395	&	21.99\\
8	&	7.739	&	0.7874	&	10.7	&	13.32	&	5.307	&	12.68	&	4.279	&	1.318	&	51.08	&	7.53\\
9	&	1.892	&	1.181	&	2.745	&	6.658	&	19.35	&	3.212	&	0.1126	&	28.81	&	4.784	&	33.23\\
correct: 46.89%
k: 25
	&	0	&	1	&	2	&	3	&	4	&	5	&	6	&	7	&	8	&	9\\
0	&	74.53	&	0	&	0.46	&	0	&	3.692	&	0.3381	&	3.251	&	0.369	&	1.667	&	2.637\\
1	&	0.1721	&	85.78	&	0.552	&	0.2732	&	0.6329	&	0.7608	&	0.5605	&	0.5535	&	1.212	&	0.5071\\
2	&	3.012	&	5.608	&	15.36	&	31.28	&	1.793	&	25.53	&	8.408	&	3.137	&	11.36	&	2.738\\
3	&	0.6885	&	0.8689	&	27.14	&	17.21	&	1.371	&	32.63	&	1.57	&	4.52	&	7.273	&	6.085\\
4	&	4.389	&	2.765	&	2.208	&	0.4098	&	52.11	&	2.198	&	2.242	&	7.657	&	8.182	&	19.47\\
5	&	1.807	&	0.7899	&	32.2	&	22.4	&	1.688	&	11.5	&	5.717	&	4.428	&	7.273	&	4.868\\
6	&	5.336	&	0.316	&	6.624	&	2.186	&	4.641	&	6.762	&	73.65	&	0	&	3.03	&	0.3043\\
7	&	0.5164	&	1.975	&	2.208	&	6.557	&	9.916	&	4.987	&	0	&	49.45	&	3.485	&	21.6\\
8	&	7.573	&	0.7109	&	10.58	&	13.25	&	5.274	&	12.17	&	4.484	&	1.199	&	51.82	&	7.708\\
9	&	1.979	&	1.185	&	2.668	&	6.421	&	18.88	&	3.128	&	0.1121	&	28.69	&	4.697	&	34.08\\
correct: 47.46%
k: 24
	&	0	&	1	&	2	&	3	&	4	&	5	&	6	&	7	&	8	&	9\\
0	&	74.94	&	0	&	0.4638	&	0	&	3.594	&	0.3387	&	3	&	0.2778	&	1.659	&	2.342\\
1	&	0.1717	&	86.19	&	0.5566	&	0.2685	&	0.5285	&	0.8467	&	0.5556	&	0.5556	&	1.207	&	0.5092\\
2	&	3.004	&	5.397	&	16.23	&	31.54	&	1.797	&	24.98	&	8.778	&	3.056	&	10.86	&	2.342\\
3	&	0.9442	&	0.7143	&	26.99	&	17.85	&	1.163	&	32.94	&	1.444	&	4.63	&	6.787	&	5.906\\
4	&	4.292	&	2.54	&	2.226	&	0.5369	&	53.38	&	2.286	&	2.111	&	7.222	&	8.296	&	19.14\\
5	&	1.888	&	0.7937	&	31.73	&	22.15	&	1.797	&	12.11	&	5.889	&	4.167	&	7.391	&	4.684\\
6	&	5.322	&	0.3175	&	6.494	&	2.148	&	4.123	&	6.689	&	73.78	&	0	&	3.017	&	0.4073\\
7	&	0.3433	&	2.063	&	2.319	&	6.04	&	9.831	&	4.572	&	0.1111	&	50.65	&	3.017	&	21.69\\
8	&	7.296	&	0.7937	&	10.3	&	13.56	&	5.285	&	12.19	&	4.222	&	1.111	&	52.49	&	7.637\\
9	&	1.803	&	1.19	&	2.69	&	5.906	&	18.5	&	3.048	&	0.1111	&	28.33	&	5.279	&	35.34\\
correct: 48.21%
k: 23
	&	0	&	1	&	2	&	3	&	4	&	5	&	6	&	7	&	8	&	9\\
0	&	75.17	&	0	&	0.4617	&	0	&	3.586	&	0.3416	&	2.889	&	0.276	&	1.672	&	2.243\\
1	&	0.08591	&	86.38	&	0.4617	&	0.2685	&	0.5274	&	0.854	&	0.6667	&	0.644	&	0.4559	&	0.5097\\
2	&	3.179	&	5.305	&	16.81	&	31.81	&	2.004	&	24.85	&	8.444	&	3.312	&	9.878	&	2.243\\
3	&	0.945	&	0.6334	&	26.22	&	18.93	&	1.16	&	33.05	&	1.778	&	4.692	&	6.687	&	5.81\\
4	&	4.21	&	2.613	&	1.939	&	0.5369	&	54.11	&	2.135	&	2	&	7.36	&	8.207	&	18.86\\
5	&	1.89	&	0.6334	&	32.23	&	21.88	&	2.004	&	12.38	&	5.889	&	4.048	&	6.991	&	4.383\\
6	&	4.811	&	0.3959	&	6.648	&	1.611	&	4.008	&	7.088	&	74.22	&	0	&	3.04	&	0.4077\\
7	&	0.4296	&	2.059	&	2.124	&	5.906	&	9.388	&	4.27	&	0.1111	&	50.97	&	3.04	&	22.02\\
8	&	7.216	&	0.7126	&	10.34	&	13.15	&	4.852	&	12.04	&	3.889	&	1.196	&	54.86	&	7.645\\
9	&	2.062	&	1.267	&	2.77	&	5.906	&	18.35	&	2.989	&	0.1111	&	27.51	&	5.167	&	35.88\\
correct: 48.82%
k: 22
	&	0	&	1	&	2	&	3	&	4	&	5	&	6	&	7	&	8	&	9\\
0	&	75.95	&	0	&	0.4613	&	0	&	3.492	&	0.3356	&	2.775	&	0.2757	&	1.818	&	2.041\\
1	&	0.08651	&	87.16	&	0.369	&	0.2703	&	0.5291	&	0.8389	&	0.5549	&	0.6434	&	0.4545	&	0.5102\\
2	&	3.374	&	5.104	&	17.16	&	31.22	&	1.905	&	25	&	8.546	&	3.033	&	9.697	&	2.245\\
3	&	0.7785	&	0.4785	&	26.48	&	19.32	&	1.164	&	32.3	&	1.665	&	4.871	&	6.97	&	5.612\\
4	&	4.152	&	2.472	&	1.845	&	0.4054	&	55.13	&	2.013	&	1.998	&	7.261	&	8.03	&	18.88\\
5	&	1.557	&	0.5582	&	31.46	&	22.16	&	2.011	&	14.01	&	5.771	&	3.676	&	6.818	&	3.98\\
6	&	4.844	&	0.3987	&	6.827	&	1.486	&	4.021	&	6.628	&	74.58	&	0	&	2.879	&	0.4082\\
7	&	0.4325	&	1.994	&	2.306	&	6.486	&	8.889	&	3.943	&	0.111	&	51.47	&	3.182	&	21.63\\
8	&	7.093	&	0.7177	&	10.61	&	13.11	&	4.656	&	11.91	&	3.885	&	1.103	&	55.15	&	7.551\\
9	&	1.73	&	1.116	&	2.491	&	5.541	&	18.2	&	3.02	&	0.111	&	27.67	&	5	&	37.14\\
correct: 49.48%
k: 21
	&	0	&	1	&	2	&	3	&	4	&	5	&	6	&	7	&	8	&	9\\
0	&	76.15	&	0	&	0.5639	&	0	&	3.316	&	0.3359	&	2.735	&	0.2737	&	1.513	&	2.055\\
1	&	0.08643	&	86.94	&	0.3759	&	0.1328	&	0.5348	&	0.8396	&	0.6565	&	0.6387	&	0.4539	&	0.6166\\
2	&	3.284	&	4.936	&	17.95	&	31.47	&	1.925	&	24.94	&	8.534	&	3.102	&	8.472	&	2.158\\
3	&	0.8643	&	0.4777	&	26.5	&	20.45	&	0.8556	&	32.41	&	1.751	&	4.927	&	6.657	&	5.139\\
4	&	4.235	&	2.468	&	1.88	&	0.2656	&	56.68	&	2.015	&	1.86	&	6.661	&	8.472	&	18.5\\
5	&	1.556	&	0.6369	&	31.95	&	22.05	&	2.032	&	14.27	&	5.47	&	3.467	&	6.959	&	3.803\\
6	&	4.581	&	0.6369	&	6.579	&	1.461	&	3.85	&	6.633	&	74.4	&	0	&	2.572	&	0.4111\\
7	&	0.3457	&	1.99	&	2.162	&	6.242	&	8.877	&	4.03	&	0.1094	&	52.37	&	2.874	&	20.97\\
8	&	7.174	&	0.7962	&	10.15	&	12.35	&	4.385	&	11.5	&	4.376	&	1.277	&	56.58	&	7.605\\
9	&	1.729	&	1.115	&	1.88	&	5.578	&	17.54	&	3.023	&	0.1094	&	27.28	&	5.446	&	38.75\\
correct: 50.23%
k: 20
	&	0	&	1	&	2	&	3	&	4	&	5	&	6	&	7	&	8	&	9\\
0	&	76.03	&	0	&	0.6623	&	0	&	2.998	&	0.3306	&	2.735	&	0.2755	&	1.52	&	2.183\\
1	&	0.08621	&	86.74	&	0.3784	&	0.2642	&	0.5353	&	0.7438	&	0.6565	&	0.6428	&	0.4559	&	0.6237\\
2	&	3.362	&	4.845	&	18.92	&	30.38	&	2.034	&	24.55	&	8.643	&	2.571	&	9.271	&	1.871\\
3	&	0.8621	&	0.4766	&	26.49	&	20.87	&	0.7495	&	32.73	&	1.751	&	4.775	&	6.231	&	4.574\\
4	&	4.052	&	2.542	&	1.892	&	0.3963	&	58.35	&	1.901	&	1.751	&	6.244	&	8.511	&	17.88\\
5	&	1.552	&	0.6354	&	31.13	&	22.19	&	1.927	&	15.45	&	4.595	&	3.489	&	6.687	&	4.158\\
6	&	4.138	&	0.7149	&	6.244	&	1.453	&	3.747	&	6.612	&	75.71	&	0	&	2.128	&	0.3119\\
7	&	0.5172	&	2.224	&	2.271	&	6.209	&	8.03	&	3.802	&	0.1094	&	53.35	&	2.584	&	21.1\\
8	&	7.586	&	0.7943	&	10.22	&	12.68	&	4.283	&	11.16	&	3.939	&	1.286	&	57.75	&	6.965\\
9	&	1.81	&	1.033	&	1.798	&	5.548	&	17.34	&	2.727	&	0.1094	&	27.36	&	4.863	&	40.33\\
correct: 51.05%
k: 19
	&	0	&	1	&	2	&	3	&	4	&	5	&	6	&	7	&	8	&	9\\
0	&	76.46	&	0	&	0.6579	&	0	&	2.572	&	0.3273	&	2.652	&	0.2737	&	1.216	&	2.073\\
1	&	0.08591	&	87.22	&	0.4699	&	0.2699	&	0.5359	&	0.7365	&	0.5525	&	0.6387	&	0.4559	&	0.6218\\
2	&	3.351	&	4.712	&	19.45	&	30.36	&	2.144	&	24.39	&	8.287	&	2.372	&	9.726	&	1.969\\
3	&	0.7732	&	0.4792	&	26.5	&	22.4	&	0.8574	&	32.73	&	1.215	&	4.197	&	5.927	&	4.456\\
4	&	3.78	&	2.556	&	1.692	&	0.4049	&	59.7	&	1.8	&	1.657	&	6.661	&	8.055	&	17.1\\
5	&	1.546	&	0.639	&	31.3	&	21.73	&	1.822	&	16.04	&	4.53	&	3.376	&	6.231	&	4.145\\
6	&	4.21	&	0.639	&	6.015	&	1.484	&	3.537	&	6.547	&	77.13	&	0	&	1.824	&	0.3109\\
7	&	0.5155	&	1.837	&	2.162	&	5.938	&	7.931	&	3.846	&	0.1105	&	54.01	&	2.736	&	20.73\\
8	&	7.302	&	0.8786	&	10.24	&	12.15	&	4.287	&	10.88	&	3.867	&	1.369	&	59.12	&	6.943\\
9	&	1.976	&	1.038	&	1.504	&	5.263	&	16.61	&	2.7	&	0	&	27.1	&	4.711	&	41.66\\
correct: 51.89%
k: 18
	&	0	&	1	&	2	&	3	&	4	&	5	&	6	&	7	&	8	&	9\\
0	&	76.9	&	0	&	0.653	&	0	&	2.57	&	0.3279	&	2.407	&	0.2735	&	1.208	&	2.088\\
1	&	0.08621	&	87.38	&	0.2799	&	0.4104	&	0.4283	&	0.8197	&	0.6565	&	0.6381	&	0.3021	&	0.5219\\
2	&	3.103	&	4.313	&	20.43	&	29.55	&	2.034	&	24.67	&	8.753	&	2.097	&	9.819	&	1.983\\
3	&	0.7759	&	0.4792	&	25.47	&	25.85	&	0.6424	&	32.38	&	1.422	&	4.011	&	5.438	&	4.071\\
4	&	3.621	&	2.636	&	1.679	&	0.4104	&	60.71	&	1.885	&	1.641	&	6.655	&	7.251	&	16.7\\
5	&	1.552	&	0.639	&	31.25	&	21.2	&	1.713	&	16.64	&	4.595	&	3.373	&	6.042	&	3.967\\
6	&	3.966	&	0.639	&	6.063	&	1.231	&	3.533	&	6.475	&	76.7	&	0	&	2.115	&	0.3132\\
7	&	0.5172	&	1.997	&	2.332	&	4.788	&	7.709	&	3.852	&	0.1094	&	54.88	&	2.719	&	20.56\\
8	&	7.328	&	0.8786	&	10.35	&	11.35	&	4.176	&	10.49	&	3.72	&	1.459	&	60.88	&	6.681\\
9	&	2.155	&	1.038	&	1.493	&	5.198	&	16.49	&	2.459	&	0	&	26.62	&	4.23	&	43.11\\
correct: 52.83%
k: 17
	&	0	&	1	&	2	&	3	&	4	&	5	&	6	&	7	&	8	&	9\\
0	&	77.29	&	0	&	0.6487	&	0	&	2.463	&	0.332	&	2.358	&	0.3604	&	1.214	&	1.784\\
1	&	0.08636	&	87.8	&	0.278	&	0.5533	&	0.3212	&	0.8299	&	0.7503	&	0.5405	&	0.3035	&	0.5247\\
2	&	3.022	&	4.334	&	21.59	&	28.49	&	1.927	&	24.15	&	9.218	&	2.072	&	10.32	&	1.889\\
3	&	0.7772	&	0.4815	&	24.84	&	29.05	&	0.5353	&	32.03	&	1.501	&	3.784	&	5.311	&	3.673\\
4	&	3.8	&	2.568	&	1.39	&	0.4149	&	61.99	&	1.826	&	1.715	&	6.126	&	6.98	&	16.47\\
5	&	1.468	&	0.6421	&	31.51	&	20.75	&	1.499	&	17.34	&	4.394	&	3.514	&	5.615	&	3.882\\
6	&	3.886	&	0.5618	&	6.024	&	1.107	&	3.64	&	6.39	&	76.1	&	0	&	1.366	&	0.3148\\
7	&	0.4318	&	1.766	&	2.41	&	4.288	&	7.281	&	3.983	&	0.1072	&	56.04	&	2.428	&	19.83\\
8	&	7.427	&	0.8026	&	9.917	&	11.2	&	4.176	&	10.46	&	3.859	&	1.351	&	62.37	&	6.611\\
9	&	1.813	&	1.043	&	1.39	&	4.149	&	16.17	&	2.656	&	0	&	26.22	&	4.097	&	45.02\\
correct: 53.92%
k: 16
	&	0	&	1	&	2	&	3	&	4	&	5	&	6	&	7	&	8	&	9\\
0	&	77.23	&	0	&	0.6573	&	0	&	2.35	&	0.3273	&	2.358	&	0.3673	&	0.8942	&	1.663\\
1	&	0.08591	&	88.15	&	0.3756	&	0.5579	&	0.3205	&	0.8183	&	0.6431	&	0.551	&	0.2981	&	0.5198\\
2	&	3.007	&	4.351	&	22.72	&	26.78	&	2.03	&	24.3	&	8.896	&	1.928	&	10.43	&	1.975\\
3	&	0.6014	&	0.4835	&	24.32	&	31.94	&	0.5342	&	31.51	&	1.286	&	3.581	&	5.216	&	3.43\\
4	&	3.866	&	2.498	&	1.315	&	0.4184	&	63.25	&	1.718	&	1.608	&	5.969	&	6.706	&	15.7\\
5	&	1.632	&	0.6446	&	31.27	&	19.94	&	1.496	&	18.41	&	4.073	&	3.673	&	5.365	&	3.742\\
6	&	3.78	&	0.6446	&	5.634	&	0.6974	&	3.312	&	6.301	&	77.28	&	0	&	1.49	&	0.2079\\
7	&	0.5155	&	1.692	&	2.254	&	4.881	&	6.944	&	3.764	&	0.1072	&	57.12	&	2.683	&	19.75\\
8	&	7.646	&	0.5641	&	10.05	&	10.88	&	4.167	&	10.23	&	3.751	&	1.194	&	63.04	&	6.029\\
9	&	1.632	&	0.967	&	1.408	&	3.905	&	15.6	&	2.619	&	0	&	25.62	&	3.875	&	46.99\\
correct: 54.99%
k: 15
	&	0	&	1	&	2	&	3	&	4	&	5	&	6	&	7	&	8	&	9\\
0	&	77.61	&	0	&	0.6616	&	0	&	2.424	&	0.2515	&	2.244	&	0.3626	&	0.8759	&	1.569\\
1	&	0.08613	&	89.02	&	0.5671	&	0.5479	&	0.4215	&	0.6706	&	0.641	&	0.544	&	0.292	&	0.4184\\
2	&	2.929	&	3.824	&	24.2	&	25.62	&	2.107	&	24.64	&	8.226	&	2.176	&	10.95	&	1.883\\
3	&	0.7752	&	0.4882	&	23.91	&	33.84	&	0.5269	&	31.27	&	1.068	&	3.354	&	5.693	&	3.243\\
4	&	3.704	&	2.36	&	1.418	&	0.411	&	63.96	&	1.593	&	1.816	&	5.258	&	6.277	&	15.48\\
5	&	1.55	&	0.5696	&	31.95	&	18.77	&	1.475	&	19.36	&	4.274	&	3.445	&	4.818	&	3.766\\
6	&	3.618	&	0.6509	&	5.009	&	1.096	&	3.583	&	6.035	&	77.78	&	0	&	1.46	&	0.3138\\
7	&	0.5168	&	1.546	&	1.985	&	5.068	&	6.217	&	3.688	&	0.1068	&	58.02	&	2.628	&	19.14\\
8	&	7.666	&	0.5696	&	9.168	&	10.96	&	4.215	&	10.06	&	3.846	&	1.179	&	63.36	&	6.067\\
9	&	1.55	&	0.9764	&	1.134	&	3.699	&	15.07	&	2.431	&	0	&	25.66	&	3.65	&	48.12\\
correct: 55.98%
k: 14
	&	0	&	1	&	2	&	3	&	4	&	5	&	6	&	7	&	8	&	9\\
0	&	78.8	&	0	&	0.6731	&	0	&	2.107	&	0.2469	&	2.258	&	0.4625	&	0.5739	&	1.322\\
1	&	0.08688	&	89.62	&	0.4808	&	0.5472	&	0.3161	&	0.6584	&	0.6452	&	0.4625	&	0.2869	&	0.5086\\
2	&	3.041	&	3.352	&	25.96	&	24.62	&	2.213	&	25.02	&	7.742	&	1.85	&	10.47	&	1.628\\
3	&	0.8688	&	0.4088	&	23.27	&	35.43	&	0.6322	&	31.03	&	0.9677	&	2.775	&	6.026	&	3.052\\
4	&	3.823	&	2.208	&	1.442	&	0.4104	&	65.23	&	1.317	&	1.613	&	4.995	&	5.308	&	15.46\\
5	&	1.477	&	0.5724	&	31.35	&	18.47	&	1.264	&	19.92	&	4.086	&	3.608	&	5.022	&	4.171\\
6	&	3.475	&	0.7359	&	4.904	&	1.231	&	3.477	&	5.761	&	79.25	&	0	&	0.8608	&	0.3052\\
7	&	0.4344	&	1.635	&	1.923	&	4.788	&	6.006	&	3.786	&	0.1075	&	59.85	&	2.582	&	18.21\\
8	&	6.603	&	0.6541	&	8.942	&	11.35	&	3.793	&	9.877	&	3.333	&	1.388	&	65.42	&	5.697\\
9	&	1.39	&	0.8177	&	1.058	&	3.146	&	14.96	&	2.387	&	0	&	24.61	&	3.443	&	49.64\\
correct: 57.21%
k: 13
	&	0	&	1	&	2	&	3	&	4	&	5	&	6	&	7	&	8	&	9\\
0	&	79.55	&	0	&	0.5769	&	0	&	2.107	&	0.2481	&	2.162	&	0.4566	&	0.4292	&	1.331\\
1	&	0.08741	&	90.15	&	0.3846	&	0.5376	&	0.4215	&	0.579	&	0.6486	&	0.4566	&	0.2861	&	0.4094\\
2	&	2.71	&	3.284	&	27.98	&	24.33	&	2.107	&	24.4	&	7.351	&	1.918	&	10.3	&	1.331\\
3	&	0.6119	&	0.4105	&	22.4	&	37.5	&	0.6322	&	30.52	&	0.8649	&	3.014	&	5.436	&	3.275\\
4	&	4.108	&	1.97	&	1.346	&	0.2688	&	67.12	&	1.075	&	1.514	&	4.932	&	5.007	&	14.53\\
5	&	1.399	&	0.4926	&	30.58	&	18.55	&	1.054	&	21.59	&	3.784	&	3.288	&	4.721	&	3.992\\
6	&	3.322	&	0.7389	&	4.808	&	1.613	&	3.161	&	5.542	&	80.43	&	0	&	0.8584	&	0.2047\\
7	&	0.4371	&	1.478	&	2.115	&	4.301	&	6.006	&	3.309	&	0.1081	&	60.27	&	2.146	&	18.22\\
8	&	6.381	&	0.6568	&	8.846	&	9.946	&	3.267	&	10.34	&	3.027	&	1.461	&	67.53	&	5.629\\
9	&	1.399	&	0.821	&	0.9615	&	2.957	&	14.12	&	2.399	&	0.1081	&	24.2	&	3.29	&	51.07\\
correct: 58.51%
k: 12
	&	0	&	1	&	2	&	3	&	4	&	5	&	6	&	7	&	8	&	9\\
0	&	79.5	&	0	&	0.4798	&	0	&	2.017	&	0.2443	&	1.957	&	0.463	&	0.2886	&	1.318\\
1	&	0.08688	&	90.68	&	0.5758	&	0.5362	&	0.4246	&	0.4886	&	0.6522	&	0.5556	&	0.2886	&	0.1014\\
2	&	2.867	&	3.218	&	29.75	&	21.98	&	1.805	&	25.08	&	6.413	&	1.667	&	10.1	&	1.42\\
3	&	0.6082	&	0.2475	&	21.59	&	39.81	&	0.5308	&	30.46	&	0.9783	&	2.87	&	4.618	&	2.738\\
4	&	3.997	&	1.898	&	1.344	&	0.2681	&	68.68	&	1.14	&	1.413	&	4.537	&	4.473	&	14.5\\
5	&	1.303	&	0.4125	&	29.56	&	19.03	&	0.9554	&	22.39	&	3.913	&	3.148	&	3.896	&	4.158\\
6	&	3.388	&	0.6601	&	4.798	&	1.475	&	2.972	&	4.967	&	81.63	&	0	&	1.154	&	0.2028\\
7	&	0.4344	&	1.403	&	2.207	&	3.887	&	5.414	&	3.094	&	0.1087	&	62.13	&	2.453	&	17.85\\
8	&	6.255	&	0.6601	&	8.541	&	10.05	&	3.291	&	9.935	&	2.826	&	1.574	&	69.84	&	5.071\\
9	&	1.564	&	0.8251	&	1.152	&	2.949	&	13.91	&	2.199	&	0.1087	&	23.06	&	2.886	&	52.64\\
correct: 59.68%
k: 11
	&	0	&	1	&	2	&	3	&	4	&	5	&	6	&	7	&	8	&	9\\
0	&	80.33	&	0	&	0.4822	&	0	&	1.907	&	0.2465	&	1.963	&	0.4638	&	0.2845	&	1.413\\
1	&	0.0878	&	90.76	&	0.5786	&	0.5249	&	0.5297	&	0.4108	&	0.5453	&	0.5566	&	0.2845	&	0.1009\\
2	&	2.546	&	3.3	&	31.92	&	20.73	&	1.801	&	23.91	&	6.87	&	1.763	&	9.673	&	1.615\\
3	&	0.878	&	0.165	&	20.83	&	42.52	&	0.5297	&	29.58	&	0.8724	&	2.597	&	4.41	&	2.624\\
4	&	4.214	&	1.815	&	1.35	&	0.2625	&	69.6	&	0.9039	&	1.418	&	4.174	&	3.841	&	14.43\\
5	&	1.317	&	0.495	&	29.03	&	19.03	&	0.8475	&	24.16	&	3.053	&	2.968	&	3.414	&	3.935\\
6	&	2.985	&	0.5776	&	4.629	&	1.05	&	2.86	&	5.341	&	82.44	&	0	&	1.565	&	0.2018\\
7	&	0.439	&	1.403	&	2.122	&	3.412	&	5.085	&	3.287	&	0.1091	&	63.45	&	1.991	&	17.26\\
8	&	5.707	&	0.6601	&	8.1	&	9.711	&	3.39	&	9.942	&	2.617	&	1.484	&	71.69	&	4.642\\
9	&	1.493	&	0.8251	&	0.9643	&	2.756	&	13.45	&	2.219	&	0.1091	&	22.54	&	2.845	&	53.78\\
correct: 60.98%
k: 10
	&	0	&	1	&	2	&	3	&	4	&	5	&	6	&	7	&	8	&	9\\
0	&	80.42	&	0	&	0.3918	&	0	&	1.581	&	0.2415	&	1.752	&	0.4669	&	0.1429	&	1.208\\
1	&	0.08703	&	90.61	&	0.5877	&	0.4011	&	0.5269	&	0.4026	&	0.6572	&	0.5602	&	0.1429	&	0.2014\\
2	&	2.437	&	3.048	&	34.28	&	20.59	&	1.581	&	23.75	&	6.462	&	1.681	&	8.429	&	1.712\\
3	&	0.6963	&	0.2471	&	20.18	&	45.45	&	0.3161	&	28.66	&	0.8762	&	2.614	&	4.286	&	2.82\\
4	&	4.003	&	1.647	&	1.273	&	0.2674	&	71.97	&	0.8857	&	1.314	&	4.202	&	3.429	&	12.69\\
5	&	1.393	&	0.4942	&	27.82	&	17.78	&	0.7376	&	26.41	&	3.067	&	2.801	&	3.571	&	3.525\\
6	&	2.872	&	0.7414	&	4.114	&	1.07	&	2.634	&	5.233	&	83.57	&	0	&	1.714	&	0.1007\\
7	&	0.4352	&	1.647	&	2.057	&	3.209	&	4.636	&	3.06	&	0	&	64.89	&	1.571	&	17.12\\
8	&	5.744	&	0.8237	&	8.423	&	8.556	&	3.161	&	9.34	&	2.191	&	1.587	&	74.43	&	4.431\\
9	&	1.915	&	0.7414	&	0.8815	&	2.674	&	12.86	&	2.013	&	0.1095	&	21.2	&	2.286	&	56.19\\
correct: 62.62%
k: 9
	&	0	&	1	&	2	&	3	&	4	&	5	&	6	&	7	&	8	&	9\\
0	&	81.12	&	0	&	0.4061	&	0	&	1.69	&	0.2463	&	1.719	&	0.2762	&	0.2801	&	1.217\\
1	&	0.1756	&	91	&	0.6091	&	0.3831	&	0.3168	&	0.4105	&	0.6445	&	0.5525	&	0.1401	&	0.1014\\
2	&	2.458	&	2.725	&	36.95	&	18.26	&	1.267	&	23.89	&	7.411	&	1.473	&	8.123	&	1.826\\
3	&	0.878	&	0.2477	&	18.98	&	48.53	&	0.2112	&	27.67	&	0.6445	&	2.67	&	4.062	&	2.738\\
4	&	3.775	&	1.569	&	1.015	&	0.3831	&	74.13	&	0.821	&	1.289	&	4.144	&	3.221	&	11.66\\
5	&	1.229	&	0.4129	&	27.61	&	17.88	&	0.6336	&	28.49	&	2.578	&	2.394	&	3.361	&	3.448\\
6	&	2.809	&	0.7432	&	3.858	&	1.149	&	2.64	&	4.598	&	83.24	&	0	&	1.821	&	0.1014\\
7	&	0.439	&	1.817	&	1.421	&	3.321	&	4.435	&	2.956	&	0	&	65.47	&	1.401	&	16.43\\
8	&	5.092	&	0.9083	&	8.122	&	7.535	&	3.062	&	8.785	&	2.47	&	1.842	&	76.05	&	4.462\\
9	&	2.019	&	0.578	&	1.015	&	2.554	&	11.62	&	2.135	&	0	&	21.18	&	1.541	&	58.01\\
correct: 64.2%
k: 8
	&	0	&	1	&	2	&	3	&	4	&	5	&	6	&	7	&	8	&	9\\
0	&	81.63	&	0	&	0.4115	&	0	&	1.472	&	0.1591	&	1.844	&	0.3795	&	0.1406	&	0.8893\\
1	&	0.1757	&	91.02	&	0.5144	&	0.3901	&	0.3155	&	0.3978	&	0.4338	&	0.5693	&	0.1406	&	0.09881\\
2	&	2.46	&	2.801	&	40.84	&	16.51	&	1.367	&	22.83	&	6.291	&	1.708	&	7.314	&	1.779\\
3	&	0.8787	&	0.3295	&	18	&	51.76	&	0.2103	&	27.05	&	0.6508	&	2.277	&	2.954	&	2.964\\
4	&	3.866	&	1.318	&	1.132	&	0.3901	&	75.6	&	0.8751	&	1.193	&	3.89	&	2.954	&	10.38\\
5	&	1.142	&	0.5766	&	25.1	&	16.91	&	0.4206	&	31.5	&	2.495	&	1.898	&	3.094	&	3.261\\
6	&	2.46	&	0.7414	&	3.704	&	1.04	&	2.524	&	4.455	&	85.14	&	0	&	1.688	&	0\\
7	&	0.2636	&	1.647	&	0.9259	&	3.251	&	4.416	&	2.784	&	0	&	68.12	&	1.125	&	16.6\\
8	&	5.185	&	0.8237	&	8.436	&	7.412	&	3.049	&	7.876	&	1.952	&	1.708	&	79.04	&	3.953\\
9	&	1.933	&	0.7414	&	0.9259	&	2.341	&	10.62	&	2.068	&	0	&	19.45	&	1.547	&	60.08\\
correct: 66.17%
k: 7
	&	0	&	1	&	2	&	3	&	4	&	5	&	6	&	7	&	8	&	9\\
0	&	82.64	&	0	&	0.1045	&	0	&	1.582	&	0.2523	&	1.799	&	0.2814	&	0.1326	&	0.7078\\
1	&	0.08857	&	91.78	&	0.627	&	0.4884	&	0.3165	&	0.3364	&	0.4233	&	0.5629	&	0.1326	&	0.1011\\
2	&	2.303	&	2.575	&	44.1	&	15.14	&	1.266	&	22.54	&	6.984	&	1.313	&	7.294	&	1.416\\
3	&	0.7086	&	0.3322	&	16.51	&	54.58	&	0.211	&	25.9	&	0.6349	&	2.345	&	3.183	&	2.831\\
4	&	3.72	&	1.329	&	1.149	&	0.3663	&	77.32	&	0.841	&	1.164	&	3.752	&	3.05	&	9.403\\
5	&	1.063	&	0.6645	&	24.03	&	16.48	&	0.211	&	33.89	&	2.54	&	1.97	&	3.714	&	2.932\\
6	&	2.48	&	0.7475	&	4.18	&	0.7326	&	2.321	&	3.701	&	84.23	&	0	&	1.724	&	0\\
7	&	0.2657	&	1.329	&	1.045	&	2.808	&	4.008	&	2.691	&	0	&	69.98	&	1.326	&	15.17\\
8	&	4.872	&	0.6645	&	7.419	&	7.204	&	2.743	&	7.738	&	2.222	&	1.595	&	77.85	&	3.842\\
9	&	1.86	&	0.5814	&	0.8359	&	2.198	&	10.02	&	2.103	&	0	&	18.2	&	1.592	&	63.6\\
correct: 68.01%
k: 6
	&	0	&	1	&	2	&	3	&	4	&	5	&	6	&	7	&	8	&	9\\
0	&	83.5	&	0	&	0.1058	&	0	&	1.249	&	0.3239	&	1.396	&	0.1916	&	0.1318	&	0.5911\\
1	&	0.08873	&	92.64	&	0.6349	&	0.3807	&	0.2081	&	0.4049	&	0.3222	&	0.5747	&	0.1318	&	0.09852\\
2	&	2.307	&	2.343	&	48.78	&	12.94	&	1.145	&	21.54	&	5.8	&	1.533	&	6.851	&	1.576\\
3	&	0.5324	&	0.3347	&	15.45	&	59.9	&	0.2081	&	23.97	&	0.6445	&	2.49	&	3.426	&	2.562\\
4	&	3.549	&	1.088	&	1.164	&	0.3807	&	79.19	&	0.8907	&	1.074	&	3.065	&	2.372	&	8.177\\
5	&	0.8873	&	0.7531	&	21.38	&	14.09	&	0.2081	&	37.89	&	2.148	&	1.916	&	3.294	&	2.463\\
6	&	2.396	&	0.5858	&	3.598	&	0.8883	&	1.977	&	3.725	&	86.68	&	0	&	1.449	&	0\\
7	&	0.08873	&	1.255	&	0.6349	&	3.553	&	3.746	&	2.105	&	0.1074	&	72.51	&	0.9223	&	14.88\\
8	&	5.058	&	0.4184	&	7.407	&	5.964	&	2.393	&	7.287	&	1.826	&	1.628	&	80.11	&	3.941\\
9	&	1.597	&	0.5858	&	0.8466	&	1.904	&	9.677	&	1.862	&	0	&	16.09	&	1.318	&	65.71\\
correct: 70.49%
k: 5
	&	0	&	1	&	2	&	3	&	4	&	5	&	6	&	7	&	8	&	9\\
0	&	84.68	&	0	&	0.1031	&	0	&	1.164	&	0.2646	&	1.266	&	0.1843	&	0.1252	&	0.5045\\
1	&	0.08961	&	93.4	&	0.7216	&	0.4819	&	0.3175	&	0.3527	&	0.5274	&	0.3687	&	0.1252	&	0.2018\\
2	&	2.061	&	2.03	&	53.2	&	11.45	&	1.164	&	19.75	&	6.646	&	1.106	&	6.258	&	1.413\\
3	&	0.7168	&	0.1692	&	12.89	&	64.1	&	0.3175	&	22.75	&	0.5274	&	2.857	&	2.879	&	2.321\\
4	&	3.405	&	1.184	&	0.8247	&	0.241	&	80.95	&	0.8818	&	1.16	&	3.41	&	2.503	&	7.77\\
5	&	0.8961	&	0.5922	&	20.31	&	13.98	&	0.4233	&	42.15	&	1.899	&	1.751	&	2.628	&	2.22\\
6	&	2.061	&	0.5076	&	3.608	&	0.6024	&	1.905	&	3.439	&	86.6	&	0	&	1.377	&	0\\
7	&	0.1792	&	0.9306	&	0.9278	&	3.012	&	2.963	&	2.116	&	0	&	73.27	&	0.7509	&	12.92\\
8	&	4.48	&	0.423	&	6.804	&	4.699	&	2.54	&	6.79	&	1.371	&	1.29	&	81.85	&	3.229\\
9	&	1.434	&	0.7614	&	0.6186	&	1.446	&	8.254	&	1.499	&	0	&	15.76	&	1.502	&	69.42\\
correct: 72.98%
k: 4
	&	0	&	1	&	2	&	3	&	4	&	5	&	6	&	7	&	8	&	9\\
0	&	85.22	&	0	&	0	&	0	&	1.134	&	0.3228	&	0.7423	&	0.2941	&	0	&	0.3949\\
1	&	0.08961	&	94.38	&	0.6148	&	0.1292	&	0.5155	&	0.2421	&	0.7423	&	0.1961	&	0	&	0.09872\\
2	&	2.061	&	1.191	&	59.43	&	8.786	&	0.8247	&	19.69	&	4.984	&	0.7843	&	3.488	&	1.283\\
3	&	0.6272	&	0.1702	&	12.81	&	70.28	&	0.3093	&	20.5	&	0.3181	&	2.549	&	2.972	&	2.27\\
4	&	3.405	&	1.021	&	0.8197	&	0.2584	&	82.89	&	0.7264	&	1.166	&	2.647	&	2.196	&	5.331\\
5	&	0.8065	&	0.5957	&	15.57	&	10.85	&	0.3093	&	46.41	&	1.697	&	1.667	&	1.809	&	1.481\\
6	&	1.882	&	0.5106	&	3.381	&	0.3876	&	1.443	&	2.986	&	88.87	&	0	&	0.7752	&	0\\
7	&	0.2688	&	0.8511	&	1.332	&	2.972	&	2.784	&	1.937	&	0	&	79.31	&	0.646	&	11.25\\
8	&	4.211	&	0.4255	&	5.533	&	5.426	&	2.371	&	5.892	&	1.379	&	1.176	&	86.43	&	3.554\\
9	&	1.434	&	0.8511	&	0.5123	&	0.9044	&	7.423	&	1.291	&	0.106	&	11.37	&	1.68	&	74.33\\
correct: 76.32%
k: 3
	&	0	&	1	&	2	&	3	&	4	&	5	&	6	&	7	&	8	&	9\\
0	&	89.03	&	0	&	0	&	0	&	0.5155	&	0.2775	&	0.6104	&	0.1845	&	0.2345	&	0.4158\\
1	&	0.09294	&	94.8	&	0.6336	&	0.1147	&	0.3093	&	0.2775	&	0.5086	&	0.1845	&	0.1172	&	0.2079\\
2	&	1.673	&	1.109	&	66.21	&	8.601	&	0.8247	&	16.37	&	5.799	&	0.8303	&	4.338	&	1.143\\
3	&	0.4647	&	0.1706	&	9.926	&	74.89	&	0.4124	&	16.65	&	0.2035	&	2.952	&	2.462	&	1.767\\
4	&	2.23	&	0.9386	&	0.8448	&	0.2294	&	85.46	&	0.555	&	1.628	&	2.306	&	1.641	&	4.886\\
5	&	0.7435	&	0.5119	&	13.62	&	9.518	&	0.3093	&	55.04	&	1.831	&	1.661	&	2.345	&	1.247\\
6	&	1.487	&	0.5973	&	2.112	&	0.344	&	1.237	&	2.59	&	88.1	&	0	&	0.7034	&	0\\
7	&	0.2788	&	0.6826	&	1.056	&	2.294	&	2.165	&	1.573	&	0	&	79.15	&	0.9379	&	8.628\\
8	&	2.974	&	0.5119	&	4.963	&	3.211	&	2.165	&	5.088	&	1.221	&	0.738	&	85.58	&	3.638\\
9	&	1.022	&	0.6826	&	0.6336	&	0.8028	&	6.598	&	1.573	&	0.1017	&	11.99	&	1.641	&	78.07\\
correct: 79.78%
k: 2
	&	0	&	1	&	2	&	3	&	4	&	5	&	6	&	7	&	8	&	9\\
0	&	87.93	&	0	&	0	&	0	&	0	&	0.3172	&	0.5365	&	0	&	0	&	0.1925\\
1	&	0.09074	&	94.98	&	0.5144	&	0.1264	&	0.3009	&	0.2379	&	0.3219	&	0.1034	&	0	&	0.09625\\
2	&	1.543	&	0.8503	&	74.9	&	4.298	&	1.003	&	15.23	&	1.502	&	0.6205	&	1.966	&	0.5775\\
3	&	0.363	&	0.1701	&	10.29	&	85.34	&	0.4012	&	13.8	&	0.1073	&	1.655	&	1.18	&	2.406\\
4	&	2.632	&	1.02	&	0.5144	&	0.1264	&	89.47	&	0.6344	&	0.2146	&	0.3102	&	0.3932	&	2.599\\
5	&	0.8167	&	0.6803	&	5.35	&	4.298	&	0.2006	&	60.51	&	1.18	&	0.6205	&	0.1311	&	0.5775\\
6	&	1.27	&	0.6803	&	2.469	&	0.3793	&	0.9027	&	1.903	&	93.99	&	0	&	0	&	0\\
7	&	0.363	&	0.5102	&	1.029	&	2.149	&	1.906	&	1.983	&	0.1073	&	90.38	&	0.1311	&	6.833\\
8	&	3.267	&	0.6803	&	4.733	&	2.402	&	2.006	&	3.886	&	2.039	&	1.241	&	95.94	&	3.176\\
9	&	1.724	&	0.4252	&	0.2058	&	0.885	&	3.811	&	1.507	&	0	&	5.067	&	0.2621	&	83.54\\
correct: 84.94%
k: 1
	&	0	&	1	&	2	&	3	&	4	&	5	&	6	&	7	&	8	&	9\\
0	&	91.36	&	0	&	0	&	0	&	0.2139	&	0.4119	&	0.5941	&	0.09107	&	0.1122	&	0.4128\\
1	&	0	&	95.87	&	0.8359	&	0.2096	&	0.3209	&	0.103	&	0.396	&	0.09107	&	0	&	0.2064\\
2	&	1.33	&	0.6024	&	76.38	&	7.547	&	0.6417	&	12.15	&	4.653	&	0.8197	&	2.918	&	0.2064\\
3	&	0.1899	&	0	&	7.106	&	80.4	&	0.2139	&	10.4	&	0.09901	&	2.641	&	2.469	&	1.858\\
4	&	1.614	&	1.205	&	0.627	&	0.1048	&	92.73	&	0.4119	&	0.8911	&	1.548	&	0.8979	&	4.025\\
5	&	1.14	&	0.4303	&	8.255	&	7.442	&	0.3209	&	69.52	&	1.584	&	1.548	&	0.8979	&	0.6192\\
6	&	0.4748	&	0.5164	&	1.358	&	0.1048	&	0.5348	&	1.236	&	90.3	&	0	&	0.4489	&	0\\
7	&	0.3799	&	0.6024	&	0.9404	&	1.992	&	1.39	&	1.236	&	0	&	83.15	&	0.3367	&	4.954\\
8	&	2.089	&	0.4303	&	4.18	&	1.048	&	1.07	&	2.884	&	1.485	&	1.184	&	90.8	&	2.27\\
9	&	1.425	&	0.3442	&	0.3135	&	1.153	&	2.567	&	1.648	&	0	&	8.925	&	1.122	&	85.45\\
correct: 85.78%
