k: 3
	&	0	&	1	&	2	&	3	&	4	&	5	&	6	&	7	&	8	&	9\\
0	&	88.08	&	0	&	0	&	0	&	0.5342	&	0.182	&	0.8188	&	0.09124	&	0.1189	&	0.2068\\
1	&	0.09166	&	95.12	&	0.7322	&	0.3448	&	0.4274	&	0	&	0.6141	&	0.365	&	0	&	0\\
2	&	2.016	&	0.7712	&	65.48	&	10.34	&	1.068	&	16.11	&	5.118	&	0.7299	&	4.281	&	0.4137\\
3	&	0.4583	&	0.1714	&	10.46	&	73.79	&	0.2137	&	17.2	&	0.4094	&	2.372	&	2.021	&	2.378\\
4	&	2.658	&	1.2	&	0.8368	&	0.1149	&	86.11	&	0.9099	&	1.331	&	2.099	&	1.07	&	7.135\\
5	&	0.3666	&	0.5998	&	14.75	&	9.655	&	0.3205	&	54.14	&	1.433	&	1.551	&	1.427	&	1.551\\
6	&	1.283	&	0.5141	&	2.301	&	0.2299	&	0.9615	&	2.548	&	89.05	&	0	&	0.8323	&	0\\
7	&	0.275	&	0.8569	&	0.9414	&	1.149	&	1.816	&	1.729	&	0	&	79.84	&	0.7134	&	8.17\\
8	&	3.575	&	0.5141	&	4.079	&	2.989	&	2.244	&	5.278	&	1.228	&	1.369	&	87.16	&	2.585\\
9	&	1.192	&	0.2571	&	0.4184	&	1.379	&	6.303	&	1.911	&	0	&	11.59	&	2.378	&	77.56\\
correct: 79.68%
k: 2
	&	0	&	1	&	2	&	3	&	4	&	5	&	6	&	7	&	8	&	9\\
0	&	88.1	&	0	&	0	&	0.1311	&	0	&	0.1609	&	0.4219	&	0.1033	&	0.1289	&	0.09823\\
1	&	0	&	95.98	&	0.4975	&	0	&	0.396	&	0.08045	&	0.3165	&	0	&	0	&	0.09823\\
2	&	1.726	&	0.4281	&	73.43	&	4.325	&	0.8911	&	14.72	&	1.899	&	0.6198	&	2.191	&	0.3929\\
3	&	0.4541	&	0	&	11.74	&	85.85	&	0.198	&	15.29	&	0	&	0.9298	&	1.031	&	2.259\\
4	&	2.634	&	0.8562	&	0.398	&	0	&	88.91	&	0.4827	&	0.211	&	0.6198	&	0.2577	&	2.456\\
5	&	0.9991	&	0.5137	&	5.871	&	4.194	&	0.297	&	60.74	&	1.16	&	0.7231	&	0.2577	&	0.5894\\
6	&	0.9083	&	0.6849	&	1.791	&	0.5242	&	0.6931	&	1.85	&	93.57	&	0	&	0	&	0.09823\\
7	&	0.3633	&	0.7705	&	1.095	&	1.573	&	1.881	&	2.011	&	0	&	89.98	&	0.1289	&	7.466\\
8	&	3.361	&	0.5137	&	4.776	&	2.49	&	1.881	&	2.977	&	2.426	&	1.343	&	95.88	&	2.75\\
9	&	1.453	&	0.2568	&	0.398	&	0.9174	&	4.851	&	1.689	&	0	&	5.682	&	0.1289	&	83.79\\
correct: 84.92%
k: 1
	&	0	&	1	&	2	&	3	&	4	&	5	&	6	&	7	&	8	&	9\\
0	&	91.83	&	0	&	0	&	0.1065	&	0.4264	&	0.2123	&	0.4012	&	0.09141	&	0.1072	&	0.1031\\
1	&	0	&	96.44	&	0.7121	&	0.213	&	0.4264	&	0.1062	&	0.5015	&	0.2742	&	0	&	0.2062\\
2	&	1.141	&	0.2604	&	76.6	&	8.094	&	0.7463	&	10.08	&	4.213	&	0.7313	&	3.644	&	0.2062\\
3	&	0.1901	&	0	&	8.444	&	80.51	&	0.2132	&	11.89	&	0.2006	&	2.102	&	1.715	&	1.443\\
4	&	1.996	&	1.128	&	0.6104	&	0.1065	&	91.15	&	0.3185	&	0.4012	&	2.011	&	1.179	&	4.742\\
5	&	0.8555	&	0.5208	&	8.647	&	7.455	&	0.4264	&	70.59	&	1.906	&	1.28	&	1.179	&	0.9278\\
6	&	0.5703	&	0.434	&	1.424	&	0.3195	&	0.533	&	1.274	&	90.87	&	0	&	0.6431	&	0.1031\\
7	&	0.2852	&	0.434	&	1.119	&	1.065	&	1.066	&	1.911	&	0	&	84.1	&	0.6431	&	4.639\\
8	&	2.091	&	0.5208	&	2.136	&	1.171	&	1.386	&	2.017	&	1.505	&	1.097	&	89.5	&	2.062\\
9	&	1.046	&	0.2604	&	0.3052	&	0.9585	&	3.625	&	1.592	&	0	&	8.318	&	1.393	&	85.57\\
correct: 85.97%
