k: 10
	&	0	&	1	&	2	&	3	&	4	&	5	&	6	&	7	&	8	&	9\\
0	&	81.62	&	0.3962	&	0.7177	&	0.3	&	1.233	&	0.7692	&	1.515	&	0.1003	&	5.347	&	0.3646\\
1	&	0.653	&	84.87	&	1.077	&	0.5	&	0.3363	&	0.8791	&	0.4329	&	0.2006	&	2.079	&	0.4558\\
2	&	1.493	&	3.17	&	79.07	&	14.6	&	1.233	&	4.835	&	1.84	&	1.103	&	7.822	&	0.6381\\
3	&	1.586	&	1.506	&	7.536	&	67	&	1.57	&	13.63	&	0	&	2.808	&	3.267	&	3.829\\
4	&	2.985	&	2.219	&	0.9569	&	0.3	&	64.91	&	1.978	&	0.974	&	4.814	&	5.941	&	17.96\\
5	&	0.4664	&	0.7924	&	1.794	&	11.5	&	3.475	&	66.7	&	1.19	&	0.7021	&	6.139	&	2.644\\
6	&	2.146	&	0.6339	&	2.632	&	0.4	&	0.4484	&	2.637	&	93.29	&	0	&	1.089	&	0\\
7	&	0.1866	&	1.109	&	2.273	&	3.2	&	6.502	&	0.7692	&	0	&	70.21	&	2.574	&	15.5\\
8	&	8.116	&	4.675	&	3.349	&	1.4	&	5.942	&	5.165	&	0.7576	&	1.404	&	62.77	&	2.826\\
9	&	0.7463	&	0.6339	&	0.5981	&	0.8	&	14.35	&	2.637	&	0	&	18.66	&	2.97	&	55.79\\
correct: 72.71%
k: 9
	&	0	&	1	&	2	&	3	&	4	&	5	&	6	&	7	&	8	&	9\\
0	&	82.62	&	0.3971	&	0.8294	&	0.3015	&	0.9227	&	0.4444	&	1.611	&	0.2944	&	4.594	&	0.3663\\
1	&	0.3738	&	85.39	&	1.066	&	0.5025	&	0.4614	&	1	&	0.3222	&	0.1963	&	2.053	&	0.2747\\
2	&	1.402	&	2.939	&	80.92	&	13.27	&	1.153	&	4.667	&	2.041	&	1.276	&	7.234	&	0.641\\
3	&	1.402	&	1.668	&	6.872	&	69.65	&	1.845	&	12.33	&	0	&	2.748	&	2.835	&	3.571\\
4	&	2.897	&	1.986	&	0.8294	&	0.201	&	68.28	&	1.778	&	0.9667	&	4.122	&	5.67	&	18.32\\
5	&	0.4673	&	0.8737	&	1.303	&	11.46	&	2.999	&	69.11	&	1.074	&	0.7851	&	6.061	&	2.106\\
6	&	2.336	&	0.4766	&	2.37	&	0.201	&	0.346	&	2.444	&	93.13	&	0	&	1.271	&	0\\
7	&	0.2804	&	1.191	&	2.014	&	2.312	&	5.998	&	0.7778	&	0	&	71.93	&	2.639	&	13.83\\
8	&	7.383	&	4.448	&	3.318	&	1.307	&	5.075	&	4.667	&	0.8593	&	1.276	&	64.61	&	2.747\\
9	&	0.8411	&	0.6354	&	0.4739	&	0.804	&	12.92	&	2.778	&	0	&	17.37	&	3.03	&	58.15\\
correct: 74.45%
k: 8
	&	0	&	1	&	2	&	3	&	4	&	5	&	6	&	7	&	8	&	9\\
0	&	82.93	&	0.4003	&	0.6873	&	0.2039	&	0.9029	&	0.2215	&	1.396	&	0.3049	&	4.326	&	0.3568\\
1	&	0.4638	&	86.31	&	0.8018	&	0.3058	&	0.6772	&	0.9967	&	0.2148	&	0.1016	&	2.012	&	0.3568\\
2	&	1.113	&	2.242	&	82.82	&	12.23	&	1.354	&	3.544	&	1.826	&	1.118	&	6.942	&	0.7136\\
3	&	1.206	&	1.601	&	6.415	&	73.19	&	1.58	&	10.85	&	0	&	2.642	&	2.918	&	3.211\\
4	&	2.876	&	2.002	&	0.4582	&	0.1019	&	70.43	&	1.55	&	1.074	&	4.065	&	5.231	&	16.15\\
5	&	0.4638	&	0.8807	&	1.604	&	9.888	&	2.822	&	71.98	&	0.9667	&	0.813	&	5.131	&	1.963\\
6	&	2.412	&	0.4804	&	1.718	&	0.1019	&	0.5643	&	2.436	&	93.66	&	0	&	1.107	&	0\\
7	&	0.1855	&	1.361	&	1.604	&	2.446	&	5.305	&	0.7752	&	0	&	74.29	&	2.213	&	14.63\\
8	&	7.792	&	4.163	&	3.207	&	1.121	&	4.628	&	4.651	&	0.8593	&	1.118	&	67	&	2.765\\
9	&	0.5566	&	0.5604	&	0.6873	&	0.4077	&	11.74	&	2.99	&	0	&	15.55	&	3.119	&	59.86\\
correct: 76.27%
k: 7
	&	0	&	1	&	2	&	3	&	4	&	5	&	6	&	7	&	8	&	9\\
0	&	84.38	&	0.3228	&	0.6787	&	0.2041	&	0.6834	&	0.1134	&	1.494	&	0.3	&	3.689	&	0.4433\\
1	&	0.5613	&	87.33	&	0.6787	&	0.2041	&	0.5695	&	0.907	&	0.2134	&	0.1	&	1.994	&	0.266\\
2	&	1.029	&	2.179	&	85.07	&	10.1	&	1.139	&	3.175	&	1.494	&	0.9	&	7.378	&	0.7092\\
3	&	1.123	&	1.372	&	5.543	&	76.12	&	1.367	&	10.2	&	0	&	3	&	2.393	&	2.66\\
4	&	2.9	&	1.856	&	0.4525	&	0.102	&	73.12	&	1.134	&	0.8538	&	3.6	&	4.387	&	16.22\\
5	&	0.3742	&	0.8878	&	1.584	&	9.898	&	2.164	&	74.72	&	1.067	&	0.8	&	4.686	&	2.039\\
6	&	2.058	&	0.4036	&	1.471	&	0.102	&	0.7973	&	1.814	&	94.02	&	0	&	1.296	&	0\\
7	&	0.1871	&	1.614	&	1.471	&	2.041	&	5.581	&	0.5669	&	0	&	75.4	&	1.795	&	13.03\\
8	&	6.922	&	3.551	&	2.602	&	0.5102	&	4.214	&	4.762	&	0.8538	&	1.3	&	69.29	&	2.926\\
9	&	0.4677	&	0.4843	&	0.4525	&	0.7143	&	10.36	&	2.608	&	0	&	14.6	&	3.091	&	61.7\\
correct: 78.09%
k: 6
	&	0	&	1	&	2	&	3	&	4	&	5	&	6	&	7	&	8	&	9\\
0	&	84.08	&	0.1627	&	0.6452	&	0.2086	&	0.4479	&	0	&	1.285	&	0.1047	&	3.494	&	0.4344\\
1	&	0.644	&	88.53	&	0.5376	&	0.3128	&	0.6719	&	0.7874	&	0.2141	&	0.1047	&	1.439	&	0.1738\\
2	&	1.196	&	1.546	&	85.7	&	8.029	&	0.6719	&	2.7	&	1.178	&	1.047	&	6.68	&	0.8688\\
3	&	1.288	&	1.465	&	5.054	&	79.46	&	1.344	&	9.111	&	0.1071	&	2.513	&	1.953	&	2.78\\
4	&	2.668	&	1.79	&	0.4301	&	0.1043	&	75.59	&	1.012	&	1.178	&	2.932	&	4.008	&	14.25\\
5	&	0.368	&	0.8137	&	1.72	&	8.342	&	1.68	&	77.5	&	0.6424	&	0.6283	&	4.522	&	1.911\\
6	&	2.024	&	0.4068	&	1.613	&	0	&	0.6719	&	1.912	&	94.43	&	0	&	1.131	&	0\\
7	&	0.092	&	1.465	&	1.505	&	1.981	&	5.487	&	0.5624	&	0	&	78.32	&	1.747	&	13.64\\
8	&	7.36	&	3.173	&	2.366	&	0.8342	&	3.583	&	3.937	&	0.9636	&	1.571	&	72.25	&	2.693\\
9	&	0.276	&	0.6509	&	0.4301	&	0.7299	&	9.854	&	2.475	&	0	&	12.77	&	2.775	&	63.25\\
correct: 79.86%
k: 5
	&	0	&	1	&	2	&	3	&	4	&	5	&	6	&	7	&	8	&	9\\
0	&	86.52	&	0.33	&	0.5336	&	0.3086	&	0.4624	&	0	&	1.162	&	0.2073	&	2.792	&	0.4307\\
1	&	0.5655	&	89.52	&	0.7471	&	0.2058	&	0.578	&	0.7982	&	0.2112	&	0.1036	&	1.795	&	0.1723\\
2	&	0.8483	&	1.403	&	87.3	&	7.099	&	0.9249	&	2.281	&	1.056	&	0.9326	&	6.281	&	0.7752\\
3	&	1.225	&	0.9901	&	4.269	&	80.97	&	1.618	&	7.64	&	0.1056	&	2.176	&	2.393	&	2.67\\
4	&	2.262	&	1.733	&	0.4269	&	0	&	79.77	&	1.026	&	1.267	&	2.902	&	3.589	&	13.61\\
5	&	0.377	&	0.7426	&	1.174	&	7.613	&	1.272	&	80.96	&	0.7392	&	0.6218	&	4.287	&	1.464\\
6	&	1.602	&	0.33	&	1.814	&	0.1029	&	0.3468	&	1.482	&	94.51	&	0	&	0.7976	&	0\\
7	&	0.09425	&	1.403	&	1.494	&	1.646	&	4.855	&	0.4561	&	0	&	80.41	&	1.595	&	12.23\\
8	&	6.221	&	2.805	&	2.028	&	0.9259	&	2.659	&	3.421	&	0.9504	&	1.14	&	74.18	&	2.498\\
9	&	0.2828	&	0.7426	&	0.2134	&	1.132	&	7.514	&	1.938	&	0	&	11.5	&	2.293	&	66.15\\
correct: 81.91%
k: 4
	&	0	&	1	&	2	&	3	&	4	&	5	&	6	&	7	&	8	&	9\\
0	&	87.06	&	0.1663	&	0.4162	&	0.3109	&	0.2125	&	0.2215	&	1.057	&	0.1086	&	1.704	&	0.4359\\
1	&	0.4655	&	90.69	&	0.7284	&	0.4145	&	0.6376	&	0.443	&	0.3171	&	0.1086	&	1.278	&	0.1744\\
2	&	0.6518	&	1.33	&	89.28	&	5.389	&	0.4251	&	1.661	&	0.9514	&	1.303	&	5.325	&	0.7847\\
3	&	1.024	&	1.164	&	3.746	&	84.97	&	0.9564	&	6.755	&	0	&	1.737	&	1.704	&	2.354\\
4	&	2.142	&	1.33	&	0.3122	&	0	&	81.72	&	1.107	&	0.9514	&	1.846	&	2.449	&	9.765\\
5	&	0.4655	&	0.665	&	0.8325	&	5.803	&	0.9564	&	83.28	&	0.3171	&	0.4343	&	3.088	&	1.569\\
6	&	1.862	&	0.3325	&	1.353	&	0.1036	&	0.3188	&	1.218	&	95.24	&	0	&	0.5325	&	0\\
7	&	0.09311	&	1.164	&	1.561	&	1.451	&	4.995	&	0.5537	&	0	&	84.15	&	1.384	&	12.55\\
8	&	5.959	&	2.494	&	1.457	&	1.036	&	2.125	&	2.879	&	1.163	&	1.412	&	80.72	&	2.441\\
9	&	0.2793	&	0.665	&	0.3122	&	0.5181	&	7.651	&	1.883	&	0	&	8.903	&	1.81	&	69.92\\
correct: 84.61%
k: 3
	&	0	&	1	&	2	&	3	&	4	&	5	&	6	&	7	&	8	&	9\\
0	&	89.74	&	0.08547	&	0.207	&	0.1027	&	0	&	0.232	&	0.9385	&	0.1021	&	1.29	&	0.5381\\
1	&	0.2849	&	93.5	&	0.5176	&	0.2053	&	0.3282	&	0.464	&	0.4171	&	0.1021	&	1.587	&	0.2691\\
2	&	0.7597	&	0.6838	&	91.93	&	3.799	&	0.4376	&	1.16	&	1.043	&	1.124	&	4.96	&	0.5381\\
3	&	0.6648	&	0.5128	&	2.692	&	88.81	&	0.8753	&	3.712	&	0	&	1.839	&	2.381	&	2.152\\
4	&	1.709	&	1.026	&	0.3106	&	0	&	84.68	&	0.9281	&	0.9385	&	2.043	&	2.282	&	10.31\\
5	&	0.1899	&	0.2564	&	0.6211	&	4.723	&	0.547	&	89.33	&	0.2086	&	0.4086	&	3.77	&	1.435\\
6	&	1.33	&	0.3419	&	0.7246	&	0.1027	&	0.3282	&	0.8121	&	95.41	&	0	&	0.6944	&	0\\
7	&	0	&	1.111	&	1.553	&	1.129	&	4.486	&	0.116	&	0	&	84.27	&	1.488	&	9.596\\
8	&	5.128	&	1.88	&	1.139	&	0.5133	&	2.188	&	1.74	&	1.043	&	1.226	&	79.86	&	1.794\\
9	&	0.1899	&	0.5983	&	0.3106	&	0.616	&	6.127	&	1.508	&	0	&	8.887	&	1.687	&	73.36\\
correct: 86.99%
k: 2
	&	0	&	1	&	2	&	3	&	4	&	5	&	6	&	7	&	8	&	9\\
0	&	88.45	&	0.0854	&	0.2938	&	0	&	0.09862	&	0.1093	&	0.2081	&	0.1153	&	0.1171	&	0.431\\
1	&	0.275	&	94.62	&	0.6856	&	0.1057	&	0.5917	&	0.2186	&	0.2081	&	0	&	0.5855	&	0.08621\\
2	&	1.283	&	0.5978	&	93.54	&	1.163	&	0.3945	&	0.765	&	0.3122	&	0.9227	&	2.225	&	0.3448\\
3	&	0.275	&	0.6832	&	2.644	&	94.71	&	0.4931	&	3.06	&	0	&	1.153	&	1.171	&	1.983\\
4	&	1.65	&	0.1708	&	0.3918	&	0	&	86.69	&	0.765	&	0.8325	&	0.2307	&	0.5855	&	4.914\\
5	&	0.275	&	0.2562	&	0.1959	&	1.691	&	0.3945	&	92.24	&	0.1041	&	0.4614	&	0.5855	&	0.8621\\
6	&	1.1	&	0.427	&	0.5877	&	0	&	0.3945	&	0.4372	&	96.46	&	0	&	0	&	0\\
7	&	0	&	0.9394	&	0.9794	&	1.374	&	3.452	&	0.2186	&	0	&	94.46	&	0.1171	&	11.81\\
8	&	6.324	&	1.537	&	0.4897	&	0.4228	&	1.775	&	1.093	&	1.873	&	1.038	&	94.15	&	1.638\\
9	&	0.3666	&	0.6832	&	0.1959	&	0.5285	&	5.72	&	1.093	&	0	&	1.615	&	0.4684	&	77.93\\
correct: 91.01%
k: 1
	&	0	&	1	&	2	&	3	&	4	&	5	&	6	&	7	&	8	&	9\\
0	&	92.43	&	0.2613	&	0.3	&	0.101	&	0.1085	&	0	&	0.5144	&	0.3064	&	0.611	&	0.446\\
1	&	0.194	&	96.08	&	0.9	&	0.101	&	0.3254	&	0.2339	&	0.2058	&	0	&	1.222	&	0.08921\\
2	&	0.679	&	0.3484	&	94.6	&	2.121	&	0.2169	&	0.4678	&	0.5144	&	1.021	&	2.953	&	0.3568\\
3	&	0.194	&	0.6098	&	1.6	&	93.23	&	0.1085	&	1.754	&	0	&	1.634	&	1.731	&	1.16\\
4	&	0.8729	&	0.3484	&	0.4	&	0	&	91.76	&	0.2339	&	1.029	&	1.634	&	1.324	&	6.958\\
5	&	0.291	&	0.1742	&	0.7	&	2.525	&	0.3254	&	95.2	&	0.3086	&	0.4086	&	1.935	&	1.07\\
6	&	0.8729	&	0.3484	&	0.4	&	0	&	0.2169	&	0.3509	&	95.99	&	0	&	0.3055	&	0\\
7	&	0	&	0.6969	&	0.8	&	0.9091	&	1.844	&	0.2339	&	0	&	89.58	&	0.611	&	9.01\\
8	&	4.171	&	0.6969	&	0.2	&	0.202	&	1.193	&	0.7018	&	1.44	&	0.8172	&	88.19	&	1.249\\
9	&	0.291	&	0.4355	&	0.1	&	0.8081	&	3.905	&	0.8187	&	0	&	4.597	&	1.12	&	79.66\\
correct: 91.54%
