k: 50
	&	0	&	1	&	2	&	3	&	4	&	5	&	6	&	7	&	8	&	9\\
0	&	59.92	&	0.8827	&	3.8	&	3.93	&	2.544	&	1.522	&	4.376	&	0.3721	&	15.75	&	3.662\\
1	&	1.417	&	64.19	&	2	&	0.9307	&	1.174	&	0.9368	&	0.3282	&	0.4651	&	3.687	&	1.01\\
2	&	6.883	&	10.21	&	33.6	&	25.85	&	5.186	&	12.53	&	4.267	&	1.581	&	11.44	&	2.399\\
3	&	3.036	&	4.603	&	26.2	&	30.71	&	2.446	&	29.04	&	0.4376	&	5.209	&	4.378	&	11.24\\
4	&	6.984	&	5.107	&	4.4	&	2.689	&	19.08	&	6.089	&	1.313	&	10.42	&	13.06	&	30.68\\
5	&	2.53	&	2.459	&	9.6	&	17.58	&	8.415	&	28.45	&	3.173	&	1.953	&	12.6	&	8.46\\
6	&	5.162	&	0.7566	&	3.2	&	0.6205	&	4.305	&	5.855	&	83.37	&	0	&	1.229	&	0.1263\\
7	&	1.316	&	2.018	&	8.2	&	8.687	&	11.94	&	2.576	&	0	&	44	&	4.455	&	23.11\\
8	&	12.15	&	8.071	&	7	&	6.412	&	9.393	&	8.197	&	2.626	&	2.605	&	27.8	&	6.187\\
9	&	0.6073	&	1.702	&	2	&	2.585	&	35.52	&	4.801	&	0.1094	&	33.4	&	5.607	&	13.13\\
correct: 42.14%
k: 49
	&	0	&	1	&	2	&	3	&	4	&	5	&	6	&	7	&	8	&	9\\
0	&	60.14	&	0.8861	&	3.529	&	4.016	&	2.642	&	1.415	&	4.372	&	0.3707	&	15.79	&	3.444\\
1	&	1.318	&	64.49	&	2.157	&	1.03	&	1.272	&	0.9434	&	0.3279	&	0.3707	&	3.525	&	1.02\\
2	&	7.302	&	10.06	&	33.53	&	25.85	&	5.186	&	12.26	&	4.262	&	1.483	&	11.42	&	2.296\\
3	&	2.941	&	4.62	&	25.49	&	31.1	&	2.544	&	29.36	&	0.4372	&	5.283	&	4.291	&	10.71\\
4	&	6.592	&	5.19	&	4.51	&	2.575	&	19.37	&	5.896	&	1.202	&	10.1	&	13.18	&	31.51\\
5	&	2.231	&	2.278	&	10.2	&	17.3	&	8.415	&	28.89	&	3.279	&	1.946	&	12.72	&	8.418\\
6	&	5.375	&	0.8228	&	2.941	&	0.5149	&	4.012	&	5.896	&	83.61	&	0	&	1.149	&	0.1276\\
7	&	1.318	&	1.899	&	8.235	&	8.754	&	11.84	&	2.594	&	0	&	44.21	&	4.521	&	22.83\\
8	&	12.17	&	8.165	&	7.255	&	6.179	&	9.687	&	8.019	&	2.404	&	2.41	&	27.97	&	6.122\\
9	&	0.6085	&	1.582	&	2.157	&	2.678	&	35.03	&	4.717	&	0.1093	&	33.83	&	5.441	&	13.52\\
correct: 42.41%
k: 48
	&	0	&	1	&	2	&	3	&	4	&	5	&	6	&	7	&	8	&	9\\
0	&	60.87	&	1.015	&	2.811	&	4.094	&	2.413	&	1.404	&	4.486	&	0.3749	&	15.52	&	3.316\\
1	&	1.118	&	64.68	&	1.807	&	1.024	&	1.255	&	0.9357	&	0.3282	&	0.3749	&	3.746	&	1.02\\
2	&	7.215	&	10.02	&	34.74	&	25.79	&	4.923	&	12.16	&	4.376	&	1.593	&	11.47	&	2.041\\
3	&	2.846	&	4.566	&	25.5	&	31.32	&	2.51	&	29.12	&	0.3282	&	5.248	&	4.434	&	10.84\\
4	&	6.504	&	5.263	&	4.618	&	2.559	&	19.88	&	5.965	&	1.204	&	9.934	&	13.07	&	30.87\\
5	&	1.931	&	2.346	&	10.04	&	16.99	&	8.494	&	29.59	&	3.173	&	1.781	&	12.77	&	8.163\\
6	&	5.285	&	0.7609	&	3.012	&	0.5118	&	3.958	&	5.848	&	83.81	&	0	&	1.223	&	0.1276\\
7	&	1.321	&	1.776	&	8.233	&	8.7	&	11.68	&	2.456	&	0	&	44.8	&	4.587	&	23.09\\
8	&	12.2	&	8.053	&	7.028	&	6.244	&	9.942	&	7.953	&	2.298	&	2.343	&	27.91	&	6.25\\
9	&	0.7114	&	1.522	&	2.209	&	2.764	&	34.94	&	4.561	&	0	&	33.55	&	5.275	&	14.29\\
correct: 42.78%
k: 47
	&	0	&	1	&	2	&	3	&	4	&	5	&	6	&	7	&	8	&	9\\
0	&	60.99	&	0.9615	&	2.621	&	3.988	&	2.532	&	1.394	&	4.486	&	0.3714	&	15.31	&	3.069\\
1	&	1.21	&	65.58	&	1.815	&	0.9202	&	1.168	&	0.9292	&	0.4376	&	0.4643	&	3.427	&	1.023\\
2	&	7.056	&	10	&	35.89	&	25.87	&	5.063	&	11.85	&	4.267	&	1.671	&	11.2	&	2.174\\
3	&	2.823	&	4.167	&	25	&	31.8	&	2.434	&	29.38	&	0.3282	&	5.385	&	4.494	&	10.74\\
4	&	6.552	&	5.064	&	4.435	&	2.352	&	20.84	&	5.807	&	1.204	&	9.935	&	13.25	&	30.31\\
5	&	1.915	&	2.244	&	9.677	&	17.08	&	8.277	&	30.08	&	3.063	&	1.764	&	12.95	&	7.928\\
6	&	5.242	&	0.8333	&	3.024	&	0.5112	&	3.797	&	5.807	&	83.92	&	0	&	1.219	&	0.1279\\
7	&	1.31	&	1.795	&	7.661	&	8.589	&	11.59	&	2.439	&	0	&	44.66	&	4.874	&	23.02\\
8	&	12.2	&	7.692	&	7.661	&	6.135	&	9.64	&	7.898	&	2.298	&	2.414	&	28.33	&	6.266\\
9	&	0.7056	&	1.667	&	2.218	&	2.761	&	34.66	&	4.413	&	0	&	33.33	&	4.95	&	15.35\\
correct: 43.3%
k: 46
	&	0	&	1	&	2	&	3	&	4	&	5	&	6	&	7	&	8	&	9\\
0	&	61.48	&	0.9044	&	2.419	&	3.971	&	2.685	&	1.157	&	4.3	&	0.3717	&	15.3	&	2.692\\
1	&	1.204	&	66.21	&	1.815	&	0.9165	&	1.055	&	0.9259	&	0.441	&	0.4647	&	3.366	&	1.026\\
2	&	6.52	&	9.884	&	37.3	&	25.97	&	4.89	&	12.15	&	4.19	&	1.766	&	11.09	&	2.051\\
3	&	3.109	&	4.07	&	24.19	&	31.98	&	2.876	&	29.05	&	0.3308	&	5.112	&	4.667	&	10.51\\
4	&	6.319	&	4.91	&	4.435	&	2.24	&	21.19	&	5.903	&	1.103	&	9.944	&	13.08	&	30.64\\
5	&	2.006	&	2.196	&	9.677	&	17.01	&	7.862	&	31.02	&	2.867	&	1.766	&	12.85	&	7.692\\
6	&	5.216	&	0.8398	&	3.024	&	0.5092	&	3.835	&	5.556	&	84.79	&	0	&	1.148	&	0.1282\\
7	&	1.304	&	1.615	&	7.863	&	8.554	&	11.51	&	2.315	&	0	&	45.26	&	4.744	&	22.82\\
8	&	12.24	&	7.817	&	7.056	&	6.008	&	10.26	&	7.523	&	1.985	&	2.23	&	28.62	&	6.282\\
9	&	0.6018	&	1.55	&	2.218	&	2.851	&	33.84	&	4.398	&	0	&	33.09	&	5.126	&	16.15\\
correct: 43.82%
k: 45
	&	0	&	1	&	2	&	3	&	4	&	5	&	6	&	7	&	8	&	9\\
0	&	62.24	&	0.8371	&	2.213	&	4.247	&	2.591	&	0.9467	&	4.29	&	0.3714	&	15.18	&	2.528\\
1	&	1.309	&	66.07	&	2.012	&	0.8089	&	1.056	&	0.9467	&	0.33	&	0.4643	&	3.298	&	1.011\\
2	&	6.747	&	10.05	&	38.03	&	25.58	&	4.99	&	11.72	&	4.07	&	1.764	&	10.97	&	2.149\\
3	&	2.82	&	3.863	&	23.94	&	32.36	&	2.975	&	29.47	&	0.44	&	5.107	&	4.601	&	10.62\\
4	&	6.143	&	5.087	&	4.427	&	2.022	&	21.69	&	5.68	&	1.1	&	10.21	&	12.58	&	30.59\\
5	&	1.813	&	2.254	&	9.256	&	17.29	&	7.486	&	31.48	&	2.64	&	1.764	&	13.27	&	7.838\\
6	&	5.136	&	0.8371	&	2.817	&	0.5056	&	3.839	&	5.68	&	84.93	&	0	&	1.074	&	0.1264\\
7	&	1.309	&	1.674	&	7.243	&	8.392	&	11.42	&	2.249	&	0	&	45.59	&	4.831	&	22.5\\
8	&	11.88	&	7.856	&	7.243	&	5.966	&	9.981	&	7.574	&	2.2	&	2.228	&	29.06	&	6.068\\
9	&	0.6042	&	1.481	&	2.817	&	2.831	&	33.97	&	4.26	&	0	&	32.5	&	5.138	&	16.56\\
correct: 44.18%
k: 44
	&	0	&	1	&	2	&	3	&	4	&	5	&	6	&	7	&	8	&	9\\
0	&	62.16	&	0.8398	&	1.965	&	3.935	&	2.586	&	0.9401	&	4.52	&	0.3724	&	15.46	&	2.387\\
1	&	1.301	&	66.41	&	1.965	&	0.8073	&	1.245	&	0.8226	&	0.3308	&	0.3724	&	3.279	&	0.8794\\
2	&	6.607	&	9.884	&	39.1	&	25.43	&	4.789	&	11.75	&	3.969	&	1.769	&	10.93	&	2.136\\
3	&	2.803	&	4.005	&	23.38	&	32.8	&	2.874	&	29.38	&	0.3308	&	5.028	&	4.606	&	10.05\\
4	&	6.006	&	5.168	&	4.322	&	2.119	&	22.32	&	5.405	&	1.103	&	10.15	&	12.02	&	31.03\\
5	&	1.902	&	2.067	&	8.841	&	17.26	&	7.567	&	32.08	&	2.646	&	1.583	&	13.43	&	7.538\\
6	&	5.205	&	0.8398	&	3.143	&	0.5045	&	3.64	&	5.405	&	85.12	&	0	&	1.171	&	0.1256\\
7	&	1.201	&	1.615	&	7.269	&	8.476	&	11.69	&	2.233	&	0	&	45.53	&	4.684	&	22.61\\
8	&	12.21	&	7.623	&	7.269	&	5.853	&	9.866	&	7.638	&	1.985	&	2.235	&	29.51	&	6.407\\
9	&	0.6006	&	1.55	&	2.75	&	2.825	&	33.43	&	4.348	&	0	&	32.96	&	4.918	&	16.83\\
correct: 44.52%
k: 43
	&	0	&	1	&	2	&	3	&	4	&	5	&	6	&	7	&	8	&	9\\
0	&	62.54	&	0.7807	&	1.992	&	3.912	&	2.616	&	0.9479	&	4.6	&	0.3717	&	15.08	&	2.005\\
1	&	1.099	&	66.82	&	2.191	&	0.8024	&	1.163	&	0.8294	&	0.3286	&	0.3717	&	3.385	&	1.003\\
2	&	6.593	&	9.564	&	40.44	&	25.48	&	4.36	&	11.26	&	4.381	&	1.952	&	11	&	2.256\\
3	&	2.797	&	4.034	&	23.31	&	32.8	&	2.907	&	29.5	&	0.3286	&	4.926	&	4.923	&	9.649\\
4	&	6.194	&	5.14	&	3.984	&	2.207	&	22.38	&	5.45	&	1.095	&	10.13	&	12.15	&	30.7\\
5	&	1.698	&	2.082	&	7.769	&	17.55	&	7.849	&	32.35	&	2.738	&	1.58	&	13.31	&	7.519\\
6	&	5.295	&	0.7807	&	2.988	&	0.5015	&	3.682	&	5.45	&	84.67	&	0	&	1.154	&	0.1253\\
7	&	1.099	&	1.692	&	7.371	&	8.325	&	11.63	&	2.133	&	0	&	46.19	&	4.462	&	22.31\\
8	&	12.09	&	7.547	&	7.371	&	5.517	&	9.593	&	7.701	&	1.862	&	2.23	&	29.77	&	6.642\\
9	&	0.5994	&	1.561	&	2.59	&	2.909	&	33.82	&	4.384	&	0	&	32.25	&	4.769	&	17.79\\
correct: 44.86%
k: 42
	&	0	&	1	&	2	&	3	&	4	&	5	&	6	&	7	&	8	&	9\\
0	&	63.3	&	0.7175	&	1.793	&	3.327	&	2.984	&	0.9467	&	4.61	&	0.278	&	14.76	&	2.256\\
1	&	1.1	&	67.06	&	1.992	&	0.8065	&	1.155	&	0.9467	&	0.3293	&	0.278	&	3.382	&	1.003\\
2	&	6.6	&	9.393	&	41.04	&	25.81	&	4.62	&	10.89	&	4.171	&	2.039	&	11.07	&	2.005\\
3	&	2.8	&	3.718	&	23.11	&	33.77	&	2.887	&	29.23	&	0.3293	&	5.005	&	5.073	&	9.273\\
4	&	5.7	&	5.284	&	4.183	&	2.016	&	22.81	&	5.207	&	1.098	&	10.1	&	12.14	&	30.7\\
5	&	1.8	&	2.087	&	7.769	&	17.44	&	7.7	&	33.14	&	2.854	&	1.576	&	12.99	&	7.268\\
6	&	5.3	&	0.7828	&	2.988	&	0.504	&	3.657	&	5.207	&	84.85	&	0	&	1.307	&	0.1253\\
7	&	0.9	&	1.761	&	7.371	&	8.065	&	11.65	&	2.249	&	0	&	46.43	&	4.458	&	22.06\\
8	&	12	&	7.828	&	7.171	&	5.444	&	9.24	&	7.574	&	1.756	&	2.224	&	30.05	&	6.642\\
9	&	0.5	&	1.37	&	2.59	&	2.823	&	33.3	&	4.615	&	0	&	32.07	&	4.766	&	18.67\\
correct: 45.33%
k: 41
	&	0	&	1	&	2	&	3	&	4	&	5	&	6	&	7	&	8	&	9\\
0	&	63.65	&	0.7223	&	1.765	&	3.386	&	3.004	&	0.965	&	4.525	&	0.2732	&	14.36	&	2.01\\
1	&	1.192	&	67.56	&	1.373	&	0.8964	&	1.26	&	0.965	&	0.3311	&	0.3643	&	3.243	&	1.005\\
2	&	6.356	&	9.389	&	42.35	&	25.5	&	4.36	&	10.62	&	4.084	&	2.095	&	11.12	&	2.01\\
3	&	2.781	&	3.743	&	23.73	&	34.46	&	2.81	&	28.71	&	0.2208	&	4.554	&	5.097	&	9.171\\
4	&	5.859	&	5.318	&	3.922	&	2.092	&	23.06	&	5.066	&	1.104	&	10.2	&	12.05	&	30.53\\
5	&	1.887	&	1.904	&	7.451	&	17.13	&	7.946	&	33.9	&	2.87	&	1.73	&	12.9	&	7.412\\
6	&	5.263	&	0.7879	&	2.941	&	0.498	&	3.682	&	5.428	&	85.32	&	0	&	1.236	&	0.1256\\
7	&	0.8937	&	1.707	&	7.059	&	7.968	&	11.43	&	2.051	&	0	&	46.9	&	4.093	&	21.86\\
8	&	11.62	&	7.551	&	6.863	&	5.279	&	9.109	&	7.841	&	1.545	&	2.459	&	31.04	&	6.533\\
9	&	0.4965	&	1.313	&	2.549	&	2.789	&	33.33	&	4.463	&	0	&	31.42	&	4.865	&	19.35\\
correct: 45.95%
k: 40
	&	0	&	1	&	2	&	3	&	4	&	5	&	6	&	7	&	8	&	9\\
0	&	64.31	&	0.5921	&	2.144	&	3.293	&	2.901	&	0.9558	&	4.52	&	0.2725	&	14.31	&	2.008\\
1	&	1.196	&	67.7	&	1.559	&	0.8982	&	1.161	&	0.9558	&	0.3308	&	0.4541	&	3.266	&	0.8783\\
2	&	6.181	&	9.276	&	43.27	&	25.45	&	4.255	&	10.75	&	3.969	&	2.18	&	11.04	&	2.008\\
3	&	2.692	&	3.684	&	23.39	&	35.13	&	2.611	&	28.55	&	0.2205	&	4.632	&	5.132	&	8.783\\
4	&	5.683	&	5.526	&	3.704	&	1.996	&	23.89	&	4.898	&	0.9923	&	10.17	&	11.51	&	30.74\\
5	&	1.795	&	1.974	&	6.238	&	17.27	&	7.93	&	34.17	&	2.977	&	1.635	&	13.37	&	6.775\\
6	&	5.184	&	0.7237	&	2.924	&	0.499	&	3.675	&	5.376	&	85.45	&	0	&	1.244	&	0.1255\\
7	&	0.8973	&	1.645	&	7.407	&	7.784	&	11.22	&	1.792	&	0	&	46.78	&	4.121	&	22.46\\
8	&	11.67	&	7.237	&	7.018	&	5.19	&	9.188	&	8.244	&	1.544	&	2.452	&	31.49	&	6.148\\
9	&	0.3988	&	1.645	&	2.339	&	2.495	&	33.17	&	4.301	&	0	&	31.43	&	4.51	&	20.08\\
correct: 46.36%
k: 39
	&	0	&	1	&	2	&	3	&	4	&	5	&	6	&	7	&	8	&	9\\
0	&	64.23	&	0.5274	&	2.124	&	2.92	&	3.162	&	0.8294	&	4.51	&	0.2717	&	14.29	&	1.975\\
1	&	1.186	&	68.03	&	1.544	&	0.6042	&	1.087	&	1.066	&	0.33	&	0.4529	&	3.279	&	0.8642\\
2	&	6.028	&	9.031	&	44.59	&	25.48	&	4.15	&	10.78	&	3.96	&	2.264	&	10.93	&	1.975\\
3	&	2.668	&	3.823	&	22.97	&	35.95	&	2.767	&	27.73	&	0.22	&	4.529	&	4.996	&	8.765\\
4	&	5.632	&	5.471	&	3.668	&	2.014	&	24.9	&	4.858	&	0.9901	&	9.783	&	11.24	&	30.74\\
5	&	2.174	&	1.846	&	6.178	&	16.92	&	7.213	&	34.83	&	2.75	&	1.721	&	13.51	&	7.16\\
6	&	5.336	&	0.7251	&	2.896	&	0.5035	&	3.36	&	5.332	&	85.59	&	0	&	1.171	&	0.1235\\
7	&	0.8893	&	1.648	&	6.95	&	7.855	&	11.07	&	1.896	&	0	&	47.28	&	4.137	&	21.85\\
8	&	11.46	&	7.251	&	7.143	&	5.136	&	8.992	&	8.294	&	1.65	&	2.264	&	32.08	&	5.926\\
9	&	0.3953	&	1.648	&	1.931	&	2.618	&	33.3	&	4.384	&	0	&	31.43	&	4.372	&	20.62\\
correct: 46.94%
k: 38
	&	0	&	1	&	2	&	3	&	4	&	5	&	6	&	7	&	8	&	9\\
0	&	64.52	&	0.4633	&	2.095	&	2.906	&	3.424	&	1.063	&	4.396	&	0.2705	&	13.48	&	1.963\\
1	&	1.173	&	68.43	&	1.524	&	0.501	&	1.208	&	0.9445	&	0.3297	&	0.4509	&	3.231	&	0.8589\\
2	&	5.865	&	8.802	&	45.71	&	25.15	&	4.028	&	10.86	&	3.846	&	2.435	&	11.03	&	1.718\\
3	&	2.737	&	3.64	&	22.1	&	36.37	&	2.719	&	27.27	&	0.1099	&	4.509	&	5.437	&	8.589\\
4	&	5.767	&	5.493	&	3.429	&	2.004	&	25.68	&	4.723	&	0.989	&	9.468	&	11.11	&	30.92\\
5	&	2.151	&	1.853	&	6.286	&	16.63	&	6.747	&	35.18	&	3.077	&	1.803	&	13.71	&	6.871\\
6	&	5.083	&	0.728	&	3.048	&	0.7014	&	3.021	&	5.195	&	85.71	&	0	&	1.34	&	0.1227\\
7	&	0.8798	&	1.588	&	7.238	&	7.816	&	11.28	&	2.125	&	0	&	47.25	&	3.861	&	21.6\\
8	&	11.44	&	7.412	&	6.667	&	5.21	&	8.761	&	8.383	&	1.538	&	2.344	&	32.55	&	5.767\\
9	&	0.391	&	1.588	&	1.905	&	2.705	&	33.13	&	4.25	&	0	&	31.47	&	4.255	&	21.6\\
correct: 47.43%
k: 37
	&	0	&	1	&	2	&	3	&	4	&	5	&	6	&	7	&	8	&	9\\
0	&	65.08	&	0.3981	&	2.087	&	2.727	&	3.48	&	0.8363	&	4.376	&	0.2679	&	12.97	&	1.939\\
1	&	1.164	&	68.68	&	1.518	&	0.6061	&	1.024	&	0.9558	&	0.547	&	0.4464	&	3.066	&	0.8485\\
2	&	5.529	&	8.892	&	46.68	&	25.15	&	4.299	&	10.39	&	3.829	&	2.411	&	11.08	&	1.697\\
3	&	2.813	&	3.583	&	21.44	&	36.87	&	2.559	&	27.48	&	0.1094	&	4.643	&	5.582	&	8.485\\
4	&	5.82	&	5.375	&	3.605	&	1.818	&	26.61	&	4.301	&	0.8753	&	9.464	&	11.24	&	30.42\\
5	&	1.94	&	1.792	&	6.072	&	16.57	&	6.755	&	36.2	&	3.173	&	1.875	&	13.84	&	6.545\\
6	&	4.85	&	0.7299	&	3.036	&	0.7071	&	3.071	&	5.257	&	85.67	&	0	&	1.258	&	0.1212\\
7	&	0.7759	&	1.593	&	7.59	&	7.374	&	11.16	&	2.151	&	0	&	47.59	&	3.852	&	21.09\\
8	&	11.45	&	7.366	&	6.262	&	5.455	&	8.393	&	8.124	&	1.422	&	2.5	&	33.02	&	5.697\\
9	&	0.582	&	1.593	&	1.708	&	2.727	&	32.65	&	4.301	&	0	&	30.8	&	4.088	&	23.15\\
correct: 48.07%
k: 36
	&	0	&	1	&	2	&	3	&	4	&	5	&	6	&	7	&	8	&	9\\
0	&	65.15	&	0.3351	&	2.23	&	2.714	&	3.179	&	0.8323	&	4.158	&	0.1803	&	13.03	&	2.058\\
1	&	1.158	&	69.57	&	1.487	&	0.603	&	0.8205	&	0.9512	&	0.4376	&	0.541	&	2.983	&	0.8475\\
2	&	5.792	&	8.311	&	47.4	&	25.53	&	4.205	&	9.75	&	3.72	&	2.254	&	11.38	&	1.453\\
3	&	2.703	&	3.418	&	21.38	&	37.09	&	2.462	&	27.47	&	0	&	4.599	&	5.573	&	8.475\\
4	&	5.405	&	5.496	&	3.532	&	1.709	&	27.79	&	4.162	&	0.8753	&	9.197	&	11.38	&	29.9\\
5	&	2.124	&	1.609	&	5.948	&	16.48	&	6.462	&	37.34	&	3.173	&	1.803	&	13.34	&	6.538\\
6	&	4.73	&	0.6702	&	3.16	&	0.7035	&	3.077	&	4.875	&	86.11	&	0	&	1.256	&	0.1211\\
7	&	0.7722	&	1.475	&	7.063	&	7.337	&	11.08	&	2.259	&	0	&	48.69	&	3.689	&	20.94\\
8	&	11.58	&	7.44	&	5.762	&	5.226	&	8.308	&	7.967	&	1.532	&	2.344	&	33.36	&	5.69\\
9	&	0.5792	&	1.676	&	2.045	&	2.613	&	32.62	&	4.4	&	0	&	30.39	&	4.003	&	23.97\\
correct: 48.72%
k: 35
	&	0	&	1	&	2	&	3	&	4	&	5	&	6	&	7	&	8	&	9\\
0	&	66.37	&	0.2701	&	2.416	&	2.6	&	3.32	&	0.7067	&	3.939	&	0.1794	&	12.87	&	1.907\\
1	&	0.9747	&	70.29	&	1.487	&	0.6	&	0.8299	&	0.9423	&	0.3282	&	0.5381	&	2.983	&	0.8343\\
2	&	6.043	&	8.103	&	49.07	&	25.4	&	3.942	&	9.187	&	3.72	&	2.332	&	11.3	&	1.43\\
3	&	2.437	&	3.376	&	20.82	&	37.8	&	2.593	&	27.21	&	0	&	4.574	&	5.416	&	8.224\\
4	&	5.166	&	5.402	&	3.532	&	1.5	&	28.63	&	4.24	&	0.7659	&	8.879	&	11.38	&	30.04\\
5	&	1.852	&	1.621	&	5.39	&	16.6	&	6.017	&	37.93	&	3.063	&	1.883	&	13.19	&	6.794\\
6	&	4.483	&	0.6077	&	2.788	&	0.8	&	3.216	&	4.947	&	86.54	&	0	&	1.177	&	0.1192\\
7	&	0.7797	&	1.418	&	7.063	&	7.2	&	10.37	&	2.238	&	0	&	48.97	&	3.846	&	20.86\\
8	&	11.31	&	7.427	&	5.39	&	5.1	&	8.506	&	8.009	&	1.641	&	2.332	&	33.91	&	5.364\\
9	&	0.5848	&	1.485	&	2.045	&	2.4	&	32.57	&	4.594	&	0	&	30.31	&	3.925	&	24.43\\
correct: 49.36%
k: 34
	&	0	&	1	&	2	&	3	&	4	&	5	&	6	&	7	&	8	&	9\\
0	&	67.09	&	0.271	&	2.015	&	2.465	&	3.122	&	0.8226	&	4.07	&	0.1789	&	12.83	&	1.763\\
1	&	0.9737	&	70.6	&	1.465	&	0.5917	&	0.7284	&	0.9401	&	0.33	&	0.6261	&	2.967	&	0.8226\\
2	&	5.94	&	7.927	&	50.73	&	25.05	&	4.058	&	8.813	&	3.19	&	2.415	&	11.31	&	1.41\\
3	&	2.434	&	3.184	&	20.7	&	37.87	&	2.497	&	26.67	&	0	&	4.651	&	5.373	&	8.343\\
4	&	4.966	&	5.352	&	3.114	&	1.479	&	30.07	&	4.23	&	0.7701	&	8.855	&	11.39	&	29.02\\
5	&	1.85	&	1.694	&	5.311	&	16.77	&	6.139	&	39.25	&	2.97	&	1.61	&	12.51	&	6.463\\
6	&	4.382	&	0.6098	&	2.747	&	0.8876	&	3.226	&	4.818	&	87.02	&	0	&	1.283	&	0.1175\\
7	&	0.6816	&	1.694	&	6.41	&	7.495	&	9.886	&	2.35	&	0	&	48.84	&	3.528	&	21.15\\
8	&	11.1	&	7.385	&	5.495	&	4.931	&	8.637	&	7.638	&	1.65	&	2.415	&	34.88	&	5.405\\
9	&	0.5842	&	1.287	&	2.015	&	2.465	&	31.63	&	4.465	&	0	&	30.41	&	3.929	&	25.5\\
correct: 50.04%
k: 33
	&	0	&	1	&	2	&	3	&	4	&	5	&	6	&	7	&	8	&	9\\
0	&	67.54	&	0.2719	&	1.802	&	2.25	&	3.445	&	0.4756	&	4.044	&	0.2669	&	12.59	&	1.773\\
1	&	0.8746	&	70.84	&	1.441	&	0.5871	&	0.6263	&	0.9512	&	0.5464	&	0.6228	&	3.148	&	0.591\\
2	&	5.928	&	7.818	&	52.43	&	25.34	&	3.967	&	8.561	&	3.06	&	2.135	&	10.65	&	1.418\\
3	&	2.527	&	3.467	&	19.46	&	38.45	&	2.505	&	26.4	&	0	&	4.626	&	5.327	&	8.038\\
4	&	4.956	&	4.963	&	2.883	&	1.468	&	30.79	&	4.043	&	0.8743	&	8.719	&	11.38	&	29.67\\
5	&	1.846	&	1.835	&	5.405	&	16.63	&	6.054	&	40.19	&	2.951	&	1.601	&	12.35	&	6.147\\
6	&	4.276	&	0.6118	&	2.883	&	0.8806	&	3.132	&	4.518	&	86.78	&	0	&	1.372	&	0.1182\\
7	&	0.6803	&	1.632	&	6.486	&	7.143	&	9.812	&	2.497	&	0	&	49.2	&	3.632	&	20.69\\
8	&	10.79	&	7.274	&	5.225	&	4.795	&	8.559	&	7.848	&	1.749	&	2.491	&	35.67	&	5.201\\
9	&	0.5831	&	1.292	&	1.982	&	2.446	&	31.11	&	4.518	&	0	&	30.34	&	3.874	&	26.36\\
correct: 50.66%
k: 32
	&	0	&	1	&	2	&	3	&	4	&	5	&	6	&	7	&	8	&	9\\
0	&	67.93	&	0.3432	&	1.933	&	2.17	&	3.115	&	0.5841	&	3.96	&	0.444	&	12.54	&	1.761\\
1	&	0.8772	&	71.59	&	1.582	&	0.6903	&	0.5192	&	0.9346	&	0.44	&	0.6217	&	3.094	&	0.5869\\
2	&	5.361	&	7.275	&	53.25	&	25.64	&	4.673	&	8.178	&	3.08	&	2.131	&	10.59	&	1.291\\
3	&	2.339	&	3.569	&	18.63	&	39.45	&	2.388	&	25.82	&	0	&	4.529	&	5.212	&	8.099\\
4	&	5.361	&	4.736	&	2.812	&	1.282	&	31.88	&	3.972	&	0.7701	&	8.881	&	11.16	&	28.64\\
5	&	1.559	&	1.784	&	5.272	&	16.37	&	5.815	&	40.89	&	2.53	&	1.421	&	12.54	&	6.455\\
6	&	4.386	&	0.6177	&	2.636	&	0.8876	&	2.908	&	4.673	&	87.57	&	0	&	1.221	&	0.1174\\
7	&	0.6823	&	1.441	&	6.327	&	7.101	&	9.761	&	2.336	&	0	&	49.29	&	3.664	&	20.89\\
8	&	10.82	&	7.344	&	5.624	&	4.438	&	8.307	&	8.061	&	1.65	&	2.575	&	36.24	&	4.812\\
9	&	0.6823	&	1.304	&	1.933	&	1.972	&	30.63	&	4.556	&	0	&	30.11	&	3.746	&	27.35\\
correct: 51.29%
k: 31
	&	0	&	1	&	2	&	3	&	4	&	5	&	6	&	7	&	8	&	9\\
0	&	68.74	&	0.4141	&	1.549	&	2.075	&	2.926	&	0.7059	&	3.825	&	0.4421	&	12.21	&	1.647\\
1	&	0.779	&	72.05	&	1.377	&	0.7905	&	0.418	&	0.9412	&	0.4372	&	0.6189	&	3.176	&	0.5882\\
2	&	5.258	&	7.177	&	54.39	&	25.1	&	4.389	&	8.118	&	2.951	&	2.122	&	10.67	&	1.294\\
3	&	2.24	&	3.727	&	18.76	&	40.12	&	2.194	&	26.12	&	0.1093	&	4.332	&	4.886	&	7.647\\
4	&	5.453	&	4.279	&	3.27	&	1.186	&	32.81	&	3.882	&	0.6557	&	8.93	&	11.16	&	28.47\\
5	&	1.753	&	1.725	&	5.336	&	16.6	&	5.643	&	41.41	&	2.732	&	1.592	&	12.21	&	6\\
6	&	4.187	&	0.6211	&	2.41	&	0.8893	&	2.821	&	4.706	&	87.43	&	0	&	1.221	&	0.1176\\
7	&	0.779	&	1.518	&	5.68	&	7.016	&	9.195	&	2.353	&	0	&	49.78	&	3.664	&	20.94\\
8	&	10.13	&	7.177	&	5.336	&	4.249	&	9.195	&	7.412	&	1.858	&	2.564	&	37.13	&	4.588\\
9	&	0.6816	&	1.311	&	1.893	&	1.976	&	30.41	&	4.353	&	0	&	29.62	&	3.664	&	28.71\\
correct: 52.01%
k: 30
	&	0	&	1	&	2	&	3	&	4	&	5	&	6	&	7	&	8	&	9\\
0	&	68.59	&	0.4152	&	1.531	&	1.892	&	2.866	&	0.7075	&	3.614	&	0.3565	&	11.96	&	1.728\\
1	&	0.8646	&	72.32	&	1.19	&	0.5976	&	0.5308	&	0.9434	&	0.4381	&	0.5348	&	3.173	&	0.6912\\
2	&	5.283	&	7.197	&	55.78	&	25	&	4.671	&	7.547	&	2.629	&	1.872	&	10.58	&	1.267\\
3	&	2.113	&	3.737	&	18.2	&	40.94	&	1.911	&	25.35	&	0.1095	&	4.456	&	5.452	&	7.488\\
4	&	5.572	&	4.083	&	3.061	&	1.295	&	34.08	&	3.892	&	0.6572	&	8.913	&	10.58	&	28.11\\
5	&	1.729	&	1.869	&	5.612	&	16.14	&	5.308	&	43.04	&	2.848	&	1.426	&	11.8	&	5.76\\
6	&	4.131	&	0.6228	&	2.551	&	0.7968	&	2.866	&	4.245	&	87.95	&	0	&	1.383	&	0\\
7	&	0.7685	&	1.522	&	5.442	&	7.072	&	8.705	&	2.358	&	0	&	49.91	&	3.743	&	21.54\\
8	&	10.28	&	6.92	&	4.932	&	4.084	&	9.13	&	7.665	&	1.752	&	2.496	&	37.59	&	4.608\\
9	&	0.6724	&	1.315	&	1.701	&	2.191	&	29.94	&	4.245	&	0	&	30.04	&	3.743	&	28.8\\
correct: 52.59%
k: 29
	&	0	&	1	&	2	&	3	&	4	&	5	&	6	&	7	&	8	&	9\\
0	&	69.27	&	0.4878	&	1.505	&	1.768	&	2.473	&	0.9357	&	3.618	&	0.3578	&	11.82	&	1.708\\
1	&	0.6744	&	72.89	&	1.171	&	0.5894	&	0.5376	&	1.053	&	0.4386	&	0.5367	&	3.202	&	0.6834\\
2	&	5.106	&	6.969	&	57.19	&	24.26	&	4.624	&	7.836	&	2.522	&	1.968	&	10.1	&	1.367\\
3	&	2.408	&	3.554	&	17.73	&	42.04	&	1.828	&	24.8	&	0.1096	&	4.114	&	4.844	&	7.403\\
4	&	5.491	&	3.763	&	3.01	&	1.375	&	34.52	&	3.509	&	0.7675	&	8.766	&	11	&	28.36\\
5	&	1.638	&	1.672	&	5.686	&	16.5	&	5.269	&	43.39	&	2.632	&	1.342	&	11.66	&	5.467\\
6	&	4.046	&	0.6272	&	2.341	&	0.6876	&	3.011	&	3.977	&	88.38	&	0	&	1.478	&	0\\
7	&	0.6744	&	1.463	&	5.184	&	6.974	&	8.925	&	2.456	&	0	&	50.81	&	3.777	&	20.5\\
8	&	10.12	&	7.108	&	4.682	&	3.733	&	9.355	&	7.485	&	1.535	&	2.057	&	38.67	&	4.784\\
9	&	0.578	&	1.463	&	1.505	&	2.063	&	29.46	&	4.561	&	0	&	30.05	&	3.448	&	29.73\\
correct: 53.33%
k: 28
	&	0	&	1	&	2	&	3	&	4	&	5	&	6	&	7	&	8	&	9\\
0	&	69.66	&	0.5559	&	1.639	&	1.677	&	2.241	&	1.054	&	3.282	&	0.2705	&	11.62	&	1.479\\
1	&	0.7634	&	72.97	&	1.148	&	0.4931	&	0.4269	&	1.054	&	0.547	&	0.541	&	2.843	&	0.7964\\
2	&	4.866	&	6.949	&	58.03	&	24.36	&	4.482	&	7.611	&	2.626	&	1.713	&	9.866	&	1.365\\
3	&	2.385	&	3.753	&	16.89	&	43	&	1.814	&	24.47	&	0.1094	&	4.148	&	4.431	&	7.509\\
4	&	5.916	&	3.683	&	2.951	&	1.183	&	35.65	&	3.162	&	0.7659	&	8.747	&	10.87	&	27.53\\
5	&	1.622	&	1.876	&	5.574	&	16.27	&	5.55	&	44.61	&	2.626	&	1.443	&	11.12	&	4.892\\
6	&	3.817	&	0.6254	&	2.459	&	0.6903	&	2.988	&	3.981	&	88.29	&	0	&	1.505	&	0\\
7	&	0.7634	&	1.39	&	5.246	&	6.706	&	8.965	&	1.991	&	0	&	51.31	&	4.013	&	20.71\\
8	&	9.733	&	6.81	&	4.59	&	3.55	&	9.392	&	7.377	&	1.751	&	1.713	&	40.22	&	4.892\\
9	&	0.4771	&	1.39	&	1.475	&	2.071	&	28.5	&	4.684	&	0	&	30.12	&	3.512	&	30.83\\
correct: 54.13%
k: 27
	&	0	&	1	&	2	&	3	&	4	&	5	&	6	&	7	&	8	&	9\\
0	&	70.18	&	0.5594	&	1.618	&	1.482	&	2.253	&	0.692	&	2.957	&	0.2705	&	11.05	&	1.494\\
1	&	0.7526	&	73.43	&	1.456	&	0.4941	&	0.4292	&	1.038	&	0.5476	&	0.541	&	2.698	&	0.8046\\
2	&	4.892	&	6.853	&	60.36	&	23.52	&	4.185	&	7.266	&	2.629	&	1.533	&	9.781	&	1.379\\
3	&	2.352	&	3.357	&	16.18	&	43.97	&	1.717	&	24.57	&	0.1095	&	4.418	&	4.216	&	7.241\\
4	&	5.833	&	3.776	&	2.913	&	1.087	&	36.16	&	3.23	&	0.8762	&	8.656	&	11.13	&	27.13\\
5	&	1.599	&	1.818	&	5.34	&	16.21	&	5.579	&	45.79	&	2.519	&	1.353	&	10.37	&	4.828\\
6	&	3.763	&	0.7692	&	2.265	&	0.5929	&	2.682	&	3.806	&	88.72	&	0	&	1.602	&	0\\
7	&	0.6585	&	1.329	&	4.531	&	7.213	&	9.013	&	1.961	&	0	&	51.67	&	4.132	&	20.46\\
8	&	9.501	&	6.783	&	3.883	&	3.557	&	9.871	&	7.497	&	1.643	&	1.533	&	41.4	&	4.138\\
9	&	0.4704	&	1.329	&	1.456	&	1.877	&	28.11	&	4.152	&	0	&	30.03	&	3.626	&	32.53\\
correct: 55.05%
k: 26
	&	0	&	1	&	2	&	3	&	4	&	5	&	6	&	7	&	8	&	9\\
0	&	70.16	&	0.6259	&	1.61	&	1.494	&	2.157	&	0.6865	&	2.948	&	0.2727	&	10.93	&	1.364\\
1	&	0.8419	&	73.09	&	1.449	&	0.5976	&	0.6472	&	1.03	&	0.5459	&	0.4545	&	2.477	&	0.6818\\
2	&	4.771	&	6.815	&	62.32	&	22.51	&	3.991	&	7.666	&	2.511	&	1.727	&	9.735	&	1.136\\
3	&	2.432	&	3.408	&	15.62	&	44.92	&	1.51	&	24.26	&	0.1092	&	4.364	&	3.928	&	7.5\\
4	&	5.987	&	3.686	&	2.738	&	1.096	&	37.76	&	2.975	&	0.8734	&	8.273	&	10.93	&	26.59\\
5	&	1.59	&	1.878	&	4.831	&	16.24	&	4.962	&	46.45	&	2.511	&	1.636	&	10.33	&	4.659\\
6	&	3.742	&	0.765	&	2.093	&	0.498	&	2.697	&	3.661	&	88.86	&	0	&	1.537	&	0\\
7	&	0.7484	&	1.321	&	3.865	&	7.371	&	8.954	&	1.831	&	0	&	52	&	4.27	&	20.68\\
8	&	9.355	&	7.093	&	4.026	&	3.486	&	9.601	&	7.208	&	1.638	&	1.545	&	42.19	&	3.864\\
9	&	0.3742	&	1.321	&	1.449	&	1.793	&	27.72	&	4.233	&	0	&	29.73	&	3.672	&	33.52\\
correct: 55.7%
k: 25
	&	0	&	1	&	2	&	3	&	4	&	5	&	6	&	7	&	8	&	9\\
0	&	70.91	&	0.6298	&	1.92	&	1.497	&	1.952	&	0.4582	&	2.629	&	0.2717	&	10.76	&	1.233\\
1	&	0.7484	&	73.69	&	1.6	&	0.5988	&	0.4338	&	1.031	&	0.5476	&	0.4529	&	2.391	&	0.7848\\
2	&	4.397	&	6.508	&	63.84	&	22.16	&	3.905	&	7.675	&	2.519	&	1.63	&	10.08	&	1.009\\
3	&	2.526	&	3.429	&	14.72	&	45.51	&	1.735	&	24.17	&	0.1095	&	4.438	&	3.928	&	7.063\\
4	&	5.987	&	3.569	&	2.4	&	0.998	&	38.61	&	2.864	&	0.8762	&	7.971	&	10.5	&	27.13\\
5	&	1.31	&	1.889	&	5.12	&	16.17	&	5.531	&	47.19	&	2.3	&	1.359	&	10.08	&	4.484\\
6	&	3.835	&	0.7698	&	1.92	&	0.499	&	2.603	&	3.436	&	89.38	&	0	&	1.623	&	0\\
7	&	0.7484	&	1.26	&	3.52	&	7.285	&	8.46	&	1.947	&	0	&	52.72	&	4.27	&	20.18\\
8	&	9.167	&	6.928	&	3.52	&	3.393	&	9.436	&	7.102	&	1.643	&	1.449	&	43.04	&	4.148\\
9	&	0.3742	&	1.33	&	1.44	&	1.896	&	27.33	&	4.124	&	0	&	29.71	&	3.33	&	33.97\\
correct: 56.39%
k: 24
	&	0	&	1	&	2	&	3	&	4	&	5	&	6	&	7	&	8	&	9\\
0	&	71.27	&	0.5618	&	1.732	&	1.202	&	2.278	&	0.3417	&	2.935	&	0.1843	&	10.87	&	1.3\\
1	&	0.939	&	74.09	&	1.26	&	0.6012	&	0.4338	&	0.9112	&	0.6522	&	0.3687	&	2.261	&	0.8667\\
2	&	3.944	&	6.39	&	64.88	&	21.64	&	3.579	&	7.403	&	2.717	&	1.935	&	10.17	&	1.083\\
3	&	2.441	&	3.23	&	14.65	&	46.69	&	1.844	&	23.58	&	0.1087	&	4.24	&	4.174	&	6.501\\
4	&	5.822	&	3.441	&	2.52	&	1.102	&	40.56	&	2.733	&	0.8696	&	7.926	&	9.913	&	25.79\\
5	&	1.221	&	1.896	&	5.039	&	15.93	&	5.098	&	48.63	&	2.283	&	1.198	&	9.739	&	4.442\\
6	&	3.85	&	0.7725	&	1.89	&	0.501	&	2.386	&	3.531	&	88.91	&	0	&	1.565	&	0\\
7	&	0.7512	&	1.264	&	3.465	&	7.114	&	8.46	&	1.822	&	0	&	53.64	&	3.913	&	20.37\\
8	&	9.39	&	6.882	&	3.307	&	3.307	&	9.219	&	6.948	&	1.522	&	1.382	&	44.09	&	4.334\\
9	&	0.3756	&	1.475	&	1.26	&	1.904	&	26.14	&	4.1	&	0	&	29.12	&	3.304	&	35.32\\
correct: 57.26%
k: 23
	&	0	&	1	&	2	&	3	&	4	&	5	&	6	&	7	&	8	&	9\\
0	&	71.97	&	0.6289	&	1.538	&	1.295	&	2.215	&	0.2307	&	2.922	&	0.2745	&	10.58	&	1.086\\
1	&	0.8467	&	73.93	&	1.077	&	0.5976	&	0.443	&	0.9227	&	0.7576	&	0.2745	&	2.185	&	0.8686\\
2	&	4.045	&	6.15	&	66.46	&	21.12	&	3.212	&	6.92	&	2.706	&	2.013	&	9.79	&	0.9772\\
3	&	2.258	&	3.215	&	13.54	&	47.31	&	1.44	&	23.07	&	0.1082	&	4.392	&	4.633	&	6.732\\
4	&	5.456	&	3.843	&	2.154	&	1.195	&	42.41	&	2.537	&	0.7576	&	7.411	&	10.14	&	25.41\\
5	&	1.317	&	1.957	&	4.923	&	15.74	&	5.094	&	49.94	&	2.273	&	1.281	&	9.353	&	4.235\\
6	&	3.481	&	0.7687	&	1.846	&	0.498	&	2.436	&	3.46	&	88.96	&	0	&	1.661	&	0\\
7	&	0.7526	&	1.258	&	4.154	&	6.773	&	7.973	&	1.845	&	0	&	54.53	&	3.497	&	19.87\\
8	&	9.501	&	6.709	&	3.077	&	3.486	&	9.192	&	6.92	&	1.515	&	1.281	&	44.84	&	4.126\\
9	&	0.3763	&	1.537	&	1.231	&	1.992	&	25.58	&	4.152	&	0	&	28.55	&	3.322	&	36.7\\
correct: 58.15%
k: 22
	&	0	&	1	&	2	&	3	&	4	&	5	&	6	&	7	&	8	&	9\\
0	&	72.32	&	0.5662	&	1.374	&	1.189	&	2.193	&	0.2304	&	3.024	&	0.2799	&	9.85	&	1.07\\
1	&	0.6524	&	75.23	&	0.916	&	0.5946	&	0.4386	&	1.037	&	0.8639	&	0.2799	&	1.935	&	0.7487\\
2	&	3.914	&	5.874	&	67.79	&	21.11	&	3.399	&	6.567	&	1.944	&	2.052	&	9.85	&	1.07\\
3	&	2.05	&	3.043	&	12.98	&	48.46	&	1.096	&	22.58	&	0.108	&	4.478	&	4.485	&	6.952\\
4	&	5.312	&	3.609	&	2.137	&	1.09	&	43.64	&	2.535	&	0.8639	&	7.556	&	10.03	&	24.17\\
5	&	1.118	&	1.699	&	4.733	&	15.16	&	5.044	&	51.5	&	2.376	&	1.213	&	9.411	&	3.957\\
6	&	3.541	&	0.7785	&	1.679	&	0.3964	&	2.193	&	3.341	&	89.2	&	0	&	1.671	&	0\\
7	&	0.7456	&	1.274	&	4.122	&	6.838	&	8.114	&	1.613	&	0	&	55.04	&	3.518	&	20.11\\
8	&	9.972	&	6.653	&	3.206	&	3.271	&	8.224	&	6.682	&	1.62	&	1.213	&	45.73	&	4.064\\
9	&	0.3728	&	1.274	&	1.069	&	1.883	&	25.66	&	3.917	&	0	&	27.89	&	3.518	&	37.86\\
correct: 59.07%
k: 21
	&	0	&	1	&	2	&	3	&	4	&	5	&	6	&	7	&	8	&	9\\
0	&	73.18	&	0.5011	&	1.506	&	1.079	&	1.866	&	0.3448	&	2.916	&	0.2793	&	9.323	&	1.078\\
1	&	0.5587	&	76.16	&	0.9036	&	0.5888	&	0.5488	&	1.034	&	0.9719	&	0.2793	&	1.759	&	0.7543\\
2	&	3.724	&	5.369	&	68.98	&	20.9	&	3.513	&	6.207	&	1.836	&	1.676	&	10.2	&	0.9698\\
3	&	1.955	&	2.935	&	12.35	&	49.36	&	1.098	&	22.3	&	0.108	&	4.19	&	4.398	&	6.789\\
4	&	5.4	&	3.293	&	2.108	&	0.8832	&	44.79	&	2.529	&	0.8639	&	7.542	&	9.938	&	24.03\\
5	&	1.117	&	1.575	&	4.217	&	15.11	&	4.72	&	52.53	&	2.376	&	0.9311	&	9.323	&	4.095\\
6	&	3.538	&	0.7874	&	1.657	&	0.3925	&	1.976	&	3.333	&	89.63	&	0	&	1.495	&	0\\
7	&	0.6518	&	1.288	&	4.066	&	6.771	&	7.794	&	1.609	&	0	&	56.05	&	3.606	&	19.29\\
8	&	9.497	&	6.8	&	3.012	&	3.14	&	8.672	&	6.092	&	1.296	&	1.49	&	46.53	&	3.879\\
9	&	0.3724	&	1.288	&	1.205	&	1.766	&	25.03	&	4.023	&	0	&	27.56	&	3.43	&	39.12\\
correct: 60%
k: 20
	&	0	&	1	&	2	&	3	&	4	&	5	&	6	&	7	&	8	&	9\\
0	&	73.95	&	0.5051	&	1.059	&	1.19	&	1.854	&	0.4535	&	2.799	&	0.2814	&	8.995	&	1.057\\
1	&	0.4669	&	76.84	&	0.9077	&	0.6944	&	0.5453	&	1.02	&	0.8611	&	0.3752	&	1.852	&	0.5285\\
2	&	3.828	&	5.339	&	71.1	&	20.54	&	2.944	&	6.236	&	1.938	&	1.689	&	9.965	&	0.9514\\
3	&	1.681	&	2.886	&	11.2	&	51.59	&	1.2	&	21.43	&	0.1076	&	3.94	&	4.409	&	6.871\\
4	&	5.229	&	3.102	&	2.118	&	0.6944	&	46.67	&	2.608	&	0.8611	&	7.505	&	9.259	&	23.04\\
5	&	1.12	&	1.371	&	3.782	&	14.58	&	4.58	&	53.17	&	2.045	&	0.7505	&	9.612	&	4.44\\
6	&	3.361	&	0.7937	&	1.664	&	0.3968	&	1.963	&	3.288	&	89.56	&	0	&	1.499	&	0\\
7	&	0.5602	&	1.371	&	3.782	&	5.952	&	7.634	&	1.587	&	0	&	57.04	&	3.439	&	19.77\\
8	&	9.337	&	6.421	&	3.026	&	2.778	&	8.506	&	5.896	&	1.83	&	1.595	&	47.44	&	3.7\\
9	&	0.4669	&	1.371	&	1.362	&	1.587	&	24.1	&	4.308	&	0	&	26.83	&	3.527	&	39.64\\
correct: 60.97%
k: 19
	&	0	&	1	&	2	&	3	&	4	&	5	&	6	&	7	&	8	&	9\\
0	&	75.09	&	0.4376	&	1.163	&	1.098	&	2.079	&	0.3409	&	2.79	&	0.282	&	8.488	&	0.9434\\
1	&	0.4699	&	77.9	&	1.017	&	0.499	&	0.7659	&	1.136	&	0.9657	&	0.282	&	1.503	&	0.4193\\
2	&	3.289	&	5.033	&	71.66	&	19.96	&	3.063	&	6.136	&	1.824	&	1.786	&	9.726	&	0.7338\\
3	&	1.598	&	2.699	&	10.9	&	53.39	&	1.204	&	21.25	&	0.1073	&	3.289	&	4.421	&	6.499\\
4	&	5.075	&	2.845	&	1.89	&	0.7984	&	47.92	&	2.386	&	0.9657	&	7.425	&	8.93	&	23.06\\
5	&	1.128	&	1.459	&	3.924	&	14.27	&	4.048	&	54.32	&	2.039	&	0.7519	&	9.461	&	4.298\\
6	&	3.383	&	0.8753	&	1.453	&	0.3992	&	1.86	&	3.182	&	89.59	&	0	&	1.415	&	0\\
7	&	0.5639	&	1.313	&	3.488	&	5.489	&	7.659	&	1.705	&	0	&	58.18	&	3.537	&	18.97\\
8	&	8.929	&	6.346	&	3.198	&	2.595	&	8.096	&	5.795	&	1.717	&	1.786	&	48.81	&	3.354\\
9	&	0.4699	&	1.094	&	1.308	&	1.497	&	23.3	&	3.75	&	0	&	26.22	&	3.714	&	41.72\\
correct: 62.15%
k: 18
	&	0	&	1	&	2	&	3	&	4	&	5	&	6	&	7	&	8	&	9\\
0	&	75.56	&	0.3687	&	1.136	&	1.104	&	1.86	&	0.3341	&	2.784	&	0.1918	&	8.273	&	0.9231\\
1	&	0.4682	&	78.76	&	0.9943	&	0.502	&	0.6565	&	1.114	&	0.9636	&	0.2876	&	1.619	&	0.4103\\
2	&	3.558	&	4.572	&	72.3	&	19.38	&	2.845	&	6.125	&	2.248	&	1.63	&	9.442	&	0.6154\\
3	&	1.592	&	2.581	&	10.37	&	54.92	&	1.094	&	20.82	&	0.1071	&	3.643	&	3.957	&	5.949\\
4	&	5.15	&	2.434	&	2.273	&	0.7028	&	49.78	&	2.339	&	0.9636	&	7.095	&	8.543	&	22.26\\
5	&	1.124	&	1.549	&	3.693	&	13.86	&	3.501	&	54.68	&	2.034	&	0.6711	&	9.353	&	4.308\\
6	&	3.371	&	0.9587	&	1.562	&	0.4016	&	1.641	&	3.229	&	89.4	&	0	&	1.349	&	0\\
7	&	0.4682	&	1.254	&	3.551	&	5.422	&	7.659	&	1.893	&	0	&	59.16	&	3.058	&	19.38\\
8	&	8.24	&	6.563	&	3.125	&	2.51	&	8.206	&	5.902	&	1.499	&	1.342	&	50.72	&	3.077\\
9	&	0.4682	&	0.9587	&	0.9943	&	1.205	&	22.76	&	3.563	&	0	&	25.98	&	3.687	&	43.08\\
correct: 63.13%
k: 17
	&	0	&	1	&	2	&	3	&	4	&	5	&	6	&	7	&	8	&	9\\
0	&	76.94	&	0.2959	&	0.9642	&	1.003	&	1.967	&	0.4469	&	2.575	&	0.1894	&	8.073	&	0.9193\\
1	&	0.4726	&	79.22	&	0.9642	&	0.5015	&	0.5464	&	1.229	&	0.6438	&	0.1894	&	1.743	&	0.4086\\
2	&	3.403	&	4.512	&	73.14	&	18.46	&	2.951	&	5.922	&	2.361	&	1.61	&	8.716	&	0.6129\\
3	&	1.323	&	2.441	&	10.19	&	55.97	&	1.093	&	20	&	0.1073	&	3.693	&	3.853	&	6.129\\
4	&	4.82	&	2.589	&	2.066	&	0.6018	&	51.04	&	2.458	&	0.9657	&	6.913	&	8.532	&	21.55\\
5	&	0.9452	&	1.479	&	3.444	&	14.14	&	3.279	&	55.98	&	1.931	&	1.136	&	8.44	&	4.392\\
6	&	3.214	&	0.9615	&	1.515	&	0.5015	&	1.639	&	3.017	&	89.81	&	0	&	1.468	&	0\\
7	&	0.2836	&	1.257	&	3.581	&	5.416	&	7.432	&	1.676	&	0	&	59.85	&	2.752	&	18.69\\
8	&	8.129	&	6.361	&	3.03	&	2.708	&	7.432	&	5.81	&	1.609	&	1.326	&	52.94	&	2.758\\
9	&	0.4726	&	0.8876	&	1.102	&	0.7021	&	22.62	&	3.464	&	0	&	25.09	&	3.486	&	44.54\\
correct: 64.24%
k: 16
	&	0	&	1	&	2	&	3	&	4	&	5	&	6	&	7	&	8	&	9\\
0	&	77.14	&	0.2992	&	1.07	&	0.9054	&	1.856	&	0.3375	&	2.35	&	0.09579	&	8.131	&	0.8973\\
1	&	0.4704	&	80.18	&	1.07	&	0.6036	&	0.5459	&	1.012	&	0.641	&	0	&	1.776	&	0.4985\\
2	&	3.104	&	4.039	&	74.2	&	17.3	&	2.729	&	6.187	&	2.457	&	2.011	&	8.224	&	0.5982\\
3	&	1.129	&	2.393	&	9.626	&	57.95	&	0.8734	&	19.35	&	0.1068	&	3.831	&	3.738	&	5.683\\
4	&	5.08	&	2.319	&	2.005	&	0.6036	&	53.17	&	1.8	&	0.9615	&	6.513	&	7.85	&	21.14\\
5	&	1.035	&	1.421	&	3.075	&	13.68	&	3.166	&	58.04	&	1.816	&	0.8621	&	8.598	&	3.988\\
6	&	3.104	&	0.8975	&	1.872	&	0.4024	&	1.419	&	3.15	&	89.53	&	0	&	1.495	&	0\\
7	&	0.3763	&	1.272	&	3.209	&	5.433	&	7.205	&	1.35	&	0	&	61.3	&	2.523	&	18.34\\
8	&	7.996	&	6.133	&	2.941	&	2.616	&	7.096	&	5.512	&	2.137	&	1.533	&	54.39	&	2.692\\
9	&	0.5644	&	1.047	&	0.9358	&	0.503	&	21.94	&	3.262	&	0	&	23.85	&	3.271	&	46.16\\
correct: 65.49%
k: 15
	&	0	&	1	&	2	&	3	&	4	&	5	&	6	&	7	&	8	&	9\\
0	&	78.77	&	0.303	&	0.9296	&	1.001	&	1.645	&	0.4499	&	1.921	&	0.09497	&	7.242	&	0.8\\
1	&	0.566	&	81.36	&	0.9296	&	0.6006	&	0.4386	&	0.8999	&	0.6403	&	0.09497	&	1.578	&	0.6\\
2	&	2.83	&	3.485	&	74.9	&	17.12	&	2.412	&	5.962	&	2.561	&	1.804	&	8.821	&	0.8\\
3	&	1.226	&	2.273	&	9.296	&	58.76	&	1.096	&	18.45	&	0.3202	&	3.514	&	3.807	&	5.5\\
4	&	4.717	&	2.348	&	1.992	&	0.6006	&	54.06	&	1.912	&	1.067	&	6.363	&	7.428	&	21.3\\
5	&	1.038	&	1.212	&	3.32	&	13.51	&	3.509	&	58.94	&	1.814	&	1.14	&	8.357	&	3\\
6	&	2.547	&	0.8333	&	1.594	&	0.4004	&	1.425	&	3.262	&	90.18	&	0	&	1.578	&	0\\
7	&	0.1887	&	1.288	&	3.187	&	5.105	&	7.346	&	1.35	&	0	&	62.58	&	2.6	&	16.8\\
8	&	7.642	&	6.061	&	2.922	&	2.402	&	7.237	&	5.512	&	1.494	&	1.614	&	55.15	&	2.7\\
9	&	0.4717	&	0.8333	&	0.9296	&	0.5005	&	20.83	&	3.262	&	0	&	22.79	&	3.435	&	48.5\\
correct: 66.6%
k: 14
	&	0	&	1	&	2	&	3	&	4	&	5	&	6	&	7	&	8	&	9\\
0	&	78.84	&	0.304	&	0.7843	&	1.01	&	1.221	&	0.4444	&	1.818	&	0.1925	&	6.913	&	0.6829\\
1	&	0.2796	&	81.84	&	1.176	&	0.7071	&	0.5549	&	0.6667	&	0.6417	&	0.09625	&	1.42	&	0.5854\\
2	&	2.796	&	3.419	&	75.29	&	16.36	&	2.22	&	5.889	&	2.46	&	2.021	&	8.996	&	0.6829\\
3	&	1.305	&	2.052	&	9.542	&	60.3	&	1.221	&	17.67	&	0.2139	&	3.176	&	3.883	&	5.171\\
4	&	4.753	&	2.204	&	1.83	&	0.5051	&	55.94	&	2.111	&	0.9626	&	6.256	&	7.102	&	20.59\\
5	&	1.025	&	1.14	&	3.399	&	13.13	&	3.219	&	60	&	1.604	&	0.6737	&	8.333	&	3.024\\
6	&	2.423	&	0.8359	&	1.699	&	0.404	&	1.332	&	3.444	&	90.48	&	0	&	1.42	&	0\\
7	&	0.0932	&	1.14	&	2.876	&	4.949	&	6.881	&	1.222	&	0	&	63.81	&	2.462	&	17.46\\
8	&	7.922	&	6.231	&	2.745	&	2.121	&	6.992	&	5.333	&	1.818	&	1.636	&	56.16	&	2.634\\
9	&	0.5592	&	0.8359	&	0.6536	&	0.5051	&	20.42	&	3.222	&	0	&	22.14	&	3.314	&	49.17\\
correct: 67.46%
k: 13
	&	0	&	1	&	2	&	3	&	4	&	5	&	6	&	7	&	8	&	9\\
0	&	79.96	&	0.2313	&	0.8929	&	0.8105	&	1.105	&	0.3363	&	1.913	&	0.1912	&	6.415	&	0.6863\\
1	&	0.1873	&	83.27	&	1.02	&	0.6079	&	0.5525	&	0.6726	&	0.6376	&	0.0956	&	1.321	&	0.6863\\
2	&	2.247	&	3.007	&	76.79	&	15.81	&	2.21	&	5.493	&	2.338	&	1.721	&	8.962	&	0.6863\\
3	&	1.311	&	1.773	&	9.184	&	61.4	&	1.215	&	17.15	&	0.2125	&	3.346	&	3.962	&	5.098\\
4	&	4.213	&	2.159	&	1.658	&	0.5066	&	58.12	&	2.018	&	1.169	&	5.354	&	6.887	&	20.29\\
5	&	1.03	&	1.002	&	2.934	&	12.87	&	2.983	&	61.77	&	1.913	&	0.7648	&	8.113	&	2.745\\
6	&	2.528	&	0.9252	&	1.658	&	0.304	&	1.105	&	3.363	&	90.33	&	0	&	1.226	&	0\\
7	&	0.09363	&	1.079	&	2.679	&	4.762	&	6.63	&	1.345	&	0	&	65.2	&	2.358	&	16.27\\
8	&	7.865	&	5.628	&	2.806	&	2.026	&	6.961	&	4.596	&	1.488	&	1.53	&	57.83	&	2.745\\
9	&	0.5618	&	0.9252	&	0.3827	&	0.9119	&	19.12	&	3.251	&	0	&	21.8	&	2.925	&	50.78\\
correct: 68.82%
k: 12
	&	0	&	1	&	2	&	3	&	4	&	5	&	6	&	7	&	8	&	9\\
0	&	80.43	&	0.2324	&	0.8805	&	0.8239	&	1.214	&	0.5513	&	1.7	&	0.1923	&	6.087	&	0.5736\\
1	&	0.09363	&	83.89	&	1.006	&	0.6179	&	0.5519	&	0.5513	&	0.6376	&	0.09615	&	1.256	&	0.6692\\
2	&	2.247	&	2.789	&	78.24	&	14.93	&	2.318	&	5.402	&	2.019	&	1.827	&	8.599	&	0.7648\\
3	&	1.311	&	1.782	&	8.805	&	63.34	&	1.104	&	16.1	&	0.3188	&	3.173	&	4.251	&	4.971\\
4	&	3.558	&	2.246	&	1.384	&	0.4119	&	60.49	&	1.874	&	1.169	&	5.577	&	6.377	&	19.12\\
5	&	0.7491	&	0.6971	&	2.516	&	12.26	&	2.759	&	64.06	&	1.7	&	0.6731	&	7.536	&	2.772\\
6	&	2.154	&	0.9295	&	1.635	&	0.309	&	0.9934	&	3.087	&	90.97	&	0	&	1.353	&	0\\
7	&	0.09363	&	1.084	&	2.516	&	4.531	&	6.402	&	0.9923	&	0	&	65.48	&	2.319	&	16.92\\
8	&	8.801	&	5.5	&	2.642	&	2.06	&	6.291	&	4.079	&	1.488	&	1.442	&	59.52	&	2.772\\
9	&	0.5618	&	0.8521	&	0.3774	&	0.7209	&	17.88	&	3.308	&	0	&	21.54	&	2.705	&	51.43\\
correct: 69.99%
k: 11
	&	0	&	1	&	2	&	3	&	4	&	5	&	6	&	7	&	8	&	9\\
0	&	82.15	&	0.232	&	0.6242	&	0.7194	&	1.449	&	0.4459	&	1.695	&	0.1914	&	5.679	&	0.5671\\
1	&	0.09497	&	83.91	&	1.124	&	0.4111	&	0.5574	&	0.5574	&	0.6356	&	0	&	1.251	&	0.6616\\
2	&	1.899	&	2.784	&	78.78	&	14.59	&	2.23	&	4.794	&	1.907	&	1.818	&	9.143	&	0.7561\\
3	&	1.235	&	1.547	&	9.738	&	65.26	&	1.115	&	14.83	&	0.3178	&	3.062	&	3.561	&	4.631\\
4	&	3.229	&	2.166	&	1.248	&	0.3083	&	62.76	&	1.784	&	1.271	&	4.689	&	5.967	&	19.38\\
5	&	0.8547	&	0.9281	&	1.873	&	11.82	&	2.787	&	66.89	&	1.589	&	0.4785	&	6.641	&	2.552\\
6	&	2.089	&	0.7734	&	1.623	&	0.3083	&	0.7804	&	3.01	&	91.31	&	0	&	1.347	&	0\\
7	&	0.09497	&	1.083	&	2.247	&	4.214	&	6.577	&	1.003	&	0	&	67.46	&	1.925	&	15.22\\
8	&	7.787	&	5.646	&	2.497	&	1.542	&	5.24	&	3.679	&	1.271	&	1.435	&	62.08	&	3.025\\
9	&	0.5698	&	0.9281	&	0.2497	&	0.8222	&	16.5	&	3.01	&	0	&	20.86	&	2.406	&	53.21\\
correct: 71.54%
k: 10
	&	0	&	1	&	2	&	3	&	4	&	5	&	6	&	7	&	8	&	9\\
0	&	82.11	&	0.2313	&	0.4854	&	0.5187	&	0.9009	&	0.5568	&	1.697	&	0.2944	&	4.955	&	0.4608\\
1	&	0.0932	&	83.73	&	1.092	&	0.5187	&	0.5631	&	0.4454	&	0.6363	&	0	&	1.288	&	0.553\\
2	&	2.144	&	2.776	&	79.98	&	13.9	&	1.464	&	4.788	&	1.485	&	1.57	&	8.622	&	0.6452\\
3	&	1.305	&	1.773	&	9.223	&	67.74	&	0.7883	&	14.03	&	0.2121	&	2.944	&	3.37	&	4.147\\
4	&	3.075	&	2.082	&	1.092	&	0.2075	&	65.43	&	1.67	&	1.379	&	5.005	&	5.748	&	17.79\\
5	&	0.8388	&	0.9252	&	1.82	&	11	&	2.928	&	68.37	&	1.485	&	0.4907	&	6.343	&	2.488\\
6	&	1.864	&	0.8481	&	1.578	&	0.1037	&	0.7883	&	3.007	&	91.83	&	0	&	1.288	&	0\\
7	&	0.0932	&	1.234	&	2.063	&	3.942	&	6.419	&	0.7795	&	0	&	68.79	&	1.784	&	15.94\\
8	&	7.735	&	5.628	&	2.427	&	1.349	&	4.955	&	3.452	&	1.273	&	1.374	&	64.32	&	3.226\\
9	&	0.7456	&	0.771	&	0.2427	&	0.7261	&	15.77	&	2.895	&	0	&	19.53	&	2.279	&	54.75\\
correct: 72.84%
k: 9
	&	0	&	1	&	2	&	3	&	4	&	5	&	6	&	7	&	8	&	9\\
0	&	83.16	&	0.1564	&	0.361	&	0.4115	&	1.04	&	0.5643	&	1.581	&	0.295	&	4.85	&	0.4517\\
1	&	0.09407	&	84.83	&	1.083	&	0.5144	&	0.578	&	0.5643	&	0.5269	&	0	&	1.358	&	0.542\\
2	&	2.07	&	2.58	&	81.71	&	12.65	&	1.387	&	3.612	&	1.686	&	1.18	&	9.214	&	0.7227\\
3	&	1.317	&	1.564	&	8.544	&	70.16	&	1.04	&	13.09	&	0.2107	&	2.852	&	2.716	&	3.523\\
4	&	2.822	&	2.033	&	1.083	&	0.1029	&	68.67	&	1.693	&	1.159	&	4.621	&	5.141	&	17.71\\
5	&	0.7526	&	0.9382	&	1.685	&	10.39	&	2.428	&	71.22	&	1.475	&	0.6883	&	5.626	&	2.349\\
6	&	1.881	&	0.86	&	1.083	&	0	&	0.8092	&	2.37	&	92.31	&	0	&	1.358	&	0\\
7	&	0.1881	&	1.251	&	2.407	&	3.292	&	5.665	&	0.5643	&	0	&	70.3	&	2.328	&	14.91\\
8	&	6.961	&	5.16	&	1.805	&	1.543	&	4.509	&	3.273	&	1.054	&	1.77	&	65.37	&	3.071\\
9	&	0.7526	&	0.6255	&	0.2407	&	0.9259	&	13.87	&	3.047	&	0	&	18.29	&	2.037	&	56.73\\
correct: 74.48%
k: 8
	&	0	&	1	&	2	&	3	&	4	&	5	&	6	&	7	&	8	&	9\\
0	&	83.19	&	0.1575	&	0.1172	&	0.4086	&	1.018	&	0.4545	&	1.684	&	0.3003	&	4.253	&	0.6346\\
1	&	0.09337	&	85.83	&	0.8206	&	0.5107	&	0.4525	&	0.5682	&	0.4211	&	0	&	1.286	&	0.544\\
2	&	1.587	&	2.52	&	83.47	&	11.13	&	0.905	&	3.523	&	1.684	&	1.401	&	8.012	&	1.088\\
3	&	1.12	&	1.417	&	7.268	&	73.14	&	1.018	&	11.36	&	0.1053	&	2.402	&	3.264	&	3.173\\
4	&	2.894	&	1.969	&	0.9379	&	0.1021	&	70.7	&	1.477	&	0.8421	&	4.304	&	5.341	&	15.78\\
5	&	0.8403	&	0.9449	&	1.993	&	9.704	&	1.357	&	73.75	&	1.158	&	0.8008	&	5.143	&	2.448\\
6	&	2.054	&	0.7087	&	1.172	&	0	&	0.6787	&	2.273	&	92.84	&	0	&	0.8902	&	0\\
7	&	0.1867	&	1.181	&	2.11	&	2.86	&	5.317	&	0.6818	&	0	&	72.57	&	2.176	&	14.96\\
8	&	7.283	&	4.803	&	1.876	&	1.226	&	4.299	&	3.295	&	1.263	&	1.802	&	67.36	&	2.629\\
9	&	0.747	&	0.4724	&	0.2345	&	0.9193	&	14.25	&	2.614	&	0	&	16.42	&	2.275	&	58.75\\
correct: 76.19%
k: 7
	&	0	&	1	&	2	&	3	&	4	&	5	&	6	&	7	&	8	&	9\\
0	&	84.38	&	0.2381	&	0.227	&	0.3021	&	0.6803	&	0.5727	&	1.466	&	0.3064	&	4.196	&	0.4492\\
1	&	0.09407	&	86.67	&	0.7946	&	0.4028	&	0.5669	&	0.6873	&	0.3141	&	0.1021	&	1.199	&	0.3594\\
2	&	1.599	&	2.222	&	85.36	&	10.07	&	0.7937	&	2.52	&	1.675	&	1.124	&	6.893	&	0.8985\\
3	&	1.035	&	1.27	&	6.129	&	75.13	&	1.134	&	10.88	&	0	&	2.043	&	2.997	&	2.516\\
4	&	2.634	&	2.063	&	0.7946	&	0.1007	&	72.79	&	1.145	&	0.8377	&	3.779	&	4.895	&	15.63\\
5	&	0.6585	&	1.111	&	1.816	&	8.862	&	1.587	&	76.06	&	1.361	&	0.715	&	4.595	&	2.066\\
6	&	2.07	&	0.7143	&	1.135	&	0	&	0.5669	&	1.947	&	92.98	&	0	&	0.6993	&	0\\
7	&	0.1881	&	1.27	&	1.703	&	2.82	&	5.102	&	0.5727	&	0	&	75.49	&	1.898	&	14.29\\
8	&	6.585	&	3.968	&	1.816	&	1.309	&	4.535	&	3.093	&	1.361	&	1.124	&	70.63	&	2.426\\
9	&	0.7526	&	0.4762	&	0.227	&	1.007	&	12.24	&	2.52	&	0	&	15.32	&	1.998	&	61.37\\
correct: 78.1%
k: 6
	&	0	&	1	&	2	&	3	&	4	&	5	&	6	&	7	&	8	&	9\\
0	&	85.04	&	0.321	&	0.333	&	0.3077	&	0.6674	&	0.3375	&	1.562	&	0.2088	&	3.593	&	0.4405\\
1	&	0.1881	&	87.88	&	0.5549	&	0.3077	&	0.5562	&	0.4499	&	0.2083	&	0.1044	&	1.437	&	0.3524\\
2	&	1.505	&	1.846	&	87.46	&	8.103	&	0.8899	&	2.362	&	1.354	&	1.044	&	6.879	&	0.6167\\
3	&	0.8467	&	1.364	&	5.327	&	78.56	&	1.001	&	9.449	&	0	&	2.296	&	2.669	&	2.555\\
4	&	2.446	&	1.766	&	0.5549	&	0.1026	&	75.86	&	0.6749	&	1.042	&	3.445	&	4.415	&	13.57\\
5	&	0.5644	&	0.8828	&	1.665	&	7.282	&	1.112	&	79.19	&	0.9375	&	0.6263	&	3.901	&	1.938\\
6	&	1.881	&	0.5618	&	1.332	&	0.1026	&	0.6674	&	1.8	&	92.81	&	0	&	0.5133	&	0\\
7	&	0.1881	&	1.284	&	0.8879	&	2.769	&	4.561	&	0.4499	&	0	&	77.97	&	1.745	&	14.63\\
8	&	6.773	&	3.531	&	1.554	&	1.538	&	3.893	&	2.925	&	2.083	&	1.148	&	72.79	&	2.467\\
9	&	0.5644	&	0.5618	&	0.333	&	0.9231	&	10.79	&	2.362	&	0	&	13.15	&	2.053	&	63.44\\
correct: 80.06%
k: 5
	&	0	&	1	&	2	&	3	&	4	&	5	&	6	&	7	&	8	&	9\\
0	&	86.69	&	0.2437	&	0.5476	&	0.4	&	0.6795	&	0.1163	&	1.339	&	0.3096	&	2.95	&	0.3515\\
1	&	0.09506	&	89.2	&	0.4381	&	0.2	&	0.6795	&	0.5814	&	0.206	&	0	&	1.424	&	0.2636\\
2	&	1.331	&	1.3	&	89.05	&	6.7	&	0.453	&	2.326	&	1.339	&	1.445	&	6.409	&	0.703\\
3	&	0.8555	&	0.9748	&	4.6	&	80.7	&	0.7928	&	7.791	&	0	&	1.858	&	2.747	&	1.845\\
4	&	1.806	&	1.787	&	0.5476	&	0.2	&	79.5	&	0.5814	&	1.339	&	3.406	&	3.154	&	13.18\\
5	&	0.6654	&	0.9748	&	1.314	&	7.1	&	0.7928	&	82.91	&	0.9269	&	0.6192	&	3.662	&	1.67\\
6	&	1.236	&	0.6499	&	0.9858	&	0.1	&	0.453	&	1.628	&	92.79	&	0	&	0.8138	&	0\\
7	&	0.09506	&	1.3	&	0.9858	&	2.2	&	4.077	&	0.3488	&	0	&	78.95	&	1.628	&	14.06\\
8	&	6.654	&	3.006	&	1.314	&	1.4	&	3.171	&	1.977	&	2.06	&	1.342	&	75.08	&	2.197\\
9	&	0.5703	&	0.5686	&	0.2191	&	1	&	9.4	&	1.744	&	0	&	12.07	&	2.136	&	65.73\\
correct: 81.97%
k: 4
	&	0	&	1	&	2	&	3	&	4	&	5	&	6	&	7	&	8	&	9\\
0	&	86.47	&	0.1642	&	0.3178	&	0.516	&	0.4219	&	0.1112	&	1.037	&	0.1095	&	2.473	&	0.35\\
1	&	0.2799	&	90.64	&	0.4237	&	0	&	0.3165	&	0.6674	&	0.2075	&	0	&	1.183	&	0.175\\
2	&	1.493	&	1.232	&	91	&	4.85	&	0.5274	&	2.002	&	0.9336	&	0.7667	&	5.376	&	0.5249\\
3	&	0.9328	&	0.9852	&	3.919	&	85.14	&	0.8439	&	6.674	&	0	&	1.314	&	2.366	&	2.1\\
4	&	1.399	&	1.396	&	0.4237	&	0.1032	&	81.65	&	0.2225	&	0.9336	&	2.957	&	2.151	&	9.886\\
5	&	0.5597	&	0.4105	&	0.9534	&	5.057	&	0.7384	&	84.98	&	0.8299	&	0.4381	&	2.366	&	1.575\\
6	&	1.399	&	0.4105	&	0.8475	&	0	&	0.4219	&	1.224	&	94.09	&	0	&	0.8602	&	0\\
7	&	0.09328	&	1.314	&	1.059	&	2.167	&	4.43	&	0.3337	&	0	&	84.12	&	0.9677	&	13.82\\
8	&	6.903	&	2.874	&	0.8475	&	1.445	&	2.426	&	2.113	&	1.971	&	1.095	&	80.65	&	1.925\\
9	&	0.4664	&	0.5747	&	0.2119	&	0.7224	&	8.228	&	1.669	&	0	&	9.2	&	1.613	&	69.64\\
correct: 84.74%
k: 3
	&	0	&	1	&	2	&	3	&	4	&	5	&	6	&	7	&	8	&	9\\
0	&	87.98	&	0.2527	&	0.2105	&	0.3052	&	0.3348	&	0	&	0.7277	&	0.2068	&	2.008	&	0.2648\\
1	&	0.1878	&	92.92	&	0.3158	&	0.1017	&	0.3348	&	0.5807	&	0.3119	&	0.1034	&	1.305	&	0.08826\\
2	&	1.408	&	0.7582	&	92.84	&	3.662	&	0.3348	&	1.394	&	0.6237	&	1.034	&	5.321	&	0.5296\\
3	&	0.6573	&	0.5055	&	2.737	&	87.39	&	1.004	&	4.53	&	0	&	1.551	&	2.61	&	2.03\\
4	&	1.596	&	1.348	&	0.2105	&	0.1017	&	86.05	&	0.2323	&	0.9356	&	2.482	&	2.209	&	10.41\\
5	&	0.5634	&	0.2527	&	0.8421	&	5.392	&	0.7812	&	88.39	&	0.9356	&	0.5171	&	2.711	&	1.147\\
6	&	1.221	&	0.4212	&	0.5263	&	0	&	0.4464	&	1.161	&	94.8	&	0	&	0.9036	&	0\\
7	&	0	&	0.8425	&	1.158	&	1.628	&	3.237	&	0.4646	&	0	&	85.11	&	1.305	&	10.77\\
8	&	5.822	&	2.19	&	0.8421	&	0.8138	&	1.897	&	1.858	&	1.663	&	1.034	&	79.72	&	1.5\\
9	&	0.5634	&	0.5055	&	0.3158	&	0.6104	&	5.58	&	1.394	&	0	&	7.963	&	1.908	&	73.26\\
correct: 86.72%
k: 2
	&	0	&	1	&	2	&	3	&	4	&	5	&	6	&	7	&	8	&	9\\
0	&	88.69	&	0.08475	&	0.09804	&	0.1052	&	0.293	&	0.1096	&	0.2083	&	0.1138	&	0.3488	&	0.1776\\
1	&	0.4596	&	94.07	&	0.5882	&	0	&	0.293	&	0.3289	&	0.2083	&	0	&	0.6977	&	0\\
2	&	1.195	&	0.339	&	93.73	&	1.052	&	0.4883	&	0.7675	&	0.3125	&	0.9101	&	2.674	&	0.2664\\
3	&	0.3676	&	0.678	&	2.255	&	94.11	&	0.3906	&	3.18	&	0	&	1.479	&	1.512	&	1.865\\
4	&	1.471	&	0.5085	&	0.3922	&	0	&	87.01	&	0.2193	&	0.8333	&	0.5688	&	0.1163	&	4.352\\
5	&	0.3676	&	0.08475	&	0.4902	&	1.682	&	0.5859	&	92.32	&	0.3125	&	0.1138	&	0.4651	&	0.8881\\
6	&	1.195	&	0.5085	&	0.4902	&	0	&	0.4883	&	0.4386	&	96.35	&	0	&	0	&	0\\
7	&	0	&	1.017	&	0.9804	&	1.577	&	3.613	&	0.2193	&	0	&	93.97	&	0.5814	&	10.75\\
8	&	5.79	&	2.034	&	0.7843	&	0.6309	&	1.953	&	1.096	&	1.771	&	0.9101	&	93.26	&	1.421\\
9	&	0.4596	&	0.678	&	0.1961	&	0.8412	&	4.883	&	1.316	&	0	&	1.934	&	0.3488	&	80.28\\
correct: 91.16%
k: 1
	&	0	&	1	&	2	&	3	&	4	&	5	&	6	&	7	&	8	&	9\\
0	&	92.07	&	0.08673	&	0.2016	&	0.1984	&	0.2157	&	0.1185	&	0.5123	&	0.2043	&	0.9073	&	0.3653\\
1	&	0.2901	&	96.27	&	0.7056	&	0.09921	&	0.2157	&	0.237	&	0.3074	&	0	&	0.7056	&	0\\
2	&	0.677	&	0.2602	&	95.36	&	1.786	&	0.4315	&	0.237	&	0.7172	&	0.9193	&	3.226	&	0.3653\\
3	&	0.1934	&	0.3469	&	1.109	&	92.36	&	0.1079	&	1.066	&	0	&	1.634	&	2.016	&	1.461\\
4	&	0.9671	&	0.6071	&	0.4032	&	0	&	91.05	&	0.237	&	1.025	&	2.043	&	1.31	&	6.575\\
5	&	0.3868	&	0.08673	&	0.504	&	3.274	&	0.4315	&	96.09	&	0.5123	&	0.1021	&	1.815	&	0.9132\\
6	&	1.064	&	0.3469	&	0.504	&	0	&	0.2157	&	0.3555	&	95.39	&	0	&	0.2016	&	0\\
7	&	0	&	0.6938	&	0.504	&	0.9921	&	2.805	&	0.1185	&	0	&	90.3	&	1.008	&	7.671\\
8	&	3.965	&	1.041	&	0.504	&	0.3968	&	1.187	&	0.8294	&	1.537	&	0.8172	&	87.1	&	0.6393\\
9	&	0.3868	&	0.2602	&	0.2016	&	0.8929	&	3.344	&	0.7109	&	0	&	3.984	&	1.714	&	82.01\\
correct: 91.71%
