k: 3
	&	0	&	1	&	2	&	3	&	4	&	5	&	6	&	7	&	8	&	9\\
0	&	89.74	&	0.08547	&	0.207	&	0.1027	&	0	&	0.232	&	0.9385	&	0.1021	&	1.29	&	0.5381\\
1	&	0.2849	&	93.5	&	0.5176	&	0.2053	&	0.3282	&	0.464	&	0.4171	&	0.1021	&	1.587	&	0.2691\\
2	&	0.7597	&	0.6838	&	91.93	&	3.799	&	0.4376	&	1.16	&	1.043	&	1.124	&	4.96	&	0.5381\\
3	&	0.6648	&	0.5128	&	2.692	&	88.81	&	0.8753	&	3.712	&	0	&	1.839	&	2.381	&	2.152\\
4	&	1.709	&	1.026	&	0.3106	&	0	&	84.68	&	0.9281	&	0.9385	&	2.043	&	2.282	&	10.31\\
5	&	0.1899	&	0.2564	&	0.6211	&	4.723	&	0.547	&	89.33	&	0.2086	&	0.4086	&	3.77	&	1.435\\
6	&	1.33	&	0.3419	&	0.7246	&	0.1027	&	0.3282	&	0.8121	&	95.41	&	0	&	0.6944	&	0\\
7	&	0	&	1.111	&	1.553	&	1.129	&	4.486	&	0.116	&	0	&	84.27	&	1.488	&	9.596\\
8	&	5.128	&	1.88	&	1.139	&	0.5133	&	2.188	&	1.74	&	1.043	&	1.226	&	79.86	&	1.794\\
9	&	0.1899	&	0.5983	&	0.3106	&	0.616	&	6.127	&	1.508	&	0	&	8.887	&	1.687	&	73.36\\
correct: 86.99%
k: 2
	&	0	&	1	&	2	&	3	&	4	&	5	&	6	&	7	&	8	&	9\\
0	&	88.45	&	0.0854	&	0.2938	&	0	&	0.09862	&	0.1093	&	0.2081	&	0.1153	&	0.1171	&	0.431\\
1	&	0.275	&	94.62	&	0.6856	&	0.1057	&	0.5917	&	0.2186	&	0.2081	&	0	&	0.5855	&	0.08621\\
2	&	1.283	&	0.5978	&	93.54	&	1.163	&	0.3945	&	0.765	&	0.3122	&	0.9227	&	2.225	&	0.3448\\
3	&	0.275	&	0.6832	&	2.644	&	94.71	&	0.4931	&	3.06	&	0	&	1.153	&	1.171	&	1.983\\
4	&	1.65	&	0.1708	&	0.3918	&	0	&	86.69	&	0.765	&	0.8325	&	0.2307	&	0.5855	&	4.914\\
5	&	0.275	&	0.2562	&	0.1959	&	1.691	&	0.3945	&	92.24	&	0.1041	&	0.4614	&	0.5855	&	0.8621\\
6	&	1.1	&	0.427	&	0.5877	&	0	&	0.3945	&	0.4372	&	96.46	&	0	&	0	&	0\\
7	&	0	&	0.9394	&	0.9794	&	1.374	&	3.452	&	0.2186	&	0	&	94.46	&	0.1171	&	11.81\\
8	&	6.324	&	1.537	&	0.4897	&	0.4228	&	1.775	&	1.093	&	1.873	&	1.038	&	94.15	&	1.638\\
9	&	0.3666	&	0.6832	&	0.1959	&	0.5285	&	5.72	&	1.093	&	0	&	1.615	&	0.4684	&	77.93\\
correct: 91.01%
k: 1
	&	0	&	1	&	2	&	3	&	4	&	5	&	6	&	7	&	8	&	9\\
0	&	92.43	&	0.2613	&	0.3	&	0.101	&	0.1085	&	0	&	0.5144	&	0.3064	&	0.611	&	0.446\\
1	&	0.194	&	96.08	&	0.9	&	0.101	&	0.3254	&	0.2339	&	0.2058	&	0	&	1.222	&	0.08921\\
2	&	0.679	&	0.3484	&	94.6	&	2.121	&	0.2169	&	0.4678	&	0.5144	&	1.021	&	2.953	&	0.3568\\
3	&	0.194	&	0.6098	&	1.6	&	93.23	&	0.1085	&	1.754	&	0	&	1.634	&	1.731	&	1.16\\
4	&	0.8729	&	0.3484	&	0.4	&	0	&	91.76	&	0.2339	&	1.029	&	1.634	&	1.324	&	6.958\\
5	&	0.291	&	0.1742	&	0.7	&	2.525	&	0.3254	&	95.2	&	0.3086	&	0.4086	&	1.935	&	1.07\\
6	&	0.8729	&	0.3484	&	0.4	&	0	&	0.2169	&	0.3509	&	95.99	&	0	&	0.3055	&	0\\
7	&	0	&	0.6969	&	0.8	&	0.9091	&	1.844	&	0.2339	&	0	&	89.58	&	0.611	&	9.01\\
8	&	4.171	&	0.6969	&	0.2	&	0.202	&	1.193	&	0.7018	&	1.44	&	0.8172	&	88.19	&	1.249\\
9	&	0.291	&	0.4355	&	0.1	&	0.8081	&	3.905	&	0.8187	&	0	&	4.597	&	1.12	&	79.66\\
correct: 91.54%
