k: 50
	&	0	&	1	&	2	&	3	&	4	&	5	&	6	&	7	&	8	&	9\\
0	&	57.99	&	1.223	&	2.449	&	2.848	&	3.643	&	1.754	&	3.859	&	0.2778	&	16.32	&	3.597\\
1	&	1.479	&	65.1	&	2.449	&	0.5476	&	1.055	&	1.287	&	0.882	&	0.5556	&	3.738	&	0.8393\\
2	&	6.114	&	10.5	&	32.04	&	26.94	&	6.232	&	13.57	&	4.52	&	2.222	&	10.98	&	1.679\\
3	&	4.241	&	3.799	&	26.12	&	32.64	&	3.26	&	28.07	&	0.1103	&	5.093	&	4.119	&	11.75\\
4	&	6.41	&	4.958	&	4.694	&	3.834	&	18.12	&	5.263	&	1.654	&	10.19	&	12.36	&	31.29\\
5	&	2.465	&	2.189	&	8.776	&	17.96	&	8.725	&	27.49	&	3.418	&	1.667	&	13.2	&	9.353\\
6	&	5.128	&	0.8371	&	3.878	&	0.5476	&	3.931	&	5.965	&	83.46	&	0	&	1.449	&	0.1199\\
7	&	1.085	&	2.254	&	10.2	&	8.543	&	9.779	&	3.626	&	0	&	42.78	&	4.882	&	23.38\\
8	&	14.3	&	7.598	&	7.551	&	3.505	&	10.74	&	8.187	&	2.095	&	3.056	&	27.92	&	5.036\\
9	&	0.789	&	1.545	&	1.837	&	2.629	&	34.52	&	4.795	&	0	&	34.17	&	5.034	&	12.95\\
correct: 41.71%
k: 49
	&	0	&	1	&	2	&	3	&	4	&	5	&	6	&	7	&	8	&	9\\
0	&	58.93	&	1.167	&	2.414	&	2.932	&	3.721	&	1.756	&	3.765	&	0.2778	&	16.03	&	3.349\\
1	&	1.488	&	65.59	&	2.213	&	0.6515	&	1.145	&	1.288	&	0.8859	&	0.463	&	3.74	&	0.7177\\
2	&	5.952	&	10.11	&	33.6	&	26.93	&	6.393	&	13.35	&	4.097	&	2.222	&	10.99	&	1.794\\
3	&	4.266	&	3.889	&	25.15	&	32.68	&	3.34	&	27.63	&	0.1107	&	5.463	&	4.198	&	11.36\\
4	&	6.052	&	4.861	&	4.628	&	3.8	&	18.7	&	5.269	&	1.661	&	9.722	&	12.82	&	30.98\\
5	&	2.282	&	2.333	&	8.249	&	17.92	&	8.302	&	28.69	&	3.433	&	1.667	&	12.67	&	9.569\\
6	&	5.06	&	0.8425	&	4.024	&	0.5429	&	3.817	&	5.855	&	84.05	&	0	&	1.45	&	0.1196\\
7	&	0.9921	&	2.139	&	10.26	&	8.252	&	9.733	&	3.396	&	0	&	43.33	&	4.733	&	23.56\\
8	&	14.19	&	7.583	&	7.646	&	3.474	&	10.69	&	8.08	&	1.993	&	2.963	&	28.32	&	5.024\\
9	&	0.7937	&	1.491	&	1.811	&	2.823	&	34.16	&	4.684	&	0	&	33.89	&	5.038	&	13.52\\
correct: 42.26%
k: 48
	&	0	&	1	&	2	&	3	&	4	&	5	&	6	&	7	&	8	&	9\\
0	&	59.41	&	1.173	&	2.935	&	2.7	&	3.385	&	1.522	&	3.638	&	0.2799	&	15.69	&	3.424\\
1	&	1.471	&	65.93	&	2.348	&	0.6479	&	0.9671	&	1.405	&	0.882	&	0.4664	&	3.787	&	0.7084\\
2	&	5.686	&	10.03	&	34.25	&	27.21	&	6.19	&	13.23	&	3.969	&	2.146	&	11.05	&	1.653\\
3	&	4.118	&	3.844	&	24.66	&	33.05	&	3.482	&	27.63	&	0.2205	&	5.41	&	4.019	&	10.98\\
4	&	6.078	&	4.951	&	4.892	&	3.78	&	19.34	&	4.918	&	1.654	&	9.795	&	12.67	&	30.46\\
5	&	2.353	&	2.28	&	7.828	&	17.93	&	8.027	&	29.51	&	3.859	&	1.493	&	12.52	&	9.327\\
6	&	5	&	0.9121	&	4.11	&	0.54	&	3.675	&	5.855	&	83.68	&	0	&	1.468	&	0.1181\\
7	&	1.078	&	2.085	&	9.98	&	7.883	&	9.671	&	3.396	&	0	&	43.66	&	4.714	&	23.97\\
8	&	14.02	&	7.557	&	7.241	&	3.456	&	10.74	&	7.728	&	2.095	&	2.985	&	28.9	&	5.195\\
9	&	0.7843	&	1.238	&	1.761	&	2.808	&	34.53	&	4.801	&	0	&	33.77	&	5.178	&	14.17\\
correct: 42.72%
k: 47
	&	0	&	1	&	2	&	3	&	4	&	5	&	6	&	7	&	8	&	9\\
0	&	60.21	&	1.041	&	2.745	&	2.685	&	3.304	&	1.637	&	3.437	&	0.1864	&	15.26	&	3.073\\
1	&	1.452	&	65.78	&	2.353	&	0.6445	&	0.9718	&	1.52	&	0.8869	&	0.466	&	3.816	&	0.7092\\
2	&	5.324	&	9.954	&	35.69	&	26.96	&	5.928	&	12.75	&	4.213	&	2.144	&	11.37	&	1.655\\
3	&	3.775	&	4.034	&	23.92	&	33.51	&	3.596	&	27.84	&	0.2217	&	5.312	&	3.972	&	10.64\\
4	&	6.389	&	4.945	&	4.706	&	3.652	&	20.02	&	5.029	&	1.552	&	9.692	&	12.38	&	30.26\\
5	&	2.227	&	2.342	&	7.843	&	17.94	&	7.969	&	29.59	&	3.548	&	1.678	&	12.62	&	9.338\\
6	&	4.937	&	0.9109	&	4.118	&	0.5371	&	3.499	&	5.965	&	84.37	&	0	&	1.402	&	0.1182\\
7	&	1.065	&	2.082	&	10	&	7.841	&	9.621	&	3.158	&	0	&	43.8	&	4.907	&	23.88\\
8	&	13.94	&	7.612	&	6.863	&	3.33	&	10.98	&	7.719	&	1.774	&	2.889	&	29.28	&	5.319\\
9	&	0.6776	&	1.301	&	1.765	&	2.9	&	34.11	&	4.795	&	0	&	33.83	&	4.984	&	15.01\\
correct: 43.2%
k: 46
	&	0	&	1	&	2	&	3	&	4	&	5	&	6	&	7	&	8	&	9\\
0	&	60.68	&	1.118	&	2.344	&	2.706	&	3.346	&	1.734	&	3.626	&	0.1855	&	14.91	&	2.582\\
1	&	1.449	&	66.51	&	2.148	&	0.7576	&	1.083	&	1.387	&	0.8791	&	0.4638	&	3.804	&	0.7042\\
2	&	5.024	&	9.737	&	37.11	&	26.62	&	5.906	&	12.49	&	4.505	&	2.226	&	11.57	&	1.643\\
3	&	3.671	&	3.947	&	24.02	&	34.42	&	3.346	&	27.98	&	0.2198	&	5.102	&	3.804	&	10.45\\
4	&	6.377	&	4.737	&	4.688	&	3.463	&	20.57	&	4.624	&	1.538	&	9.926	&	12.19	&	30.63\\
5	&	2.222	&	2.368	&	7.227	&	17.32	&	7.677	&	30.4	&	3.407	&	1.67	&	12.89	&	9.39\\
6	&	4.928	&	0.8553	&	4.102	&	0.5411	&	3.445	&	5.78	&	83.96	&	0	&	1.398	&	0.1174\\
7	&	1.063	&	2.039	&	9.766	&	7.9	&	9.547	&	3.121	&	0	&	43.97	&	4.736	&	23.94\\
8	&	13.91	&	7.434	&	6.836	&	3.355	&	10.93	&	7.746	&	1.868	&	3.061	&	29.35	&	5.282\\
9	&	0.6763	&	1.25	&	1.758	&	2.922	&	34.15	&	4.74	&	0	&	33.4	&	5.357	&	15.26\\
correct: 43.65%
k: 45
	&	0	&	1	&	2	&	3	&	4	&	5	&	6	&	7	&	8	&	9\\
0	&	60.81	&	1.195	&	2.529	&	2.796	&	3.125	&	1.607	&	3.732	&	0.1864	&	14.61	&	2.712\\
1	&	1.544	&	67.2	&	2.14	&	0.7527	&	1.074	&	1.378	&	0.8782	&	0.466	&	3.652	&	0.7075\\
2	&	5.212	&	9.495	&	37.94	&	26.56	&	5.859	&	12.06	&	4.391	&	2.237	&	11.66	&	1.651\\
3	&	3.571	&	3.984	&	23.35	&	34.73	&	3.32	&	27.67	&	0.2195	&	5.126	&	4.04	&	10.14\\
4	&	6.178	&	4.382	&	4.669	&	3.441	&	21	&	4.707	&	1.207	&	9.879	&	12.43	&	31.01\\
5	&	2.317	&	2.258	&	7.198	&	17.2	&	7.324	&	31	&	3.403	&	1.584	&	12.59	&	9.67\\
6	&	4.923	&	0.8632	&	4.28	&	0.5376	&	3.32	&	5.855	&	83.97	&	0	&	1.243	&	0.1179\\
7	&	1.255	&	1.926	&	9.533	&	8.065	&	9.863	&	2.985	&	0	&	44.36	&	4.74	&	23.35\\
8	&	13.51	&	7.437	&	6.615	&	3.333	&	11.04	&	7.807	&	2.195	&	2.889	&	29.6	&	5.189\\
9	&	0.6757	&	1.262	&	1.751	&	2.581	&	34.08	&	4.937	&	0	&	33.27	&	5.439	&	15.45\\
correct: 43.98%
k: 44
	&	0	&	1	&	2	&	3	&	4	&	5	&	6	&	7	&	8	&	9\\
0	&	61.65	&	1.262	&	2.51	&	2.799	&	3.03	&	1.595	&	3.599	&	0.186	&	14.45	&	2.604\\
1	&	1.553	&	67.24	&	2.124	&	0.7535	&	1.075	&	1.481	&	0.8724	&	0.4651	&	3.594	&	0.7101\\
2	&	4.854	&	9.502	&	38.22	&	26.59	&	5.572	&	12.07	&	4.798	&	2.233	&	11.72	&	1.538\\
3	&	3.301	&	4.12	&	23.17	&	35.2	&	3.324	&	27.11	&	0.2181	&	5.023	&	4.062	&	10.3\\
4	&	6.214	&	4.319	&	4.633	&	3.445	&	21.9	&	4.67	&	1.309	&	9.674	&	12.03	&	31.01\\
5	&	2.33	&	2.259	&	6.95	&	16.58	&	7.331	&	31.89	&	3.162	&	1.767	&	12.42	&	9.704\\
6	&	4.854	&	0.7309	&	4.633	&	0.5382	&	2.933	&	5.923	&	83.75	&	0	&	1.328	&	0.1183\\
7	&	1.262	&	1.993	&	9.459	&	8.396	&	9.775	&	2.961	&	0	&	45.02	&	4.297	&	22.84\\
8	&	13.3	&	7.309	&	6.564	&	3.229	&	10.85	&	7.517	&	2.29	&	2.791	&	30.55	&	5.207\\
9	&	0.6796	&	1.262	&	1.737	&	2.476	&	34.21	&	4.784	&	0	&	32.84	&	5.547	&	15.98\\
correct: 44.54%
k: 43
	&	0	&	1	&	2	&	3	&	4	&	5	&	6	&	7	&	8	&	9\\
0	&	62.26	&	1.2	&	2.49	&	2.671	&	3.153	&	1.469	&	3.482	&	0.1866	&	14.14	&	2.375\\
1	&	1.351	&	67.67	&	2.299	&	0.7479	&	0.9852	&	1.356	&	0.8705	&	0.4664	&	3.614	&	0.7126\\
2	&	4.923	&	9.267	&	38.89	&	26.6	&	5.616	&	12.2	&	4.57	&	2.332	&	11.47	&	1.425\\
3	&	3.378	&	4.2	&	22.22	&	35.9	&	3.153	&	26.89	&	0.2176	&	4.944	&	4.006	&	9.976\\
4	&	6.274	&	4.267	&	4.981	&	3.098	&	22.46	&	4.746	&	1.523	&	9.608	&	12.18	&	30.4\\
5	&	2.22	&	2.133	&	7.088	&	16.35	&	7.488	&	32.32	&	3.156	&	1.493	&	12.33	&	9.857\\
6	&	4.73	&	0.7333	&	4.789	&	0.5342	&	2.66	&	5.763	&	83.79	&	0	&	1.493	&	0.1188\\
7	&	1.255	&	2.067	&	9.195	&	8.226	&	9.852	&	2.938	&	0	&	45.43	&	4.085	&	23.04\\
8	&	12.93	&	7.2	&	6.322	&	3.312	&	10.44	&	7.458	&	2.394	&	2.892	&	31.26	&	5.344\\
9	&	0.6757	&	1.267	&	1.724	&	2.564	&	34.19	&	4.859	&	0	&	32.65	&	5.42	&	16.75\\
correct: 45.09%
k: 42
	&	0	&	1	&	2	&	3	&	4	&	5	&	6	&	7	&	8	&	9\\
0	&	62.64	&	1.143	&	2.481	&	2.57	&	3.251	&	1.577	&	3.497	&	0.1862	&	13.72	&	2.37\\
1	&	1.255	&	68.46	&	2.099	&	0.6424	&	1.084	&	1.464	&	0.765	&	0.4655	&	3.507	&	0.7109\\
2	&	5.116	&	8.944	&	39.31	&	26.77	&	5.419	&	12.16	&	4.372	&	2.421	&	11.77	&	1.185\\
3	&	3.089	&	3.9	&	23.28	&	36.4	&	3.153	&	26.35	&	0.2186	&	4.842	&	3.975	&	10.31\\
4	&	6.274	&	4.035	&	4.962	&	2.998	&	23.25	&	4.505	&	1.421	&	9.404	&	12.47	&	29.98\\
5	&	2.22	&	2.421	&	6.107	&	16.38	&	7.192	&	32.66	&	3.06	&	1.397	&	12.55	&	9.597\\
6	&	4.633	&	0.7397	&	4.771	&	0.5353	&	2.759	&	5.743	&	84.26	&	0	&	1.403	&	0.1185\\
7	&	1.255	&	2.085	&	8.779	&	8.351	&	10.15	&	2.815	&	0	&	45.62	&	3.819	&	22.87\\
8	&	12.93	&	7.061	&	6.489	&	2.891	&	10.34	&	7.658	&	2.404	&	2.886	&	31.49	&	5.213\\
9	&	0.5792	&	1.21	&	1.718	&	2.463	&	33.4	&	5.068	&	0	&	32.77	&	5.3	&	17.65\\
correct: 45.53%
k: 41
	&	0	&	1	&	2	&	3	&	4	&	5	&	6	&	7	&	8	&	9\\
0	&	63.2	&	1.077	&	2.505	&	2.57	&	2.988	&	1.676	&	3.388	&	0.1835	&	13.7	&	2.238\\
1	&	1.252	&	68.57	&	2.119	&	0.7495	&	1.096	&	1.453	&	0.6557	&	0.4587	&	3.465	&	0.7067\\
2	&	5.202	&	8.883	&	39.88	&	26.87	&	5.279	&	11.96	&	4.262	&	2.661	&	11.81	&	1.178\\
3	&	3.083	&	3.97	&	22.93	&	36.72	&	2.988	&	26.15	&	0.2186	&	4.862	&	4.016	&	10.25\\
4	&	5.973	&	3.903	&	5.01	&	2.57	&	23.9	&	4.581	&	1.311	&	9.174	&	12.6	&	30.51\\
5	&	1.927	&	2.624	&	5.973	&	16.6	&	7.271	&	33.18	&	3.279	&	1.284	&	12.2	&	9.187\\
6	&	4.624	&	0.8748	&	5.01	&	0.5353	&	2.49	&	5.475	&	84.59	&	0	&	1.339	&	0.1178\\
7	&	1.156	&	2.019	&	8.863	&	8.137	&	10.16	&	2.793	&	0	&	45.5	&	3.78	&	22.73\\
8	&	13.01	&	6.999	&	5.973	&	2.891	&	10.76	&	7.486	&	2.295	&	2.844	&	32.05	&	5.065\\
9	&	0.578	&	1.077	&	1.734	&	2.355	&	33.07	&	5.251	&	0	&	33.03	&	5.039	&	18.02\\
correct: 45.92%
k: 40
	&	0	&	1	&	2	&	3	&	4	&	5	&	6	&	7	&	8	&	9\\
0	&	63.6	&	1.159	&	2.481	&	2.35	&	2.909	&	1.571	&	3.384	&	0.2762	&	13.54	&	2.312\\
1	&	1.162	&	69.67	&	2.099	&	0.7479	&	1.103	&	1.459	&	0.5459	&	0.4604	&	3.346	&	0.6936\\
2	&	5.227	&	8.453	&	41.03	&	27.35	&	4.514	&	11.67	&	4.585	&	2.67	&	11.83	&	1.272\\
3	&	3.001	&	3.681	&	22.14	&	36.86	&	3.009	&	26.15	&	0.2183	&	5.064	&	4.358	&	10.17\\
4	&	6.002	&	3.885	&	4.962	&	2.564	&	24.67	&	4.714	&	1.092	&	9.024	&	12.22	&	30.06\\
5	&	1.936	&	2.454	&	6.489	&	16.24	&	7.021	&	34.01	&	3.166	&	1.565	&	12.06	&	8.786\\
6	&	4.55	&	0.8862	&	4.962	&	0.5342	&	2.508	&	5.612	&	84.61	&	0	&	1.245	&	0.1156\\
7	&	1.162	&	1.909	&	8.206	&	8.12	&	10.13	&	2.694	&	0	&	45.86	&	4.125	&	22.31\\
8	&	12.97	&	6.817	&	5.916	&	2.885	&	10.73	&	7.071	&	2.402	&	2.762	&	32.22	&	5.318\\
9	&	0.3872	&	1.091	&	1.718	&	2.35	&	33.4	&	5.051	&	0	&	32.32	&	5.058	&	18.96\\
correct: 46.39%
k: 39
	&	0	&	1	&	2	&	3	&	4	&	5	&	6	&	7	&	8	&	9\\
0	&	64.3	&	1.025	&	2.467	&	2.208	&	3.064	&	1.578	&	3.381	&	0.2735	&	13.37	&	2.312\\
1	&	1.167	&	69.92	&	1.898	&	0.8412	&	1.021	&	1.466	&	0.6543	&	0.4558	&	3.344	&	0.578\\
2	&	4.961	&	8.271	&	42.31	&	27.02	&	4.699	&	11.39	&	4.58	&	2.644	&	11.82	&	1.156\\
3	&	3.016	&	3.828	&	21.82	&	37.33	&	2.86	&	25.7	&	0.2181	&	4.923	&	4.199	&	10.06\\
4	&	5.837	&	3.691	&	4.934	&	2.629	&	25.23	&	4.848	&	1.091	&	9.025	&	11.98	&	30.52\\
5	&	1.751	&	2.324	&	6.262	&	16.3	&	6.639	&	34.72	&	3.162	&	1.459	&	12.21	&	8.902\\
6	&	4.475	&	0.9569	&	4.744	&	0.5258	&	2.554	&	5.75	&	84.62	&	0	&	1.166	&	0.1156\\
7	&	1.265	&	1.846	&	8.159	&	7.992	&	10.32	&	2.593	&	0	&	46.03	&	4.044	&	21.73\\
8	&	12.94	&	6.972	&	5.693	&	2.839	&	10.73	&	6.99	&	2.29	&	2.552	&	32.74	&	5.202\\
9	&	0.2918	&	1.162	&	1.708	&	2.313	&	32.89	&	4.961	&	0	&	32.63	&	5.132	&	19.42\\
correct: 46.87%
k: 38
	&	0	&	1	&	2	&	3	&	4	&	5	&	6	&	7	&	8	&	9\\
0	&	64.57	&	0.9649	&	2.457	&	2.197	&	3.17	&	1.24	&	3.459	&	0.271	&	13.31	&	2.294\\
1	&	1.258	&	70.57	&	1.89	&	0.9414	&	1.022	&	1.353	&	0.7568	&	0.4517	&	3.17	&	0.5734\\
2	&	5.227	&	8.27	&	43.1	&	26.67	&	4.703	&	11.05	&	4.541	&	2.62	&	11.97	&	1.032\\
3	&	2.807	&	3.722	&	21.36	&	38.08	&	2.863	&	25.37	&	0.2162	&	4.878	&	4.279	&	9.977\\
4	&	5.712	&	3.653	&	4.348	&	2.406	&	25.97	&	4.961	&	1.297	&	8.943	&	11.81	&	30.5\\
5	&	1.936	&	2.205	&	6.616	&	16.74	&	6.544	&	35.17	&	3.243	&	1.445	&	11.97	&	8.257\\
6	&	4.356	&	0.7581	&	4.726	&	0.523	&	2.454	&	6.201	&	84	&	0	&	1.189	&	0.1147\\
7	&	1.258	&	1.792	&	7.94	&	7.636	&	10.74	&	2.368	&	0	&	46.25	&	3.566	&	21.9\\
8	&	12.58	&	6.961	&	5.671	&	2.615	&	11.04	&	7.215	&	2.486	&	2.349	&	33.68	&	4.817\\
9	&	0.2904	&	1.103	&	1.89	&	2.197	&	31.49	&	5.073	&	0	&	32.79	&	5.071	&	20.53\\
correct: 47.42%
k: 37
	&	0	&	1	&	2	&	3	&	4	&	5	&	6	&	7	&	8	&	9\\
0	&	65.26	&	0.765	&	2.768	&	2.006	&	2.786	&	1.246	&	3.25	&	0.1786	&	13.01	&	2.526\\
1	&	1.251	&	71.28	&	2.214	&	0.7392	&	0.9288	&	1.359	&	0.7584	&	0.4464	&	3.155	&	0.5741\\
2	&	5.197	&	8.067	&	43.91	&	26.19	&	4.438	&	11.1	&	4.55	&	2.857	&	12.07	&	0.9185\\
3	&	2.502	&	3.547	&	21.22	&	39.39	&	2.683	&	25.03	&	0.2167	&	4.911	&	4.259	&	9.989\\
4	&	5.871	&	3.477	&	4.059	&	2.112	&	26.73	&	4.983	&	0.9751	&	9.286	&	11.67	&	30.42\\
5	&	1.829	&	2.156	&	6.642	&	16.79	&	6.708	&	35.79	&	3.467	&	1.429	&	11.59	&	8.152\\
6	&	4.331	&	0.765	&	4.613	&	0.4224	&	2.58	&	6.116	&	84.29	&	0	&	1.183	&	0.1148\\
7	&	1.251	&	1.808	&	7.38	&	7.392	&	10.32	&	2.265	&	0	&	46.25	&	3.943	&	21.93\\
8	&	12.22	&	7.093	&	5.166	&	2.851	&	10.84	&	7.248	&	2.492	&	2.411	&	34.07	&	4.478\\
9	&	0.2887	&	1.043	&	2.03	&	2.112	&	31.99	&	4.87	&	0	&	32.23	&	5.047	&	20.9\\
correct: 47.99%
k: 36
	&	0	&	1	&	2	&	3	&	4	&	5	&	6	&	7	&	8	&	9\\
0	&	65.24	&	0.7018	&	2.757	&	2	&	2.987	&	1.236	&	3.236	&	0.1791	&	12.83	&	2.162\\
1	&	1.238	&	71.93	&	2.39	&	0.6316	&	0.8239	&	1.461	&	0.7551	&	0.5372	&	3.128	&	0.5688\\
2	&	5.524	&	8.14	&	45.04	&	25.89	&	4.325	&	10.56	&	4.746	&	2.865	&	11.71	&	1.024\\
3	&	2.476	&	3.228	&	20.22	&	40.11	&	2.987	&	24.94	&	0.2157	&	4.834	&	4.17	&	10.01\\
4	&	5.81	&	3.439	&	4.044	&	2.105	&	27.29	&	5.056	&	1.079	&	9.311	&	11.39	&	30.03\\
5	&	1.81	&	1.965	&	6.801	&	16.42	&	7.106	&	36.4	&	3.128	&	1.432	&	11.55	&	7.964\\
6	&	4.19	&	0.7719	&	4.412	&	0.4211	&	2.575	&	6.067	&	84.36	&	0	&	1.043	&	0.1138\\
7	&	1.238	&	1.754	&	7.169	&	7.263	&	10.2	&	2.247	&	0	&	46.82	&	4.17	&	21.39\\
8	&	12.19	&	7.018	&	5.331	&	2.947	&	10.5	&	6.854	&	2.481	&	2.328	&	35.12	&	4.437\\
9	&	0.2857	&	1.053	&	1.838	&	2.211	&	31.2	&	5.169	&	0	&	31.69	&	4.892	&	22.3\\
correct: 48.64%
k: 35
	&	0	&	1	&	2	&	3	&	4	&	5	&	6	&	7	&	8	&	9\\
0	&	66.44	&	0.6298	&	2.222	&	1.681	&	3.186	&	1.449	&	3.341	&	0.2671	&	12.74	&	1.85\\
1	&	1.254	&	71.94	&	2.222	&	0.6303	&	0.7194	&	1.672	&	0.7543	&	0.5343	&	2.946	&	0.4624\\
2	&	5.207	&	8.397	&	47.78	&	25.53	&	4.522	&	9.81	&	4.418	&	2.85	&	11.62	&	0.6936\\
3	&	2.314	&	3.009	&	20.19	&	40.86	&	2.775	&	25.08	&	0.2155	&	4.809	&	4.379	&	9.48\\
4	&	5.4	&	3.499	&	3.889	&	2.206	&	28.16	&	4.682	&	0.9698	&	9.083	&	11.54	&	30.29\\
5	&	2.025	&	2.099	&	6.296	&	15.97	&	7.503	&	36.79	&	3.017	&	1.247	&	11.31	&	7.861\\
6	&	3.954	&	0.7698	&	4.259	&	0.5252	&	2.569	&	5.909	&	84.48	&	0	&	1.194	&	0.1156\\
7	&	1.157	&	1.819	&	7.037	&	7.353	&	10.17	&	2.453	&	0	&	47.02	&	3.822	&	21.39\\
8	&	12.05	&	6.788	&	4.444	&	3.151	&	10.17	&	6.912	&	2.802	&	2.226	&	35.59	&	4.509\\
9	&	0.1929	&	1.05	&	1.667	&	2.101	&	30.22	&	5.24	&	0	&	31.97	&	4.857	&	23.35\\
correct: 49.29%
k: 34
	&	0	&	1	&	2	&	3	&	4	&	5	&	6	&	7	&	8	&	9\\
0	&	66.7	&	0.563	&	2.011	&	1.681	&	2.899	&	1.446	&	3.122	&	0.2674	&	12.94	&	1.822\\
1	&	1.152	&	72.55	&	2.011	&	0.6303	&	0.9317	&	1.669	&	0.8611	&	0.5348	&	2.653	&	0.4556\\
2	&	5.278	&	8.586	&	48.63	&	25.53	&	4.451	&	9.566	&	4.09	&	2.763	&	11.41	&	0.6834\\
3	&	2.207	&	2.815	&	19.93	&	41.49	&	2.899	&	24.92	&	0.2153	&	4.813	&	4.18	&	9.453\\
4	&	5.374	&	3.378	&	3.839	&	2.101	&	29.3	&	4.672	&	1.292	&	8.913	&	11.33	&	29.5\\
5	&	2.207	&	2.182	&	6.033	&	16.28	&	7.246	&	37.71	&	2.799	&	1.159	&	10.93	&	7.517\\
6	&	3.839	&	0.7741	&	4.205	&	0.5252	&	2.484	&	5.673	&	84.71	&	0	&	1.286	&	0.1139\\
7	&	1.056	&	1.689	&	7.13	&	6.408	&	9.938	&	2.336	&	0	&	47.33	&	4.1	&	22.1\\
8	&	12	&	6.685	&	4.57	&	3.256	&	10.14	&	6.897	&	2.906	&	2.317	&	36.17	&	3.986\\
9	&	0.1919	&	0.7741	&	1.645	&	2.101	&	29.71	&	5.117	&	0	&	31.91	&	4.984	&	24.37\\
correct: 49.91%
k: 33
	&	0	&	1	&	2	&	3	&	4	&	5	&	6	&	7	&	8	&	9\\
0	&	68.22	&	0.4916	&	1.792	&	1.769	&	2.917	&	1.215	&	3.135	&	0.2664	&	12.67	&	1.93\\
1	&	1.069	&	72.54	&	1.971	&	0.6243	&	0.9375	&	1.326	&	0.8649	&	0.5329	&	2.843	&	0.454\\
2	&	4.859	&	8.708	&	48.92	&	25.49	&	4.479	&	9.834	&	3.892	&	2.753	&	11.05	&	0.5675\\
3	&	2.138	&	2.949	&	19.89	&	41.62	&	2.708	&	24.53	&	0.2162	&	4.796	&	4.062	&	9.194\\
4	&	5.345	&	3.441	&	4.122	&	2.081	&	29.58	&	4.972	&	1.189	&	8.792	&	11.05	&	29.51\\
5	&	1.846	&	2.037	&	6.631	&	16.02	&	7.083	&	38.67	&	2.703	&	1.243	&	10.89	&	7.037\\
6	&	3.79	&	0.7725	&	4.122	&	0.5203	&	2.396	&	5.635	&	85.19	&	0	&	1.381	&	0.1135\\
7	&	0.9718	&	1.826	&	6.631	&	6.66	&	10.1	&	2.21	&	0	&	47.42	&	3.818	&	21.91\\
8	&	11.56	&	6.531	&	4.301	&	3.122	&	10.1	&	6.851	&	2.811	&	2.22	&	37.53	&	4.086\\
9	&	0.1944	&	0.7022	&	1.613	&	2.081	&	29.69	&	4.751	&	0	&	31.97	&	4.712	&	25.2\\
correct: 50.48%
k: 32
	&	0	&	1	&	2	&	3	&	4	&	5	&	6	&	7	&	8	&	9\\
0	&	68.24	&	0.4916	&	1.773	&	1.848	&	3.246	&	0.7874	&	3.145	&	0.266	&	12.35	&	1.701\\
1	&	1.059	&	72.61	&	1.773	&	0.7187	&	0.9424	&	1.35	&	0.8677	&	0.5319	&	2.78	&	0.4535\\
2	&	4.524	&	8.708	&	50.18	&	25.56	&	4.398	&	9.336	&	3.579	&	2.837	&	10.96	&	0.5669\\
3	&	2.021	&	2.879	&	19.68	&	42.09	&	2.618	&	23.96	&	0.2169	&	5.053	&	3.925	&	9.297\\
4	&	5.294	&	3.371	&	3.901	&	2.053	&	30.47	&	4.612	&	1.193	&	8.599	&	11.45	&	29.14\\
5	&	1.829	&	2.107	&	6.028	&	15.81	&	7.225	&	40.49	&	2.495	&	1.152	&	10.71	&	6.689\\
6	&	3.946	&	0.7725	&	4.078	&	0.5133	&	2.094	&	5.849	&	85.68	&	0	&	1.226	&	0.1134\\
7	&	1.059	&	1.826	&	6.56	&	6.468	&	9.948	&	2.25	&	0	&	47.61	&	3.843	&	21.77\\
8	&	11.74	&	6.461	&	4.433	&	2.875	&	9.843	&	6.862	&	2.82	&	2.216	&	38.1	&	3.968\\
9	&	0.2887	&	0.7725	&	1.596	&	2.053	&	29.21	&	4.499	&	0	&	31.74	&	4.661	&	26.3\\
correct: 51.12%
k: 31
	&	0	&	1	&	2	&	3	&	4	&	5	&	6	&	7	&	8	&	9\\
0	&	68.98	&	0.5662	&	1.552	&	1.818	&	3.085	&	0.7865	&	3.027	&	0.2671	&	12.07	&	1.699\\
1	&	0.9634	&	73.25	&	1.724	&	0.7071	&	0.9574	&	1.348	&	0.973	&	0.5343	&	2.791	&	0.3398\\
2	&	4.432	&	8.493	&	50.52	&	24.65	&	3.936	&	9.326	&	3.784	&	2.76	&	11.25	&	0.6795\\
3	&	2.119	&	3.043	&	19.48	&	42.32	&	2.234	&	23.6	&	0.1081	&	4.541	&	3.941	&	9.287\\
4	&	5.684	&	3.043	&	3.793	&	2.121	&	31.49	&	4.607	&	1.189	&	8.549	&	11.17	&	29.11\\
5	&	1.734	&	1.84	&	6.379	&	16.16	&	7.128	&	40.79	&	2.486	&	1.069	&	10.51	&	6.569\\
6	&	3.95	&	0.7077	&	4.138	&	0.5051	&	2.021	&	5.955	&	85.73	&	0	&	0.9852	&	0.1133\\
7	&	0.8671	&	1.84	&	6.724	&	6.566	&	10	&	2.022	&	0	&	48.26	&	3.695	&	21.52\\
8	&	10.98	&	6.369	&	4.31	&	3.03	&	10	&	7.191	&	2.703	&	2.404	&	38.83	&	3.624\\
9	&	0.289	&	0.8493	&	1.379	&	2.121	&	29.15	&	4.382	&	0	&	31.61	&	4.762	&	27.07\\
correct: 51.69%
k: 30
	&	0	&	1	&	2	&	3	&	4	&	5	&	6	&	7	&	8	&	9\\
0	&	69.12	&	0.7032	&	1.712	&	1.818	&	2.468	&	0.6659	&	3.05	&	0.3575	&	11.82	&	1.708\\
1	&	1.052	&	72.93	&	2.055	&	0.6061	&	0.8584	&	1.221	&	0.8715	&	0.5362	&	2.645	&	0.4556\\
2	&	4.302	&	8.65	&	51.88	&	24.44	&	3.863	&	9.212	&	3.486	&	2.77	&	10.91	&	0.5695\\
3	&	2.199	&	2.813	&	18.66	&	42.83	&	2.039	&	23.53	&	0.1089	&	4.29	&	4.38	&	9.226\\
4	&	5.545	&	2.883	&	3.596	&	2.222	&	33.26	&	4.44	&	1.198	&	8.132	&	11.4	&	28.47\\
5	&	1.625	&	1.899	&	6.164	&	16.06	&	6.652	&	41.73	&	2.288	&	1.43	&	10.33	&	6.036\\
6	&	3.92	&	0.7032	&	4.11	&	0.5051	&	1.931	&	6.215	&	86.27	&	0	&	0.9917	&	0\\
7	&	0.8604	&	1.899	&	6.164	&	6.566	&	9.549	&	1.998	&	0	&	48.79	&	3.719	&	21.98\\
8	&	11.09	&	6.681	&	4.281	&	2.828	&	9.979	&	6.77	&	2.723	&	2.324	&	39.09	&	3.645\\
9	&	0.2868	&	0.8439	&	1.37	&	2.121	&	29.4	&	4.218	&	0	&	31.37	&	4.711	&	27.9\\
correct: 52.29%
k: 29
	&	0	&	1	&	2	&	3	&	4	&	5	&	6	&	7	&	8	&	9\\
0	&	69.3	&	0.6452	&	1.833	&	1.714	&	2.468	&	0.6659	&	2.925	&	0.2679	&	11.6	&	1.708\\
1	&	0.9506	&	74.34	&	2.167	&	0.6048	&	0.8584	&	1.11	&	0.8667	&	0.5357	&	2.734	&	0.4556\\
2	&	4.468	&	8.244	&	53.5	&	23.59	&	3.97	&	9.101	&	3.359	&	2.679	&	10.77	&	0.5695\\
3	&	2.376	&	2.724	&	17.83	&	42.94	&	1.931	&	23.75	&	0.1083	&	4.375	&	4.557	&	8.77\\
4	&	5.608	&	2.796	&	3.5	&	2.52	&	33.8	&	4.107	&	1.192	&	8.036	&	11.35	&	28.25\\
5	&	1.616	&	1.577	&	5.5	&	16.43	&	6.223	&	42.73	&	2.492	&	1.518	&	10.11	&	5.923\\
6	&	3.897	&	0.6452	&	4	&	0.4032	&	1.824	&	5.882	&	86.24	&	0	&	1.16	&	0\\
7	&	0.7605	&	1.792	&	5.833	&	6.653	&	9.335	&	1.998	&	0	&	49.73	&	3.563	&	21.53\\
8	&	10.74	&	6.523	&	4.333	&	2.923	&	10.52	&	6.659	&	2.817	&	2.321	&	39.35	&	3.417\\
9	&	0.2852	&	0.7168	&	1.5	&	2.218	&	29.08	&	3.996	&	0	&	30.54	&	4.805	&	29.38\\
correct: 52.99%
k: 28
	&	0	&	1	&	2	&	3	&	4	&	5	&	6	&	7	&	8	&	9\\
0	&	70.23	&	0.6442	&	1.783	&	1.709	&	2.355	&	0.5531	&	2.928	&	0.2722	&	11.2	&	1.808\\
1	&	0.9542	&	74.45	&	2.269	&	0.5025	&	0.9636	&	0.9956	&	0.8677	&	0.5445	&	2.508	&	0.452\\
2	&	4.198	&	8.017	&	54.13	&	23.82	&	3.64	&	8.628	&	3.362	&	2.541	&	10.79	&	0.565\\
3	&	2.385	&	2.863	&	17.34	&	43.92	&	1.927	&	23.12	&	0.1085	&	3.993	&	4.515	&	8.475\\
4	&	5.534	&	2.577	&	3.241	&	2.513	&	34.58	&	3.872	&	1.193	&	7.804	&	12.04	&	27.57\\
5	&	1.145	&	1.503	&	5.835	&	16.08	&	6.21	&	44.36	&	2.386	&	1.543	&	9.532	&	5.763\\
6	&	3.721	&	0.7158	&	3.728	&	0.402	&	1.927	&	5.752	&	86.66	&	0	&	1.087	&	0\\
7	&	0.7634	&	1.861	&	5.348	&	6.432	&	9.101	&	2.102	&	0	&	50.91	&	3.595	&	21.36\\
8	&	10.78	&	6.442	&	4.7	&	2.714	&	10.06	&	6.748	&	2.495	&	2.269	&	40.22	&	3.503\\
9	&	0.2863	&	0.9306	&	1.621	&	1.91	&	29.23	&	3.872	&	0	&	30.13	&	4.515	&	30.51\\
correct: 53.82%
k: 27
	&	0	&	1	&	2	&	3	&	4	&	5	&	6	&	7	&	8	&	9\\
0	&	69.72	&	0.7168	&	1.958	&	1.511	&	2.428	&	0.6565	&	2.903	&	0.271	&	11.12	&	1.564\\
1	&	0.8491	&	74.48	&	2.447	&	0.5035	&	0.9934	&	1.204	&	0.7527	&	0.542	&	2.527	&	0.4469\\
2	&	4.434	&	8.029	&	54.98	&	24.57	&	3.311	&	8.206	&	3.548	&	2.529	&	10.11	&	0.6704\\
3	&	2.358	&	3.082	&	16.8	&	44.81	&	1.766	&	23.09	&	0.1075	&	4.065	&	4.212	&	7.933\\
4	&	6.132	&	2.509	&	3.1	&	2.115	&	36.42	&	3.829	&	1.183	&	7.588	&	11.79	&	27.04\\
5	&	1.132	&	1.505	&	5.71	&	15.31	&	5.85	&	44.97	&	2.366	&	1.355	&	9.688	&	6.257\\
6	&	3.774	&	0.6452	&	3.1	&	0.3021	&	1.876	&	5.689	&	86.67	&	0	&	1.011	&	0\\
7	&	0.7547	&	1.649	&	5.22	&	6.546	&	9.051	&	2.079	&	0	&	51.31	&	3.707	&	20.89\\
8	&	10.57	&	6.452	&	5.057	&	2.518	&	10.04	&	6.346	&	2.473	&	2.439	&	40.94	&	3.464\\
9	&	0.283	&	0.9319	&	1.631	&	1.813	&	28.26	&	3.939	&	0	&	29.9	&	4.886	&	31.73\\
correct: 54.45%
k: 26
	&	0	&	1	&	2	&	3	&	4	&	5	&	6	&	7	&	8	&	9\\
0	&	70.43	&	0.7179	&	1.878	&	1.407	&	2.086	&	0.4425	&	2.909	&	0.2715	&	11.05	&	1.562\\
1	&	0.8475	&	74.66	&	2.347	&	0.5025	&	0.9879	&	1.217	&	0.6466	&	0.543	&	2.571	&	0.4464\\
2	&	4.049	&	7.825	&	56.18	&	24.02	&	3.074	&	8.186	&	3.448	&	2.353	&	9.94	&	0.6696\\
3	&	2.448	&	3.087	&	16.59	&	45.83	&	1.756	&	22.01	&	0.1078	&	4.072	&	4.199	&	7.701\\
4	&	6.026	&	2.728	&	2.973	&	2.01	&	37.87	&	3.761	&	1.185	&	7.692	&	11.48	&	25.89\\
5	&	1.13	&	1.579	&	5.477	&	15.28	&	5.269	&	46.35	&	2.155	&	1.357	&	9.512	&	6.473\\
6	&	3.484	&	0.7179	&	3.286	&	0.201	&	1.756	&	5.863	&	87.07	&	0	&	0.9426	&	0\\
7	&	0.7533	&	1.723	&	5.008	&	6.633	&	8.891	&	2.102	&	0	&	51.67	&	3.513	&	20.76\\
8	&	10.55	&	6.174	&	4.695	&	2.412	&	10.21	&	6.195	&	2.478	&	2.262	&	42.16	&	3.683\\
9	&	0.2825	&	0.7897	&	1.565	&	1.709	&	28.1	&	3.872	&	0	&	29.77	&	4.627	&	32.81\\
correct: 55.32%
k: 25
	&	0	&	1	&	2	&	3	&	4	&	5	&	6	&	7	&	8	&	9\\
0	&	71.89	&	0.7184	&	1.546	&	1.411	&	2.176	&	0.5549	&	2.597	&	0.182	&	10.85	&	1.316\\
1	&	0.8547	&	74.78	&	2.164	&	0.504	&	0.8705	&	1.332	&	0.6494	&	0.546	&	2.584	&	0.4386\\
2	&	3.704	&	7.687	&	57.96	&	23.39	&	3.047	&	8.213	&	3.247	&	2.275	&	9.991	&	0.6579\\
3	&	2.184	&	3.089	&	16.38	&	46.67	&	1.85	&	21.64	&	0.1082	&	4.095	&	4.048	&	7.675\\
4	&	5.793	&	2.658	&	3.091	&	2.117	&	38.3	&	3.441	&	1.19	&	7.461	&	10.85	&	26.43\\
5	&	1.14	&	1.509	&	5.255	&	15.02	&	5.114	&	47.39	&	2.273	&	1.274	&	9.561	&	6.14\\
6	&	3.419	&	0.7184	&	2.937	&	0.3024	&	1.632	&	5.882	&	87.55	&	0	&	1.12	&	0\\
7	&	0.5698	&	1.796	&	4.637	&	6.452	&	9.032	&	1.887	&	0	&	52.68	&	3.531	&	20.07\\
8	&	10.16	&	6.25	&	4.482	&	2.52	&	10.77	&	5.993	&	2.381	&	1.911	&	42.89	&	3.509\\
9	&	0.2849	&	0.7902	&	1.546	&	1.613	&	27.2	&	3.663	&	0	&	29.57	&	4.565	&	33.77\\
correct: 56.09%
k: 24
	&	0	&	1	&	2	&	3	&	4	&	5	&	6	&	7	&	8	&	9\\
0	&	73.21	&	0.6489	&	1.502	&	1.129	&	2.169	&	0.5464	&	2.597	&	0.1826	&	10.54	&	1.313\\
1	&	0.8612	&	75.2	&	1.952	&	0.5133	&	0.7592	&	1.421	&	0.6494	&	0.5479	&	2.418	&	0.547\\
2	&	3.254	&	7.787	&	58.71	&	22.48	&	3.471	&	8.306	&	2.922	&	2.1	&	10.1	&	0.547\\
3	&	2.201	&	2.596	&	16.67	&	48.36	&	1.627	&	21.86	&	0.1082	&	3.927	&	3.713	&	7.33\\
4	&	5.646	&	2.812	&	2.853	&	1.951	&	39.59	&	3.607	&	1.407	&	7.397	&	10.45	&	25.49\\
5	&	0.9569	&	1.586	&	4.955	&	14.68	&	4.881	&	47.54	&	2.165	&	1.37	&	9.758	&	6.127\\
6	&	3.254	&	0.721	&	3.003	&	0.308	&	1.627	&	5.683	&	87.88	&	0	&	1.036	&	0\\
7	&	0.4785	&	1.514	&	4.655	&	6.263	&	8.677	&	1.858	&	0	&	53.24	&	3.886	&	20.24\\
8	&	9.952	&	6.417	&	4.054	&	2.772	&	10.52	&	5.574	&	2.273	&	1.826	&	43.44	&	3.829\\
9	&	0.1914	&	0.721	&	1.652	&	1.54	&	26.68	&	3.607	&	0	&	29.41	&	4.663	&	34.57\\
correct: 56.84%
k: 23
	&	0	&	1	&	2	&	3	&	4	&	5	&	6	&	7	&	8	&	9\\
0	&	73.67	&	0.6494	&	1.362	&	0.9174	&	2.065	&	0.5574	&	2.589	&	0.09066	&	10.23	&	1.292\\
1	&	0.9506	&	75.47	&	1.664	&	0.4077	&	0.9783	&	1.338	&	0.7551	&	0.544	&	2.273	&	0.4306\\
2	&	3.232	&	7.576	&	60.36	&	22.43	&	3.587	&	7.469	&	2.913	&	2.267	&	10.23	&	0.5382\\
3	&	2.186	&	2.597	&	16.19	&	48.83	&	1.739	&	21.52	&	0.1079	&	4.261	&	3.671	&	7.104\\
4	&	5.418	&	3.03	&	2.723	&	1.937	&	40.22	&	3.679	&	1.294	&	7.253	&	9.878	&	25.62\\
5	&	1.046	&	1.371	&	4.69	&	14.98	&	4.457	&	49.05	&	2.265	&	1.36	&	9.441	&	6.351\\
6	&	3.327	&	0.5772	&	3.026	&	0.3058	&	1.63	&	5.686	&	87.92	&	0	&	0.9615	&	0\\
7	&	0.4753	&	1.515	&	4.69	&	6.116	&	8.261	&	1.784	&	0	&	54.13	&	3.934	&	19.05\\
8	&	9.506	&	6.421	&	4.085	&	2.548	&	10.87	&	5.463	&	2.157	&	1.541	&	44.84	&	3.66\\
9	&	0.1901	&	0.7937	&	1.21	&	1.529	&	26.2	&	3.456	&	0	&	28.56	&	4.545	&	35.95\\
correct: 57.68%
k: 22
	&	0	&	1	&	2	&	3	&	4	&	5	&	6	&	7	&	8	&	9\\
0	&	73.92	&	0.6541	&	1.649	&	0.7128	&	2.081	&	0.5549	&	2.27	&	0.09174	&	9.57	&	1.063\\
1	&	0.9381	&	76.09	&	1.349	&	0.5092	&	0.8762	&	1.221	&	0.8649	&	0.4587	&	2.371	&	0.5313\\
2	&	3.002	&	7.122	&	62.07	&	22	&	3.067	&	7.436	&	3.243	&	2.294	&	10.18	&	0.6376\\
3	&	2.158	&	2.544	&	15.44	&	50	&	1.862	&	20.87	&	0.1081	&	4.037	&	3.775	&	6.908\\
4	&	5.441	&	2.907	&	2.699	&	1.629	&	42.06	&	3.552	&	1.297	&	6.881	&	9.658	&	25.19\\
5	&	1.126	&	1.453	&	4.348	&	14.66	&	4.6	&	49.94	&	1.946	&	1.284	&	9.394	&	5.951\\
6	&	3.189	&	0.7267	&	2.849	&	0.3055	&	1.424	&	5.438	&	88.32	&	0	&	1.141	&	0\\
7	&	0.3752	&	1.453	&	4.498	&	5.906	&	7.558	&	2.109	&	0	&	54.95	&	4.126	&	19.34\\
8	&	9.568	&	6.25	&	3.898	&	2.749	&	10.84	&	5.438	&	1.946	&	1.56	&	45.74	&	3.082\\
9	&	0.2814	&	0.7994	&	1.199	&	1.527	&	25.63	&	3.441	&	0	&	28.44	&	4.039	&	37.3\\
correct: 58.62%
k: 21
	&	0	&	1	&	2	&	3	&	4	&	5	&	6	&	7	&	8	&	9\\
0	&	75.07	&	0.656	&	1.618	&	0.6085	&	2.121	&	0.5531	&	2.371	&	0.09141	&	8.937	&	0.9395\\
1	&	0.8467	&	76.46	&	1.176	&	0.5071	&	0.8929	&	1.106	&	0.8621	&	0.5484	&	2.502	&	0.4175\\
2	&	2.822	&	6.414	&	63.24	&	22.31	&	3.013	&	7.965	&	3.017	&	2.285	&	9.473	&	0.6263\\
3	&	1.881	&	2.77	&	14.71	&	50.81	&	1.674	&	20.35	&	0.1078	&	4.205	&	3.575	&	6.785\\
4	&	5.456	&	2.915	&	2.5	&	1.318	&	43.19	&	3.208	&	1.293	&	6.856	&	9.294	&	25.78\\
5	&	1.129	&	1.458	&	4.559	&	14.81	&	4.353	&	50.77	&	1.724	&	1.188	&	8.937	&	5.846\\
6	&	3.198	&	0.7289	&	2.647	&	0.3043	&	1.451	&	4.867	&	88.69	&	0	&	1.162	&	0\\
7	&	0.3763	&	1.239	&	4.706	&	5.477	&	7.812	&	1.77	&	0	&	55.76	&	4.021	&	18.79\\
8	&	8.843	&	6.414	&	3.824	&	2.434	&	10.38	&	5.752	&	1.94	&	1.554	&	47.81	&	2.818\\
9	&	0.3763	&	0.9475	&	1.029	&	1.42	&	25.11	&	3.65	&	0	&	27.51	&	4.29	&	38\\
correct: 59.56%
k: 20
	&	0	&	1	&	2	&	3	&	4	&	5	&	6	&	7	&	8	&	9\\
0	&	75.42	&	0.6589	&	1.594	&	0.7143	&	1.996	&	0.655	&	1.957	&	0.09124	&	8.644	&	0.8325\\
1	&	0.7477	&	77.01	&	1.159	&	0.5102	&	0.9978	&	0.9825	&	0.9783	&	0.4562	&	2.366	&	0.4162\\
2	&	2.897	&	6.003	&	64.93	&	21.63	&	3.215	&	7.642	&	2.935	&	2.372	&	9.19	&	0.6243\\
3	&	1.682	&	2.709	&	13.77	&	52.04	&	1.885	&	20.63	&	0.1087	&	4.106	&	3.367	&	6.348\\
4	&	5.327	&	3.148	&	2.319	&	1.327	&	44.46	&	3.057	&	0.9783	&	7.026	&	8.826	&	25.08\\
5	&	1.028	&	1.684	&	3.913	&	14.39	&	3.991	&	51.75	&	1.739	&	1.369	&	8.553	&	5.723\\
6	&	3.084	&	0.8053	&	2.754	&	0.3061	&	1.33	&	4.476	&	89.46	&	0	&	1.456	&	0\\
7	&	0.3738	&	1.245	&	4.638	&	5.408	&	7.428	&	1.31	&	0	&	56.3	&	4.186	&	18.73\\
8	&	9.065	&	5.783	&	3.913	&	2.347	&	10.31	&	5.677	&	1.848	&	1.551	&	49.41	&	2.706\\
9	&	0.3738	&	0.9517	&	1.014	&	1.327	&	24.39	&	3.821	&	0	&	26.73	&	4.004	&	39.54\\
correct: 60.55%
k: 19
	&	0	&	1	&	2	&	3	&	4	&	5	&	6	&	7	&	8	&	9\\
0	&	76.41	&	0.5913	&	1.418	&	0.6006	&	1.927	&	0.6674	&	1.942	&	0.09083	&	8.514	&	0.7246\\
1	&	0.7519	&	77.75	&	0.9929	&	0.6006	&	0.7937	&	1.001	&	1.079	&	0.3633	&	2.355	&	0.6211\\
2	&	2.82	&	5.543	&	65.67	&	21.22	&	3.175	&	7.453	&	3.236	&	2.271	&	8.696	&	0.6211\\
3	&	1.786	&	2.735	&	13.19	&	52.75	&	1.814	&	20.02	&	0	&	3.815	&	3.442	&	6.004\\
4	&	5.451	&	3.104	&	2.27	&	1.101	&	46.94	&	2.892	&	0.9709	&	6.994	&	8.152	&	24.74\\
5	&	0.9398	&	1.7	&	4.255	&	14.21	&	3.968	&	53.5	&	1.618	&	1.181	&	8.514	&	5.072\\
6	&	2.914	&	0.813	&	2.979	&	0.3003	&	1.247	&	4.004	&	89.21	&	0	&	1.63	&	0\\
7	&	0.3759	&	1.183	&	4.681	&	5.305	&	7.37	&	1.224	&	0	&	57.13	&	3.804	&	18.12\\
8	&	8.177	&	5.765	&	3.688	&	2.302	&	9.41	&	5.562	&	1.942	&	1.544	&	51	&	3.002\\
9	&	0.3759	&	0.813	&	0.8511	&	1.602	&	23.36	&	3.671	&	0	&	26.61	&	3.895	&	41.1\\
correct: 61.66%
k: 18
	&	0	&	1	&	2	&	3	&	4	&	5	&	6	&	7	&	8	&	9\\
0	&	77.18	&	0.5975	&	1.393	&	0.6	&	1.575	&	0.6645	&	1.836	&	0.09183	&	8.128	&	0.7172\\
1	&	0.8451	&	78.49	&	0.9749	&	0.5	&	0.7874	&	1.107	&	0.9719	&	0.3673	&	2.374	&	0.7172\\
2	&	2.817	&	4.929	&	67.69	&	20.5	&	3.15	&	7.42	&	2.916	&	2.204	&	8.584	&	0.5123\\
3	&	1.878	&	2.539	&	12.26	&	54.3	&	1.575	&	19.27	&	0	&	3.857	&	3.653	&	5.635\\
4	&	4.883	&	2.838	&	2.089	&	1.2	&	48.82	&	2.658	&	0.9719	&	6.795	&	8.037	&	24.18\\
5	&	0.8451	&	1.867	&	3.9	&	13.8	&	3.712	&	54.71	&	1.836	&	1.194	&	8.037	&	4.816\\
6	&	2.723	&	0.5975	&	2.925	&	0.4	&	0.8999	&	4.319	&	89.74	&	0	&	1.644	&	0\\
7	&	0.3756	&	1.344	&	4.457	&	4.9	&	7.312	&	1.218	&	0	&	58.59	&	3.562	&	17.62\\
8	&	8.075	&	5.825	&	3.482	&	2.4	&	8.999	&	4.983	&	1.728	&	1.653	&	52.42	&	2.869\\
9	&	0.3756	&	0.9709	&	0.8357	&	1.4	&	23.17	&	3.654	&	0	&	25.25	&	3.562	&	42.93\\
correct: 62.92%
k: 17
	&	0	&	1	&	2	&	3	&	4	&	5	&	6	&	7	&	8	&	9\\
0	&	78.06	&	0.5988	&	1.644	&	0.5	&	1.689	&	0.663	&	1.726	&	0.09294	&	7.974	&	0.8048\\
1	&	0.7597	&	78.74	&	0.9589	&	0.6	&	0.7883	&	1.215	&	0.9709	&	0.2788	&	2.291	&	0.7042\\
2	&	2.659	&	4.716	&	69.32	&	19.7	&	3.153	&	7.293	&	2.481	&	2.045	&	8.524	&	0.6036\\
3	&	1.899	&	2.395	&	11.92	&	55.3	&	1.351	&	19.01	&	0.1079	&	3.903	&	3.483	&	5.332\\
4	&	4.368	&	2.844	&	2.055	&	0.9	&	50.79	&	2.873	&	0.9709	&	6.134	&	8.158	&	23.44\\
5	&	0.8547	&	1.871	&	3.562	&	14.4	&	3.491	&	55.47	&	1.726	&	1.208	&	7.149	&	4.829\\
6	&	2.659	&	0.6737	&	2.466	&	0.4	&	0.7883	&	3.978	&	90.4	&	0	&	1.65	&	0\\
7	&	0.3799	&	1.347	&	3.699	&	4.6	&	7.658	&	1.215	&	0	&	60.22	&	3.483	&	16.9\\
8	&	7.882	&	5.913	&	3.562	&	2.3	&	8.671	&	5.193	&	1.618	&	1.58	&	53.35	&	2.515\\
9	&	0.4748	&	0.8982	&	0.8219	&	1.3	&	21.62	&	3.094	&	0	&	24.54	&	3.941	&	44.87\\
correct: 64%
k: 16
	&	0	&	1	&	2	&	3	&	4	&	5	&	6	&	7	&	8	&	9\\
0	&	78.07	&	0.5331	&	1.611	&	0.3024	&	1.557	&	0.5531	&	1.309	&	0.189	&	7.885	&	0.6816\\
1	&	0.8435	&	80.43	&	0.9396	&	0.6048	&	0.6674	&	1.106	&	0.8724	&	0.2836	&	2.134	&	0.6816\\
2	&	2.624	&	4.189	&	71.28	&	19.15	&	2.781	&	6.969	&	2.29	&	2.174	&	8.256	&	0.6816\\
3	&	1.874	&	1.98	&	10.74	&	57.06	&	1.557	&	18.69	&	0.1091	&	4.064	&	3.711	&	4.966\\
4	&	4.03	&	2.513	&	1.745	&	0.9073	&	52.39	&	2.434	&	0.9815	&	6.049	&	7.792	&	22.78\\
5	&	0.9372	&	1.752	&	3.49	&	14.01	&	3.448	&	56.75	&	1.309	&	0.9452	&	7.514	&	4.576\\
6	&	2.624	&	0.8378	&	2.282	&	0.504	&	0.7786	&	3.761	&	91.6	&	0	&	1.484	&	0\\
7	&	0.5623	&	1.295	&	3.624	&	4.133	&	8.009	&	1.327	&	0	&	60.68	&	2.968	&	17.43\\
8	&	8.06	&	5.484	&	3.49	&	2.218	&	8.009	&	5.31	&	1.527	&	1.796	&	54.36	&	2.824\\
9	&	0.3749	&	0.9901	&	0.8054	&	1.109	&	20.8	&	3.097	&	0	&	23.82	&	3.896	&	45.37\\
correct: 65.04%
k: 15
	&	0	&	1	&	2	&	3	&	4	&	5	&	6	&	7	&	8	&	9\\
0	&	78.99	&	0.463	&	1.463	&	0.3027	&	1.444	&	0.7752	&	1.297	&	0.188	&	7.269	&	0.5825\\
1	&	0.9381	&	81.71	&	0.7979	&	0.5045	&	0.6667	&	1.218	&	0.7568	&	0.282	&	2.05	&	0.5825\\
2	&	2.251	&	4.012	&	72.07	&	19.17	&	2.667	&	6.645	&	2.486	&	1.88	&	8.388	&	0.6796\\
3	&	1.876	&	2.006	&	10.64	&	58.53	&	1.444	&	18.16	&	0.1081	&	4.041	&	3.355	&	4.563\\
4	&	4.221	&	2.16	&	1.463	&	0.8073	&	54.11	&	2.547	&	0.973	&	5.545	&	7.549	&	22.43\\
5	&	1.032	&	1.466	&	3.723	&	13.22	&	3.444	&	57.81	&	1.622	&	1.034	&	7.456	&	4.272\\
6	&	2.251	&	0.7716	&	2.261	&	0.5045	&	0.6667	&	3.654	&	91.35	&	0	&	1.678	&	0\\
7	&	0.5629	&	1.08	&	3.324	&	3.935	&	7.667	&	1.218	&	0	&	62.03	&	2.703	&	16.99\\
8	&	7.505	&	5.401	&	3.59	&	1.917	&	8.556	&	5.094	&	1.405	&	1.598	&	55.92	&	2.427\\
9	&	0.3752	&	0.9259	&	0.6649	&	1.11	&	19.33	&	2.879	&	0	&	23.4	&	3.635	&	47.48\\
correct: 66.26%
k: 14
	&	0	&	1	&	2	&	3	&	4	&	5	&	6	&	7	&	8	&	9\\
0	&	79.27	&	0.5389	&	1.189	&	0.2026	&	1.329	&	0.8734	&	1.613	&	0.09606	&	7.009	&	0.582\\
1	&	1.126	&	81.91	&	0.7926	&	0.5066	&	0.443	&	0.8734	&	0.5376	&	0.2882	&	1.869	&	0.7759\\
2	&	2.158	&	3.849	&	74.24	&	18.03	&	2.658	&	6.332	&	2.581	&	1.729	&	8.224	&	0.679\\
3	&	1.782	&	1.925	&	9.511	&	61.09	&	1.107	&	17.14	&	0	&	3.458	&	3.832	&	4.559\\
4	&	4.034	&	2.232	&	1.453	&	0.6079	&	55.59	&	2.62	&	1.183	&	5.572	&	7.383	&	21.24\\
5	&	0.9381	&	1.232	&	3.038	&	12.66	&	3.544	&	59.72	&	1.505	&	0.9606	&	7.29	&	3.589\\
6	&	2.251	&	0.8468	&	2.114	&	0.6079	&	0.5537	&	3.493	&	91.08	&	0	&	1.589	&	0\\
7	&	0.469	&	1.155	&	3.435	&	3.445	&	7.53	&	0.7642	&	0	&	64.27	&	3.084	&	16.59\\
8	&	7.598	&	5.389	&	3.699	&	1.722	&	7.53	&	5.24	&	1.505	&	1.537	&	56.17	&	3.007\\
9	&	0.3752	&	0.9238	&	0.5284	&	1.114	&	19.71	&	2.948	&	0	&	22.09	&	3.551	&	48.98\\
correct: 67.45%
k: 13
	&	0	&	1	&	2	&	3	&	4	&	5	&	6	&	7	&	8	&	9\\
0	&	80.82	&	0.4655	&	1.166	&	0.1998	&	1.451	&	0.6601	&	1.715	&	0.0956	&	6.604	&	0.5764\\
1	&	1.045	&	82.7	&	1.166	&	0.3996	&	0.6696	&	0.7701	&	0.5359	&	0.2868	&	1.698	&	0.5764\\
2	&	1.709	&	3.724	&	75.78	&	16.88	&	2.232	&	6.271	&	2.358	&	1.625	&	8.491	&	0.5764\\
3	&	1.804	&	2.095	&	8.808	&	61.84	&	1.004	&	15.95	&	0	&	3.442	&	3.679	&	4.611\\
4	&	3.799	&	2.172	&	1.166	&	0.7992	&	57.59	&	2.31	&	1.179	&	5.449	&	6.981	&	20.94\\
5	&	0.8547	&	1.009	&	2.72	&	13.19	&	3.237	&	61.72	&	1.393	&	0.8604	&	6.415	&	3.554\\
6	&	2.089	&	0.8534	&	2.073	&	0.6993	&	0.558	&	3.3	&	91.32	&	0	&	1.415	&	0\\
7	&	0.3799	&	1.241	&	2.979	&	3.397	&	7.143	&	0.6601	&	0	&	65.49	&	3.208	&	15.56\\
8	&	6.933	&	4.81	&	3.756	&	1.698	&	7.478	&	5.501	&	1.501	&	1.625	&	58.02	&	2.882\\
9	&	0.5698	&	0.931	&	0.3886	&	0.8991	&	18.64	&	2.86	&	0	&	21.13	&	3.491	&	50.72\\
correct: 68.78%
k: 12
	&	0	&	1	&	2	&	3	&	4	&	5	&	6	&	7	&	8	&	9\\
0	&	80.7	&	0.4662	&	1.134	&	0.1998	&	1.233	&	0.6565	&	1.719	&	0.09804	&	6.43	&	0.473\\
1	&	0.8475	&	83.06	&	1.134	&	0.3996	&	0.5605	&	0.7659	&	0.5371	&	0.2941	&	1.727	&	0.5676\\
2	&	1.789	&	3.652	&	77.2	&	16.28	&	1.906	&	5.252	&	2.148	&	1.275	&	8.349	&	0.473\\
3	&	1.977	&	1.943	&	8.186	&	63.44	&	1.009	&	15.21	&	0	&	3.137	&	3.647	&	4.352\\
4	&	3.484	&	2.02	&	1.008	&	0.5994	&	60.2	&	2.626	&	1.074	&	5.686	&	6.43	&	19.77\\
5	&	0.6591	&	0.9324	&	2.015	&	11.99	&	3.363	&	63.68	&	1.182	&	0.6863	&	6.622	&	3.595\\
6	&	2.26	&	0.8547	&	2.267	&	0.4995	&	0.4484	&	3.173	&	91.62	&	0	&	1.344	&	0\\
7	&	0.2825	&	1.321	&	3.023	&	3.696	&	6.278	&	0.7659	&	0	&	67.16	&	3.263	&	15.61\\
8	&	7.345	&	4.817	&	3.526	&	1.998	&	7.175	&	5.142	&	1.719	&	1.471	&	59.12	&	2.649\\
9	&	0.6591	&	0.9324	&	0.5038	&	0.8991	&	17.83	&	2.735	&	0	&	20.2	&	3.071	&	52.51\\
correct: 70.02%
k: 11
	&	0	&	1	&	2	&	3	&	4	&	5	&	6	&	7	&	8	&	9\\
0	&	82.1	&	0.3925	&	0.9792	&	0.1994	&	1.354	&	0.5488	&	1.719	&	0.09862	&	6.214	&	0.3745\\
1	&	0.6667	&	84.07	&	1.102	&	0.3988	&	0.4515	&	0.7684	&	0.6445	&	0.1972	&	1.912	&	0.4682\\
2	&	1.714	&	3.297	&	77.6	&	15.45	&	1.58	&	5.598	&	2.041	&	0.9862	&	7.935	&	0.5618\\
3	&	1.524	&	1.805	&	7.834	&	65.1	&	1.242	&	14.49	&	0	&	3.156	&	3.633	&	3.839\\
4	&	3.143	&	2.119	&	0.9792	&	0.4985	&	62.87	&	2.195	&	1.074	&	4.931	&	6.023	&	19.57\\
5	&	0.4762	&	0.8634	&	2.081	&	12.16	&	3.273	&	65.09	&	1.289	&	0.8876	&	6.119	&	2.809\\
6	&	2.095	&	0.7849	&	2.326	&	0.3988	&	0.5643	&	2.854	&	92.16	&	0	&	1.338	&	0\\
7	&	0.1905	&	1.334	&	2.938	&	3.29	&	6.659	&	0.8782	&	0	&	68.54	&	2.772	&	15.07\\
8	&	7.524	&	4.474	&	3.55	&	1.595	&	6.659	&	5.049	&	1.074	&	1.381	&	60.52	&	2.903\\
9	&	0.5714	&	0.8634	&	0.612	&	0.8973	&	15.35	&	2.525	&	0	&	19.82	&	3.537	&	54.4\\
correct: 71.37%
k: 10
	&	0	&	1	&	2	&	3	&	4	&	5	&	6	&	7	&	8	&	9\\
0	&	81.62	&	0.3962	&	0.7177	&	0.3	&	1.233	&	0.7692	&	1.515	&	0.1003	&	5.347	&	0.3646\\
1	&	0.653	&	84.87	&	1.077	&	0.5	&	0.3363	&	0.8791	&	0.4329	&	0.2006	&	2.079	&	0.4558\\
2	&	1.493	&	3.17	&	79.07	&	14.6	&	1.233	&	4.835	&	1.84	&	1.103	&	7.822	&	0.6381\\
3	&	1.586	&	1.506	&	7.536	&	67	&	1.57	&	13.63	&	0	&	2.808	&	3.267	&	3.829\\
4	&	2.985	&	2.219	&	0.9569	&	0.3	&	64.91	&	1.978	&	0.974	&	4.814	&	5.941	&	17.96\\
5	&	0.4664	&	0.7924	&	1.794	&	11.5	&	3.475	&	66.7	&	1.19	&	0.7021	&	6.139	&	2.644\\
6	&	2.146	&	0.6339	&	2.632	&	0.4	&	0.4484	&	2.637	&	93.29	&	0	&	1.089	&	0\\
7	&	0.1866	&	1.109	&	2.273	&	3.2	&	6.502	&	0.7692	&	0	&	70.21	&	2.574	&	15.5\\
8	&	8.116	&	4.675	&	3.349	&	1.4	&	5.942	&	5.165	&	0.7576	&	1.404	&	62.77	&	2.826\\
9	&	0.7463	&	0.6339	&	0.5981	&	0.8	&	14.35	&	2.637	&	0	&	18.66	&	2.97	&	55.79\\
correct: 72.71%
k: 9
	&	0	&	1	&	2	&	3	&	4	&	5	&	6	&	7	&	8	&	9\\
0	&	82.62	&	0.3971	&	0.8294	&	0.3015	&	0.9227	&	0.4444	&	1.611	&	0.2944	&	4.594	&	0.3663\\
1	&	0.3738	&	85.39	&	1.066	&	0.5025	&	0.4614	&	1	&	0.3222	&	0.1963	&	2.053	&	0.2747\\
2	&	1.402	&	2.939	&	80.92	&	13.27	&	1.153	&	4.667	&	2.041	&	1.276	&	7.234	&	0.641\\
3	&	1.402	&	1.668	&	6.872	&	69.65	&	1.845	&	12.33	&	0	&	2.748	&	2.835	&	3.571\\
4	&	2.897	&	1.986	&	0.8294	&	0.201	&	68.28	&	1.778	&	0.9667	&	4.122	&	5.67	&	18.32\\
5	&	0.4673	&	0.8737	&	1.303	&	11.46	&	2.999	&	69.11	&	1.074	&	0.7851	&	6.061	&	2.106\\
6	&	2.336	&	0.4766	&	2.37	&	0.201	&	0.346	&	2.444	&	93.13	&	0	&	1.271	&	0\\
7	&	0.2804	&	1.191	&	2.014	&	2.312	&	5.998	&	0.7778	&	0	&	71.93	&	2.639	&	13.83\\
8	&	7.383	&	4.448	&	3.318	&	1.307	&	5.075	&	4.667	&	0.8593	&	1.276	&	64.61	&	2.747\\
9	&	0.8411	&	0.6354	&	0.4739	&	0.804	&	12.92	&	2.778	&	0	&	17.37	&	3.03	&	58.15\\
correct: 74.45%
k: 8
	&	0	&	1	&	2	&	3	&	4	&	5	&	6	&	7	&	8	&	9\\
0	&	82.93	&	0.4003	&	0.6873	&	0.2039	&	0.9029	&	0.2215	&	1.396	&	0.3049	&	4.326	&	0.3568\\
1	&	0.4638	&	86.31	&	0.8018	&	0.3058	&	0.6772	&	0.9967	&	0.2148	&	0.1016	&	2.012	&	0.3568\\
2	&	1.113	&	2.242	&	82.82	&	12.23	&	1.354	&	3.544	&	1.826	&	1.118	&	6.942	&	0.7136\\
3	&	1.206	&	1.601	&	6.415	&	73.19	&	1.58	&	10.85	&	0	&	2.642	&	2.918	&	3.211\\
4	&	2.876	&	2.002	&	0.4582	&	0.1019	&	70.43	&	1.55	&	1.074	&	4.065	&	5.231	&	16.15\\
5	&	0.4638	&	0.8807	&	1.604	&	9.888	&	2.822	&	71.98	&	0.9667	&	0.813	&	5.131	&	1.963\\
6	&	2.412	&	0.4804	&	1.718	&	0.1019	&	0.5643	&	2.436	&	93.66	&	0	&	1.107	&	0\\
7	&	0.1855	&	1.361	&	1.604	&	2.446	&	5.305	&	0.7752	&	0	&	74.29	&	2.213	&	14.63\\
8	&	7.792	&	4.163	&	3.207	&	1.121	&	4.628	&	4.651	&	0.8593	&	1.118	&	67	&	2.765\\
9	&	0.5566	&	0.5604	&	0.6873	&	0.4077	&	11.74	&	2.99	&	0	&	15.55	&	3.119	&	59.86\\
correct: 76.27%
k: 7
	&	0	&	1	&	2	&	3	&	4	&	5	&	6	&	7	&	8	&	9\\
0	&	84.38	&	0.3228	&	0.6787	&	0.2041	&	0.6834	&	0.1134	&	1.494	&	0.3	&	3.689	&	0.4433\\
1	&	0.5613	&	87.33	&	0.6787	&	0.2041	&	0.5695	&	0.907	&	0.2134	&	0.1	&	1.994	&	0.266\\
2	&	1.029	&	2.179	&	85.07	&	10.1	&	1.139	&	3.175	&	1.494	&	0.9	&	7.378	&	0.7092\\
3	&	1.123	&	1.372	&	5.543	&	76.12	&	1.367	&	10.2	&	0	&	3	&	2.393	&	2.66\\
4	&	2.9	&	1.856	&	0.4525	&	0.102	&	73.12	&	1.134	&	0.8538	&	3.6	&	4.387	&	16.22\\
5	&	0.3742	&	0.8878	&	1.584	&	9.898	&	2.164	&	74.72	&	1.067	&	0.8	&	4.686	&	2.039\\
6	&	2.058	&	0.4036	&	1.471	&	0.102	&	0.7973	&	1.814	&	94.02	&	0	&	1.296	&	0\\
7	&	0.1871	&	1.614	&	1.471	&	2.041	&	5.581	&	0.5669	&	0	&	75.4	&	1.795	&	13.03\\
8	&	6.922	&	3.551	&	2.602	&	0.5102	&	4.214	&	4.762	&	0.8538	&	1.3	&	69.29	&	2.926\\
9	&	0.4677	&	0.4843	&	0.4525	&	0.7143	&	10.36	&	2.608	&	0	&	14.6	&	3.091	&	61.7\\
correct: 78.09%
k: 6
	&	0	&	1	&	2	&	3	&	4	&	5	&	6	&	7	&	8	&	9\\
0	&	84.08	&	0.1627	&	0.6452	&	0.2086	&	0.4479	&	0	&	1.285	&	0.1047	&	3.494	&	0.4344\\
1	&	0.644	&	88.53	&	0.5376	&	0.3128	&	0.6719	&	0.7874	&	0.2141	&	0.1047	&	1.439	&	0.1738\\
2	&	1.196	&	1.546	&	85.7	&	8.029	&	0.6719	&	2.7	&	1.178	&	1.047	&	6.68	&	0.8688\\
3	&	1.288	&	1.465	&	5.054	&	79.46	&	1.344	&	9.111	&	0.1071	&	2.513	&	1.953	&	2.78\\
4	&	2.668	&	1.79	&	0.4301	&	0.1043	&	75.59	&	1.012	&	1.178	&	2.932	&	4.008	&	14.25\\
5	&	0.368	&	0.8137	&	1.72	&	8.342	&	1.68	&	77.5	&	0.6424	&	0.6283	&	4.522	&	1.911\\
6	&	2.024	&	0.4068	&	1.613	&	0	&	0.6719	&	1.912	&	94.43	&	0	&	1.131	&	0\\
7	&	0.092	&	1.465	&	1.505	&	1.981	&	5.487	&	0.5624	&	0	&	78.32	&	1.747	&	13.64\\
8	&	7.36	&	3.173	&	2.366	&	0.8342	&	3.583	&	3.937	&	0.9636	&	1.571	&	72.25	&	2.693\\
9	&	0.276	&	0.6509	&	0.4301	&	0.7299	&	9.854	&	2.475	&	0	&	12.77	&	2.775	&	63.25\\
correct: 79.86%
k: 5
	&	0	&	1	&	2	&	3	&	4	&	5	&	6	&	7	&	8	&	9\\
0	&	86.52	&	0.33	&	0.5336	&	0.3086	&	0.4624	&	0	&	1.162	&	0.2073	&	2.792	&	0.4307\\
1	&	0.5655	&	89.52	&	0.7471	&	0.2058	&	0.578	&	0.7982	&	0.2112	&	0.1036	&	1.795	&	0.1723\\
2	&	0.8483	&	1.403	&	87.3	&	7.099	&	0.9249	&	2.281	&	1.056	&	0.9326	&	6.281	&	0.7752\\
3	&	1.225	&	0.9901	&	4.269	&	80.97	&	1.618	&	7.64	&	0.1056	&	2.176	&	2.393	&	2.67\\
4	&	2.262	&	1.733	&	0.4269	&	0	&	79.77	&	1.026	&	1.267	&	2.902	&	3.589	&	13.61\\
5	&	0.377	&	0.7426	&	1.174	&	7.613	&	1.272	&	80.96	&	0.7392	&	0.6218	&	4.287	&	1.464\\
6	&	1.602	&	0.33	&	1.814	&	0.1029	&	0.3468	&	1.482	&	94.51	&	0	&	0.7976	&	0\\
7	&	0.09425	&	1.403	&	1.494	&	1.646	&	4.855	&	0.4561	&	0	&	80.41	&	1.595	&	12.23\\
8	&	6.221	&	2.805	&	2.028	&	0.9259	&	2.659	&	3.421	&	0.9504	&	1.14	&	74.18	&	2.498\\
9	&	0.2828	&	0.7426	&	0.2134	&	1.132	&	7.514	&	1.938	&	0	&	11.5	&	2.293	&	66.15\\
correct: 81.91%
k: 4
	&	0	&	1	&	2	&	3	&	4	&	5	&	6	&	7	&	8	&	9\\
0	&	87.06	&	0.1663	&	0.4162	&	0.3109	&	0.2125	&	0.2215	&	1.057	&	0.1086	&	1.704	&	0.4359\\
1	&	0.4655	&	90.69	&	0.7284	&	0.4145	&	0.6376	&	0.443	&	0.3171	&	0.1086	&	1.278	&	0.1744\\
2	&	0.6518	&	1.33	&	89.28	&	5.389	&	0.4251	&	1.661	&	0.9514	&	1.303	&	5.325	&	0.7847\\
3	&	1.024	&	1.164	&	3.746	&	84.97	&	0.9564	&	6.755	&	0	&	1.737	&	1.704	&	2.354\\
4	&	2.142	&	1.33	&	0.3122	&	0	&	81.72	&	1.107	&	0.9514	&	1.846	&	2.449	&	9.765\\
5	&	0.4655	&	0.665	&	0.8325	&	5.803	&	0.9564	&	83.28	&	0.3171	&	0.4343	&	3.088	&	1.569\\
6	&	1.862	&	0.3325	&	1.353	&	0.1036	&	0.3188	&	1.218	&	95.24	&	0	&	0.5325	&	0\\
7	&	0.09311	&	1.164	&	1.561	&	1.451	&	4.995	&	0.5537	&	0	&	84.15	&	1.384	&	12.55\\
8	&	5.959	&	2.494	&	1.457	&	1.036	&	2.125	&	2.879	&	1.163	&	1.412	&	80.72	&	2.441\\
9	&	0.2793	&	0.665	&	0.3122	&	0.5181	&	7.651	&	1.883	&	0	&	8.903	&	1.81	&	69.92\\
correct: 84.61%
k: 3
	&	0	&	1	&	2	&	3	&	4	&	5	&	6	&	7	&	8	&	9\\
0	&	89.74	&	0.08547	&	0.207	&	0.1027	&	0	&	0.232	&	0.9385	&	0.1021	&	1.29	&	0.5381\\
1	&	0.2849	&	93.5	&	0.5176	&	0.2053	&	0.3282	&	0.464	&	0.4171	&	0.1021	&	1.587	&	0.2691\\
2	&	0.7597	&	0.6838	&	91.93	&	3.799	&	0.4376	&	1.16	&	1.043	&	1.124	&	4.96	&	0.5381\\
3	&	0.6648	&	0.5128	&	2.692	&	88.81	&	0.8753	&	3.712	&	0	&	1.839	&	2.381	&	2.152\\
4	&	1.709	&	1.026	&	0.3106	&	0	&	84.68	&	0.9281	&	0.9385	&	2.043	&	2.282	&	10.31\\
5	&	0.1899	&	0.2564	&	0.6211	&	4.723	&	0.547	&	89.33	&	0.2086	&	0.4086	&	3.77	&	1.435\\
6	&	1.33	&	0.3419	&	0.7246	&	0.1027	&	0.3282	&	0.8121	&	95.41	&	0	&	0.6944	&	0\\
7	&	0	&	1.111	&	1.553	&	1.129	&	4.486	&	0.116	&	0	&	84.27	&	1.488	&	9.596\\
8	&	5.128	&	1.88	&	1.139	&	0.5133	&	2.188	&	1.74	&	1.043	&	1.226	&	79.86	&	1.794\\
9	&	0.1899	&	0.5983	&	0.3106	&	0.616	&	6.127	&	1.508	&	0	&	8.887	&	1.687	&	73.36\\
correct: 86.99%
k: 2
	&	0	&	1	&	2	&	3	&	4	&	5	&	6	&	7	&	8	&	9\\
0	&	88.45	&	0.0854	&	0.2938	&	0	&	0.09862	&	0.1093	&	0.2081	&	0.1153	&	0.1171	&	0.431\\
1	&	0.275	&	94.62	&	0.6856	&	0.1057	&	0.5917	&	0.2186	&	0.2081	&	0	&	0.5855	&	0.08621\\
2	&	1.283	&	0.5978	&	93.54	&	1.163	&	0.3945	&	0.765	&	0.3122	&	0.9227	&	2.225	&	0.3448\\
3	&	0.275	&	0.6832	&	2.644	&	94.71	&	0.4931	&	3.06	&	0	&	1.153	&	1.171	&	1.983\\
4	&	1.65	&	0.1708	&	0.3918	&	0	&	86.69	&	0.765	&	0.8325	&	0.2307	&	0.5855	&	4.914\\
5	&	0.275	&	0.2562	&	0.1959	&	1.691	&	0.3945	&	92.24	&	0.1041	&	0.4614	&	0.5855	&	0.8621\\
6	&	1.1	&	0.427	&	0.5877	&	0	&	0.3945	&	0.4372	&	96.46	&	0	&	0	&	0\\
7	&	0	&	0.9394	&	0.9794	&	1.374	&	3.452	&	0.2186	&	0	&	94.46	&	0.1171	&	11.81\\
8	&	6.324	&	1.537	&	0.4897	&	0.4228	&	1.775	&	1.093	&	1.873	&	1.038	&	94.15	&	1.638\\
9	&	0.3666	&	0.6832	&	0.1959	&	0.5285	&	5.72	&	1.093	&	0	&	1.615	&	0.4684	&	77.93\\
correct: 91.01%
k: 1
	&	0	&	1	&	2	&	3	&	4	&	5	&	6	&	7	&	8	&	9\\
0	&	92.43	&	0.2613	&	0.3	&	0.101	&	0.1085	&	0	&	0.5144	&	0.3064	&	0.611	&	0.446\\
1	&	0.194	&	96.08	&	0.9	&	0.101	&	0.3254	&	0.2339	&	0.2058	&	0	&	1.222	&	0.08921\\
2	&	0.679	&	0.3484	&	94.6	&	2.121	&	0.2169	&	0.4678	&	0.5144	&	1.021	&	2.953	&	0.3568\\
3	&	0.194	&	0.6098	&	1.6	&	93.23	&	0.1085	&	1.754	&	0	&	1.634	&	1.731	&	1.16\\
4	&	0.8729	&	0.3484	&	0.4	&	0	&	91.76	&	0.2339	&	1.029	&	1.634	&	1.324	&	6.958\\
5	&	0.291	&	0.1742	&	0.7	&	2.525	&	0.3254	&	95.2	&	0.3086	&	0.4086	&	1.935	&	1.07\\
6	&	0.8729	&	0.3484	&	0.4	&	0	&	0.2169	&	0.3509	&	95.99	&	0	&	0.3055	&	0\\
7	&	0	&	0.6969	&	0.8	&	0.9091	&	1.844	&	0.2339	&	0	&	89.58	&	0.611	&	9.01\\
8	&	4.171	&	0.6969	&	0.2	&	0.202	&	1.193	&	0.7018	&	1.44	&	0.8172	&	88.19	&	1.249\\
9	&	0.291	&	0.4355	&	0.1	&	0.8081	&	3.905	&	0.8187	&	0	&	4.597	&	1.12	&	79.66\\
correct: 91.54%
