k: 15
	&	0	&	1	&	2	&	3	&	4	&	5	&	6	&	7	&	8	&	9\\
0	&	69.48	&	1.584	&	2.151	&	0.9524	&	1.31	&	1.74	&	3.056	&	1.537	&	6.728	&	1.373\\
1	&	0.6157	&	75.23	&	0.5974	&	1.497	&	0.6048	&	0.8285	&	0.5269	&	0.9221	&	4.222	&	0.4902\\
2	&	4.31	&	2.232	&	47.07	&	13.74	&	4.94	&	16.16	&	14.65	&	2.869	&	4.222	&	1.373\\
3	&	2.726	&	2.304	&	16.01	&	26.8	&	0.504	&	32.81	&	2.002	&	3.176	&	15.83	&	4.412\\
4	&	1.319	&	2.952	&	3.106	&	0.6803	&	34.78	&	1.16	&	2.424	&	3.279	&	2.77	&	45.1\\
5	&	4.661	&	2.592	&	15.65	&	21.9	&	1.915	&	16.4	&	1.264	&	7.377	&	21.11	&	4.902\\
6	&	4.573	&	2.88	&	8.363	&	0.5442	&	4.133	&	3.977	&	71.76	&	0.2049	&	2.243	&	0.2941\\
7	&	0.7916	&	2.304	&	2.27	&	11.16	&	4.738	&	5.137	&	0	&	66.6	&	2.77	&	10.39\\
8	&	9.85	&	5.184	&	3.823	&	16.87	&	2.621	&	18.14	&	4.11	&	3.074	&	35.75	&	4.804\\
9	&	1.671	&	2.736	&	0.9558	&	5.85	&	44.46	&	3.645	&	0.2107	&	10.96	&	4.354	&	26.86\\
correct: 48.45%
k: 14
	&	0	&	1	&	2	&	3	&	4	&	5	&	6	&	7	&	8	&	9\\
0	&	70.32	&	1.67	&	2.026	&	1.198	&	1.277	&	1.716	&	2.634	&	1.346	&	6.967	&	1.186\\
1	&	0.6184	&	76.47	&	0.4768	&	1.465	&	0.4912	&	0.6536	&	0.5269	&	0.7246	&	4.098	&	0.4941\\
2	&	4.329	&	2.324	&	48.75	&	13.45	&	4.322	&	15.93	&	14.01	&	2.588	&	3.825	&	1.581\\
3	&	2.562	&	2.179	&	16.21	&	27.96	&	0.4912	&	32.84	&	1.791	&	3.209	&	14.62	&	4.249\\
4	&	1.237	&	2.832	&	2.861	&	0.7989	&	37.92	&	0.8987	&	2.424	&	3.313	&	2.186	&	42.59\\
5	&	4.77	&	2.251	&	14.78	&	21.3	&	1.67	&	17.89	&	1.475	&	7.143	&	20.77	&	5.138\\
6	&	4.682	&	2.687	&	8.462	&	0.3995	&	4.028	&	3.758	&	72.6	&	0.207	&	1.913	&	0.1976\\
7	&	0.6184	&	2.033	&	2.145	&	11.05	&	4.224	&	4.739	&	0	&	68.63	&	3.279	&	10.28\\
8	&	9.452	&	4.72	&	3.337	&	16.11	&	2.947	&	18.14	&	4.32	&	3.106	&	38.39	&	4.842\\
9	&	1.413	&	2.832	&	0.9535	&	6.258	&	42.63	&	3.431	&	0.2107	&	9.731	&	3.962	&	29.45\\
correct: 50.04%
k: 13
	&	0	&	1	&	2	&	3	&	4	&	5	&	6	&	7	&	8	&	9\\
0	&	71.12	&	1.6	&	2.265	&	1.164	&	1.106	&	1.743	&	2.331	&	1.458	&	6.694	&	0.9542\\
1	&	0.5314	&	77.16	&	0.3576	&	1.423	&	0.5025	&	0.6639	&	0.4237	&	0.625	&	3.552	&	0.4771\\
2	&	4.34	&	2.327	&	50.18	&	12.68	&	4.221	&	16.02	&	13.88	&	2.5	&	3.962	&	1.24\\
3	&	2.48	&	2.036	&	16.09	&	30.01	&	0.5025	&	32.37	&	1.483	&	3.229	&	14.07	&	4.198\\
4	&	0.9743	&	2.764	&	3.099	&	0.9056	&	38.09	&	0.6639	&	2.013	&	3.229	&	2.049	&	42.75\\
5	&	4.429	&	2.255	&	14.42	&	21.99	&	1.809	&	18.59	&	1.483	&	7.396	&	19.81	&	4.58\\
6	&	4.96	&	2.618	&	7.271	&	0.3881	&	4.02	&	3.9	&	73.94	&	0.2083	&	1.776	&	0.1908\\
7	&	0.62	&	2.036	&	2.026	&	9.702	&	4.422	&	4.813	&	0	&	70.21	&	3.005	&	9.828\\
8	&	9.212	&	4.509	&	3.456	&	15.52	&	2.513	&	17.93	&	4.237	&	2.5	&	41.39	&	4.866\\
9	&	1.329	&	2.691	&	0.8343	&	6.21	&	42.81	&	3.32	&	0.2119	&	8.646	&	3.689	&	30.92\\
correct: 51.19%
k: 12
	&	0	&	1	&	2	&	3	&	4	&	5	&	6	&	7	&	8	&	9\\
0	&	72.06	&	2.035	&	2.342	&	1.163	&	0.9881	&	1.342	&	1.816	&	1.342	&	5.874	&	0.9606\\
1	&	0.5305	&	77.25	&	0.8197	&	1.421	&	0.3953	&	0.5872	&	0.4274	&	0.6192	&	3.357	&	0.2882\\
2	&	3.89	&	2.18	&	51.17	&	12.14	&	3.656	&	16.36	&	13.68	&	2.683	&	4.056	&	1.153\\
3	&	2.387	&	1.89	&	15.81	&	32.3	&	0.5929	&	31.38	&	1.603	&	3.509	&	14.13	&	4.035\\
4	&	1.149	&	2.762	&	2.693	&	0.9044	&	41.21	&	0.6711	&	1.603	&	3.406	&	1.818	&	39.87\\
5	&	4.067	&	1.89	&	14.29	&	21.96	&	1.779	&	20.89	&	1.282	&	7.224	&	19.02	&	4.131\\
6	&	5.128	&	2.544	&	6.909	&	0.7752	&	3.755	&	3.272	&	75.43	&	0.2064	&	1.678	&	0.2882\\
7	&	0.6189	&	2.035	&	1.756	&	9.302	&	3.953	&	4.614	&	0	&	70.79	&	2.517	&	10.28\\
8	&	8.93	&	4.724	&	3.396	&	14.6	&	2.47	&	17.79	&	3.953	&	2.064	&	44.06	&	5.476\\
9	&	1.238	&	2.689	&	0.8197	&	5.426	&	41.21	&	3.104	&	0.2137	&	8.153	&	3.497	&	33.53\\
correct: 52.87%
k: 11
	&	0	&	1	&	2	&	3	&	4	&	5	&	6	&	7	&	8	&	9\\
0	&	73.11	&	1.742	&	1.984	&	0.8717	&	1.125	&	1.545	&	2.121	&	1.231	&	5.858	&	0.754\\
1	&	0.4452	&	77.58	&	0.5834	&	1.37	&	0.409	&	0.515	&	0.5302	&	0.5128	&	3.068	&	0.2828\\
2	&	3.295	&	2.322	&	53.56	&	11.46	&	3.579	&	16.31	&	13.15	&	2.462	&	3.766	&	1.131\\
3	&	1.87	&	2.104	&	15.4	&	34.12	&	0.7157	&	30.73	&	1.485	&	3.487	&	14.64	&	3.393\\
4	&	1.158	&	2.54	&	2.567	&	0.9963	&	42.74	&	0.4292	&	1.591	&	3.077	&	1.813	&	39.87\\
5	&	3.829	&	2.104	&	13.3	&	23.79	&	1.534	&	21.97	&	1.06	&	6.872	&	17.71	&	3.77\\
6	&	4.809	&	2.395	&	6.768	&	0.7472	&	3.579	&	3.176	&	76.03	&	0.2051	&	1.953	&	0.1885\\
7	&	0.7124	&	2.104	&	1.984	&	9.091	&	3.17	&	4.378	&	0	&	71.79	&	2.092	&	9.802\\
8	&	9.617	&	4.717	&	3.267	&	13.2	&	2.249	&	17.6	&	3.818	&	2.359	&	46.03	&	4.807\\
9	&	1.158	&	2.395	&	0.5834	&	4.359	&	40.9	&	3.348	&	0.2121	&	8	&	3.068	&	36\\
correct: 54.26%
k: 10
	&	0	&	1	&	2	&	3	&	4	&	5	&	6	&	7	&	8	&	9\\
0	&	74.02	&	1.574	&	1.754	&	0.7389	&	0.7007	&	1.378	&	2.232	&	1.236	&	5.882	&	0.6829\\
1	&	0.4448	&	77.11	&	0.5848	&	1.108	&	0.4004	&	0.4307	&	0.5313	&	0.309	&	2.521	&	0.2927\\
2	&	3.648	&	2.432	&	55.32	&	11.58	&	3.504	&	15.68	&	12.43	&	2.369	&	3.501	&	0.7805\\
3	&	1.957	&	2.217	&	14.5	&	36.45	&	0.7007	&	30.49	&	1.275	&	3.708	&	13.59	&	3.024\\
4	&	1.068	&	2.217	&	1.754	&	0.7389	&	47.25	&	0.6029	&	1.488	&	2.678	&	1.821	&	37.66\\
5	&	2.847	&	2.003	&	12.87	&	22.66	&	1.602	&	24.63	&	0.8502	&	7.003	&	17.79	&	3.22\\
6	&	4.715	&	2.504	&	7.485	&	0.4926	&	3.103	&	2.756	&	77.15	&	0.206	&	1.401	&	0.09756\\
7	&	0.7117	&	2.289	&	2.222	&	8.498	&	3.003	&	4.307	&	0	&	72.5	&	1.821	&	10.05\\
8	&	9.431	&	5.293	&	2.807	&	13.42	&	2.202	&	16.54	&	3.719	&	2.575	&	48.74	&	3.805\\
9	&	1.157	&	2.361	&	0.7018	&	4.31	&	37.54	&	3.187	&	0.3188	&	7.415	&	2.941	&	40.39\\
correct: 56.29%
k: 9
	&	0	&	1	&	2	&	3	&	4	&	5	&	6	&	7	&	8	&	9\\
0	&	75.58	&	1.578	&	1.606	&	0.6083	&	0.6296	&	1.073	&	2.11	&	1.03	&	5.801	&	0.3704\\
1	&	0.4472	&	77.69	&	0.8028	&	0.7299	&	0.4197	&	0.4472	&	0.3165	&	0.309	&	2.348	&	0.1852\\
2	&	3.22	&	2.08	&	58.14	&	10.95	&	3.882	&	14.94	&	11.6	&	2.163	&	3.315	&	1.019\\
3	&	1.699	&	2.08	&	13.76	&	39.66	&	0.6296	&	30.68	&	1.055	&	3.399	&	12.57	&	3.056\\
4	&	1.252	&	2.08	&	1.606	&	0.8516	&	49.32	&	0.6261	&	1.371	&	2.369	&	0.9669	&	36.85\\
5	&	2.862	&	2.009	&	12.96	&	22.99	&	1.154	&	25.67	&	1.16	&	6.385	&	17.27	&	3.148\\
6	&	4.472	&	2.08	&	5.849	&	0.4866	&	3.253	&	2.952	&	78.8	&	0.103	&	1.519	&	0.09259\\
7	&	0.7156	&	2.296	&	2.523	&	7.178	&	2.728	&	3.936	&	0	&	74.56	&	1.519	&	9.444\\
8	&	8.766	&	5.595	&	2.179	&	12.65	&	2.204	&	16.46	&	3.27	&	2.575	&	52.35	&	3.241\\
9	&	0.9839	&	2.511	&	0.5734	&	3.893	&	35.78	&	3.22	&	0.3165	&	7.106	&	2.348	&	42.59\\
correct: 58.28%
k: 8
	&	0	&	1	&	2	&	3	&	4	&	5	&	6	&	7	&	8	&	9\\
0	&	76.33	&	1.358	&	1.347	&	0.2475	&	0.5958	&	0.8803	&	1.82	&	1.04	&	5.523	&	0.1918\\
1	&	0.4417	&	77.84	&	0.7856	&	0.6188	&	0.3972	&	0.4401	&	0.3212	&	0.2079	&	2.18	&	0\\
2	&	3.18	&	1.358	&	60.04	&	10.02	&	3.674	&	14.7	&	10.92	&	2.079	&	3.488	&	1.055\\
3	&	1.59	&	2.216	&	12.91	&	43.44	&	0.5958	&	30.02	&	0.7495	&	3.015	&	11.34	&	3.26\\
4	&	1.325	&	2.216	&	1.459	&	0.495	&	53.33	&	0.6162	&	1.178	&	2.183	&	0.2907	&	32.69\\
5	&	2.473	&	2.144	&	12.35	&	21.66	&	0.993	&	29.4	&	1.071	&	5.717	&	15.55	&	3.164\\
6	&	4.064	&	2.502	&	5.724	&	0.495	&	3.178	&	2.729	&	80.09	&	0.104	&	1.308	&	0.09588\\
7	&	0.53	&	2.287	&	2.806	&	6.683	&	2.781	&	3.345	&	0	&	76.4	&	1.744	&	9.396\\
8	&	9.011	&	5.647	&	1.908	&	12.62	&	2.284	&	14.88	&	3.64	&	2.807	&	56.54	&	3.068\\
9	&	1.06	&	2.43	&	0.6734	&	3.713	&	32.17	&	2.993	&	0.2141	&	6.445	&	2.035	&	47.08\\
correct: 60.73%
k: 7
	&	0	&	1	&	2	&	3	&	4	&	5	&	6	&	7	&	8	&	9\\
0	&	77.85	&	1.152	&	1.114	&	0.2381	&	0.6135	&	0.9302	&	1.367	&	0.9184	&	5.271	&	0.1881\\
1	&	0.2669	&	78.55	&	0.6682	&	0.5952	&	0.409	&	0.5581	&	0.3155	&	0.102	&	2.279	&	0\\
2	&	3.381	&	1.224	&	62.47	&	8.452	&	3.681	&	14.7	&	11.15	&	1.837	&	2.279	&	1.035\\
3	&	1.335	&	1.944	&	12.81	&	47.86	&	0.5112	&	28.47	&	0.7361	&	3.061	&	10.26	&	2.916\\
4	&	1.335	&	2.088	&	1.002	&	0.4762	&	54.91	&	0.6512	&	1.157	&	2.245	&	0	&	32.74\\
5	&	2.046	&	2.088	&	12.47	&	22.62	&	0.6135	&	31.63	&	1.262	&	5.51	&	14.81	&	2.07\\
6	&	4.004	&	2.592	&	5.011	&	0.2381	&	3.067	&	2.419	&	80.34	&	0.102	&	1.14	&	0.09407\\
7	&	0.4448	&	2.304	&	2.227	&	6.429	&	3.067	&	3.535	&	0	&	76.63	&	0.9972	&	8.561\\
8	&	8.096	&	5.472	&	1.782	&	10.48	&	2.454	&	14.23	&	3.575	&	3.265	&	61.11	&	2.916\\
9	&	1.246	&	2.592	&	0.4454	&	2.619	&	30.67	&	2.884	&	0.1052	&	6.327	&	1.852	&	49.48\\
correct: 62.76%
k: 6
	&	0	&	1	&	2	&	3	&	4	&	5	&	6	&	7	&	8	&	9\\
0	&	78.79	&	0.9979	&	0.9978	&	0.2448	&	0.1965	&	0.8341	&	1.163	&	0.9128	&	4.661	&	0.2959\\
1	&	0.3549	&	77.98	&	0.6652	&	0.3672	&	0.3929	&	0.4634	&	0.3171	&	0.2028	&	1.836	&	0.09862\\
2	&	3.194	&	1.212	&	66.08	&	7.222	&	3.34	&	14.55	&	9.514	&	1.826	&	2.119	&	0.9862\\
3	&	1.331	&	2.21	&	10.53	&	53.37	&	0.4912	&	27.43	&	0.5285	&	3.55	&	9.463	&	2.465\\
4	&	1.242	&	1.782	&	0.6652	&	0.1224	&	61.39	&	0.6487	&	0.9514	&	1.724	&	0.1412	&	27.32\\
5	&	2.218	&	2.067	&	12.31	&	20.07	&	0.4912	&	35.68	&	0.9514	&	4.564	&	13.84	&	2.071\\
6	&	3.638	&	2.708	&	4.545	&	0.1224	&	2.259	&	2.039	&	82.88	&	0	&	1.13	&	0\\
7	&	0.4437	&	2.495	&	2.328	&	6.12	&	2.652	&	3.151	&	0	&	77.89	&	0.8475	&	8.087\\
8	&	7.631	&	5.845	&	1.885	&	9.67	&	1.768	&	12.88	&	3.594	&	3.144	&	64.55	&	3.057\\
9	&	1.154	&	2.708	&	0	&	2.693	&	27.01	&	2.317	&	0.1057	&	6.187	&	1.412	&	55.62\\
correct: 65.97%
k: 5
	&	0	&	1	&	2	&	3	&	4	&	5	&	6	&	7	&	8	&	9\\
0	&	81.04	&	0.8652	&	0.8649	&	0.1161	&	0.2128	&	0.7143	&	1.043	&	0.7992	&	3.675	&	0.1866\\
1	&	0.3594	&	79.24	&	0.7568	&	0.3484	&	0.4255	&	0.4082	&	0.2086	&	0.0999	&	1.444	&	0\\
2	&	2.695	&	1.37	&	69.84	&	7.201	&	3.191	&	12.55	&	9.072	&	1.299	&	2.231	&	0.4664\\
3	&	1.258	&	1.875	&	9.297	&	56.91	&	0.3191	&	26.43	&	0.4171	&	3.796	&	8.136	&	2.612\\
4	&	1.078	&	1.586	&	0.8649	&	0.2323	&	65.21	&	0.6122	&	0.8342	&	1.299	&	0.1312	&	27.71\\
5	&	2.246	&	1.586	&	10.92	&	20.79	&	0.3191	&	39.29	&	0.9385	&	5.195	&	12.6	&	1.866\\
6	&	3.145	&	2.596	&	3.351	&	0.2323	&	1.915	&	1.735	&	84.36	&	0.0999	&	1.181	&	0\\
7	&	0.4492	&	2.307	&	2.162	&	4.297	&	2.447	&	3.367	&	0	&	79.92	&	0.9186	&	6.623\\
8	&	6.289	&	6.056	&	1.838	&	7.085	&	1.915	&	12.86	&	3.024	&	2.298	&	68.24	&	2.425\\
9	&	1.438	&	2.523	&	0.1081	&	2.787	&	24.04	&	2.041	&	0.1043	&	5.195	&	1.444	&	58.12\\
correct: 68.87%
k: 4
	&	0	&	1	&	2	&	3	&	4	&	5	&	6	&	7	&	8	&	9\\
0	&	81.69	&	0.9346	&	0.5181	&	0.1189	&	0.1957	&	0.5825	&	0.8484	&	0.7338	&	2.609	&	0.09625\\
1	&	0.3556	&	79.15	&	0.5181	&	0.3567	&	0.2935	&	0.4854	&	0.4242	&	0	&	1.304	&	0.09625\\
2	&	3.022	&	1.294	&	73.37	&	6.183	&	2.838	&	10.49	&	6.363	&	1.258	&	1.159	&	0.2887\\
3	&	1.156	&	2.372	&	8.912	&	62.07	&	0.3914	&	22.82	&	0.6363	&	3.459	&	7.101	&	2.791\\
4	&	0.8	&	1.294	&	0.6218	&	0.3567	&	70.16	&	0.2913	&	0.8484	&	1.048	&	0.2899	&	19.83\\
5	&	2.044	&	1.582	&	9.326	&	16.41	&	0.2935	&	48.16	&	0.8484	&	3.774	&	8.261	&	1.829\\
6	&	3.022	&	2.229	&	3.42	&	0.2378	&	1.663	&	1.65	&	86.74	&	0.1048	&	0.7246	&	0\\
7	&	0.4444	&	2.444	&	1.554	&	4.4	&	1.761	&	3.01	&	0	&	84.59	&	1.014	&	7.122\\
8	&	6.311	&	6.614	&	1.658	&	7.253	&	2.055	&	10.87	&	3.181	&	2.201	&	76.09	&	2.406\\
9	&	1.156	&	2.085	&	0.1036	&	2.616	&	20.35	&	1.65	&	0.106	&	2.83	&	1.449	&	65.54\\
correct: 72.94%
k: 3
	&	0	&	1	&	2	&	3	&	4	&	5	&	6	&	7	&	8	&	9\\
0	&	84.92	&	0.524	&	0.5236	&	0	&	0.2114	&	0.5605	&	0.6192	&	0.9	&	2.086	&	0\\
1	&	0.2742	&	83.01	&	0.5236	&	0.1096	&	0.2114	&	0.5605	&	0.3096	&	0	&	0.8589	&	0\\
2	&	2.011	&	0.8234	&	78.01	&	5.373	&	2.22	&	9.081	&	7.327	&	1.7	&	1.35	&	0.37\\
3	&	1.005	&	2.171	&	6.283	&	68.31	&	0.3171	&	20.4	&	0.4128	&	3.2	&	5.644	&	1.85\\
4	&	0.7313	&	1.048	&	0.733	&	0.3289	&	77.7	&	0.3363	&	0.6192	&	0.7	&	0.3681	&	18.13\\
5	&	2.011	&	1.048	&	7.958	&	15.35	&	0.4228	&	55.38	&	0.8256	&	4.2	&	9.448	&	1.388\\
6	&	2.377	&	2.246	&	2.618	&	0.1096	&	1.268	&	1.121	&	87.41	&	0	&	0.8589	&	0\\
7	&	0.3656	&	2.021	&	1.571	&	3.728	&	1.797	&	2.915	&	0	&	84.6	&	0.7362	&	4.903\\
8	&	5.027	&	5.165	&	1.571	&	4.825	&	1.48	&	8.296	&	2.374	&	2.5	&	77.18	&	2.405\\
9	&	1.28	&	1.946	&	0.2094	&	1.864	&	14.38	&	1.345	&	0.1032	&	2.2	&	1.472	&	70.95\\
correct: 77.24%
k: 2
	&	0	&	1	&	2	&	3	&	4	&	5	&	6	&	7	&	8	&	9\\
0	&	85.24	&	0.6545	&	0.1978	&	0	&	0.09225	&	0.1969	&	0	&	0.5365	&	0.2967	&	0\\
1	&	0.3556	&	81.24	&	0.4946	&	0	&	0.09225	&	0.5906	&	0.2195	&	0	&	0	&	0\\
2	&	2.222	&	1.091	&	83.09	&	1.27	&	2.03	&	7.677	&	2.525	&	1.073	&	0.7418	&	0.2982\\
3	&	1.244	&	2.4	&	5.44	&	80.83	&	0.2768	&	14.67	&	0	&	2.146	&	1.78	&	2.386\\
4	&	0.7111	&	0.8	&	0.2967	&	0	&	83.03	&	0.1969	&	0.5488	&	0	&	0	&	5.268\\
5	&	1.867	&	1.164	&	5.045	&	7.39	&	0.4613	&	66.73	&	0.2195	&	2.361	&	2.374	&	1.69\\
6	&	1.689	&	2.182	&	2.473	&	0	&	1.199	&	0.9843	&	94.18	&	0	&	0.2967	&	0.0994\\
7	&	0.2667	&	2.255	&	1.385	&	3.811	&	1.568	&	1.969	&	0	&	90.56	&	0.1484	&	6.461\\
8	&	5.511	&	6.255	&	1.484	&	5.312	&	1.015	&	5.709	&	2.195	&	2.468	&	93.62	&	2.187\\
9	&	0.8889	&	1.964	&	0.09891	&	1.386	&	10.24	&	1.28	&	0.1098	&	0.8584	&	0.7418	&	81.61\\
correct: 83.48%
k: 1
	&	0	&	1	&	2	&	3	&	4	&	5	&	6	&	7	&	8	&	9\\
0	&	90.97	&	0.6159	&	0.501	&	0	&	0.2165	&	0.1321	&	0.101	&	0.5786	&	1.151	&	0\\
1	&	0.2882	&	85.99	&	0.501	&	0	&	0	&	0.5284	&	0.202	&	0	&	0.4603	&	0\\
2	&	1.057	&	0.4619	&	84.97	&	3.229	&	1.082	&	5.548	&	5.152	&	1.061	&	2.071	&	0.2742\\
3	&	0.6724	&	1.463	&	3.707	&	78.41	&	0.2165	&	10.96	&	0.303	&	2.797	&	3.913	&	1.737\\
4	&	0.4803	&	1.078	&	0.6012	&	0	&	89.83	&	0	&	0.5051	&	0.675	&	0.4603	&	10.15\\
5	&	1.633	&	0.7698	&	6.413	&	11.81	&	0.2165	&	76.22	&	0.9091	&	2.989	&	5.063	&	1.92\\
6	&	0.7685	&	1.54	&	1.202	&	0.1009	&	0.974	&	0.6605	&	90.71	&	0	&	0.4603	&	0.09141\\
7	&	0.1921	&	2.002	&	1.202	&	1.615	&	0.974	&	0.9247	&	0.101	&	87.85	&	0.4603	&	3.656\\
8	&	3.458	&	4.619	&	0.8016	&	3.532	&	0.8658	&	3.963	&	1.919	&	2.025	&	84.81	&	1.828\\
9	&	0.4803	&	1.463	&	0.1002	&	1.312	&	5.628	&	1.057	&	0.101	&	2.025	&	1.151	&	80.35\\
correct: 85.21%
