k: 3
	&	0	&	1	&	2	&	3	&	4	&	5	&	6	&	7	&	8	&	9\\
0	&	84.92	&	0.524	&	0.5236	&	0	&	0.2114	&	0.5605	&	0.6192	&	0.9	&	2.086	&	0\\
1	&	0.2742	&	83.01	&	0.5236	&	0.1096	&	0.2114	&	0.5605	&	0.3096	&	0	&	0.8589	&	0\\
2	&	2.011	&	0.8234	&	78.01	&	5.373	&	2.22	&	9.081	&	7.327	&	1.7	&	1.35	&	0.37\\
3	&	1.005	&	2.171	&	6.283	&	68.31	&	0.3171	&	20.4	&	0.4128	&	3.2	&	5.644	&	1.85\\
4	&	0.7313	&	1.048	&	0.733	&	0.3289	&	77.7	&	0.3363	&	0.6192	&	0.7	&	0.3681	&	18.13\\
5	&	2.011	&	1.048	&	7.958	&	15.35	&	0.4228	&	55.38	&	0.8256	&	4.2	&	9.448	&	1.388\\
6	&	2.377	&	2.246	&	2.618	&	0.1096	&	1.268	&	1.121	&	87.41	&	0	&	0.8589	&	0\\
7	&	0.3656	&	2.021	&	1.571	&	3.728	&	1.797	&	2.915	&	0	&	84.6	&	0.7362	&	4.903\\
8	&	5.027	&	5.165	&	1.571	&	4.825	&	1.48	&	8.296	&	2.374	&	2.5	&	77.18	&	2.405\\
9	&	1.28	&	1.946	&	0.2094	&	1.864	&	14.38	&	1.345	&	0.1032	&	2.2	&	1.472	&	70.95\\
correct: 77.24%
k: 2
	&	0	&	1	&	2	&	3	&	4	&	5	&	6	&	7	&	8	&	9\\
0	&	85.24	&	0.6545	&	0.1978	&	0	&	0.09225	&	0.1969	&	0	&	0.5365	&	0.2967	&	0\\
1	&	0.3556	&	81.24	&	0.4946	&	0	&	0.09225	&	0.5906	&	0.2195	&	0	&	0	&	0\\
2	&	2.222	&	1.091	&	83.09	&	1.27	&	2.03	&	7.677	&	2.525	&	1.073	&	0.7418	&	0.2982\\
3	&	1.244	&	2.4	&	5.44	&	80.83	&	0.2768	&	14.67	&	0	&	2.146	&	1.78	&	2.386\\
4	&	0.7111	&	0.8	&	0.2967	&	0	&	83.03	&	0.1969	&	0.5488	&	0	&	0	&	5.268\\
5	&	1.867	&	1.164	&	5.045	&	7.39	&	0.4613	&	66.73	&	0.2195	&	2.361	&	2.374	&	1.69\\
6	&	1.689	&	2.182	&	2.473	&	0	&	1.199	&	0.9843	&	94.18	&	0	&	0.2967	&	0.0994\\
7	&	0.2667	&	2.255	&	1.385	&	3.811	&	1.568	&	1.969	&	0	&	90.56	&	0.1484	&	6.461\\
8	&	5.511	&	6.255	&	1.484	&	5.312	&	1.015	&	5.709	&	2.195	&	2.468	&	93.62	&	2.187\\
9	&	0.8889	&	1.964	&	0.09891	&	1.386	&	10.24	&	1.28	&	0.1098	&	0.8584	&	0.7418	&	81.61\\
correct: 83.48%
k: 1
	&	0	&	1	&	2	&	3	&	4	&	5	&	6	&	7	&	8	&	9\\
0	&	90.97	&	0.6159	&	0.501	&	0	&	0.2165	&	0.1321	&	0.101	&	0.5786	&	1.151	&	0\\
1	&	0.2882	&	85.99	&	0.501	&	0	&	0	&	0.5284	&	0.202	&	0	&	0.4603	&	0\\
2	&	1.057	&	0.4619	&	84.97	&	3.229	&	1.082	&	5.548	&	5.152	&	1.061	&	2.071	&	0.2742\\
3	&	0.6724	&	1.463	&	3.707	&	78.41	&	0.2165	&	10.96	&	0.303	&	2.797	&	3.913	&	1.737\\
4	&	0.4803	&	1.078	&	0.6012	&	0	&	89.83	&	0	&	0.5051	&	0.675	&	0.4603	&	10.15\\
5	&	1.633	&	0.7698	&	6.413	&	11.81	&	0.2165	&	76.22	&	0.9091	&	2.989	&	5.063	&	1.92\\
6	&	0.7685	&	1.54	&	1.202	&	0.1009	&	0.974	&	0.6605	&	90.71	&	0	&	0.4603	&	0.09141\\
7	&	0.1921	&	2.002	&	1.202	&	1.615	&	0.974	&	0.9247	&	0.101	&	87.85	&	0.4603	&	3.656\\
8	&	3.458	&	4.619	&	0.8016	&	3.532	&	0.8658	&	3.963	&	1.919	&	2.025	&	84.81	&	1.828\\
9	&	0.4803	&	1.463	&	0.1002	&	1.312	&	5.628	&	1.057	&	0.101	&	2.025	&	1.151	&	80.35\\
correct: 85.21%
