k: 5
	&	0	&	1	&	2	&	3	&	4	&	5	&	6	&	7	&	8	&	9\\
0	&	81.04	&	0.8652	&	0.8649	&	0.1161	&	0.2128	&	0.7143	&	1.043	&	0.7992	&	3.675	&	0.1866\\
1	&	0.3594	&	79.24	&	0.7568	&	0.3484	&	0.4255	&	0.4082	&	0.2086	&	0.0999	&	1.444	&	0\\
2	&	2.695	&	1.37	&	69.84	&	7.201	&	3.191	&	12.55	&	9.072	&	1.299	&	2.231	&	0.4664\\
3	&	1.258	&	1.875	&	9.297	&	56.91	&	0.3191	&	26.43	&	0.4171	&	3.796	&	8.136	&	2.612\\
4	&	1.078	&	1.586	&	0.8649	&	0.2323	&	65.21	&	0.6122	&	0.8342	&	1.299	&	0.1312	&	27.71\\
5	&	2.246	&	1.586	&	10.92	&	20.79	&	0.3191	&	39.29	&	0.9385	&	5.195	&	12.6	&	1.866\\
6	&	3.145	&	2.596	&	3.351	&	0.2323	&	1.915	&	1.735	&	84.36	&	0.0999	&	1.181	&	0\\
7	&	0.4492	&	2.307	&	2.162	&	4.297	&	2.447	&	3.367	&	0	&	79.92	&	0.9186	&	6.623\\
8	&	6.289	&	6.056	&	1.838	&	7.085	&	1.915	&	12.86	&	3.024	&	2.298	&	68.24	&	2.425\\
9	&	1.438	&	2.523	&	0.1081	&	2.787	&	24.04	&	2.041	&	0.1043	&	5.195	&	1.444	&	58.12\\
correct: 68.87%
k: 4
	&	0	&	1	&	2	&	3	&	4	&	5	&	6	&	7	&	8	&	9\\
0	&	81.69	&	0.9346	&	0.5181	&	0.1189	&	0.1957	&	0.5825	&	0.8484	&	0.7338	&	2.609	&	0.09625\\
1	&	0.3556	&	79.15	&	0.5181	&	0.3567	&	0.2935	&	0.4854	&	0.4242	&	0	&	1.304	&	0.09625\\
2	&	3.022	&	1.294	&	73.37	&	6.183	&	2.838	&	10.49	&	6.363	&	1.258	&	1.159	&	0.2887\\
3	&	1.156	&	2.372	&	8.912	&	62.07	&	0.3914	&	22.82	&	0.6363	&	3.459	&	7.101	&	2.791\\
4	&	0.8	&	1.294	&	0.6218	&	0.3567	&	70.16	&	0.2913	&	0.8484	&	1.048	&	0.2899	&	19.83\\
5	&	2.044	&	1.582	&	9.326	&	16.41	&	0.2935	&	48.16	&	0.8484	&	3.774	&	8.261	&	1.829\\
6	&	3.022	&	2.229	&	3.42	&	0.2378	&	1.663	&	1.65	&	86.74	&	0.1048	&	0.7246	&	0\\
7	&	0.4444	&	2.444	&	1.554	&	4.4	&	1.761	&	3.01	&	0	&	84.59	&	1.014	&	7.122\\
8	&	6.311	&	6.614	&	1.658	&	7.253	&	2.055	&	10.87	&	3.181	&	2.201	&	76.09	&	2.406\\
9	&	1.156	&	2.085	&	0.1036	&	2.616	&	20.35	&	1.65	&	0.106	&	2.83	&	1.449	&	65.54\\
correct: 72.94%
k: 3
	&	0	&	1	&	2	&	3	&	4	&	5	&	6	&	7	&	8	&	9\\
0	&	84.92	&	0.524	&	0.5236	&	0	&	0.2114	&	0.5605	&	0.6192	&	0.9	&	2.086	&	0\\
1	&	0.2742	&	83.01	&	0.5236	&	0.1096	&	0.2114	&	0.5605	&	0.3096	&	0	&	0.8589	&	0\\
2	&	2.011	&	0.8234	&	78.01	&	5.373	&	2.22	&	9.081	&	7.327	&	1.7	&	1.35	&	0.37\\
3	&	1.005	&	2.171	&	6.283	&	68.31	&	0.3171	&	20.4	&	0.4128	&	3.2	&	5.644	&	1.85\\
4	&	0.7313	&	1.048	&	0.733	&	0.3289	&	77.7	&	0.3363	&	0.6192	&	0.7	&	0.3681	&	18.13\\
5	&	2.011	&	1.048	&	7.958	&	15.35	&	0.4228	&	55.38	&	0.8256	&	4.2	&	9.448	&	1.388\\
6	&	2.377	&	2.246	&	2.618	&	0.1096	&	1.268	&	1.121	&	87.41	&	0	&	0.8589	&	0\\
7	&	0.3656	&	2.021	&	1.571	&	3.728	&	1.797	&	2.915	&	0	&	84.6	&	0.7362	&	4.903\\
8	&	5.027	&	5.165	&	1.571	&	4.825	&	1.48	&	8.296	&	2.374	&	2.5	&	77.18	&	2.405\\
9	&	1.28	&	1.946	&	0.2094	&	1.864	&	14.38	&	1.345	&	0.1032	&	2.2	&	1.472	&	70.95\\
correct: 77.24%
k: 2
	&	0	&	1	&	2	&	3	&	4	&	5	&	6	&	7	&	8	&	9\\
0	&	85.24	&	0.6545	&	0.1978	&	0	&	0.09225	&	0.1969	&	0	&	0.5365	&	0.2967	&	0\\
1	&	0.3556	&	81.24	&	0.4946	&	0	&	0.09225	&	0.5906	&	0.2195	&	0	&	0	&	0\\
2	&	2.222	&	1.091	&	83.09	&	1.27	&	2.03	&	7.677	&	2.525	&	1.073	&	0.7418	&	0.2982\\
3	&	1.244	&	2.4	&	5.44	&	80.83	&	0.2768	&	14.67	&	0	&	2.146	&	1.78	&	2.386\\
4	&	0.7111	&	0.8	&	0.2967	&	0	&	83.03	&	0.1969	&	0.5488	&	0	&	0	&	5.268\\
5	&	1.867	&	1.164	&	5.045	&	7.39	&	0.4613	&	66.73	&	0.2195	&	2.361	&	2.374	&	1.69\\
6	&	1.689	&	2.182	&	2.473	&	0	&	1.199	&	0.9843	&	94.18	&	0	&	0.2967	&	0.0994\\
7	&	0.2667	&	2.255	&	1.385	&	3.811	&	1.568	&	1.969	&	0	&	90.56	&	0.1484	&	6.461\\
8	&	5.511	&	6.255	&	1.484	&	5.312	&	1.015	&	5.709	&	2.195	&	2.468	&	93.62	&	2.187\\
9	&	0.8889	&	1.964	&	0.09891	&	1.386	&	10.24	&	1.28	&	0.1098	&	0.8584	&	0.7418	&	81.61\\
correct: 83.48%
k: 1
	&	0	&	1	&	2	&	3	&	4	&	5	&	6	&	7	&	8	&	9\\
0	&	90.97	&	0.6159	&	0.501	&	0	&	0.2165	&	0.1321	&	0.101	&	0.5786	&	1.151	&	0\\
1	&	0.2882	&	85.99	&	0.501	&	0	&	0	&	0.5284	&	0.202	&	0	&	0.4603	&	0\\
2	&	1.057	&	0.4619	&	84.97	&	3.229	&	1.082	&	5.548	&	5.152	&	1.061	&	2.071	&	0.2742\\
3	&	0.6724	&	1.463	&	3.707	&	78.41	&	0.2165	&	10.96	&	0.303	&	2.797	&	3.913	&	1.737\\
4	&	0.4803	&	1.078	&	0.6012	&	0	&	89.83	&	0	&	0.5051	&	0.675	&	0.4603	&	10.15\\
5	&	1.633	&	0.7698	&	6.413	&	11.81	&	0.2165	&	76.22	&	0.9091	&	2.989	&	5.063	&	1.92\\
6	&	0.7685	&	1.54	&	1.202	&	0.1009	&	0.974	&	0.6605	&	90.71	&	0	&	0.4603	&	0.09141\\
7	&	0.1921	&	2.002	&	1.202	&	1.615	&	0.974	&	0.9247	&	0.101	&	87.85	&	0.4603	&	3.656\\
8	&	3.458	&	4.619	&	0.8016	&	3.532	&	0.8658	&	3.963	&	1.919	&	2.025	&	84.81	&	1.828\\
9	&	0.4803	&	1.463	&	0.1002	&	1.312	&	5.628	&	1.057	&	0.101	&	2.025	&	1.151	&	80.35\\
correct: 85.21%
