k: 50
	&	0	&	1	&	2	&	3	&	4	&	5	&	6	&	7	&	8	&	9\\
0	&	48.07	&	3.044	&	7.328	&	4.031	&	3.201	&	5.486	&	6.391	&	2.149	&	10.97	&	2.81\\
1	&	1.054	&	65.7	&	1.724	&	4.681	&	2.98	&	2.595	&	1.065	&	3.507	&	7.357	&	2.422\\
2	&	9.666	&	4.38	&	13.47	&	15.34	&	8.278	&	16.68	&	21.07	&	3.62	&	9.601	&	3.198\\
3	&	6.151	&	3.192	&	20.47	&	5.462	&	2.318	&	20.46	&	3.077	&	5.543	&	19.45	&	13.28\\
4	&	2.9	&	4.157	&	7.974	&	4.421	&	15.56	&	5.486	&	3.195	&	10.18	&	4.988	&	40.02\\
5	&	8.875	&	4.009	&	18.53	&	10.92	&	3.311	&	4.299	&	5.799	&	5.543	&	21.95	&	11.53\\
6	&	8.436	&	2.598	&	13.15	&	1.56	&	10.82	&	6.968	&	52.43	&	0.3394	&	4.364	&	1.938\\
7	&	2.197	&	3.118	&	3.772	&	19.51	&	7.726	&	10.6	&	0.5917	&	43.44	&	5.237	&	12.79\\
8	&	9.578	&	4.9	&	10.02	&	15.47	&	5.077	&	20.68	&	5.562	&	4.412	&	9.227	&	9.884\\
9	&	3.076	&	4.9	&	3.556	&	18.6	&	40.73	&	6.746	&	0.8284	&	21.27	&	6.858	&	2.132\\
correct: 27.21%
k: 49
	&	0	&	1	&	2	&	3	&	4	&	5	&	6	&	7	&	8	&	9\\
0	&	48.81	&	2.887	&	7.468	&	3.742	&	3.043	&	5.676	&	6.25	&	2.381	&	10.4	&	2.907\\
1	&	1.061	&	66.17	&	1.732	&	4.129	&	2.826	&	2.465	&	0.9434	&	3.401	&	7.268	&	2.519\\
2	&	9.726	&	4.367	&	13.74	&	15.48	&	8.37	&	16.43	&	20.99	&	3.401	&	9.774	&	3.198\\
3	&	6.012	&	3.183	&	20.45	&	5.419	&	2.283	&	20.91	&	3.066	&	5.556	&	19.92	&	12.89\\
4	&	2.829	&	3.775	&	7.792	&	4	&	15.43	&	5.452	&	3.184	&	10.54	&	5.013	&	40.79\\
5	&	8.842	&	4.071	&	18.51	&	11.61	&	3.261	&	4.406	&	5.778	&	5.896	&	21.43	&	11.14\\
6	&	7.958	&	2.813	&	12.99	&	1.677	&	10.87	&	6.871	&	52.95	&	0.3401	&	4.261	&	1.841\\
7	&	2.21	&	3.109	&	3.896	&	19.23	&	7.935	&	10.38	&	0.7075	&	43.76	&	5.263	&	12.6\\
8	&	9.637	&	4.885	&	10.28	&	15.61	&	4.891	&	20.91	&	5.307	&	4.308	&	9.398	&	9.69\\
9	&	2.918	&	4.737	&	3.139	&	19.1	&	41.09	&	6.497	&	0.8255	&	20.41	&	7.268	&	2.422\\
correct: 27.51%
k: 48
	&	0	&	1	&	2	&	3	&	4	&	5	&	6	&	7	&	8	&	9\\
0	&	49.29	&	2.645	&	7.75	&	3.684	&	2.906	&	5.452	&	6.154	&	2.346	&	10.73	&	3.119\\
1	&	1.068	&	65.98	&	1.722	&	4.079	&	2.583	&	2.465	&	0.8284	&	3.352	&	7.323	&	2.534\\
2	&	9.875	&	4.188	&	13.99	&	15.79	&	8.396	&	16.21	&	20.95	&	3.575	&	9.596	&	3.314\\
3	&	5.872	&	3.086	&	20.56	&	5.395	&	2.368	&	21.51	&	3.195	&	5.698	&	20.08	&	11.99\\
4	&	2.669	&	3.894	&	7.75	&	3.947	&	15.93	&	5.153	&	3.077	&	10.5	&	4.924	&	41.03\\
5	&	8.185	&	4.335	&	18.41	&	11.05	&	3.66	&	4.854	&	5.444	&	6.257	&	21.72	&	11.01\\
6	&	7.918	&	3.012	&	13.24	&	1.842	&	10.33	&	6.497	&	53.61	&	0.3352	&	4.419	&	1.657\\
7	&	2.135	&	3.012	&	3.767	&	19.21	&	7.858	&	10.23	&	0.7101	&	43.69	&	5.051	&	13.16\\
8	&	9.964	&	4.849	&	9.903	&	16.45	&	4.413	&	21.21	&	5.325	&	4.022	&	9.343	&	9.649\\
9	&	3.025	&	4.996	&	2.906	&	18.55	&	41.55	&	6.423	&	0.7101	&	20.22	&	6.818	&	2.534\\
correct: 27.8%
k: 47
	&	0	&	1	&	2	&	3	&	4	&	5	&	6	&	7	&	8	&	9\\
0	&	49.96	&	2.493	&	7.592	&	3.811	&	2.781	&	5.535	&	6.257	&	2.22	&	11	&	2.81\\
1	&	1.072	&	66.13	&	1.735	&	3.942	&	2.353	&	2.244	&	0.8264	&	3.552	&	7.417	&	2.519\\
2	&	9.92	&	4.326	&	14.21	&	15.37	&	8.128	&	16.23	&	21.13	&	3.441	&	9.719	&	3.391\\
3	&	5.809	&	3.372	&	20.39	&	5.65	&	2.353	&	21.84	&	3.07	&	5.66	&	19.69	&	11.92\\
4	&	2.592	&	4.032	&	7.701	&	3.417	&	16.04	&	5.086	&	2.715	&	10.65	&	4.731	&	41.38\\
5	&	8.132	&	4.106	&	18.11	&	12.22	&	3.743	&	4.787	&	5.431	&	6.659	&	21.36	&	10.95\\
6	&	7.954	&	2.859	&	13.67	&	1.577	&	10.16	&	6.582	&	53.6	&	0.333	&	4.604	&	1.55\\
7	&	1.966	&	3.152	&	3.796	&	19.05	&	7.914	&	9.723	&	0.7084	&	43.95	&	5.115	&	13.28\\
8	&	9.651	&	4.765	&	9.978	&	16.69	&	4.278	&	21.32	&	5.667	&	3.663	&	9.974	&	9.496\\
9	&	2.949	&	4.765	&	2.82	&	18.27	&	42.25	&	6.657	&	0.5903	&	19.87	&	6.394	&	2.713\\
correct: 28.05%
k: 46
	&	0	&	1	&	2	&	3	&	4	&	5	&	6	&	7	&	8	&	9\\
0	&	50.99	&	2.314	&	7.435	&	3.856	&	2.848	&	5.505	&	6.31	&	2.23	&	10.51	&	2.729\\
1	&	0.991	&	65.87	&	1.616	&	3.856	&	2.215	&	2.036	&	0.7143	&	3.79	&	6.835	&	2.632\\
2	&	9.369	&	4.338	&	14.66	&	15.69	&	8.228	&	16.52	&	20.95	&	3.233	&	9.873	&	3.314\\
3	&	5.495	&	3.326	&	20.47	&	5.718	&	2.426	&	22.17	&	2.976	&	5.24	&	20	&	11.99\\
4	&	2.432	&	4.338	&	7.543	&	3.457	&	16.77	&	5.053	&	2.381	&	10.14	&	4.557	&	41.52\\
5	&	8.108	&	3.977	&	18	&	12.1	&	3.692	&	4.977	&	5.357	&	6.577	&	21.27	&	11.31\\
6	&	8.108	&	2.675	&	13.58	&	1.596	&	9.916	&	6.561	&	54.29	&	0.3344	&	4.684	&	1.559\\
7	&	1.982	&	3.471	&	3.772	&	19.15	&	7.806	&	9.276	&	0.7143	&	44.59	&	5.443	&	12.96\\
8	&	9.55	&	4.7	&	10.24	&	16.62	&	4.008	&	21.34	&	5.714	&	3.79	&	10.51	&	9.454\\
9	&	2.973	&	4.989	&	2.694	&	17.95	&	42.09	&	6.561	&	0.5952	&	20.07	&	6.329	&	2.534\\
correct: 28.46%
k: 45
	&	0	&	1	&	2	&	3	&	4	&	5	&	6	&	7	&	8	&	9\\
0	&	51.03	&	2.352	&	7.335	&	3.882	&	2.954	&	5.42	&	5.995	&	2.255	&	10.68	&	2.522\\
1	&	0.9848	&	65.36	&	1.726	&	4.016	&	2.004	&	1.832	&	0.7194	&	3.608	&	6.784	&	2.522\\
2	&	9.311	&	4.348	&	15.32	&	15.66	&	8.122	&	16.79	&	20.62	&	3.157	&	9.925	&	3.104\\
3	&	5.551	&	3.635	&	20.28	&	5.756	&	2.11	&	22.44	&	2.998	&	5.411	&	19.85	&	11.74\\
4	&	2.417	&	4.277	&	7.228	&	3.481	&	16.46	&	4.885	&	2.518	&	10.15	&	4.523	&	42.19\\
5	&	7.968	&	4.063	&	18.12	&	12.18	&	3.481	&	5.038	&	5.276	&	6.764	&	21.11	&	11.25\\
6	&	8.505	&	2.423	&	13.38	&	1.74	&	9.81	&	6.412	&	55.16	&	0.3382	&	4.523	&	1.552\\
7	&	1.88	&	3.493	&	3.776	&	19.14	&	7.595	&	9.313	&	0.7194	&	45.55	&	5.276	&	13\\
8	&	9.49	&	5.203	&	10.14	&	16.33	&	3.903	&	21.45	&	5.516	&	3.608	&	10.68	&	9.505\\
9	&	2.865	&	4.847	&	2.697	&	17.8	&	43.57	&	6.412	&	0.4796	&	19.17	&	6.658	&	2.619\\
correct: 28.7%
k: 44
	&	0	&	1	&	2	&	3	&	4	&	5	&	6	&	7	&	8	&	9\\
0	&	51.62	&	2.439	&	7.119	&	4.005	&	2.585	&	5.5	&	5.995	&	2.016	&	10.95	&	2.434\\
1	&	0.9009	&	65.93	&	1.752	&	4.005	&	1.965	&	1.833	&	0.7194	&	3.471	&	6.592	&	2.629\\
2	&	9.64	&	4.161	&	15.88	&	15.62	&	8.273	&	17.04	&	20.26	&	3.024	&	9.328	&	3.019\\
3	&	5.495	&	3.73	&	20.37	&	6.409	&	1.965	&	22.77	&	2.758	&	5.039	&	19.9	&	11.49\\
4	&	2.162	&	4.161	&	7.338	&	3.872	&	16.75	&	4.507	&	2.398	&	10.64	&	3.856	&	42.55\\
5	&	7.568	&	3.945	&	17.52	&	12.42	&	3.516	&	5.042	&	5.396	&	6.831	&	22.51	&	11\\
6	&	8.468	&	2.439	&	13.47	&	1.869	&	9.824	&	6.035	&	55.88	&	0.4479	&	4.104	&	1.558\\
7	&	2.072	&	3.515	&	3.834	&	18.29	&	7.549	&	9.015	&	0.7194	&	45.8	&	5.348	&	13.15\\
8	&	9.279	&	5.093	&	10.19	&	16.29	&	3.93	&	21.93	&	5.396	&	3.471	&	10.57	&	9.64\\
9	&	2.793	&	4.591	&	2.519	&	17.22	&	43.64	&	6.341	&	0.4796	&	19.26	&	6.841	&	2.532\\
correct: 28.99%
k: 43
	&	0	&	1	&	2	&	3	&	4	&	5	&	6	&	7	&	8	&	9\\
0	&	51.66	&	2.639	&	7.19	&	3.748	&	2.5	&	5.389	&	6.079	&	1.889	&	10.74	&	2.425\\
1	&	0.8057	&	65.98	&	1.549	&	3.882	&	1.979	&	1.925	&	0.5959	&	3.333	&	6.492	&	2.619\\
2	&	9.758	&	4.208	&	16.48	&	15.66	&	8.125	&	17.01	&	20.14	&	3	&	9.114	&	2.91\\
3	&	5.461	&	3.638	&	21.24	&	6.292	&	1.875	&	23.17	&	2.622	&	4.778	&	19.85	&	11.25\\
4	&	2.149	&	4.208	&	6.969	&	3.882	&	17.6	&	4.465	&	2.384	&	10.33	&	3.496	&	42.58\\
5	&	7.61	&	4.208	&	16.81	&	12.99	&	3.438	&	5.081	&	5.125	&	7	&	23.1	&	10.57\\
6	&	8.147	&	2.425	&	13.5	&	1.874	&	9.479	&	5.928	&	56.38	&	0.5556	&	4.245	&	1.649\\
7	&	2.059	&	3.566	&	3.872	&	17.54	&	7.5	&	9.084	&	0.5959	&	46.44	&	5.119	&	13.09\\
8	&	9.49	&	4.85	&	9.956	&	16.87	&	3.438	&	21.71	&	5.602	&	4	&	10.74	&	9.699\\
9	&	2.865	&	4.28	&	2.434	&	17.27	&	44.06	&	6.236	&	0.4768	&	18.67	&	7.116	&	3.201\\
correct: 29.43%
k: 42
	&	0	&	1	&	2	&	3	&	4	&	5	&	6	&	7	&	8	&	9\\
0	&	52.3	&	2.707	&	7.159	&	3.619	&	2.462	&	5.32	&	5.938	&	1.874	&	10.65	&	2.465\\
1	&	0.8115	&	66.38	&	1.432	&	4.021	&	1.846	&	1.928	&	0.7126	&	2.977	&	6.516	&	2.268\\
2	&	9.288	&	4.274	&	17.18	&	15.82	&	8	&	17.12	&	19.71	&	3.197	&	8.647	&	3.057\\
3	&	5.14	&	3.704	&	21.59	&	6.836	&	1.744	&	23.21	&	2.85	&	4.631	&	19.8	&	11.05\\
4	&	2.164	&	3.989	&	6.938	&	3.619	&	18.46	&	4.472	&	2.494	&	9.702	&	3.383	&	43.2\\
5	&	7.755	&	4.06	&	16.41	&	13.67	&	3.282	&	5.474	&	4.988	&	7.166	&	23.06	&	10.26\\
6	&	7.935	&	2.279	&	13.44	&	1.877	&	9.128	&	5.86	&	56.77	&	0.5513	&	4.637	&	1.677\\
7	&	2.164	&	3.49	&	3.634	&	17.56	&	7.282	&	8.712	&	0.5938	&	46.97	&	5.263	&	13.21\\
8	&	9.648	&	4.701	&	9.802	&	16.35	&	3.487	&	21.74	&	5.463	&	4.079	&	11.65	&	9.665\\
9	&	2.795	&	4.416	&	2.423	&	16.62	&	44.31	&	6.168	&	0.4751	&	18.85	&	6.391	&	3.156\\
correct: 29.99%
k: 41
	&	0	&	1	&	2	&	3	&	4	&	5	&	6	&	7	&	8	&	9\\
0	&	52.61	&	2.918	&	6.77	&	3.435	&	2.369	&	5.073	&	5.917	&	1.895	&	10.75	&	2.473\\
1	&	0.6295	&	66.55	&	1.554	&	4.095	&	1.751	&	1.691	&	0.7101	&	3.01	&	6.625	&	2.275\\
2	&	9.622	&	4.057	&	17.2	&	15.72	&	7.93	&	16.99	&	19.88	&	3.344	&	8.5	&	2.967\\
3	&	4.856	&	3.843	&	21.86	&	7.133	&	1.751	&	24.14	&	2.604	&	4.013	&	19	&	10.88\\
4	&	2.338	&	4.057	&	6.992	&	3.699	&	18.33	&	4.228	&	2.367	&	9.142	&	3.75	&	43.82\\
5	&	7.824	&	4.057	&	16.54	&	14.13	&	3.193	&	5.534	&	4.379	&	7.023	&	23.75	&	9.792\\
6	&	7.824	&	2.278	&	13.1	&	2.114	&	8.754	&	5.842	&	57.87	&	0.5574	&	4.375	&	1.484\\
7	&	2.158	&	3.559	&	3.552	&	17.17	&	7.003	&	8.455	&	0.5917	&	48.16	&	5	&	13.55\\
8	&	9.353	&	4.698	&	9.989	&	15.85	&	3.708	&	22.29	&	5.207	&	4.013	&	11.88	&	9.199\\
9	&	2.788	&	3.986	&	2.442	&	16.64	&	45.21	&	5.765	&	0.4734	&	18.84	&	6.375	&	3.561\\
correct: 30.31%
k: 40
	&	0	&	1	&	2	&	3	&	4	&	5	&	6	&	7	&	8	&	9\\
0	&	53.14	&	2.786	&	6.652	&	3.342	&	2.16	&	5.035	&	5.744	&	1.883	&	10.77	&	2.383\\
1	&	0.7168	&	67.07	&	1.22	&	3.877	&	1.646	&	1.704	&	0.7034	&	2.99	&	6.807	&	2.185\\
2	&	9.588	&	3.786	&	17.96	&	15.78	&	7.613	&	16.81	&	19.93	&	3.654	&	8.168	&	3.178\\
3	&	4.57	&	3.5	&	21.51	&	7.086	&	1.852	&	24.71	&	2.814	&	3.876	&	19.18	&	11.12\\
4	&	2.151	&	4	&	6.984	&	3.877	&	18.83	&	4.26	&	2.227	&	8.97	&	3.713	&	43.89\\
5	&	7.437	&	3.929	&	16.96	&	13.77	&	2.984	&	5.809	&	4.572	&	6.755	&	24.63	&	9.434\\
6	&	7.616	&	2.286	&	12.86	&	2.139	&	8.951	&	5.809	&	57.68	&	0.5537	&	4.208	&	1.589\\
7	&	2.24	&	3.643	&	3.769	&	17.51	&	6.893	&	8.211	&	0.5862	&	48.39	&	4.579	&	13.41\\
8	&	9.588	&	5.286	&	9.645	&	16.04	&	3.704	&	21.77	&	5.393	&	3.987	&	12	&	8.937\\
9	&	2.957	&	3.714	&	2.439	&	16.58	&	45.37	&	5.887	&	0.3517	&	18.94	&	5.941	&	3.873\\
correct: 30.7%
k: 39
	&	0	&	1	&	2	&	3	&	4	&	5	&	6	&	7	&	8	&	9\\
0	&	53.55	&	2.564	&	6.215	&	3.338	&	2.156	&	5.015	&	5.684	&	1.895	&	10.76	&	2.282\\
1	&	0.6217	&	67.09	&	1.356	&	3.738	&	1.643	&	1.698	&	0.6961	&	3.01	&	6.758	&	2.083\\
2	&	9.414	&	3.775	&	18.53	&	15.35	&	7.803	&	16.67	&	19.95	&	3.679	&	8.26	&	3.075\\
3	&	4.529	&	3.561	&	21.47	&	7.343	&	1.848	&	24.69	&	2.784	&	3.79	&	19.4	&	11.21\\
4	&	2.043	&	4.131	&	7.119	&	4.272	&	19.2	&	3.935	&	2.088	&	8.696	&	3.63	&	43.95\\
5	&	7.282	&	3.917	&	17.29	&	14.42	&	2.977	&	5.941	&	4.524	&	6.466	&	24.53	&	9.425\\
6	&	7.371	&	2.35	&	12.88	&	2.136	&	8.522	&	5.787	&	58.47	&	0.5574	&	3.63	&	1.587\\
7	&	2.22	&	3.561	&	3.616	&	17.49	&	6.776	&	8.333	&	0.6961	&	49.16	&	4.756	&	13\\
8	&	10.04	&	5.413	&	9.153	&	15.49	&	3.696	&	22.3	&	4.756	&	4.013	&	12.39	&	8.631\\
9	&	2.931	&	3.632	&	2.373	&	16.42	&	45.38	&	5.633	&	0.348	&	18.73	&	5.882	&	4.762\\
correct: 31.2%
k: 38
	&	0	&	1	&	2	&	3	&	4	&	5	&	6	&	7	&	8	&	9\\
0	&	54.52	&	2.502	&	6.164	&	3.042	&	2.117	&	4.945	&	5.588	&	1.774	&	10.32	&	2.671\\
1	&	0.6267	&	67.48	&	1.256	&	3.571	&	1.613	&	1.727	&	0.8149	&	2.993	&	6.757	&	1.879\\
2	&	8.953	&	3.788	&	19.41	&	15.34	&	7.661	&	16.64	&	20.02	&	3.88	&	8.108	&	3.165\\
3	&	4.476	&	3.431	&	21.69	&	7.672	&	1.815	&	24.88	&	2.794	&	3.548	&	20.15	&	10.78\\
4	&	1.97	&	4.074	&	7.078	&	4.101	&	19.66	&	3.611	&	2.095	&	8.758	&	3.563	&	43.82\\
5	&	7.252	&	4.003	&	17.47	&	14.42	&	2.722	&	5.965	&	4.307	&	6.541	&	24.32	&	9.496\\
6	&	7.073	&	2.502	&	12.9	&	1.852	&	8.569	&	5.887	&	58.79	&	0.5543	&	3.808	&	1.583\\
7	&	1.97	&	3.217	&	3.425	&	17.33	&	6.855	&	8.32	&	0.6985	&	50	&	4.668	&	12.96\\
8	&	10.21	&	5.218	&	8.447	&	16.53	&	3.831	&	22.53	&	4.54	&	3.88	&	12.78	&	8.408\\
9	&	2.954	&	3.788	&	2.169	&	16.14	&	45.16	&	5.495	&	0.3492	&	18.07	&	5.528	&	5.242\\
correct: 31.65%
k: 37
	&	0	&	1	&	2	&	3	&	4	&	5	&	6	&	7	&	8	&	9\\
0	&	54.64	&	2.498	&	6.236	&	2.378	&	2.047	&	4.961	&	5.415	&	1.758	&	10.25	&	2.574\\
1	&	0.5305	&	67.74	&	1.386	&	3.699	&	1.535	&	1.732	&	0.9217	&	2.637	&	6.543	&	1.782\\
2	&	8.665	&	3.783	&	20.21	&	15.72	&	7.881	&	16.77	&	19.24	&	3.626	&	8.148	&	3.069\\
3	&	4.686	&	3.569	&	21.48	&	8.322	&	1.842	&	25.12	&	2.765	&	3.626	&	19.51	&	10.5\\
4	&	1.945	&	3.926	&	6.697	&	4.359	&	19.14	&	3.701	&	2.419	&	8.791	&	3.333	&	44.75\\
5	&	7.515	&	3.854	&	17.55	&	13.47	&	2.456	&	6.063	&	4.493	&	6.703	&	25.06	&	9.406\\
6	&	6.985	&	2.641	&	12.7	&	1.849	&	8.393	&	5.748	&	58.99	&	0.5495	&	3.827	&	1.485\\
7	&	1.857	&	3.212	&	3.349	&	17.17	&	7.165	&	8.189	&	0.6912	&	50.22	&	4.568	&	12.77\\
8	&	10.34	&	5.139	&	8.199	&	17.17	&	3.685	&	22.44	&	4.608	&	3.846	&	12.96	&	8.218\\
9	&	2.829	&	3.64	&	2.194	&	15.85	&	45.85	&	5.276	&	0.4608	&	18.24	&	5.802	&	5.446\\
correct: 31.98%
k: 36
	&	0	&	1	&	2	&	3	&	4	&	5	&	6	&	7	&	8	&	9\\
0	&	55.17	&	2.42	&	6.563	&	2.394	&	2.033	&	4.531	&	5.233	&	1.629	&	10.53	&	2.569\\
1	&	0.4421	&	67.69	&	1.432	&	3.59	&	1.728	&	1.562	&	0.9101	&	2.714	&	6.516	&	1.779\\
2	&	8.488	&	3.843	&	21	&	16.09	&	7.419	&	17.11	&	19.23	&	3.474	&	7.769	&	2.964\\
3	&	4.509	&	3.772	&	21	&	9.043	&	1.626	&	25.39	&	3.299	&	3.692	&	19.67	&	9.98\\
4	&	2.034	&	3.772	&	6.205	&	4.255	&	20.12	&	3.672	&	2.617	&	8.252	&	2.882	&	44.96\\
5	&	7.162	&	3.772	&	17.54	&	14.89	&	2.642	&	6.172	&	4.323	&	6.406	&	25.19	&	9.486\\
6	&	7.073	&	2.776	&	12.65	&	1.596	&	8.333	&	5.625	&	58.36	&	0.5429	&	4.135	&	1.581\\
7	&	1.68	&	3.203	&	3.58	&	16.36	&	7.012	&	8.281	&	0.6826	&	50.71	&	4.511	&	12.55\\
8	&	10.34	&	4.911	&	8.115	&	16.89	&	3.557	&	22.58	&	4.892	&	4.126	&	13.28	&	8.103\\
9	&	3.095	&	3.843	&	1.909	&	14.89	&	45.53	&	5.078	&	0.4551	&	18.46	&	5.514	&	6.028\\
correct: 32.43%
k: 35
	&	0	&	1	&	2	&	3	&	4	&	5	&	6	&	7	&	8	&	9\\
0	&	56.16	&	2.437	&	6.571	&	2.436	&	2.03	&	4.525	&	5.221	&	1.512	&	9.669	&	2.358\\
1	&	0.4429	&	68.39	&	1.434	&	3.518	&	1.624	&	1.457	&	0.681	&	2.7	&	6.87	&	1.768\\
2	&	7.617	&	3.728	&	21.15	&	15.83	&	7.31	&	17.33	&	20.09	&	3.348	&	8.142	&	2.947\\
3	&	4.34	&	3.656	&	19.35	&	9.337	&	1.726	&	26.23	&	3.519	&	3.456	&	19.85	&	9.921\\
4	&	2.126	&	3.799	&	6.452	&	4.06	&	20	&	3.298	&	2.497	&	8.207	&	2.926	&	45.19\\
5	&	7.174	&	3.871	&	17.68	&	15.16	&	2.741	&	6.442	&	3.973	&	7.127	&	24.68	&	8.939\\
6	&	6.997	&	2.724	&	12.9	&	1.624	&	8.325	&	5.521	&	58.57	&	0.432	&	4.198	&	1.375\\
7	&	1.506	&	3.082	&	3.823	&	16.51	&	6.701	&	8.129	&	0.681	&	50.86	&	4.58	&	12.67\\
8	&	10.54	&	4.946	&	8.483	&	17.05	&	3.655	&	22.01	&	4.313	&	3.996	&	13.74	&	8.153\\
9	&	3.1	&	3.369	&	2.151	&	14.48	&	45.89	&	5.061	&	0.454	&	18.36	&	5.344	&	6.68\\
correct: 32.78%
k: 34
	&	0	&	1	&	2	&	3	&	4	&	5	&	6	&	7	&	8	&	9\\
0	&	57.05	&	2.444	&	6.317	&	2.39	&	1.994	&	4.354	&	5.119	&	1.625	&	9.796	&	2.207\\
1	&	0.4464	&	68.87	&	1.43	&	3.586	&	1.595	&	1.451	&	0.6826	&	2.709	&	6.489	&	1.605\\
2	&	7.143	&	3.595	&	22.17	&	16.33	&	6.979	&	17.27	&	19.68	&	3.142	&	7.888	&	3.31\\
3	&	4.375	&	3.523	&	19.19	&	9.562	&	1.695	&	26.66	&	3.299	&	3.467	&	20.1	&	9.428\\
4	&	2.143	&	3.81	&	5.959	&	3.718	&	20.34	&	3.285	&	2.503	&	8.234	&	2.926	&	46.04\\
5	&	7.321	&	3.666	&	17.52	&	15.67	&	2.792	&	6.799	&	3.982	&	6.934	&	24.55	&	8.526\\
6	&	6.696	&	2.588	&	13.47	&	1.328	&	8.375	&	5.424	&	59.27	&	0.4334	&	3.944	&	1.304\\
7	&	1.429	&	2.948	&	3.576	&	16.6	&	6.481	&	8.251	&	0.5688	&	51.35	&	4.58	&	12.84\\
8	&	10.71	&	5.248	&	7.986	&	16.87	&	3.789	&	21.54	&	4.323	&	4.009	&	14.25	&	8.024\\
9	&	2.679	&	3.307	&	2.384	&	13.94	&	45.96	&	4.966	&	0.5688	&	18.09	&	5.471	&	6.72\\
correct: 33.22%
k: 33
	&	0	&	1	&	2	&	3	&	4	&	5	&	6	&	7	&	8	&	9\\
0	&	57.59	&	2.367	&	6.859	&	2.276	&	1.804	&	4.164	&	5.051	&	1.622	&	9.618	&	2.17\\
1	&	0.4464	&	69.23	&	1.444	&	3.347	&	1.603	&	1.59	&	0.5612	&	2.486	&	6.192	&	1.578\\
2	&	7.143	&	3.3	&	23.47	&	16.06	&	6.814	&	17.56	&	19.19	&	3.135	&	7.642	&	3.254\\
3	&	4.464	&	3.443	&	18.53	&	10.04	&	1.503	&	27.4	&	3.367	&	3.459	&	19.76	&	9.27\\
4	&	2.054	&	3.802	&	5.776	&	3.213	&	20.24	&	3.179	&	2.469	&	8.216	&	3.294	&	46.06\\
5	&	7.589	&	3.659	&	17.21	&	17	&	2.806	&	6.964	&	3.928	&	6.919	&	23.85	&	8.481\\
6	&	6.161	&	2.654	&	13.36	&	1.071	&	8.216	&	5.148	&	59.82	&	0.4324	&	4.216	&	1.381\\
7	&	1.429	&	3.013	&	3.73	&	16.47	&	6.413	&	7.949	&	0.5612	&	52.11	&	4.48	&	12.43\\
8	&	10.62	&	5.38	&	7.22	&	17	&	4.108	&	21.27	&	4.377	&	3.568	&	15.28	&	8.185\\
9	&	2.5	&	3.156	&	2.407	&	13.52	&	46.49	&	4.769	&	0.6734	&	18.05	&	5.665	&	7.199\\
correct: 33.78%
k: 32
	&	0	&	1	&	2	&	3	&	4	&	5	&	6	&	7	&	8	&	9\\
0	&	57.86	&	2.291	&	6.796	&	2.462	&	1.685	&	4	&	4.788	&	1.63	&	10.31	&	1.881\\
1	&	0.4464	&	69.58	&	1.456	&	3.146	&	1.487	&	1.585	&	0.4454	&	2.609	&	5.875	&	1.386\\
2	&	7.143	&	3.293	&	24.03	&	16.01	&	6.838	&	17.58	&	19.27	&	2.826	&	7.572	&	3.168\\
3	&	4.554	&	3.436	&	19.3	&	10.4	&	1.487	&	27.25	&	3.675	&	3.478	&	19.19	&	8.713\\
4	&	1.875	&	3.651	&	5.34	&	3.146	&	21.21	&	3.019	&	2.45	&	7.826	&	3.003	&	46.73\\
5	&	7.5	&	3.579	&	17.6	&	18.19	&	2.775	&	7.245	&	3.786	&	6.522	&	23.24	&	8.317\\
6	&	6.25	&	2.72	&	12.74	&	1.094	&	8.028	&	4.981	&	60.24	&	0.3261	&	4.047	&	1.485\\
7	&	1.339	&	3.006	&	3.883	&	15.73	&	6.145	&	8.302	&	0.6682	&	52.93	&	4.83	&	12.08\\
8	&	10.54	&	5.369	&	6.553	&	16.69	&	4.063	&	21.28	&	4.009	&	3.804	&	16.19	&	8.614\\
9	&	2.5	&	3.078	&	2.306	&	13.13	&	46.28	&	4.755	&	0.6682	&	18.04	&	5.744	&	7.624\\
correct: 34.33%
k: 31
	&	0	&	1	&	2	&	3	&	4	&	5	&	6	&	7	&	8	&	9\\
0	&	57.98	&	2.229	&	6.748	&	2.466	&	1.509	&	3.639	&	4.636	&	1.719	&	10.75	&	1.775\\
1	&	0.4433	&	70.09	&	1.472	&	3.014	&	1.509	&	1.592	&	0.4415	&	2.578	&	5.829	&	1.183\\
2	&	6.915	&	2.948	&	25.52	&	16.03	&	6.74	&	17.74	&	19.21	&	2.9	&	7.124	&	3.057\\
3	&	4.521	&	3.451	&	19.51	&	10.68	&	1.408	&	27.67	&	3.642	&	3.33	&	18.91	&	8.383\\
4	&	1.773	&	3.523	&	5.399	&	3.014	&	21.33	&	3.033	&	2.428	&	7.519	&	3.368	&	47.04\\
5	&	7.092	&	3.595	&	16.93	&	19.18	&	2.918	&	7.278	&	3.532	&	6.767	&	23.45	&	8.185\\
6	&	6.56	&	2.732	&	12.02	&	1.233	&	7.545	&	5.004	&	60.93	&	0.3222	&	3.756	&	1.381\\
7	&	1.33	&	2.876	&	3.926	&	15.89	&	5.936	&	8.112	&	0.6623	&	53.06	&	4.534	&	12.23\\
8	&	10.99	&	5.248	&	6.38	&	15.62	&	4.326	&	21.3	&	3.863	&	3.974	&	16.97	&	8.284\\
9	&	2.394	&	3.307	&	2.086	&	12.88	&	46.78	&	4.625	&	0.6623	&	17.83	&	5.311	&	8.481\\
correct: 34.86%
k: 30
	&	0	&	1	&	2	&	3	&	4	&	5	&	6	&	7	&	8	&	9\\
0	&	58.53	&	2.224	&	6.135	&	2.585	&	1.57	&	3.659	&	4.381	&	1.72	&	10.84	&	1.818\\
1	&	0.444	&	69.87	&	1.227	&	3.129	&	1.472	&	1.677	&	0.5476	&	2.581	&	6.136	&	1.01\\
2	&	6.838	&	2.941	&	26.87	&	16.05	&	6.379	&	17.23	&	18.84	&	3.333	&	7.05	&	2.929\\
3	&	4.44	&	3.515	&	19.14	&	11.02	&	1.276	&	28.43	&	3.614	&	3.226	&	18.8	&	8.182\\
4	&	1.954	&	3.587	&	5.399	&	2.857	&	21.79	&	2.896	&	2.081	&	7.204	&	3.394	&	47.78\\
5	&	6.927	&	3.802	&	16.56	&	19.73	&	2.944	&	7.927	&	3.724	&	6.344	&	23.37	&	7.576\\
6	&	6.128	&	2.869	&	12.02	&	1.224	&	7.262	&	4.802	&	61.34	&	0.4301	&	3.525	&	1.414\\
7	&	1.332	&	2.798	&	3.804	&	15.65	&	5.692	&	8.079	&	0.6572	&	54.3	&	4.178	&	12.22\\
8	&	10.92	&	5.237	&	6.871	&	15.65	&	4.514	&	20.73	&	4.162	&	3.763	&	17.36	&	8.384\\
9	&	2.487	&	3.156	&	1.963	&	12.11	&	47.11	&	4.573	&	0.6572	&	17.1	&	5.352	&	8.687\\
correct: 35.43%
k: 29
	&	0	&	1	&	2	&	3	&	4	&	5	&	6	&	7	&	8	&	9\\
0	&	59.39	&	2.229	&	5.897	&	2.578	&	1.583	&	3.632	&	4.239	&	1.812	&	10.25	&	1.698\\
1	&	0.4452	&	70.45	&	1.229	&	3.256	&	1.286	&	1.623	&	0.5435	&	2.452	&	5.707	&	0.999\\
2	&	6.5	&	2.804	&	28.01	&	16.42	&	6.33	&	16.77	&	19.57	&	3.198	&	6.615	&	2.897\\
3	&	4.541	&	3.163	&	19.04	&	12.08	&	1.286	&	28.67	&	3.043	&	2.985	&	19.46	&	8.092\\
4	&	2.048	&	3.451	&	5.283	&	2.849	&	21.66	&	2.937	&	2.065	&	6.823	&	3.502	&	47.95\\
5	&	6.589	&	3.81	&	16.46	&	19.67	&	2.868	&	8.269	&	3.587	&	6.397	&	23.74	&	7.393\\
6	&	6.144	&	2.948	&	11.67	&	1.085	&	7.221	&	4.791	&	61.52	&	0.4264	&	3.502	&	1.299\\
7	&	1.336	&	2.804	&	3.808	&	14.79	&	5.638	&	7.573	&	0.5435	&	55.12	&	4.41	&	12.29\\
8	&	10.51	&	5.392	&	6.88	&	15.47	&	4.253	&	21.17	&	4.348	&	3.945	&	17.77	&	7.992\\
9	&	2.493	&	2.948	&	1.72	&	11.8	&	47.87	&	4.56	&	0.5435	&	16.84	&	5.058	&	9.391\\
correct: 36.04%
k: 28
	&	0	&	1	&	2	&	3	&	4	&	5	&	6	&	7	&	8	&	9\\
0	&	60.16	&	2.345	&	5.76	&	2.469	&	1.638	&	3.766	&	4.235	&	1.824	&	9.817	&	1.633\\
1	&	0.2698	&	70.22	&	1.225	&	2.881	&	1.252	&	1.537	&	0.4343	&	2.361	&	5.759	&	1.02\\
2	&	6.745	&	2.701	&	29.04	&	16.32	&	5.973	&	16.53	&	19.33	&	3.219	&	6.545	&	2.857\\
3	&	4.227	&	3.269	&	18.75	&	12.76	&	1.252	&	28.9	&	2.714	&	3.112	&	19.5	&	8.061\\
4	&	1.799	&	3.696	&	4.534	&	3.018	&	23.22	&	2.767	&	2.172	&	5.794	&	3.927	&	47.96\\
5	&	6.385	&	3.838	&	16.91	&	19.75	&	2.89	&	8.609	&	3.366	&	6.545	&	23.82	&	7.041\\
6	&	6.025	&	2.985	&	11.15	&	1.235	&	6.647	&	4.766	&	62.43	&	0.4292	&	3.534	&	1.224\\
7	&	1.349	&	2.772	&	4.044	&	14.81	&	5.202	&	7.533	&	0.5429	&	55.9	&	4.319	&	12.45\\
8	&	10.88	&	5.33	&	6.863	&	15.78	&	3.95	&	21.21	&	4.235	&	4.077	&	17.93	&	7.755\\
9	&	2.158	&	2.843	&	1.716	&	10.97	&	47.98	&	4.381	&	0.5429	&	16.74	&	4.843	&	10\\
correct: 36.71%
k: 27
	&	0	&	1	&	2	&	3	&	4	&	5	&	6	&	7	&	8	&	9\\
0	&	60.93	&	2.284	&	6.021	&	1.923	&	1.838	&	3.538	&	3.8	&	1.816	&	9.593	&	1.36\\
1	&	0.2688	&	70.95	&	1.063	&	2.885	&	1.064	&	1.462	&	0.4343	&	2.03	&	6.045	&	0.9414\\
2	&	6.452	&	2.855	&	29.75	&	16.21	&	5.706	&	16.23	&	19.11	&	2.991	&	6.702	&	2.615\\
3	&	4.391	&	2.926	&	17.12	&	13.32	&	1.257	&	30.23	&	2.932	&	3.312	&	18.66	&	7.531\\
4	&	1.703	&	3.712	&	5.077	&	3.022	&	23.5	&	2.615	&	2.063	&	5.876	&	3.811	&	48.74\\
5	&	6.183	&	3.498	&	17.24	&	20.74	&	2.611	&	8.769	&	2.932	&	6.944	&	23.39	&	6.904\\
6	&	5.556	&	3.141	&	10.74	&	1.099	&	6.286	&	4.538	&	63.63	&	0.4274	&	3.942	&	0.9414\\
7	&	1.254	&	2.855	&	4.368	&	14.56	&	5.029	&	7.462	&	0.3257	&	56.52	&	4.336	&	12.24\\
8	&	11.11	&	5.139	&	7.084	&	15.93	&	3.965	&	21	&	4.126	&	3.953	&	18.53	&	7.531\\
9	&	2.151	&	2.641	&	1.535	&	10.3	&	48.74	&	4.154	&	0.6515	&	16.13	&	4.993	&	11.19\\
correct: 37.43%
k: 26
	&	0	&	1	&	2	&	3	&	4	&	5	&	6	&	7	&	8	&	9\\
0	&	61.96	&	2.284	&	5.529	&	1.806	&	1.727	&	3.328	&	3.583	&	1.672	&	9.416	&	1.379\\
1	&	0.3571	&	71.31	&	0.9412	&	2.083	&	0.9597	&	1.471	&	0.5429	&	2.09	&	6.101	&	0.9544\\
2	&	6.339	&	2.712	&	31.53	&	15.83	&	5.47	&	15.71	&	18.57	&	3.239	&	6.897	&	2.863\\
3	&	4.107	&	2.855	&	17.29	&	14.44	&	1.248	&	30.96	&	2.606	&	3.239	&	17.77	&	7.529\\
4	&	1.696	&	3.712	&	4.706	&	2.778	&	24.38	&	2.399	&	2.28	&	5.852	&	3.581	&	48.99\\
5	&	5.982	&	3.498	&	16.82	&	20.97	&	2.687	&	9.288	&	2.497	&	6.897	&	23.61	&	7.105\\
6	&	5.357	&	3.141	&	10.82	&	1.25	&	5.95	&	4.489	&	64.39	&	0.3135	&	3.714	&	0.9544\\
7	&	1.25	&	2.998	&	4.118	&	14.72	&	4.894	&	7.121	&	0.4343	&	56.84	&	4.244	&	11.45\\
8	&	10.89	&	4.925	&	6.824	&	15.42	&	3.647	&	20.98	&	4.452	&	4.18	&	20.29	&	7.529\\
9	&	2.054	&	2.57	&	1.412	&	10.69	&	49.04	&	4.257	&	0.6515	&	15.67	&	4.377	&	11.24\\
correct: 38.35%
k: 25
	&	0	&	1	&	2	&	3	&	4	&	5	&	6	&	7	&	8	&	9\\
0	&	62.73	&	2.147	&	5.34	&	1.955	&	1.627	&	3.419	&	3.152	&	1.458	&	9.499	&	1.376\\
1	&	0.3575	&	71.73	&	0.9709	&	1.955	&	0.9569	&	1.52	&	0.5435	&	1.667	&	6.201	&	0.9524\\
2	&	5.63	&	2.505	&	33.86	&	15.36	&	5.359	&	15.96	&	18.59	&	3.229	&	6.596	&	2.857\\
3	&	3.932	&	2.649	&	16.75	&	15.36	&	1.148	&	31.08	&	2.717	&	2.812	&	18.6	&	7.09\\
4	&	1.698	&	3.865	&	4.248	&	2.793	&	24.5	&	2.204	&	2.391	&	5.833	&	3.43	&	49.21\\
5	&	5.898	&	3.651	&	15.9	&	21.79	&	2.775	&	9.802	&	2.717	&	7.396	&	22.69	&	6.561\\
6	&	5.541	&	3.15	&	10.68	&	1.117	&	5.837	&	4.407	&	65	&	0.3125	&	3.562	&	0.9524\\
7	&	1.251	&	2.863	&	4.248	&	13.83	&	5.072	&	6.763	&	0.3261	&	57.6	&	4.485	&	11.43\\
8	&	10.81	&	4.939	&	6.553	&	16.2	&	3.445	&	20.59	&	4.022	&	4.375	&	20.71	&	7.513\\
9	&	2.145	&	2.505	&	1.456	&	9.637	&	49.28	&	4.255	&	0.5435	&	15.31	&	4.222	&	12.06\\
correct: 39%
k: 24
	&	0	&	1	&	2	&	3	&	4	&	5	&	6	&	7	&	8	&	9\\
0	&	62.81	&	2.208	&	4.688	&	1.651	&	1.547	&	3.154	&	3.366	&	1.354	&	9.769	&	1.469\\
1	&	0.3534	&	71.87	&	0.9615	&	1.788	&	0.8704	&	1.462	&	0.5429	&	1.562	&	5.97	&	0.9444\\
2	&	5.389	&	2.635	&	34.74	&	14.86	&	5.513	&	16.08	&	17.7	&	3.229	&	7.056	&	2.623\\
3	&	3.975	&	2.707	&	16.59	&	16.92	&	1.161	&	31.62	&	2.606	&	3.021	&	17.1	&	6.716\\
4	&	1.413	&	3.704	&	4.207	&	2.476	&	25.15	&	2.154	&	2.714	&	5.833	&	3.392	&	49\\
5	&	6.184	&	3.348	&	16.11	&	21.73	&	2.611	&	10.54	&	2.497	&	7.187	&	22.52	&	6.401\\
6	&	5.477	&	3.205	&	10.46	&	1.1	&	5.513	&	4.538	&	65.26	&	0.3125	&	3.664	&	0.9444\\
7	&	1.237	&	2.778	&	4.087	&	13.48	&	5.029	&	6.308	&	0.3257	&	58.75	&	4.342	&	11.54\\
8	&	11.04	&	4.701	&	6.611	&	16.78	&	3.288	&	19.92	&	4.452	&	4.167	&	21.85	&	7.45\\
9	&	2.12	&	2.849	&	1.562	&	9.216	&	49.32	&	4.231	&	0.5429	&	14.58	&	4.342	&	12.91\\
correct: 39.78%
k: 23
	&	0	&	1	&	2	&	3	&	4	&	5	&	6	&	7	&	8	&	9\\
0	&	63.48	&	2.077	&	4.813	&	1.377	&	1.562	&	3.012	&	3.159	&	1.54	&	9.69	&	1.247\\
1	&	0.2653	&	72.42	&	0.9627	&	1.791	&	0.7812	&	1.467	&	0.5447	&	1.54	&	5.922	&	0.9356\\
2	&	5.659	&	2.436	&	35.02	&	15.43	&	5.371	&	15.91	&	17.86	&	3.388	&	6.595	&	2.495\\
3	&	3.89	&	2.579	&	16.85	&	17.08	&	1.172	&	32.12	&	2.288	&	3.183	&	16.42	&	6.653\\
4	&	1.503	&	3.653	&	4.212	&	2.204	&	25.59	&	2.162	&	2.397	&	5.749	&	3.23	&	48.96\\
5	&	5.836	&	3.152	&	16.49	&	21.49	&	2.539	&	10.5	&	2.614	&	7.187	&	23.15	&	6.341\\
6	&	5.393	&	3.08	&	9.988	&	1.24	&	5.566	&	4.788	&	66.45	&	0.308	&	3.096	&	0.7277\\
7	&	1.061	&	2.937	&	3.851	&	13.09	&	5.371	&	6.178	&	0.2179	&	58.73	&	4.172	&	11.23\\
8	&	10.96	&	5.014	&	6.017	&	17.63	&	3.223	&	19.92	&	3.813	&	3.696	&	23.15	&	7.069\\
9	&	1.945	&	2.65	&	1.805	&	8.678	&	48.83	&	3.938	&	0.6536	&	14.68	&	4.576	&	14.35\\
correct: 40.34%
k: 22
	&	0	&	1	&	2	&	3	&	4	&	5	&	6	&	7	&	8	&	9\\
0	&	63.63	&	2.334	&	4.584	&	1.374	&	1.558	&	2.701	&	3.037	&	1.346	&	9.431	&	1.36\\
1	&	0.2629	&	71.85	&	0.965	&	1.923	&	0.5842	&	1.466	&	0.4338	&	1.553	&	5.964	&	0.7322\\
2	&	5.872	&	2.405	&	35.83	&	14.97	&	5.453	&	16.2	&	17.68	&	3.002	&	6.103	&	2.406\\
3	&	3.856	&	2.405	&	16.89	&	17.72	&	0.779	&	32.41	&	2.061	&	3.209	&	16.37	&	7.008\\
4	&	1.578	&	3.678	&	4.101	&	2.473	&	27.26	&	1.929	&	2.495	&	5.383	&	3.051	&	47.91\\
5	&	5.96	&	2.9	&	16.53	&	21.7	&	2.629	&	10.96	&	2.928	&	7.246	&	23.16	&	5.753\\
6	&	5.083	&	3.112	&	10.13	&	1.099	&	5.453	&	4.475	&	66.59	&	0.4141	&	3.19	&	0.9414\\
7	&	1.052	&	2.97	&	3.619	&	13.19	&	5.161	&	6.019	&	0.2169	&	60.14	&	3.745	&	11.19\\
8	&	10.78	&	5.375	&	5.549	&	17.86	&	3.019	&	19.75	&	4.013	&	3.209	&	24.55	&	7.008\\
9	&	1.928	&	2.97	&	1.809	&	7.692	&	48.1	&	4.09	&	0.5423	&	14.49	&	4.438	&	15.69\\
correct: 41.12%
k: 21
	&	0	&	1	&	2	&	3	&	4	&	5	&	6	&	7	&	8	&	9\\
0	&	64.59	&	2.268	&	4.421	&	1.501	&	1.589	&	2.414	&	2.916	&	1.344	&	8.889	&	1.433\\
1	&	0.4394	&	72.15	&	0.8363	&	2.046	&	0.6951	&	1.402	&	0.432	&	1.551	&	5.556	&	0.6141\\
2	&	5.448	&	2.339	&	37.51	&	15.69	&	5.065	&	16.28	&	17.17	&	2.896	&	5.833	&	1.945\\
3	&	3.515	&	2.551	&	16.49	&	18.42	&	0.7944	&	32.71	&	1.728	&	3.206	&	16.94	&	6.551\\
4	&	1.67	&	3.685	&	3.943	&	2.046	&	27.21	&	1.791	&	2.592	&	5.274	&	2.917	&	48.11\\
5	&	6.151	&	2.764	&	15.89	&	21.96	&	2.582	&	11.53	&	2.808	&	7.135	&	22.64	&	5.834\\
6	&	5.185	&	2.764	&	9.558	&	1.091	&	5.66	&	4.517	&	67.28	&	0.4137	&	3.194	&	0.7165\\
7	&	1.054	&	2.977	&	3.465	&	13.23	&	5.164	&	5.763	&	0.108	&	61.22	&	3.333	&	10.75\\
8	&	10.19	&	5.599	&	6.213	&	15.96	&	2.979	&	19.55	&	4.536	&	2.999	&	26.53	&	6.858\\
9	&	1.757	&	2.906	&	1.673	&	8.049	&	48.26	&	4.05	&	0.432	&	13.96	&	4.167	&	17.2\\
correct: 41.98%
k: 20
	&	0	&	1	&	2	&	3	&	4	&	5	&	6	&	7	&	8	&	9\\
0	&	65.44	&	2.26	&	3.938	&	1.247	&	1.652	&	2.276	&	2.829	&	1.25	&	8.528	&	1.436\\
1	&	0.4386	&	71.96	&	0.8353	&	2.216	&	0.6803	&	1.334	&	0.4353	&	1.354	&	5.64	&	0.6154\\
2	&	5.175	&	2.613	&	38.78	&	15.1	&	5.248	&	16.41	&	16.97	&	2.708	&	5.365	&	1.846\\
3	&	3.246	&	2.613	&	16.35	&	19.81	&	0.6803	&	31.95	&	1.632	&	3.021	&	18.29	&	6.667\\
4	&	1.579	&	3.178	&	3.938	&	1.801	&	29.15	&	1.805	&	2.285	&	5.104	&	2.751	&	47.18\\
5	&	5.965	&	2.966	&	16.23	&	21.75	&	2.43	&	12.48	&	2.72	&	6.979	&	21.46	&	5.846\\
6	&	5	&	2.966	&	9.666	&	0.9695	&	5.345	&	4.396	&	68.34	&	0.2083	&	3.439	&	0.5128\\
7	&	1.228	&	2.966	&	3.341	&	12.19	&	4.956	&	5.73	&	0.2176	&	63.02	&	2.613	&	10.87\\
8	&	10.35	&	5.579	&	5.251	&	16.62	&	2.624	&	19.54	&	4.135	&	3.333	&	27.37	&	6.974\\
9	&	1.579	&	2.895	&	1.671	&	8.31	&	47.23	&	4.082	&	0.4353	&	13.02	&	4.539	&	18.05\\
correct: 43%
k: 19
	&	0	&	1	&	2	&	3	&	4	&	5	&	6	&	7	&	8	&	9\\
0	&	66.64	&	1.722	&	3.593	&	1.23	&	1.385	&	2.379	&	2.863	&	1.141	&	8.322	&	1.715\\
1	&	0.5282	&	73.46	&	0.8383	&	2.186	&	0.6924	&	1.19	&	0.3181	&	1.349	&	5.184	&	0.6054\\
2	&	5.106	&	2.296	&	39.4	&	14.75	&	5.44	&	16.65	&	16.97	&	2.386	&	5.321	&	1.816\\
3	&	2.993	&	2.726	&	17.25	&	21.04	&	0.4946	&	31.88	&	1.803	&	3.216	&	17.19	&	5.954\\
4	&	1.32	&	3.013	&	4.072	&	1.503	&	29.08	&	1.586	&	2.439	&	5.083	&	3.001	&	47.63\\
5	&	5.986	&	2.798	&	16.17	&	21.58	&	2.572	&	12.85	&	2.651	&	6.95	&	21.69	&	5.348\\
6	&	4.577	&	3.085	&	9.341	&	0.9563	&	4.748	&	4.282	&	68.08	&	0.2075	&	3.683	&	0.5045\\
7	&	1.144	&	3.085	&	2.874	&	12.16	&	4.946	&	5.393	&	0.3181	&	63.38	&	2.729	&	10.8\\
8	&	10.21	&	5.38	&	4.91	&	17.08	&	2.868	&	19.51	&	4.136	&	3.216	&	28.38	&	6.458\\
9	&	1.496	&	2.439	&	1.557	&	7.514	&	47.77	&	4.282	&	0.4242	&	13.07	&	4.502	&	19.17\\
correct: 43.71%
k: 18
	&	0	&	1	&	2	&	3	&	4	&	5	&	6	&	7	&	8	&	9\\
0	&	67.43	&	1.711	&	2.638	&	0.9629	&	1.552	&	2.157	&	2.979	&	1.247	&	8.071	&	1.733\\
1	&	0.5268	&	73.63	&	0.8393	&	1.513	&	0.582	&	1.118	&	0.3191	&	1.351	&	5.062	&	0.5097\\
2	&	4.829	&	2.21	&	41.49	&	14.58	&	5.626	&	16.29	&	16.28	&	2.183	&	5.472	&	1.835\\
3	&	2.809	&	2.566	&	17.03	&	22.83	&	0.582	&	31.63	&	1.915	&	3.534	&	17.24	&	5.505\\
4	&	1.405	&	2.994	&	3.957	&	1.651	&	30.75	&	1.597	&	2.234	&	4.678	&	3.283	&	46.08\\
5	&	5.707	&	2.637	&	16.07	&	22.28	&	2.425	&	13.9	&	2.447	&	6.549	&	20.79	&	5.81\\
6	&	4.829	&	3.564	&	8.753	&	0.8253	&	4.365	&	4.233	&	69.04	&	0.2079	&	2.873	&	0.4077\\
7	&	1.141	&	2.708	&	2.998	&	11.55	&	4.947	&	5.591	&	0	&	64.66	&	2.736	&	10.7\\
8	&	9.921	&	5.56	&	4.676	&	17.19	&	2.231	&	19.41	&	4.362	&	3.119	&	30.1	&	6.32\\
9	&	1.405	&	2.423	&	1.559	&	6.602	&	46.94	&	4.073	&	0.4255	&	12.47	&	4.378	&	21.1\\
correct: 45.02%
k: 17
	&	0	&	1	&	2	&	3	&	4	&	5	&	6	&	7	&	8	&	9\\
0	&	68.37	&	1.717	&	2.367	&	0.9524	&	1.383	&	2.129	&	3.095	&	1.457	&	7.388	&	1.598\\
1	&	0.53	&	74.25	&	0.8284	&	1.224	&	0.5929	&	0.9009	&	0.3202	&	1.145	&	5.145	&	0.4995\\
2	&	4.505	&	2.217	&	42.72	&	14.97	&	5.435	&	16.3	&	16.22	&	2.081	&	5.013	&	1.499\\
3	&	2.827	&	2.432	&	17.4	&	23.81	&	0.6917	&	31.86	&	1.708	&	3.642	&	16.23	&	5.195\\
4	&	1.237	&	2.861	&	3.432	&	1.224	&	31.42	&	1.474	&	2.134	&	4.058	&	3.562	&	46.75\\
5	&	5.124	&	2.432	&	16.09	&	22.59	&	2.273	&	14.5	&	2.028	&	6.764	&	21.37	&	5.195\\
6	&	4.947	&	3.29	&	8.757	&	0.6803	&	4.545	&	4.259	&	69.48	&	0.2081	&	2.902	&	0.3996\\
7	&	1.148	&	2.647	&	2.485	&	11.7	&	4.842	&	5.651	&	0	&	65.14	&	3.43	&	10.09\\
8	&	10.07	&	5.508	&	4.615	&	16.73	&	2.273	&	19.08	&	4.589	&	2.914	&	31.13	&	5.794\\
9	&	1.237	&	2.647	&	1.302	&	6.122	&	46.54	&	3.849	&	0.4269	&	12.59	&	3.826	&	22.98\\
correct: 45.86%
k: 16
	&	0	&	1	&	2	&	3	&	4	&	5	&	6	&	7	&	8	&	9\\
0	&	68.91	&	1.792	&	2.14	&	0.9629	&	1.367	&	1.805	&	3.198	&	1.357	&	6.456	&	1.505\\
1	&	0.613	&	74.62	&	0.8323	&	1.238	&	0.5859	&	0.9024	&	0.3198	&	1.148	&	4.48	&	0.6018\\
2	&	4.641	&	2.151	&	44.47	&	14.99	&	5.176	&	16.16	&	15.14	&	2.61	&	4.611	&	1.404\\
3	&	2.627	&	2.222	&	16.88	&	25.45	&	0.4883	&	32.65	&	1.812	&	3.34	&	15.81	&	5.015\\
4	&	1.489	&	2.796	&	3.329	&	1.238	&	33.79	&	1.395	&	2.452	&	3.653	&	2.899	&	44.73\\
5	&	4.904	&	2.509	&	16.53	&	21.05	&	2.051	&	15.42	&	1.493	&	6.576	&	22.4	&	5.316\\
6	&	4.553	&	3.297	&	8.442	&	0.6878	&	4.102	&	4.102	&	71	&	0.2088	&	2.635	&	0.4012\\
7	&	0.9632	&	2.652	&	1.902	&	11.83	&	4.785	&	5.496	&	0	&	65.97	&	3.162	&	10.63\\
8	&	9.895	&	5.376	&	4.162	&	16.78	&	2.344	&	18.46	&	4.371	&	3.445	&	33.47	&	5.216\\
9	&	1.401	&	2.581	&	1.308	&	5.777	&	45.31	&	3.61	&	0.2132	&	11.69	&	4.084	&	25.18\\
correct: 47.24%
k: 15
	&	0	&	1	&	2	&	3	&	4	&	5	&	6	&	7	&	8	&	9\\
0	&	69.48	&	1.584	&	2.151	&	0.9524	&	1.31	&	1.74	&	3.056	&	1.537	&	6.728	&	1.373\\
1	&	0.6157	&	75.23	&	0.5974	&	1.497	&	0.6048	&	0.8285	&	0.5269	&	0.9221	&	4.222	&	0.4902\\
2	&	4.31	&	2.232	&	47.07	&	13.74	&	4.94	&	16.16	&	14.65	&	2.869	&	4.222	&	1.373\\
3	&	2.726	&	2.304	&	16.01	&	26.8	&	0.504	&	32.81	&	2.002	&	3.176	&	15.83	&	4.412\\
4	&	1.319	&	2.952	&	3.106	&	0.6803	&	34.78	&	1.16	&	2.424	&	3.279	&	2.77	&	45.1\\
5	&	4.661	&	2.592	&	15.65	&	21.9	&	1.915	&	16.4	&	1.264	&	7.377	&	21.11	&	4.902\\
6	&	4.573	&	2.88	&	8.363	&	0.5442	&	4.133	&	3.977	&	71.76	&	0.2049	&	2.243	&	0.2941\\
7	&	0.7916	&	2.304	&	2.27	&	11.16	&	4.738	&	5.137	&	0	&	66.6	&	2.77	&	10.39\\
8	&	9.85	&	5.184	&	3.823	&	16.87	&	2.621	&	18.14	&	4.11	&	3.074	&	35.75	&	4.804\\
9	&	1.671	&	2.736	&	0.9558	&	5.85	&	44.46	&	3.645	&	0.2107	&	10.96	&	4.354	&	26.86\\
correct: 48.45%
k: 14
	&	0	&	1	&	2	&	3	&	4	&	5	&	6	&	7	&	8	&	9\\
0	&	70.32	&	1.67	&	2.026	&	1.198	&	1.277	&	1.716	&	2.634	&	1.346	&	6.967	&	1.186\\
1	&	0.6184	&	76.47	&	0.4768	&	1.465	&	0.4912	&	0.6536	&	0.5269	&	0.7246	&	4.098	&	0.4941\\
2	&	4.329	&	2.324	&	48.75	&	13.45	&	4.322	&	15.93	&	14.01	&	2.588	&	3.825	&	1.581\\
3	&	2.562	&	2.179	&	16.21	&	27.96	&	0.4912	&	32.84	&	1.791	&	3.209	&	14.62	&	4.249\\
4	&	1.237	&	2.832	&	2.861	&	0.7989	&	37.92	&	0.8987	&	2.424	&	3.313	&	2.186	&	42.59\\
5	&	4.77	&	2.251	&	14.78	&	21.3	&	1.67	&	17.89	&	1.475	&	7.143	&	20.77	&	5.138\\
6	&	4.682	&	2.687	&	8.462	&	0.3995	&	4.028	&	3.758	&	72.6	&	0.207	&	1.913	&	0.1976\\
7	&	0.6184	&	2.033	&	2.145	&	11.05	&	4.224	&	4.739	&	0	&	68.63	&	3.279	&	10.28\\
8	&	9.452	&	4.72	&	3.337	&	16.11	&	2.947	&	18.14	&	4.32	&	3.106	&	38.39	&	4.842\\
9	&	1.413	&	2.832	&	0.9535	&	6.258	&	42.63	&	3.431	&	0.2107	&	9.731	&	3.962	&	29.45\\
correct: 50.04%
k: 13
	&	0	&	1	&	2	&	3	&	4	&	5	&	6	&	7	&	8	&	9\\
0	&	71.12	&	1.6	&	2.265	&	1.164	&	1.106	&	1.743	&	2.331	&	1.458	&	6.694	&	0.9542\\
1	&	0.5314	&	77.16	&	0.3576	&	1.423	&	0.5025	&	0.6639	&	0.4237	&	0.625	&	3.552	&	0.4771\\
2	&	4.34	&	2.327	&	50.18	&	12.68	&	4.221	&	16.02	&	13.88	&	2.5	&	3.962	&	1.24\\
3	&	2.48	&	2.036	&	16.09	&	30.01	&	0.5025	&	32.37	&	1.483	&	3.229	&	14.07	&	4.198\\
4	&	0.9743	&	2.764	&	3.099	&	0.9056	&	38.09	&	0.6639	&	2.013	&	3.229	&	2.049	&	42.75\\
5	&	4.429	&	2.255	&	14.42	&	21.99	&	1.809	&	18.59	&	1.483	&	7.396	&	19.81	&	4.58\\
6	&	4.96	&	2.618	&	7.271	&	0.3881	&	4.02	&	3.9	&	73.94	&	0.2083	&	1.776	&	0.1908\\
7	&	0.62	&	2.036	&	2.026	&	9.702	&	4.422	&	4.813	&	0	&	70.21	&	3.005	&	9.828\\
8	&	9.212	&	4.509	&	3.456	&	15.52	&	2.513	&	17.93	&	4.237	&	2.5	&	41.39	&	4.866\\
9	&	1.329	&	2.691	&	0.8343	&	6.21	&	42.81	&	3.32	&	0.2119	&	8.646	&	3.689	&	30.92\\
correct: 51.19%
k: 12
	&	0	&	1	&	2	&	3	&	4	&	5	&	6	&	7	&	8	&	9\\
0	&	72.06	&	2.035	&	2.342	&	1.163	&	0.9881	&	1.342	&	1.816	&	1.342	&	5.874	&	0.9606\\
1	&	0.5305	&	77.25	&	0.8197	&	1.421	&	0.3953	&	0.5872	&	0.4274	&	0.6192	&	3.357	&	0.2882\\
2	&	3.89	&	2.18	&	51.17	&	12.14	&	3.656	&	16.36	&	13.68	&	2.683	&	4.056	&	1.153\\
3	&	2.387	&	1.89	&	15.81	&	32.3	&	0.5929	&	31.38	&	1.603	&	3.509	&	14.13	&	4.035\\
4	&	1.149	&	2.762	&	2.693	&	0.9044	&	41.21	&	0.6711	&	1.603	&	3.406	&	1.818	&	39.87\\
5	&	4.067	&	1.89	&	14.29	&	21.96	&	1.779	&	20.89	&	1.282	&	7.224	&	19.02	&	4.131\\
6	&	5.128	&	2.544	&	6.909	&	0.7752	&	3.755	&	3.272	&	75.43	&	0.2064	&	1.678	&	0.2882\\
7	&	0.6189	&	2.035	&	1.756	&	9.302	&	3.953	&	4.614	&	0	&	70.79	&	2.517	&	10.28\\
8	&	8.93	&	4.724	&	3.396	&	14.6	&	2.47	&	17.79	&	3.953	&	2.064	&	44.06	&	5.476\\
9	&	1.238	&	2.689	&	0.8197	&	5.426	&	41.21	&	3.104	&	0.2137	&	8.153	&	3.497	&	33.53\\
correct: 52.87%
k: 11
	&	0	&	1	&	2	&	3	&	4	&	5	&	6	&	7	&	8	&	9\\
0	&	73.11	&	1.742	&	1.984	&	0.8717	&	1.125	&	1.545	&	2.121	&	1.231	&	5.858	&	0.754\\
1	&	0.4452	&	77.58	&	0.5834	&	1.37	&	0.409	&	0.515	&	0.5302	&	0.5128	&	3.068	&	0.2828\\
2	&	3.295	&	2.322	&	53.56	&	11.46	&	3.579	&	16.31	&	13.15	&	2.462	&	3.766	&	1.131\\
3	&	1.87	&	2.104	&	15.4	&	34.12	&	0.7157	&	30.73	&	1.485	&	3.487	&	14.64	&	3.393\\
4	&	1.158	&	2.54	&	2.567	&	0.9963	&	42.74	&	0.4292	&	1.591	&	3.077	&	1.813	&	39.87\\
5	&	3.829	&	2.104	&	13.3	&	23.79	&	1.534	&	21.97	&	1.06	&	6.872	&	17.71	&	3.77\\
6	&	4.809	&	2.395	&	6.768	&	0.7472	&	3.579	&	3.176	&	76.03	&	0.2051	&	1.953	&	0.1885\\
7	&	0.7124	&	2.104	&	1.984	&	9.091	&	3.17	&	4.378	&	0	&	71.79	&	2.092	&	9.802\\
8	&	9.617	&	4.717	&	3.267	&	13.2	&	2.249	&	17.6	&	3.818	&	2.359	&	46.03	&	4.807\\
9	&	1.158	&	2.395	&	0.5834	&	4.359	&	40.9	&	3.348	&	0.2121	&	8	&	3.068	&	36\\
correct: 54.26%
k: 10
	&	0	&	1	&	2	&	3	&	4	&	5	&	6	&	7	&	8	&	9\\
0	&	74.02	&	1.574	&	1.754	&	0.7389	&	0.7007	&	1.378	&	2.232	&	1.236	&	5.882	&	0.6829\\
1	&	0.4448	&	77.11	&	0.5848	&	1.108	&	0.4004	&	0.4307	&	0.5313	&	0.309	&	2.521	&	0.2927\\
2	&	3.648	&	2.432	&	55.32	&	11.58	&	3.504	&	15.68	&	12.43	&	2.369	&	3.501	&	0.7805\\
3	&	1.957	&	2.217	&	14.5	&	36.45	&	0.7007	&	30.49	&	1.275	&	3.708	&	13.59	&	3.024\\
4	&	1.068	&	2.217	&	1.754	&	0.7389	&	47.25	&	0.6029	&	1.488	&	2.678	&	1.821	&	37.66\\
5	&	2.847	&	2.003	&	12.87	&	22.66	&	1.602	&	24.63	&	0.8502	&	7.003	&	17.79	&	3.22\\
6	&	4.715	&	2.504	&	7.485	&	0.4926	&	3.103	&	2.756	&	77.15	&	0.206	&	1.401	&	0.09756\\
7	&	0.7117	&	2.289	&	2.222	&	8.498	&	3.003	&	4.307	&	0	&	72.5	&	1.821	&	10.05\\
8	&	9.431	&	5.293	&	2.807	&	13.42	&	2.202	&	16.54	&	3.719	&	2.575	&	48.74	&	3.805\\
9	&	1.157	&	2.361	&	0.7018	&	4.31	&	37.54	&	3.187	&	0.3188	&	7.415	&	2.941	&	40.39\\
correct: 56.29%
k: 9
	&	0	&	1	&	2	&	3	&	4	&	5	&	6	&	7	&	8	&	9\\
0	&	75.58	&	1.578	&	1.606	&	0.6083	&	0.6296	&	1.073	&	2.11	&	1.03	&	5.801	&	0.3704\\
1	&	0.4472	&	77.69	&	0.8028	&	0.7299	&	0.4197	&	0.4472	&	0.3165	&	0.309	&	2.348	&	0.1852\\
2	&	3.22	&	2.08	&	58.14	&	10.95	&	3.882	&	14.94	&	11.6	&	2.163	&	3.315	&	1.019\\
3	&	1.699	&	2.08	&	13.76	&	39.66	&	0.6296	&	30.68	&	1.055	&	3.399	&	12.57	&	3.056\\
4	&	1.252	&	2.08	&	1.606	&	0.8516	&	49.32	&	0.6261	&	1.371	&	2.369	&	0.9669	&	36.85\\
5	&	2.862	&	2.009	&	12.96	&	22.99	&	1.154	&	25.67	&	1.16	&	6.385	&	17.27	&	3.148\\
6	&	4.472	&	2.08	&	5.849	&	0.4866	&	3.253	&	2.952	&	78.8	&	0.103	&	1.519	&	0.09259\\
7	&	0.7156	&	2.296	&	2.523	&	7.178	&	2.728	&	3.936	&	0	&	74.56	&	1.519	&	9.444\\
8	&	8.766	&	5.595	&	2.179	&	12.65	&	2.204	&	16.46	&	3.27	&	2.575	&	52.35	&	3.241\\
9	&	0.9839	&	2.511	&	0.5734	&	3.893	&	35.78	&	3.22	&	0.3165	&	7.106	&	2.348	&	42.59\\
correct: 58.28%
k: 8
	&	0	&	1	&	2	&	3	&	4	&	5	&	6	&	7	&	8	&	9\\
0	&	76.33	&	1.358	&	1.347	&	0.2475	&	0.5958	&	0.8803	&	1.82	&	1.04	&	5.523	&	0.1918\\
1	&	0.4417	&	77.84	&	0.7856	&	0.6188	&	0.3972	&	0.4401	&	0.3212	&	0.2079	&	2.18	&	0\\
2	&	3.18	&	1.358	&	60.04	&	10.02	&	3.674	&	14.7	&	10.92	&	2.079	&	3.488	&	1.055\\
3	&	1.59	&	2.216	&	12.91	&	43.44	&	0.5958	&	30.02	&	0.7495	&	3.015	&	11.34	&	3.26\\
4	&	1.325	&	2.216	&	1.459	&	0.495	&	53.33	&	0.6162	&	1.178	&	2.183	&	0.2907	&	32.69\\
5	&	2.473	&	2.144	&	12.35	&	21.66	&	0.993	&	29.4	&	1.071	&	5.717	&	15.55	&	3.164\\
6	&	4.064	&	2.502	&	5.724	&	0.495	&	3.178	&	2.729	&	80.09	&	0.104	&	1.308	&	0.09588\\
7	&	0.53	&	2.287	&	2.806	&	6.683	&	2.781	&	3.345	&	0	&	76.4	&	1.744	&	9.396\\
8	&	9.011	&	5.647	&	1.908	&	12.62	&	2.284	&	14.88	&	3.64	&	2.807	&	56.54	&	3.068\\
9	&	1.06	&	2.43	&	0.6734	&	3.713	&	32.17	&	2.993	&	0.2141	&	6.445	&	2.035	&	47.08\\
correct: 60.73%
k: 7
	&	0	&	1	&	2	&	3	&	4	&	5	&	6	&	7	&	8	&	9\\
0	&	77.85	&	1.152	&	1.114	&	0.2381	&	0.6135	&	0.9302	&	1.367	&	0.9184	&	5.271	&	0.1881\\
1	&	0.2669	&	78.55	&	0.6682	&	0.5952	&	0.409	&	0.5581	&	0.3155	&	0.102	&	2.279	&	0\\
2	&	3.381	&	1.224	&	62.47	&	8.452	&	3.681	&	14.7	&	11.15	&	1.837	&	2.279	&	1.035\\
3	&	1.335	&	1.944	&	12.81	&	47.86	&	0.5112	&	28.47	&	0.7361	&	3.061	&	10.26	&	2.916\\
4	&	1.335	&	2.088	&	1.002	&	0.4762	&	54.91	&	0.6512	&	1.157	&	2.245	&	0	&	32.74\\
5	&	2.046	&	2.088	&	12.47	&	22.62	&	0.6135	&	31.63	&	1.262	&	5.51	&	14.81	&	2.07\\
6	&	4.004	&	2.592	&	5.011	&	0.2381	&	3.067	&	2.419	&	80.34	&	0.102	&	1.14	&	0.09407\\
7	&	0.4448	&	2.304	&	2.227	&	6.429	&	3.067	&	3.535	&	0	&	76.63	&	0.9972	&	8.561\\
8	&	8.096	&	5.472	&	1.782	&	10.48	&	2.454	&	14.23	&	3.575	&	3.265	&	61.11	&	2.916\\
9	&	1.246	&	2.592	&	0.4454	&	2.619	&	30.67	&	2.884	&	0.1052	&	6.327	&	1.852	&	49.48\\
correct: 62.76%
k: 6
	&	0	&	1	&	2	&	3	&	4	&	5	&	6	&	7	&	8	&	9\\
0	&	78.79	&	0.9979	&	0.9978	&	0.2448	&	0.1965	&	0.8341	&	1.163	&	0.9128	&	4.661	&	0.2959\\
1	&	0.3549	&	77.98	&	0.6652	&	0.3672	&	0.3929	&	0.4634	&	0.3171	&	0.2028	&	1.836	&	0.09862\\
2	&	3.194	&	1.212	&	66.08	&	7.222	&	3.34	&	14.55	&	9.514	&	1.826	&	2.119	&	0.9862\\
3	&	1.331	&	2.21	&	10.53	&	53.37	&	0.4912	&	27.43	&	0.5285	&	3.55	&	9.463	&	2.465\\
4	&	1.242	&	1.782	&	0.6652	&	0.1224	&	61.39	&	0.6487	&	0.9514	&	1.724	&	0.1412	&	27.32\\
5	&	2.218	&	2.067	&	12.31	&	20.07	&	0.4912	&	35.68	&	0.9514	&	4.564	&	13.84	&	2.071\\
6	&	3.638	&	2.708	&	4.545	&	0.1224	&	2.259	&	2.039	&	82.88	&	0	&	1.13	&	0\\
7	&	0.4437	&	2.495	&	2.328	&	6.12	&	2.652	&	3.151	&	0	&	77.89	&	0.8475	&	8.087\\
8	&	7.631	&	5.845	&	1.885	&	9.67	&	1.768	&	12.88	&	3.594	&	3.144	&	64.55	&	3.057\\
9	&	1.154	&	2.708	&	0	&	2.693	&	27.01	&	2.317	&	0.1057	&	6.187	&	1.412	&	55.62\\
correct: 65.97%
k: 5
	&	0	&	1	&	2	&	3	&	4	&	5	&	6	&	7	&	8	&	9\\
0	&	81.04	&	0.8652	&	0.8649	&	0.1161	&	0.2128	&	0.7143	&	1.043	&	0.7992	&	3.675	&	0.1866\\
1	&	0.3594	&	79.24	&	0.7568	&	0.3484	&	0.4255	&	0.4082	&	0.2086	&	0.0999	&	1.444	&	0\\
2	&	2.695	&	1.37	&	69.84	&	7.201	&	3.191	&	12.55	&	9.072	&	1.299	&	2.231	&	0.4664\\
3	&	1.258	&	1.875	&	9.297	&	56.91	&	0.3191	&	26.43	&	0.4171	&	3.796	&	8.136	&	2.612\\
4	&	1.078	&	1.586	&	0.8649	&	0.2323	&	65.21	&	0.6122	&	0.8342	&	1.299	&	0.1312	&	27.71\\
5	&	2.246	&	1.586	&	10.92	&	20.79	&	0.3191	&	39.29	&	0.9385	&	5.195	&	12.6	&	1.866\\
6	&	3.145	&	2.596	&	3.351	&	0.2323	&	1.915	&	1.735	&	84.36	&	0.0999	&	1.181	&	0\\
7	&	0.4492	&	2.307	&	2.162	&	4.297	&	2.447	&	3.367	&	0	&	79.92	&	0.9186	&	6.623\\
8	&	6.289	&	6.056	&	1.838	&	7.085	&	1.915	&	12.86	&	3.024	&	2.298	&	68.24	&	2.425\\
9	&	1.438	&	2.523	&	0.1081	&	2.787	&	24.04	&	2.041	&	0.1043	&	5.195	&	1.444	&	58.12\\
correct: 68.87%
k: 4
	&	0	&	1	&	2	&	3	&	4	&	5	&	6	&	7	&	8	&	9\\
0	&	81.69	&	0.9346	&	0.5181	&	0.1189	&	0.1957	&	0.5825	&	0.8484	&	0.7338	&	2.609	&	0.09625\\
1	&	0.3556	&	79.15	&	0.5181	&	0.3567	&	0.2935	&	0.4854	&	0.4242	&	0	&	1.304	&	0.09625\\
2	&	3.022	&	1.294	&	73.37	&	6.183	&	2.838	&	10.49	&	6.363	&	1.258	&	1.159	&	0.2887\\
3	&	1.156	&	2.372	&	8.912	&	62.07	&	0.3914	&	22.82	&	0.6363	&	3.459	&	7.101	&	2.791\\
4	&	0.8	&	1.294	&	0.6218	&	0.3567	&	70.16	&	0.2913	&	0.8484	&	1.048	&	0.2899	&	19.83\\
5	&	2.044	&	1.582	&	9.326	&	16.41	&	0.2935	&	48.16	&	0.8484	&	3.774	&	8.261	&	1.829\\
6	&	3.022	&	2.229	&	3.42	&	0.2378	&	1.663	&	1.65	&	86.74	&	0.1048	&	0.7246	&	0\\
7	&	0.4444	&	2.444	&	1.554	&	4.4	&	1.761	&	3.01	&	0	&	84.59	&	1.014	&	7.122\\
8	&	6.311	&	6.614	&	1.658	&	7.253	&	2.055	&	10.87	&	3.181	&	2.201	&	76.09	&	2.406\\
9	&	1.156	&	2.085	&	0.1036	&	2.616	&	20.35	&	1.65	&	0.106	&	2.83	&	1.449	&	65.54\\
correct: 72.94%
k: 3
	&	0	&	1	&	2	&	3	&	4	&	5	&	6	&	7	&	8	&	9\\
0	&	84.92	&	0.524	&	0.5236	&	0	&	0.2114	&	0.5605	&	0.6192	&	0.9	&	2.086	&	0\\
1	&	0.2742	&	83.01	&	0.5236	&	0.1096	&	0.2114	&	0.5605	&	0.3096	&	0	&	0.8589	&	0\\
2	&	2.011	&	0.8234	&	78.01	&	5.373	&	2.22	&	9.081	&	7.327	&	1.7	&	1.35	&	0.37\\
3	&	1.005	&	2.171	&	6.283	&	68.31	&	0.3171	&	20.4	&	0.4128	&	3.2	&	5.644	&	1.85\\
4	&	0.7313	&	1.048	&	0.733	&	0.3289	&	77.7	&	0.3363	&	0.6192	&	0.7	&	0.3681	&	18.13\\
5	&	2.011	&	1.048	&	7.958	&	15.35	&	0.4228	&	55.38	&	0.8256	&	4.2	&	9.448	&	1.388\\
6	&	2.377	&	2.246	&	2.618	&	0.1096	&	1.268	&	1.121	&	87.41	&	0	&	0.8589	&	0\\
7	&	0.3656	&	2.021	&	1.571	&	3.728	&	1.797	&	2.915	&	0	&	84.6	&	0.7362	&	4.903\\
8	&	5.027	&	5.165	&	1.571	&	4.825	&	1.48	&	8.296	&	2.374	&	2.5	&	77.18	&	2.405\\
9	&	1.28	&	1.946	&	0.2094	&	1.864	&	14.38	&	1.345	&	0.1032	&	2.2	&	1.472	&	70.95\\
correct: 77.24%
k: 2
	&	0	&	1	&	2	&	3	&	4	&	5	&	6	&	7	&	8	&	9\\
0	&	85.24	&	0.6545	&	0.1978	&	0	&	0.09225	&	0.1969	&	0	&	0.5365	&	0.2967	&	0\\
1	&	0.3556	&	81.24	&	0.4946	&	0	&	0.09225	&	0.5906	&	0.2195	&	0	&	0	&	0\\
2	&	2.222	&	1.091	&	83.09	&	1.27	&	2.03	&	7.677	&	2.525	&	1.073	&	0.7418	&	0.2982\\
3	&	1.244	&	2.4	&	5.44	&	80.83	&	0.2768	&	14.67	&	0	&	2.146	&	1.78	&	2.386\\
4	&	0.7111	&	0.8	&	0.2967	&	0	&	83.03	&	0.1969	&	0.5488	&	0	&	0	&	5.268\\
5	&	1.867	&	1.164	&	5.045	&	7.39	&	0.4613	&	66.73	&	0.2195	&	2.361	&	2.374	&	1.69\\
6	&	1.689	&	2.182	&	2.473	&	0	&	1.199	&	0.9843	&	94.18	&	0	&	0.2967	&	0.0994\\
7	&	0.2667	&	2.255	&	1.385	&	3.811	&	1.568	&	1.969	&	0	&	90.56	&	0.1484	&	6.461\\
8	&	5.511	&	6.255	&	1.484	&	5.312	&	1.015	&	5.709	&	2.195	&	2.468	&	93.62	&	2.187\\
9	&	0.8889	&	1.964	&	0.09891	&	1.386	&	10.24	&	1.28	&	0.1098	&	0.8584	&	0.7418	&	81.61\\
correct: 83.48%
k: 1
	&	0	&	1	&	2	&	3	&	4	&	5	&	6	&	7	&	8	&	9\\
0	&	90.97	&	0.6159	&	0.501	&	0	&	0.2165	&	0.1321	&	0.101	&	0.5786	&	1.151	&	0\\
1	&	0.2882	&	85.99	&	0.501	&	0	&	0	&	0.5284	&	0.202	&	0	&	0.4603	&	0\\
2	&	1.057	&	0.4619	&	84.97	&	3.229	&	1.082	&	5.548	&	5.152	&	1.061	&	2.071	&	0.2742\\
3	&	0.6724	&	1.463	&	3.707	&	78.41	&	0.2165	&	10.96	&	0.303	&	2.797	&	3.913	&	1.737\\
4	&	0.4803	&	1.078	&	0.6012	&	0	&	89.83	&	0	&	0.5051	&	0.675	&	0.4603	&	10.15\\
5	&	1.633	&	0.7698	&	6.413	&	11.81	&	0.2165	&	76.22	&	0.9091	&	2.989	&	5.063	&	1.92\\
6	&	0.7685	&	1.54	&	1.202	&	0.1009	&	0.974	&	0.6605	&	90.71	&	0	&	0.4603	&	0.09141\\
7	&	0.1921	&	2.002	&	1.202	&	1.615	&	0.974	&	0.9247	&	0.101	&	87.85	&	0.4603	&	3.656\\
8	&	3.458	&	4.619	&	0.8016	&	3.532	&	0.8658	&	3.963	&	1.919	&	2.025	&	84.81	&	1.828\\
9	&	0.4803	&	1.463	&	0.1002	&	1.312	&	5.628	&	1.057	&	0.101	&	2.025	&	1.151	&	80.35\\
correct: 85.21%
