Left Right Profile
256
45
5 23 23 23 23 23 8 4 3 3 4 5 7 7 8 9 10 11 13 10 8 6 4 2 0 0 23 23 23 5 5 5 5 5 28 28 27 22 22 18 19 19 21 23 24 24 
0 21 21 21 21 9 8 7 5 5 4 3 2 1 1 1 0 0 0 0 0 0 0 0 1 21 21 21 21 6 6 6 6 25 25 27 27 27 27 28 28 28 28 28 28 28 
4 24 24 24 24 24 17 1 1 1 1 0 0 0 0 0 0 1 14 14 14 14 14 14 14 14 24 24 24 6 6 6 6 6 28 28 28 27 27 27 27 27 26 26 25 25 
1 19 19 19 19 19 10 9 9 8 7 7 6 5 5 4 3 3 2 2 2 1 0 0 0 0 19 19 19 7 7 7 7 7 28 28 28 28 26 25 25 24 24 23 22 22 
9 21 21 21 21 21 21 21 6 5 3 3 2 1 0 0 0 1 7 7 8 7 7 7 8 8 8 9 21 8 8 8 8 8 8 8 28 28 28 28 27 26 26 25 24 24 
2 22 22 22 22 22 10 8 6 4 4 4 4 12 8 5 3 2 1 0 0 0 0 0 22 22 22 22 22 7 7 7 7 7 26 26 27 27 27 27 27 27 27 26 27 28 
1 16 16 16 16 1 0 0 1 0 0 1 2 2 2 2 2 2 2 2 2 3 3 3 3 16 16 16 16 12 12 12 12 27 27 27 27 27 28 28 28 28 28 28 28 28 
3 22 22 22 22 22 6 4 4 4 4 12 11 9 4 3 3 4 11 11 1 0 0 0 0 1 22 22 22 6 6 6 6 6 27 28 28 28 28 27 27 27 26 24 25 25 
1 15 15 15 15 15 0 0 0 0 0 0 0 1 1 1 1 1 1 1 2 2 2 2 2 2 15 15 15 13 13 13 13 13 27 28 28 28 28 28 28 28 28 28 28 28 
4 21 21 21 21 16 15 14 14 6 6 6 5 4 3 1 1 0 0 0 5 5 4 4 4 21 21 21 21 5 5 5 5 28 28 28 27 27 26 26 26 24 24 23 22 24 
3 21 21 21 21 5 4 4 5 6 6 7 6 4 4 5 6 10 9 9 0 0 0 1 2 21 21 21 21 9 9 9 9 26 26 27 27 27 27 27 27 27 27 27 27 28 
5 21 21 21 21 21 21 21 14 12 10 8 8 5 5 5 5 2 0 0 0 1 21 21 21 21 21 21 21 3 3 3 3 3 3 3 28 28 27 24 20 19 17 16 17 18 
3 24 24 24 24 24 0 0 0 0 11 9 8 7 7 7 9 13 14 15 5 4 4 4 4 5 24 24 24 6 6 6 6 6 21 24 24 24 24 23 23 23 25 27 28 28 
6 20 20 9 8 6 5 5 4 4 3 2 1 1 1 0 0 0 0 0 0 0 1 20 20 20 20 20 20 6 6 24 24 24 23 22 21 20 19 19 25 27 28 28 27 26 
1 16 16 16 16 16 1 0 1 1 1 1 1 1 1 1 1 1 1 1 1 1 1 2 2 2 16 16 16 13 13 13 13 13 27 27 27 27 28 28 28 28 28 28 28 28 
7 21 21 21 21 21 21 21 9 6 2 1 1 0 0 0 8 8 7 6 5 4 4 3 3 2 2 2 21 7 7 7 7 7 7 7 27 28 28 28 28 27 27 26 25 24 
2 21 21 21 21 21 5 3 3 2 2 2 10 11 10 10 8 2 0 0 0 0 0 1 21 21 21 21 21 3 3 3 3 3 20 20 21 21 22 22 22 22 22 28 28 27 
8 20 20 20 20 20 12 8 4 4 3 3 3 3 4 4 3 3 1 1 0 0 0 0 0 0 20 20 20 6 6 6 6 6 28 28 28 27 27 26 25 24 24 23 21 21 
6 18 18 18 7 6 5 4 3 3 2 2 2 1 1 1 0 0 0 0 0 0 1 2 18 18 18 18 18 9 9 9 28 28 26 25 24 23 22 22 21 26 27 28 28 28 
9 20 20 20 20 20 20 20 6 5 4 4 4 4 4 4 5 6 6 6 5 4 4 3 2 1 1 0 20 8 8 8 8 8 8 8 26 27 28 28 28 27 25 25 24 24 
4 24 24 24 24 14 0 0 0 0 0 0 1 2 2 3 3 3 3 3 13 13 14 15 16 24 24 24 24 8 8 8 8 27 28 28 28 28 28 28 28 28 28 28 28 28 
0 22 22 22 22 12 11 10 7 6 5 4 3 2 2 1 0 0 0 0 0 0 1 2 4 22 22 22 22 6 6 6 6 26 28 28 28 28 28 28 28 28 28 28 28 28 
9 18 18 18 18 18 18 6 5 3 3 2 1 1 1 1 0 0 1 4 3 3 2 1 1 1 1 18 18 8 8 8 8 8 8 27 28 28 27 27 27 27 26 26 25 24 
1 19 19 19 19 19 10 9 8 8 7 7 7 6 5 4 4 3 2 1 1 1 1 0 0 1 19 19 19 7 7 7 7 7 27 28 28 27 27 26 25 25 24 23 23 22 
1 21 21 21 9 9 8 8 7 7 6 5 0 0 1 8 9 9 9 4 1 0 0 0 21 21 21 21 21 10 10 10 27 28 28 28 27 27 27 27 27 27 27 27 27 27 
2 22 22 22 22 7 4 2 2 2 2 10 9 8 6 4 4 2 2 1 0 0 1 2 3 22 22 22 22 6 6 6 6 24 27 28 28 28 28 27 27 26 25 23 20 19 
4 19 19 19 19 19 19 9 2 1 1 1 0 1 1 1 2 7 7 6 6 6 6 5 5 5 5 19 19 9 9 9 9 9 9 28 28 27 27 27 27 28 28 27 27 26 
3 23 23 23 23 23 6 2 2 2 2 2 7 6 6 6 7 11 12 12 11 0 0 0 0 2 23 23 23 5 5 5 5 5 25 26 27 28 28 27 26 25 24 25 25 26 
2 23 23 23 23 23 1 0 0 0 0 9 12 13 13 12 10 10 8 6 6 6 5 5 6 8 23 23 23 6 6 6 6 6 22 25 26 28 28 28 28 28 28 27 26 25 
7 26 26 26 26 26 26 26 26 15 0 0 8 8 8 13 12 11 10 9 8 7 7 7 8 26 26 26 26 8 8 8 8 8 8 8 8 28 28 28 28 28 27 26 25 24 
3 24 24 24 24 24 24 24 2 0 0 0 9 7 7 7 7 11 10 10 10 10 10 11 24 24 24 24 24 6 6 6 6 6 6 6 22 23 23 23 23 22 26 27 28 28 
8 22 22 22 22 22 8 8 8 8 8 8 8 8 7 5 4 3 2 2 1 0 0 0 0 1 22 22 22 5 5 5 5 5 25 26 26 28 28 28 27 26 24 22 20 20 
6 18 18 6 4 4 3 3 2 2 2 1 1 1 0 0 0 0 0 0 1 1 2 18 18 18 18 18 18 7 7 25 25 22 22 21 20 20 20 19 19 19 26 28 28 28 
9 22 22 22 22 22 22 22 9 7 6 6 6 6 6 7 9 8 8 7 6 6 4 4 3 2 1 0 22 7 7 7 7 7 7 7 27 28 28 28 27 27 26 26 25 24 
0 19 19 19 19 19 6 6 4 4 4 2 2 2 2 2 1 0 0 0 0 0 0 0 1 2 19 19 19 7 7 7 7 7 26 28 28 28 28 28 28 28 28 28 27 27 
5 22 22 22 22 22 22 15 12 9 9 8 7 7 6 4 4 5 9 0 0 0 0 22 22 22 22 22 22 4 4 4 4 4 4 28 28 26 23 20 19 20 21 21 21 21 
6 18 18 18 5 5 4 3 3 2 2 1 1 1 0 0 0 0 1 0 0 1 2 4 18 18 18 18 18 7 7 7 24 25 25 25 24 22 22 21 21 21 24 26 27 28 
0 20 20 20 20 8 8 6 6 6 4 4 2 1 1 0 0 0 0 0 0 0 0 0 1 20 20 20 20 6 6 6 6 25 25 25 26 27 27 28 28 28 28 28 27 26 
7 22 22 22 22 22 22 22 0 0 0 0 10 10 10 10 7 2 1 1 2 10 10 10 10 10 22 22 22 4 4 4 4 4 4 4 21 22 22 22 22 22 22 28 28 26 
6 19 19 19 19 5 4 4 3 2 2 2 2 1 1 1 0 0 0 0 1 1 2 4 5 19 19 19 19 7 7 7 7 23 23 23 22 22 22 21 27 28 28 28 28 28 
1 15 15 15 15 15 2 1 1 1 1 1 1 1 1 0 0 0 0 0 0 0 0 0 0 0 15 15 15 11 11 11 11 11 27 28 28 28 27 27 27 27 27 27 26 26 
8 19 19 19 19 11 6 4 3 2 2 2 2 2 3 4 3 2 2 1 0 0 0 0 0 19 19 19 19 7 7 7 7 28 28 28 28 27 27 26 26 25 24 23 24 24 
7 20 20 20 20 20 20 20 7 4 2 0 0 8 8 8 7 7 7 7 7 6 6 6 6 6 5 5 20 10 10 10 10 10 10 10 28 28 27 27 27 27 27 27 26 26 
9 18 18 18 18 18 18 4 3 2 2 1 1 1 2 3 6 5 4 4 3 3 2 2 1 0 0 18 18 9 9 9 9 9 9 28 28 28 28 27 27 27 26 26 26 25 
3 21 21 21 21 21 21 0 0 1 9 9 8 7 6 5 5 5 8 11 11 10 9 9 8 5 5 21 21 9 9 9 9 9 9 24 26 26 26 26 25 25 24 23 26 28 
9 20 20 20 20 20 20 20 5 3 2 1 0 0 0 0 0 0 7 7 7 6 6 5 5 3 3 3 20 8 8 8 8 8 8 8 28 28 28 28 27 27 27 26 26 25 
8 20 20 20 20 20 5 6 3 1 1 0 0 1 1 4 5 3 3 2 2 2 2 2 2 3 20 20 20 8 8 8 8 8 26 27 27 28 27 27 26 25 24 23 23 24 
5 21 21 21 21 21 21 12 10 9 9 5 4 3 3 3 3 5 7 8 7 1 0 0 0 21 21 21 21 3 3 3 3 3 3 28 28 28 23 18 15 15 14 17 18 19 
9 18 18 18 18 18 1 0 0 0 0 0 0 0 1 5 6 7 7 7 7 7 1 1 1 4 18 18 18 10 10 10 10 10 24 24 25 25 25 25 26 26 27 27 27 28 
3 24 24 24 24 24 9 7 0 0 7 9 7 7 7 7 11 12 13 13 13 3 2 2 3 4 24 24 24 6 6 6 6 6 25 28 28 28 27 26 25 23 22 23 25 25 
3 20 20 20 20 3 1 1 1 8 7 6 4 3 3 11 11 11 11 11 0 0 0 1 2 20 20 20 20 8 8 8 8 25 25 25 26 25 25 24 26 26 27 27 27 28 
0 23 23 23 23 23 9 7 6 4 4 3 3 2 2 2 1 1 1 0 1 1 1 1 2 2 23 23 23 6 6 6 6 6 27 28 28 28 28 28 28 28 28 28 28 28 
7 22 22 22 22 22 22 22 3 0 0 0 0 1 3 12 12 11 10 10 9 8 8 8 7 7 7 7 22 6 6 6 6 6 6 6 24 26 28 28 28 28 27 27 26 25 
4 19 19 19 19 19 19 19 8 5 4 3 2 1 1 1 2 5 4 4 3 3 2 2 1 1 0 0 19 5 5 5 5 5 5 5 24 28 28 28 28 22 27 27 27 28 
9 21 21 21 21 21 21 21 3 2 0 0 0 0 0 1 3 9 8 8 7 7 6 6 6 6 6 6 21 5 5 5 5 5 5 5 28 28 28 27 26 25 25 24 23 23 
8 20 20 20 20 20 20 6 4 3 2 2 2 2 3 3 5 4 3 3 2 1 0 0 0 0 0 20 20 4 4 4 4 4 4 28 28 27 26 25 25 24 23 22 21 20 
0 21 21 21 21 21 5 3 3 2 1 1 1 0 0 0 0 0 0 0 0 0 1 2 3 6 21 21 21 5 5 5 5 5 20 25 26 26 27 27 27 28 28 28 28 28 
9 18 18 18 18 18 18 18 5 4 1 0 0 0 0 0 0 1 5 5 4 3 2 2 1 0 0 0 18 8 8 8 8 8 8 8 27 28 28 28 27 27 26 26 26 25 
4 22 22 22 22 22 11 3 1 1 1 1 1 1 1 0 0 1 10 10 10 10 9 9 9 10 22 22 22 9 9 9 9 9 28 28 28 28 28 28 28 28 28 28 28 28 
1 19 19 19 19 9 9 8 8 8 7 7 6 5 4 4 3 2 2 2 1 1 0 0 1 19 19 19 19 8 8 8 8 28 28 28 28 27 27 26 25 25 24 24 23 22 
4 23 23 23 23 23 5 4 3 2 2 1 0 0 0 0 0 0 1 1 15 16 16 16 23 23 23 23 23 5 5 5 5 5 25 25 26 27 27 27 27 27 28 28 28 28 
4 19 19 19 19 19 19 11 9 9 4 3 2 2 1 0 0 0 3 3 2 1 1 1 1 0 0 19 19 7 7 7 7 7 7 28 28 27 27 26 25 24 24 26 26 26 
6 18 18 18 18 6 5 4 3 3 2 1 1 0 0 0 0 0 0 0 0 0 0 1 3 18 18 18 18 8 8 8 8 27 27 27 27 27 23 22 22 21 27 28 28 28 
0 23 23 23 23 23 10 9 7 6 6 5 5 4 3 2 2 1 0 0 0 0 0 0 1 2 23 23 23 5 5 5 5 5 23 24 26 26 26 27 27 28 28 28 28 28 
4 21 21 21 21 21 6 5 5 5 4 3 2 2 1 1 0 0 0 0 0 1 9 9 9 9 21 21 21 5 5 5 5 5 28 28 28 28 27 27 27 27 26 25 25 25 
5 21 21 21 21 21 21 21 17 13 11 7 5 3 3 3 4 6 6 0 0 0 0 2 21 21 21 21 21 3 3 3 3 3 3 3 28 28 28 27 22 20 17 17 17 17 
6 19 19 10 9 8 7 6 5 4 4 3 2 2 1 1 0 0 0 0 0 1 1 19 19 19 19 19 19 7 7 26 26 25 25 24 23 23 22 21 20 27 28 28 28 28 
1 17 17 17 17 17 0 8 4 4 4 3 3 3 2 2 2 1 1 1 1 1 0 0 0 0 17 17 17 9 9 9 9 9 27 28 28 28 28 28 28 25 25 25 24 28 
0 22 22 22 22 7 5 4 2 1 1 0 0 0 0 0 0 0 0 1 1 2 4 5 7 22 22 22 22 4 4 4 4 20 21 22 24 25 26 27 28 28 28 28 28 28 
0 20 20 20 20 20 5 4 3 2 2 2 2 2 2 1 0 0 0 0 0 1 0 1 2 3 20 20 20 7 7 7 7 7 26 27 27 27 27 28 28 27 28 28 27 28 
1 18 18 18 4 3 2 1 0 0 0 0 4 4 4 4 3 3 3 3 2 1 1 1 18 18 18 18 18 8 8 8 23 24 24 23 23 23 23 23 23 23 23 23 22 28 
7 21 21 21 21 21 21 21 21 7 5 3 1 0 0 9 8 8 7 6 5 4 4 3 2 1 1 0 0 7 7 7 7 7 7 7 7 28 28 28 28 28 27 26 25 24 
1 15 15 15 15 0 0 1 1 1 1 1 1 1 1 1 1 1 1 0 0 0 0 0 0 15 15 15 15 13 13 13 13 27 27 28 28 28 28 28 28 28 28 28 28 28 
6 19 19 6 6 7 6 6 5 4 4 3 2 2 1 1 0 0 0 0 0 0 1 19 19 19 19 19 19 7 7 24 24 24 24 24 23 22 22 27 28 28 28 28 28 27 
3 20 20 20 20 20 2 1 0 0 2 6 3 3 2 2 8 8 8 9 9 2 2 2 2 2 20 20 20 9 9 9 9 9 24 25 26 26 26 25 26 26 27 27 27 28 
0 21 21 21 21 21 8 7 7 6 6 5 5 3 3 2 1 1 0 0 0 0 0 1 1 3 21 21 21 7 7 7 7 7 27 28 28 28 27 27 27 28 28 28 28 28 
2 22 22 22 22 7 4 1 0 0 0 9 8 7 7 6 5 5 4 4 4 4 4 5 7 22 22 22 22 10 10 10 10 26 27 28 28 28 28 28 28 27 26 26 24 23 
1 18 18 18 18 18 7 7 6 5 5 4 4 3 3 3 2 2 1 1 1 1 0 0 0 0 18 18 18 9 9 9 9 9 28 28 28 27 27 26 26 26 25 25 23 23 
1 19 19 19 19 7 7 7 7 7 7 6 6 6 5 5 4 4 3 2 2 1 1 0 0 19 19 19 19 9 9 9 9 26 28 28 28 28 28 28 27 27 27 26 26 25 
7 21 21 21 21 21 21 21 11 7 4 4 1 0 0 1 8 7 6 6 4 4 3 2 2 1 0 0 21 7 7 7 7 7 7 7 28 28 28 28 27 27 26 25 24 23 
9 19 19 19 19 3 2 2 1 1 1 1 2 2 2 0 0 0 0 0 0 0 1 2 3 19 19 19 19 7 7 7 7 25 25 25 25 27 27 27 27 27 27 27 27 28 
0 21 21 21 21 21 7 6 5 4 3 3 3 3 3 2 2 1 1 0 0 0 0 1 1 2 21 21 21 7 7 7 7 7 28 28 28 28 28 28 28 28 28 27 27 27 
2 21 21 21 4 3 3 3 3 3 3 11 12 12 13 4 1 1 1 0 0 0 0 1 21 21 21 21 21 7 7 7 23 24 25 26 26 27 27 28 28 28 28 28 28 28 
6 20 20 9 8 7 7 6 6 5 4 3 3 3 2 1 1 1 0 0 0 1 1 20 20 20 20 20 20 6 6 23 23 23 22 22 21 20 20 26 27 28 28 28 28 27 
7 24 24 24 24 24 24 24 0 0 2 15 15 14 14 13 13 12 12 11 11 11 10 10 9 9 9 9 24 8 8 8 8 8 8 8 27 28 28 28 28 28 27 27 27 26 
8 21 21 21 21 21 6 6 5 5 5 5 5 6 6 5 5 3 3 2 2 1 1 0 0 1 21 21 21 5 5 5 5 5 28 28 27 26 26 26 25 23 22 21 22 22 
3 24 24 24 24 24 24 0 0 0 8 7 7 7 8 12 14 15 16 17 17 17 17 9 8 9 10 24 24 6 6 6 6 6 6 20 21 21 21 21 22 24 25 26 27 28 
9 20 20 20 20 20 20 20 5 3 2 2 1 1 0 0 0 1 2 4 5 5 4 3 2 2 1 1 20 7 7 7 7 7 7 7 27 28 28 28 28 28 26 26 25 25 
0 21 21 21 21 4 3 2 2 1 1 1 0 0 0 0 0 0 0 0 1 1 1 1 2 21 21 21 21 5 5 5 5 22 22 23 24 25 26 27 27 28 28 28 28 28 
4 22 22 22 22 22 22 16 6 6 0 0 3 2 1 0 0 0 0 8 7 6 6 4 4 4 4 22 22 4 4 4 4 4 4 28 28 27 27 26 26 25 25 24 23 22 
6 20 20 10 8 8 6 5 4 3 2 1 1 1 0 0 0 0 0 0 1 1 3 20 20 20 20 20 20 6 6 26 26 26 24 23 21 20 20 19 18 27 28 28 27 27 
7 22 22 22 22 22 22 22 22 9 5 3 0 0 0 0 11 9 9 8 7 6 5 4 3 2 1 0 0 6 6 6 6 6 6 6 6 27 27 28 27 27 27 26 25 25 
4 19 19 19 19 19 10 1 1 1 1 1 1 1 0 0 0 0 1 8 8 8 8 9 9 9 19 19 19 9 9 9 9 9 28 28 28 28 28 28 28 28 28 27 27 27 
6 19 19 19 7 6 5 4 4 3 3 2 2 1 0 0 0 0 0 0 0 0 0 0 19 19 19 19 19 7 7 7 25 25 25 24 23 22 22 25 27 27 28 28 28 28 
8 19 19 19 19 19 6 4 2 1 1 1 1 1 2 3 4 4 3 2 1 1 0 0 0 0 19 19 19 7 7 7 7 7 26 27 27 28 28 27 27 26 26 24 23 23 
0 20 20 20 20 7 5 4 4 3 2 2 2 1 0 0 0 0 0 0 0 0 0 0 0 20 20 20 20 8 8 8 8 26 26 28 28 28 28 28 28 28 28 28 28 28 
7 19 19 19 19 19 19 19 5 2 0 0 0 7 7 7 6 6 5 5 4 4 4 4 4 3 3 4 19 9 9 9 9 9 9 9 28 28 28 28 28 27 27 26 26 25 
8 20 20 20 20 20 5 4 4 3 2 2 3 3 4 4 4 3 3 2 1 0 0 0 0 0 20 20 20 6 6 6 6 6 28 28 28 28 27 26 26 26 24 22 22 22 
3 19 19 19 19 19 2 1 0 0 0 6 4 2 2 2 8 8 9 9 8 7 1 1 1 1 19 19 19 9 9 9 9 9 25 26 26 26 26 25 25 26 27 27 28 28 
1 19 19 19 19 19 8 8 8 7 7 7 6 6 5 5 5 4 4 3 2 2 2 1 0 0 19 19 19 9 9 9 9 9 27 28 28 28 27 27 26 26 26 25 25 25 
5 17 17 17 17 17 17 3 1 1 0 0 0 0 0 0 0 0 1 1 1 5 6 7 6 6 6 17 17 7 7 7 7 7 7 28 28 25 23 20 20 20 19 19 19 20 
7 24 24 24 24 24 24 24 16 12 9 5 4 0 0 0 0 13 12 11 11 10 9 9 8 8 8 8 24 6 6 6 6 6 6 6 28 28 28 28 28 28 27 26 26 25 
1 15 15 15 15 1 1 1 1 1 1 1 1 1 1 0 0 0 1 0 0 0 1 1 1 15 15 15 15 13 13 13 13 27 28 28 28 28 28 28 28 28 28 28 27 28 
7 21 21 21 21 21 21 21 9 4 1 0 0 0 11 10 9 8 8 7 7 6 6 5 4 4 4 4 21 7 7 7 7 7 7 7 27 28 28 28 27 27 26 26 25 24 
1 16 16 16 16 0 0 0 0 0 0 0 1 1 1 2 2 2 2 2 2 2 3 4 4 16 16 16 16 13 13 13 13 26 26 26 26 27 27 27 27 27 27 28 28 28 
1 18 18 18 18 7 7 6 5 5 4 4 4 3 3 3 1 1 1 1 1 1 0 0 0 18 18 18 18 8 8 8 8 28 28 27 27 27 26 25 24 24 24 24 24 23 
6 19 19 19 6 5 4 3 2 2 1 1 0 0 0 0 0 0 0 0 0 1 2 4 19 19 19 19 19 8 8 8 26 26 26 26 26 21 21 20 19 19 25 27 28 28 
3 23 23 23 23 9 6 5 5 6 12 12 11 9 7 6 6 6 12 12 11 1 0 0 0 23 23 23 23 7 7 7 7 26 27 28 28 28 28 27 26 26 26 26 26 26 
0 22 22 22 22 5 3 2 1 0 0 0 0 0 0 0 0 0 1 1 2 3 4 5 9 22 22 22 22 4 4 4 4 15 17 23 25 26 27 27 28 28 28 28 28 28 
2 20 20 20 20 20 20 2 0 0 5 5 4 2 1 0 0 0 0 1 3 20 20 20 20 20 20 20 20 2 2 2 2 2 2 16 17 17 17 17 17 17 15 28 28 28 
9 20 20 20 20 20 20 5 3 3 2 1 0 0 0 0 0 0 0 9 9 10 10 10 10 11 11 20 20 9 9 9 9 9 9 25 28 28 28 28 28 28 28 27 27 28 
3 24 24 24 24 24 24 2 1 1 1 4 6 6 5 4 4 4 14 14 14 0 0 0 0 0 4 24 24 6 6 6 6 6 6 28 28 28 28 28 28 28 28 26 25 25 
1 15 15 15 15 3 3 2 2 1 1 1 1 1 1 1 1 1 1 0 0 1 1 1 1 15 15 15 15 11 11 11 11 27 28 28 27 27 27 27 27 27 27 27 27 27 
1 20 20 20 20 9 8 8 8 8 7 6 5 5 5 5 4 3 3 2 1 0 0 0 0 20 20 20 20 9 9 9 9 28 28 28 28 27 27 26 26 26 26 26 26 25 
0 22 22 22 22 22 10 7 5 3 1 0 0 0 0 0 0 0 0 0 0 0 1 2 3 22 22 22 22 4 4 4 4 4 20 21 24 27 28 28 28 28 28 28 28 28 
4 21 21 21 21 21 15 13 13 6 5 4 3 1 0 0 0 1 8 7 7 7 6 5 4 4 21 21 21 5 5 5 5 5 28 28 27 26 25 25 25 25 25 25 24 23 
9 20 20 20 20 20 20 20 6 3 2 1 1 0 0 0 0 1 3 8 8 7 7 7 7 7 7 7 20 9 9 9 9 9 9 9 27 28 28 28 28 28 28 28 28 28 
2 22 22 22 22 22 5 3 1 1 1 1 7 7 6 3 2 1 0 0 0 0 2 4 22 22 22 22 22 4 4 4 4 4 24 25 25 25 24 24 24 22 21 19 17 28 
0 20 20 20 20 7 6 6 4 3 2 2 1 1 1 0 0 0 0 0 1 1 1 2 3 20 20 20 20 6 6 6 6 25 25 26 26 27 27 27 28 28 28 28 28 27 
0 23 23 23 23 12 11 9 8 8 5 5 4 3 2 2 1 1 0 0 0 0 1 2 2 23 23 23 23 5 5 5 5 26 27 27 28 28 28 28 28 28 28 28 27 27 
2 23 23 23 23 23 4 0 0 0 0 0 0 13 13 13 12 9 8 7 7 6 5 5 5 5 23 23 23 5 5 5 5 5 20 23 24 24 24 25 25 26 26 25 26 28 
0 22 22 22 22 7 5 4 3 2 1 0 0 0 0 0 0 0 0 0 0 1 1 2 2 22 22 22 22 4 4 4 4 23 28 28 28 28 28 28 28 28 28 28 28 28 
2 21 21 5 5 5 9 10 10 10 10 10 9 9 7 7 6 4 3 0 0 0 0 21 21 21 21 21 21 9 9 24 25 26 27 27 27 28 28 28 27 27 27 26 25 25 
7 22 22 22 22 22 22 22 22 5 2 0 0 0 11 11 10 9 9 7 6 5 4 4 2 2 1 1 1 6 6 6 6 6 6 6 6 27 28 28 28 27 26 26 25 24 
1 16 16 16 16 16 3 3 3 3 3 3 3 2 2 2 1 1 1 1 1 1 1 0 0 0 16 16 16 12 12 12 12 12 28 28 28 28 28 28 28 28 28 27 26 26 
8 20 20 20 20 12 5 5 3 3 3 3 3 4 5 4 3 3 2 2 1 1 1 0 1 20 20 20 20 6 6 6 6 27 27 28 28 28 24 23 22 22 22 22 23 24 
6 19 19 19 7 6 4 3 3 2 1 1 1 1 0 0 0 0 1 1 1 2 3 4 19 19 19 19 19 8 8 8 28 28 28 25 23 22 21 20 20 20 19 25 28 28 
4 21 21 21 21 21 16 15 15 14 7 7 5 3 3 1 0 0 0 1 5 5 3 3 3 3 21 21 21 3 3 3 3 3 28 28 27 27 25 25 24 23 22 21 22 22 
1 16 16 16 16 3 3 3 2 2 2 2 2 1 0 0 0 0 1 0 0 1 1 1 1 16 16 16 16 11 11 11 11 28 28 28 28 27 27 27 27 27 27 27 27 27 
6 20 20 20 10 9 7 7 6 5 4 4 2 2 2 2 1 1 1 0 1 1 1 2 20 20 20 20 20 8 8 8 28 28 28 26 26 25 24 23 27 27 27 28 28 27 
3 20 20 20 20 20 1 1 1 2 7 7 5 5 5 5 6 7 8 9 9 6 2 1 0 0 20 20 20 9 9 9 9 9 20 24 27 28 28 28 27 26 24 26 27 28 
4 21 21 21 21 21 21 7 7 6 5 4 3 1 0 0 0 1 5 6 5 4 3 3 3 2 2 21 21 5 5 5 5 5 5 28 28 27 26 26 25 24 23 25 27 27 
5 20 20 20 20 6 4 4 4 4 6 6 6 6 6 7 7 7 7 7 6 6 2 1 0 20 20 20 20 11 11 11 11 27 28 28 27 26 26 26 27 28 28 28 28 28 
9 17 17 17 17 17 17 17 3 2 1 1 0 0 0 0 5 4 4 4 3 3 2 2 2 1 1 0 17 9 9 9 9 9 9 9 27 28 28 28 28 27 27 27 26 26 
1 21 21 21 21 1 0 0 0 1 1 2 4 4 4 6 7 8 8 8 9 10 11 11 11 21 21 21 21 9 9 9 9 19 19 20 21 22 22 23 25 26 26 26 27 28 
3 25 25 25 25 11 9 6 6 6 14 13 11 8 8 8 8 12 13 12 2 0 0 0 2 25 25 25 25 7 7 7 7 27 28 28 28 28 28 27 26 25 23 24 25 25 
3 20 20 20 20 20 3 1 0 0 0 7 6 5 4 3 3 9 11 11 11 11 4 4 4 5 20 20 20 8 8 8 8 8 23 24 24 24 24 24 24 23 24 27 28 28 
8 19 19 19 19 19 5 4 3 3 3 3 4 4 5 5 5 4 3 2 2 1 1 0 0 1 19 19 19 8 8 8 8 8 26 27 28 28 28 27 27 26 25 25 24 24 
5 21 21 21 21 10 7 5 5 4 4 4 5 6 8 8 10 1 0 0 0 1 2 3 5 21 21 21 21 7 7 7 7 28 28 27 25 23 21 22 24 25 26 27 28 28 
4 20 20 20 20 20 12 11 11 11 5 3 3 2 1 1 0 1 1 2 5 5 4 4 3 3 20 20 20 6 6 6 6 6 28 28 27 26 26 25 25 25 24 27 27 26 
7 20 20 20 20 20 1 1 4 6 8 8 8 9 8 8 8 8 7 7 6 4 4 2 1 0 20 20 20 10 10 10 10 10 24 25 26 27 27 28 28 28 28 28 27 27 
7 22 22 22 22 22 22 22 13 10 7 5 3 2 2 3 8 7 6 6 5 4 3 3 2 1 0 0 22 7 7 7 7 7 7 7 28 28 28 28 27 27 26 25 24 23 
4 19 19 19 19 19 2 2 1 1 1 0 0 0 0 1 1 3 4 6 5 5 5 4 4 4 19 19 19 5 5 5 5 5 17 25 25 25 25 24 24 24 23 22 28 28 
2 22 22 22 22 22 22 10 4 1 0 0 0 1 8 7 5 4 3 2 2 2 22 22 22 22 22 22 22 4 4 4 4 4 4 21 23 23 23 23 23 22 22 19 18 28 
8 19 19 19 19 19 2 1 0 0 0 1 1 3 4 5 4 4 3 3 3 3 3 3 4 4 19 19 19 7 7 7 7 7 26 26 28 28 27 26 25 24 23 23 24 25 
5 21 21 21 21 21 21 21 15 11 8 5 1 1 1 1 3 5 0 0 0 0 0 2 21 21 21 21 21 3 3 3 3 3 3 3 28 28 28 25 19 16 14 17 18 19 
8 21 21 21 21 6 4 4 4 4 4 4 4 4 5 6 6 5 3 2 1 0 0 0 1 21 21 21 21 4 4 4 4 23 25 25 25 28 28 28 26 25 23 22 20 19 
6 18 18 18 5 4 3 3 3 2 2 2 1 1 1 0 0 0 0 0 0 1 2 3 18 18 18 18 18 8 8 8 25 25 25 24 23 22 22 21 27 28 28 28 28 27 
7 21 21 21 21 21 7 6 5 4 4 4 4 4 10 10 3 1 0 0 7 6 5 5 5 5 21 21 21 9 9 9 9 9 26 27 27 28 28 28 28 27 27 27 28 28 
3 23 23 23 23 23 5 2 0 0 1 11 9 8 5 4 4 4 14 14 13 13 3 3 3 4 23 23 23 8 8 8 8 8 28 28 28 28 28 28 27 26 27 28 28 28 
4 22 22 22 22 22 10 10 9 7 6 5 4 3 1 0 0 0 1 4 7 8 7 7 7 7 22 22 22 4 4 4 4 4 22 22 21 21 21 21 20 20 20 28 28 27 
6 19 19 8 7 5 5 4 3 3 2 2 2 1 1 0 0 0 0 0 0 1 1 19 19 19 19 19 19 7 7 27 27 26 25 23 22 21 20 20 19 25 28 28 28 28 
1 17 17 17 17 3 3 3 3 4 4 4 4 3 3 3 2 2 2 1 1 0 0 0 0 17 17 17 17 11 11 11 11 27 27 27 28 28 27 27 27 27 27 26 26 26 
9 19 19 19 19 19 19 19 4 3 2 2 1 1 1 1 2 6 5 5 4 4 3 2 2 1 0 0 19 9 9 9 9 9 9 9 28 28 28 28 27 27 27 26 25 25 
9 22 22 22 22 22 22 22 3 2 1 0 0 0 0 2 11 11 10 10 10 9 9 8 8 8 8 8 22 7 7 7 7 7 7 7 23 28 28 28 27 27 26 26 25 25 
6 19 19 9 8 7 6 5 4 4 4 2 2 1 1 0 0 0 0 0 0 0 0 19 19 19 19 19 19 7 7 26 26 26 25 24 23 23 22 21 28 28 28 28 28 28 
0 22 22 22 22 22 22 8 6 4 3 2 1 1 0 0 0 0 0 0 0 0 1 1 5 22 22 22 22 4 4 4 4 4 4 24 26 28 28 28 28 28 28 27 27 26 
3 24 24 24 24 11 9 8 8 8 9 14 12 9 6 6 6 12 12 12 1 0 0 1 1 24 24 24 24 6 6 6 6 26 27 28 28 27 27 26 26 26 24 25 25 25 
7 21 21 21 21 21 21 21 0 0 0 0 0 0 1 1 1 1 2 12 13 13 12 12 12 12 12 12 21 7 7 7 7 7 7 7 14 15 28 28 28 28 27 27 27 27 
2 21 21 21 21 21 21 4 2 0 0 0 0 9 8 6 4 3 1 0 0 0 3 21 21 21 21 21 21 3 3 3 3 3 3 23 24 25 25 24 24 23 22 21 19 28 
8 19 19 19 19 5 5 4 3 2 1 0 0 0 2 6 5 5 5 4 4 4 4 4 4 19 19 19 19 7 7 7 7 22 22 21 28 28 26 26 25 24 25 25 25 25 
2 22 22 22 22 10 7 5 5 4 4 5 9 7 7 5 4 3 2 1 0 0 0 0 0 22 22 22 22 5 5 5 5 23 28 28 28 28 27 25 24 23 21 19 19 17 
9 19 19 19 19 19 19 3 2 1 0 0 0 0 0 0 0 2 6 6 6 6 6 6 6 5 5 19 19 9 9 9 9 9 9 25 26 26 28 28 28 28 28 27 27 26 
4 20 20 20 20 20 12 12 11 10 4 3 2 1 0 0 0 0 3 3 3 3 3 3 2 1 20 20 20 5 5 5 5 5 28 27 26 26 24 24 23 23 26 26 26 25 
4 22 22 22 22 22 2 1 1 1 1 1 0 0 1 0 0 0 0 1 2 12 12 12 12 12 22 22 22 6 6 6 6 6 24 26 26 26 27 27 27 27 28 28 27 27 
6 19 19 8 7 6 6 5 4 4 2 2 2 1 1 1 1 0 0 0 0 1 2 19 19 19 19 19 19 7 7 26 26 26 24 24 23 22 21 21 20 27 28 28 28 28 
4 19 19 19 19 11 10 10 2 2 2 2 1 1 1 0 0 0 0 0 5 4 4 4 4 19 19 19 19 7 7 7 7 27 28 28 28 27 27 26 26 25 25 25 24 24 
9 19 19 19 19 19 19 19 5 3 2 1 0 0 0 0 0 1 7 6 5 4 3 2 1 1 0 0 19 7 7 7 7 7 7 7 27 27 28 28 28 28 27 27 26 26 
7 20 20 20 20 20 20 0 0 1 2 7 7 6 6 5 4 4 3 3 3 2 2 2 2 3 3 20 20 8 8 8 8 8 8 26 28 28 28 28 27 26 26 25 25 24 
0 21 21 21 21 8 6 5 5 4 4 3 3 2 2 2 1 1 1 1 0 0 1 1 2 21 21 21 21 7 7 7 7 24 25 26 26 26 27 27 27 27 28 28 28 28 
9 20 20 20 20 20 20 20 4 2 1 1 0 0 0 0 0 1 8 8 8 8 8 7 7 7 7 7 20 9 9 9 9 9 9 9 25 28 28 28 28 28 28 27 27 27 
2 21 21 21 21 21 9 3 2 2 2 3 9 8 6 4 3 1 0 0 0 0 1 3 21 21 21 21 21 3 3 3 3 3 20 22 23 24 24 24 24 23 22 21 19 28 
9 22 22 22 22 22 22 22 14 6 2 1 1 0 0 1 4 10 10 10 9 9 8 8 8 7 7 8 22 6 6 6 6 6 6 6 28 28 27 27 26 26 26 25 24 24 
5 22 22 22 22 22 22 22 16 12 8 7 7 7 5 5 5 8 0 0 0 0 22 22 22 22 22 22 22 4 4 4 4 4 4 4 28 28 27 25 20 18 19 20 20 20 
1 15 15 15 15 15 3 3 3 3 2 2 1 1 1 1 1 1 1 0 0 0 0 0 0 1 15 15 15 11 11 11 11 11 28 28 28 28 28 27 27 27 27 27 26 26 
5 21 21 21 21 21 21 21 14 7 7 7 5 5 4 4 4 1 0 0 0 0 1 3 21 21 21 21 21 3 3 3 3 3 3 3 28 28 28 25 21 18 17 19 20 21 
9 19 19 19 19 19 19 19 3 2 1 1 0 0 0 1 2 6 7 7 7 6 6 6 6 6 6 7 19 10 10 10 10 10 10 10 28 28 28 28 27 27 27 27 27 27 
1 18 18 18 18 18 6 6 6 6 4 4 4 4 4 4 3 3 2 2 1 1 0 0 0 0 18 18 18 9 9 9 9 9 28 28 28 28 28 26 26 26 26 26 26 26 
2 22 22 22 14 12 11 9 8 7 7 15 14 14 2 1 0 0 0 0 0 0 0 2 22 22 22 22 22 6 6 6 27 28 28 27 28 27 27 27 27 27 27 26 26 25 
3 23 23 23 23 23 11 6 4 2 2 3 13 10 6 5 5 5 13 1 0 0 0 0 2 23 23 23 23 5 5 5 5 5 23 27 28 28 28 28 28 27 25 24 24 25 
2 17 17 17 2 2 2 3 4 4 4 5 5 5 5 4 4 3 3 2 0 0 0 0 17 17 17 17 17 11 11 11 26 26 26 27 28 28 28 28 28 28 28 28 28 27 
3 23 23 23 23 23 23 8 4 3 2 2 3 12 10 7 7 7 11 10 10 0 0 0 0 0 5 23 23 5 5 5 5 5 5 26 28 28 28 28 28 28 27 25 24 23 
5 20 20 20 20 4 3 2 2 0 0 0 3 6 7 10 10 11 11 2 2 2 2 2 3 20 20 20 20 8 8 8 8 23 26 27 27 27 22 23 25 26 28 28 28 28 
9 20 20 20 20 20 20 20 5 3 2 1 1 0 0 1 1 3 8 7 7 6 5 5 4 3 3 2 20 8 8 8 8 8 8 8 26 27 28 28 27 27 26 26 26 25 
1 16 16 16 16 0 0 0 0 1 1 2 2 2 2 2 2 2 2 2 2 2 2 2 3 16 16 16 16 13 13 13 13 26 27 27 27 28 28 28 28 28 28 28 28 28 
7 24 24 24 24 24 24 24 24 9 6 1 0 0 1 13 12 11 11 4 4 8 7 7 5 5 5 24 24 6 6 6 6 6 6 6 6 28 28 28 28 28 27 27 26 26 
6 18 18 18 2 2 1 1 1 0 0 0 0 0 0 0 0 0 1 1 1 2 3 4 18 18 18 18 18 6 6 6 20 20 20 20 18 17 17 17 17 24 27 28 28 28 
2 22 22 22 8 4 4 4 4 10 9 8 6 5 4 2 2 0 0 0 0 0 1 3 22 22 22 22 22 4 4 4 23 23 24 25 25 24 23 23 22 21 20 18 16 28 
8 19 19 19 19 19 2 1 1 1 1 0 1 1 1 1 2 3 2 1 1 1 1 1 1 2 19 19 19 8 8 8 8 8 25 27 28 28 28 28 28 28 28 27 26 26 
2 21 21 21 21 21 21 7 3 1 0 0 0 6 5 3 2 1 0 0 0 0 2 21 21 21 21 21 21 3 3 3 3 3 3 19 22 22 22 22 21 21 20 17 16 28 
2 22 22 9 7 7 7 7 6 7 7 10 9 9 8 7 1 0 0 0 0 6 7 22 22 22 22 22 22 6 6 24 24 23 23 23 23 23 23 23 23 22 28 28 28 28 
5 21 21 21 21 21 21 21 16 12 10 6 5 3 3 3 2 2 1 0 0 0 0 2 21 21 21 21 21 3 3 3 3 3 3 3 28 28 28 25 21 16 15 15 17 19 
0 20 20 20 7 7 7 7 5 3 2 1 1 1 0 0 0 0 0 0 0 0 1 2 20 20 20 20 20 6 6 6 23 24 25 26 26 27 27 27 27 28 28 28 28 27 
7 23 23 23 23 23 23 23 15 11 7 4 1 1 0 0 11 10 10 9 8 7 6 5 4 4 4 23 23 5 5 5 5 5 5 5 27 28 28 28 28 27 27 25 24 23 
4 20 20 20 20 20 2 2 2 1 1 0 0 0 0 0 0 1 2 3 9 9 9 8 8 9 20 20 20 8 8 8 8 8 28 28 27 28 28 28 28 28 28 27 27 27 
9 19 19 19 19 19 19 6 3 2 2 2 2 2 2 2 5 6 6 5 5 3 2 2 0 0 0 19 19 7 7 7 7 7 7 28 28 28 28 27 27 26 26 26 25 24 
7 23 23 23 23 23 23 23 23 0 0 0 1 1 1 3 13 12 12 12 12 12 12 11 11 11 11 11 11 8 8 8 8 8 8 8 8 28 28 28 28 28 28 28 28 28 
8 20 20 20 20 20 6 5 5 5 5 5 5 5 6 5 3 3 2 1 1 0 0 0 0 0 20 20 20 4 4 4 4 4 28 28 28 27 26 25 24 22 21 20 19 19 
3 23 23 23 23 5 2 1 1 0 0 0 10 9 8 7 7 8 12 5 5 5 5 6 9 23 23 23 23 9 9 9 9 23 24 25 26 26 26 26 26 26 26 27 28 28 
2 22 22 22 22 22 22 22 3 3 2 3 12 10 9 6 5 3 1 0 0 0 22 22 22 22 22 22 22 4 4 4 4 4 4 4 23 25 25 25 25 24 23 22 20 28 
1 16 16 16 16 0 0 0 0 0 0 0 0 1 1 1 1 2 2 2 2 2 2 2 2 16 16 16 16 12 12 12 12 26 26 26 26 27 27 27 27 27 27 27 27 28 
1 22 22 22 22 22 13 13 11 11 10 10 9 9 7 7 1 0 0 4 4 4 3 3 3 4 22 22 22 7 7 7 7 7 28 28 28 28 27 26 26 25 25 24 23 22 
8 21 21 21 21 16 9 8 6 6 5 4 4 3 3 5 5 4 3 2 2 1 0 0 1 21 21 21 21 4 4 4 4 28 28 27 26 25 24 23 22 21 20 19 21 21 
3 23 23 23 23 23 23 9 6 4 4 5 12 10 7 7 7 9 11 12 11 0 0 0 1 1 23 23 23 5 5 5 5 5 5 27 28 28 28 28 27 27 25 22 22 23 
6 17 17 3 3 2 2 2 2 2 1 1 1 0 0 0 0 0 0 0 0 0 1 17 17 17 17 17 17 7 7 22 22 22 22 21 21 21 20 20 27 27 28 28 27 27 
1 20 20 20 20 11 10 9 8 8 7 7 6 5 5 5 3 3 2 2 2 1 0 0 0 20 20 20 20 8 8 8 8 28 28 28 28 26 26 26 26 25 25 24 24 23 
0 23 23 23 23 23 8 7 5 4 2 2 1 1 1 0 0 0 0 0 0 1 1 2 2 5 23 23 23 5 5 5 5 5 24 26 26 27 27 27 28 28 28 28 28 28 
3 23 23 23 23 23 23 7 5 3 3 4 15 13 11 7 7 8 0 0 0 0 0 2 2 23 23 23 23 5 5 5 5 5 5 22 24 27 28 28 28 28 27 27 24 22 
1 16 16 16 16 4 4 2 2 2 2 2 2 2 2 2 1 1 0 0 0 0 0 0 0 16 16 16 16 10 10 10 10 28 28 28 28 28 28 27 27 27 27 26 26 26 
0 22 22 22 22 4 4 3 2 2 2 1 1 1 0 0 0 0 0 0 0 0 1 2 4 22 22 22 22 4 4 4 4 19 21 23 25 26 26 27 27 27 27 28 28 28 
0 19 19 19 19 19 4 3 3 2 1 1 1 0 0 0 0 0 0 0 0 0 1 1 2 3 19 19 19 7 7 7 7 7 25 25 26 26 27 27 27 28 28 28 28 28 
1 16 16 16 16 4 4 3 3 2 2 2 2 2 2 2 1 1 1 0 0 0 0 0 0 16 16 16 16 10 10 10 10 27 28 28 28 27 27 26 26 26 26 26 26 26 
7 20 20 20 20 20 20 4 4 3 2 1 0 0 7 7 7 7 7 7 7 7 7 7 7 7 7 20 20 12 12 12 12 12 12 27 27 28 28 28 28 28 28 28 28 28 
2 23 23 23 9 7 6 6 6 6 12 12 12 11 5 2 2 1 1 0 1 1 1 16 23 23 23 23 23 8 8 8 26 28 28 28 28 28 28 28 28 27 26 26 26 26 
7 25 25 25 25 25 25 25 8 1 0 0 1 15 15 14 14 13 13 13 13 12 12 12 12 12 12 12 25 7 7 7 7 7 7 7 25 26 27 28 28 28 28 27 27 27 
3 24 24 24 24 7 6 6 6 6 12 11 10 9 9 9 10 13 14 13 0 0 0 1 3 24 24 24 24 8 8 8 8 27 28 28 28 28 28 28 27 27 26 27 27 28 
0 20 20 20 20 20 3 3 3 3 3 3 2 2 1 1 1 1 1 0 1 1 1 2 3 3 20 20 20 7 7 7 7 7 23 24 25 26 26 26 26 27 27 27 27 28 
4 20 20 20 20 10 10 10 10 10 2 2 2 2 2 1 0 0 0 0 8 8 6 6 6 20 20 20 20 8 8 8 8 27 27 27 28 28 28 28 28 27 27 27 27 26 
6 18 18 18 5 3 3 2 2 1 0 0 0 0 0 0 0 0 0 0 1 2 2 3 18 18 18 18 18 6 6 6 23 23 21 21 19 19 18 26 27 27 28 28 28 28 
5 23 23 23 23 18 13 11 8 7 6 5 5 4 4 5 0 0 0 0 0 1 2 3 5 23 23 23 23 5 5 5 5 28 28 28 28 25 19 18 18 21 23 24 24 24 
2 22 22 22 22 0 0 0 0 15 14 14 13 12 10 9 7 5 3 1 0 0 0 0 7 22 22 22 22 5 5 5 5 22 26 28 28 28 28 28 28 26 25 24 23 22 
6 21 21 8 7 6 6 5 5 3 2 2 2 1 1 1 1 1 0 0 0 1 4 21 21 21 21 21 21 6 6 23 23 23 22 22 21 20 19 18 27 28 28 28 28 28 
4 22 22 22 22 22 2 1 1 1 1 0 0 0 0 0 0 0 0 1 2 13 13 13 13 13 22 22 22 6 6 6 6 6 16 16 26 27 28 28 28 28 28 28 28 28 
7 18 18 18 18 18 18 18 0 0 0 0 0 0 0 0 6 5 5 4 3 2 2 1 0 0 0 0 18 6 6 6 6 6 6 6 27 28 28 28 27 27 26 26 25 24 
1 22 22 22 22 12 10 9 7 5 4 2 1 0 0 0 9 9 8 8 8 7 1 1 1 22 22 22 22 6 6 6 6 26 26 28 28 28 27 26 25 24 24 23 23 22 
8 22 22 22 22 9 8 7 6 6 6 6 6 6 5 3 2 1 1 0 0 0 1 1 2 22 22 22 22 7 7 7 7 27 28 28 28 28 28 28 28 27 25 23 23 24 
9 21 21 21 21 21 21 21 2 1 1 1 0 0 1 1 3 5 9 9 9 9 9 9 9 9 9 9 21 10 10 10 10 10 10 10 28 28 28 28 28 28 28 28 27 27 
9 18 18 18 18 18 18 3 2 1 0 0 0 0 0 0 1 4 4 4 4 4 3 3 3 2 2 18 18 4 4 4 4 4 4 28 28 28 24 24 24 23 23 22 21 20 
3 22 22 22 22 22 0 0 0 7 6 4 4 3 3 4 6 8 10 11 12 13 10 9 10 11 22 22 22 10 10 10 10 10 23 24 24 24 24 24 23 21 23 25 27 28 
0 22 22 22 22 7 5 5 3 3 3 2 2 1 1 1 0 0 0 0 0 0 1 1 3 22 22 22 22 4 4 4 4 19 20 20 22 23 25 26 27 28 28 28 28 28 
7 19 19 19 19 19 19 19 2 1 0 0 0 8 8 7 7 6 5 4 3 2 2 2 1 1 0 0 19 7 7 7 7 7 7 7 28 28 28 28 27 27 26 26 25 24 
1 17 17 17 17 4 4 4 4 4 4 2 2 2 2 2 2 1 0 0 0 0 0 0 0 17 17 17 17 11 11 11 11 27 28 28 28 28 28 28 27 27 27 26 26 26 
0 18 18 18 7 4 2 2 2 1 1 1 1 1 0 0 0 0 0 1 1 1 2 2 18 18 18 18 18 9 9 9 27 27 27 28 28 28 28 28 28 28 28 28 28 28 
2 23 23 23 11 9 7 7 7 14 14 12 12 12 11 5 2 1 1 1 0 0 0 0 23 23 23 23 23 7 7 7 27 28 28 28 28 28 28 28 27 27 26 26 25 25 
0 21 21 21 21 8 6 5 4 4 3 2 2 1 1 1 1 0 0 0 1 1 1 2 4 21 21 21 21 7 7 7 7 27 27 28 28 28 28 28 28 26 26 27 27 27 
3 24 24 24 24 8 7 7 7 7 13 12 10 10 10 10 11 12 12 12 0 0 1 2 4 24 24 24 24 7 7 7 7 27 28 28 28 28 28 27 27 26 25 25 26 26 
5 21 21 21 21 21 13 11 4 4 3 4 4 4 4 5 5 6 7 7 0 0 0 0 1 2 21 21 21 3 3 3 3 3 28 28 27 26 25 21 20 16 16 17 17 18 
4 21 21 21 21 11 11 11 11 11 1 0 0 1 1 0 0 0 1 7 8 7 7 7 7 21 21 21 21 8 8 8 8 27 27 28 28 28 28 28 28 27 27 27 27 26 
6 19 19 19 6 5 3 3 2 2 1 1 0 0 0 0 0 0 0 1 4 4 4 4 19 19 19 19 19 7 7 7 26 26 24 22 21 19 19 18 18 28 28 28 28 28 
5 23 23 23 23 23 23 16 10 9 8 7 6 6 6 7 12 0 0 0 1 2 3 5 23 23 23 23 23 5 5 5 5 5 5 28 28 28 27 24 19 20 22 24 24 24 
8 17 17 17 17 17 2 2 2 2 2 3 3 3 2 1 1 0 0 0 0 0 4 4 2 2 17 17 17 7 7 7 7 7 24 24 24 24 28 28 26 25 23 23 23 23 
6 21 7 7 6 5 4 3 3 2 1 1 1 0 0 0 0 0 0 1 1 4 21 21 21 21 21 21 21 5 20 20 20 20 19 18 18 17 16 15 27 28 28 28 28 28 
3 23 23 23 23 6 4 4 4 4 5 11 9 8 8 8 8 0 0 0 0 0 0 1 2 23 23 23 23 7 7 7 7 24 26 26 26 26 26 26 26 27 28 28 28 28 
7 21 21 21 21 21 21 21 3 1 0 0 0 0 1 10 9 8 8 8 6 6 5 5 4 3 3 3 21 8 8 8 8 8 8 8 27 28 28 28 28 28 28 27 27 26 
5 20 20 20 20 20 2 2 0 0 2 2 2 2 1 1 0 0 1 2 10 8 4 2 2 2 20 20 20 6 6 6 6 6 26 26 26 26 18 18 25 26 27 28 28 28 
8 20 20 20 20 20 5 4 4 4 4 5 5 5 5 3 2 2 1 1 0 0 0 1 1 3 20 20 20 6 6 6 6 6 25 27 28 28 28 28 27 26 23 22 22 22 
0 22 22 22 22 22 8 2 1 1 1 0 0 0 0 0 0 0 0 0 1 1 2 3 3 6 22 22 22 4 4 4 4 4 24 25 26 26 27 27 27 27 28 28 28 28 
9 18 18 18 18 18 18 3 2 1 0 0 0 0 0 0 2 5 5 4 3 3 3 3 3 2 2 18 18 6 6 6 6 6 6 28 28 28 25 25 25 24 24 24 23 23 
1 16 16 16 16 0 0 0 0 0 0 0 0 1 1 1 1 1 2 2 3 3 3 3 4 16 16 16 16 12 12 12 12 26 26 27 27 27 27 27 28 28 28 28 28 28 
0 22 22 22 22 6 5 4 3 3 2 1 0 0 0 0 0 0 0 0 0 0 2 3 6 22 22 22 22 4 4 4 4 19 20 22 24 25 26 27 27 28 28 28 28 28 
3 24 24 24 24 24 24 24 24 0 0 0 0 13 8 7 7 8 15 7 7 7 7 24 24 24 24 24 24 6 6 6 6 6 6 6 6 19 23 25 25 26 26 25 26 28 
1 16 16 16 16 3 3 3 3 3 3 2 2 1 1 1 1 0 0 0 0 0 0 0 0 16 16 16 16 10 10 10 10 27 27 28 28 28 28 28 27 27 27 27 27 26 
2 21 21 21 21 2 1 0 0 0 2 8 8 8 6 6 5 4 4 2 2 2 3 21 21 21 21 21 21 11 11 11 11 25 26 27 28 28 28 28 28 28 28 27 26 26 
2 24 24 24 10 8 5 5 5 16 16 16 16 15 6 3 1 1 0 0 0 0 0 2 24 24 24 24 24 6 6 6 25 27 27 28 28 28 28 28 28 28 27 27 27 26 
3 21 21 21 21 7 5 4 4 4 8 8 4 1 0 0 0 13 4 3 3 3 3 3 4 21 21 21 21 7 7 7 7 26 26 26 26 26 25 24 23 25 26 27 27 28 
3 24 24 24 24 9 7 7 7 7 13 12 8 7 7 7 9 12 0 0 0 0 1 2 3 24 24 24 24 6 6 6 6 27 28 28 28 27 27 27 25 24 22 23 24 24 
