Left Right Profile
100
56
5 27 27 27 27 27 12 8 7 7 8 9 11 11 12 13 14 15 17 14 12 10 8 6 4 4 27 27 27 0 0 0 0 0 23 23 22 17 17 13 14 14 16 18 19 19 20 20 19 18 17 15 13 11 0 0 0 
0 27 27 27 27 15 14 13 11 11 10 9 8 7 7 7 6 6 6 6 6 6 6 6 7 27 27 27 27 0 0 0 0 19 19 21 21 21 21 22 22 22 22 22 22 22 21 19 18 18 16 14 13 0 0 0 0 
4 27 27 27 27 27 20 4 4 4 4 3 3 3 3 3 3 4 17 17 17 17 17 17 17 17 27 27 27 0 0 0 0 0 22 22 22 21 21 21 21 21 20 20 19 19 19 19 19 19 19 19 19 19 0 0 0 
1 27 27 27 27 27 18 17 17 16 15 15 14 13 13 12 11 11 10 10 10 9 8 8 8 8 27 27 27 0 0 0 0 0 21 21 21 21 19 18 18 17 17 16 15 15 14 14 13 13 13 11 11 11 0 0 0 
9 27 27 27 27 27 27 27 12 11 9 9 8 7 6 6 6 7 13 13 14 13 13 13 14 14 14 15 27 0 0 0 0 0 0 0 20 20 20 20 19 18 18 17 16 16 16 16 16 16 16 16 16 17 18 18 0 
2 27 27 27 27 27 15 13 11 9 9 9 9 17 13 10 8 7 6 5 5 5 5 5 27 27 27 27 27 0 0 0 0 0 19 19 20 20 20 20 20 20 20 19 20 21 24 24 24 14 13 10 0 0 0 0 0 
1 27 27 27 27 12 11 11 12 11 11 12 13 13 13 13 13 13 13 13 13 14 14 14 14 27 27 27 27 0 0 0 0 15 15 15 15 15 16 16 16 16 16 16 16 16 17 17 17 18 18 18 18 0 0 0 0 
3 27 27 27 27 27 11 9 9 9 9 17 16 14 9 8 8 9 16 16 6 5 5 5 5 6 27 27 27 0 0 0 0 0 21 22 22 22 22 21 21 21 20 18 19 19 19 19 19 19 18 17 15 12 0 0 0 
1 27 27 27 27 27 12 12 12 12 12 12 12 13 13 13 13 13 13 13 14 14 14 14 14 14 27 27 27 0 0 0 0 0 14 15 15 15 15 15 15 15 15 15 15 15 16 16 16 16 16 16 16 16 0 0 0 
4 27 27 27 27 22 21 20 20 12 12 12 11 10 9 7 7 6 6 6 11 11 10 10 10 27 27 27 27 0 0 0 0 23 23 23 22 22 21 21 21 19 19 18 17 19 18 18 14 14 13 12 12 0 0 0 0 
3 27 27 27 27 11 10 10 11 12 12 13 12 10 10 11 12 16 15 15 6 6 6 7 8 27 27 27 27 0 0 0 0 17 17 18 18 18 18 18 18 18 18 18 18 19 19 18 18 18 17 15 15 0 0 0 0 
5 27 27 27 27 27 27 27 20 18 16 14 14 11 11 11 11 8 6 6 6 7 27 27 27 27 27 27 27 0 0 0 0 0 0 0 25 25 24 21 17 16 14 13 14 15 15 15 14 14 0 0 0 0 0 0 0 
3 27 27 27 27 27 3 3 3 3 14 12 11 10 10 10 12 16 17 18 8 7 7 7 7 8 27 27 27 0 0 0 0 0 15 18 18 18 18 17 17 17 19 21 22 22 22 22 22 21 21 20 19 17 0 0 0 
6 27 27 16 15 13 12 12 11 11 10 9 8 8 8 7 7 7 7 7 7 7 8 27 27 27 27 27 27 0 0 18 18 18 17 16 15 14 13 13 19 21 22 22 21 20 19 19 17 16 15 0 0 0 0 0 0 
1 27 27 27 27 27 12 11 12 12 12 12 12 12 12 12 12 12 12 12 12 12 12 13 13 13 27 27 27 0 0 0 0 0 14 14 14 14 15 15 15 15 15 15 15 15 15 15 15 15 15 15 15 15 0 0 0 
7 27 27 27 27 27 27 27 15 12 8 7 7 6 6 6 14 14 13 12 11 10 10 9 9 8 8 8 27 0 0 0 0 0 0 0 20 21 21 21 21 20 20 19 18 17 17 17 16 15 13 13 12 12 11 10 0 
2 27 27 27 27 27 11 9 9 8 8 8 16 17 16 16 14 8 6 6 6 6 6 7 27 27 27 27 27 0 0 0 0 0 17 17 18 18 19 19 19 19 19 25 25 24 19 18 17 16 15 13 0 0 0 0 0 
8 27 27 27 27 27 19 15 11 11 10 10 10 10 11 11 10 10 8 8 7 7 7 7 7 7 27 27 27 0 0 0 0 0 22 22 22 21 21 20 19 18 18 17 15 15 15 15 15 15 14 13 13 11 0 0 0 
6 27 27 27 16 15 14 13 12 12 11 11 11 10 10 10 9 9 9 9 9 9 10 11 27 27 27 27 27 0 0 0 19 19 17 16 15 14 13 13 12 17 18 19 19 19 19 19 19 19 18 17 0 0 0 0 0 
9 27 27 27 27 27 27 27 13 12 11 11 11 11 11 11 12 13 13 13 12 11 11 10 9 8 8 7 27 0 0 0 0 0 0 0 18 19 20 20 20 19 17 17 16 16 16 16 15 14 13 13 12 11 11 10 0 
4 27 27 27 27 17 3 3 3 3 3 3 4 5 5 6 6 6 6 6 16 16 17 18 19 27 27 27 27 0 0 0 0 19 20 20 20 20 20 20 20 20 20 20 20 20 20 21 21 22 22 22 22 0 0 0 0 
0 27 27 27 27 17 16 15 12 11 10 9 8 7 7 6 5 5 5 5 5 5 6 7 9 27 27 27 27 0 0 0 0 20 22 22 22 22 22 22 22 22 22 22 22 22 22 21 20 19 17 16 14 0 0 0 0 
9 27 27 27 27 27 27 15 14 12 12 11 10 10 10 10 9 9 10 13 12 12 11 10 10 10 10 27 27 0 0 0 0 0 0 19 20 20 19 19 19 19 18 18 17 16 16 15 14 14 13 13 12 12 11 0 0 
1 27 27 27 27 27 18 17 16 16 15 15 15 14 13 12 12 11 10 9 9 9 9 8 8 9 27 27 27 0 0 0 0 0 20 21 21 20 20 19 18 18 17 16 16 15 14 13 13 13 12 11 11 11 0 0 0 
1 27 27 27 15 15 14 14 13 13 12 11 6 6 7 14 15 15 15 10 7 6 6 6 27 27 27 27 27 0 0 0 17 18 18 18 17 17 17 17 17 17 17 17 17 17 17 21 21 21 12 9 0 0 0 0 0 
2 27 27 27 27 12 9 7 7 7 7 15 14 13 11 9 9 7 7 6 5 5 6 7 8 27 27 27 27 0 0 0 0 18 21 22 22 22 22 21 21 20 19 17 14 13 12 24 23 23 23 21 16 0 0 0 0 
4 27 27 27 27 27 27 17 10 9 9 9 8 9 9 9 10 15 15 14 14 14 14 13 13 13 13 27 27 0 0 0 0 0 0 19 19 18 18 18 18 19 19 18 18 17 17 17 16 16 15 15 15 15 14 0 0 
3 27 27 27 27 27 10 6 6 6 6 6 11 10 10 10 11 15 16 16 15 4 4 4 4 6 27 27 27 0 0 0 0 0 20 21 22 23 23 22 21 20 19 20 20 21 21 21 20 20 20 19 17 15 0 0 0 
2 27 27 27 27 27 5 4 4 4 4 13 16 17 17 16 14 14 12 10 10 10 9 9 10 12 27 27 27 0 0 0 0 0 16 19 20 22 22 22 22 22 22 21 20 19 19 17 16 16 22 23 23 23 0 0 0 
7 27 27 27 27 27 27 27 27 16 1 1 9 9 9 14 13 12 11 10 9 8 8 8 9 27 27 27 27 0 0 0 0 0 0 0 0 20 20 20 20 20 19 18 17 16 15 14 13 12 11 10 10 0 0 0 0 
3 27 27 27 27 27 27 27 5 3 3 3 12 10 10 10 10 14 13 13 13 13 13 14 27 27 27 27 27 0 0 0 0 0 0 0 16 17 17 17 17 16 20 21 22 22 22 22 22 22 22 20 0 0 0 0 0 
8 27 27 27 27 27 13 13 13 13 13 13 13 13 12 10 9 8 7 7 6 5 5 5 5 6 27 27 27 0 0 0 0 0 20 21 21 23 23 23 22 21 19 17 15 15 15 15 15 15 14 14 13 12 0 0 0 
6 27 27 15 13 13 12 12 11 11 11 10 10 10 9 9 9 9 9 9 10 10 11 27 27 27 27 27 27 0 0 18 18 15 15 14 13 13 13 12 12 12 19 21 21 21 21 21 19 19 17 0 0 0 0 0 0 
9 27 27 27 27 27 27 27 14 12 11 11 11 11 11 12 14 13 13 12 11 11 9 9 8 7 6 5 27 0 0 0 0 0 0 0 20 21 21 21 20 20 19 19 18 17 17 15 14 14 13 12 12 11 10 8 0 
0 27 27 27 27 27 14 14 12 12 12 10 10 10 10 10 9 8 8 8 8 8 8 8 9 10 27 27 27 0 0 0 0 0 19 21 21 21 21 21 21 21 21 21 20 20 19 19 19 17 17 17 14 14 0 0 0 
5 27 27 27 27 27 27 20 17 14 14 13 12 12 11 9 9 10 14 5 5 5 5 27 27 27 27 27 27 0 0 0 0 0 0 24 24 22 19 16 15 16 17 17 17 17 16 16 15 13 11 0 0 0 0 0 0 
6 27 27 27 14 14 13 12 12 11 11 10 10 10 9 9 9 9 10 9 9 10 11 13 27 27 27 27 27 0 0 0 17 18 18 18 17 15 15 14 14 14 17 19 20 21 21 21 21 20 20 19 0 0 0 0 0 
0 27 27 27 27 15 15 13 13 13 11 11 9 8 8 7 7 7 7 7 7 7 7 7 8 27 27 27 27 0 0 0 0 19 19 19 20 21 21 22 22 22 22 22 21 20 20 19 18 18 17 15 14 0 0 0 0 
7 27 27 27 27 27 27 27 5 5 5 5 15 15 15 15 12 7 6 6 7 15 15 15 15 15 27 27 27 0 0 0 0 0 0 0 17 18 18 18 18 18 18 24 24 22 17 17 17 17 17 17 17 17 0 0 0 
6 27 27 27 27 13 12 12 11 10 10 10 10 9 9 9 8 8 8 8 9 9 10 12 13 27 27 27 27 0 0 0 0 16 16 16 15 15 15 14 20 21 21 21 21 21 21 20 19 19 18 15 15 0 0 0 0 
1 27 27 27 27 27 14 13 13 13 13 13 13 13 13 12 12 12 12 12 12 12 12 12 12 12 27 27 27 0 0 0 0 0 16 17 17 17 16 16 16 16 16 16 15 15 15 15 15 15 15 15 15 14 0 0 0 
8 27 27 27 27 19 14 12 11 10 10 10 10 10 11 12 11 10 10 9 8 8 8 8 8 27 27 27 27 0 0 0 0 21 21 21 21 20 20 19 19 18 17 16 17 17 18 18 17 17 16 16 14 0 0 0 0 
7 27 27 27 27 27 27 27 14 11 9 7 7 15 15 15 14 14 14 14 14 13 13 13 13 13 12 12 27 0 0 0 0 0 0 0 18 18 17 17 17 17 17 17 16 16 16 15 15 15 15 15 15 14 14 14 0 
9 27 27 27 27 27 27 13 12 11 11 10 10 10 11 12 15 14 13 13 12 12 11 11 10 9 9 27 27 0 0 0 0 0 0 19 19 19 19 18 18 18 17 17 17 16 16 15 15 14 14 13 13 12 12 0 0 
3 27 27 27 27 27 27 6 6 7 15 15 14 13 12 11 11 11 14 17 17 16 15 15 14 11 11 27 27 0 0 0 0 0 0 15 17 17 17 17 16 16 15 14 17 19 19 19 19 18 18 17 16 16 14 0 0 
9 27 27 27 27 27 27 27 12 10 9 8 7 7 7 7 7 7 14 14 14 13 13 12 12 10 10 10 27 0 0 0 0 0 0 0 20 20 20 20 19 19 19 18 18 17 17 17 16 16 15 15 14 14 13 13 0 
8 27 27 27 27 27 12 13 10 8 8 7 7 8 8 11 12 10 10 9 9 9 9 9 9 10 27 27 27 0 0 0 0 0 18 19 19 20 19 19 18 17 16 15 15 16 17 18 18 18 18 18 17 16 0 0 0 
5 27 27 27 27 27 27 18 16 15 15 11 10 9 9 9 9 11 13 14 13 7 6 6 6 27 27 27 27 0 0 0 0 0 0 25 25 25 20 15 12 12 11 14 15 16 16 16 16 16 15 14 11 0 0 0 0 
9 27 27 27 27 27 10 9 9 9 9 9 9 9 10 14 15 16 16 16 16 16 10 10 10 13 27 27 27 0 0 0 0 0 14 14 15 15 15 15 16 16 17 17 17 18 18 18 18 18 18 18 18 17 0 0 0 
3 27 27 27 27 27 12 10 3 3 10 12 10 10 10 10 14 15 16 16 16 6 5 5 6 7 27 27 27 0 0 0 0 0 19 22 22 22 21 20 19 17 16 17 19 19 19 19 19 19 18 17 15 11 0 0 0 
3 27 27 27 27 10 8 8 8 15 14 13 11 10 10 18 18 18 18 18 7 7 7 8 9 27 27 27 27 0 0 0 0 17 17 17 18 17 17 16 18 18 19 19 19 20 19 19 19 19 18 17 16 0 0 0 0 
0 27 27 27 27 27 13 11 10 8 8 7 7 6 6 6 5 5 5 4 5 5 5 5 6 6 27 27 27 0 0 0 0 0 21 22 22 22 22 22 22 22 22 22 22 22 22 22 21 21 20 18 17 17 0 0 0 
7 27 27 27 27 27 27 27 8 5 5 5 5 6 8 17 17 16 15 15 14 13 13 13 12 12 12 12 27 0 0 0 0 0 0 0 18 20 22 22 22 22 21 21 20 19 19 18 18 17 17 16 17 17 17 15 0 
4 27 27 27 27 27 27 27 16 13 12 11 10 9 9 9 10 13 12 12 11 11 10 10 9 9 8 8 27 0 0 0 0 0 0 0 19 23 23 23 23 17 22 22 22 23 23 14 14 13 13 12 11 11 10 9 0 
9 27 27 27 27 27 27 27 9 8 6 6 6 6 6 7 9 15 14 14 13 13 12 12 12 12 12 12 27 0 0 0 0 0 0 0 23 23 23 22 21 20 20 19 18 18 17 17 16 15 15 15 14 15 15 15 0 
8 27 27 27 27 27 27 13 11 10 9 9 9 9 10 10 12 11 10 10 9 8 7 7 7 7 7 27 27 0 0 0 0 0 0 24 24 23 22 21 21 20 19 18 17 16 16 16 16 16 16 16 15 15 14 0 0 
0 27 27 27 27 27 11 9 9 8 7 7 7 6 6 6 6 6 6 6 6 6 7 8 9 12 27 27 27 0 0 0 0 0 15 20 21 21 22 22 22 23 23 23 23 23 23 23 23 23 22 21 20 19 0 0 0 
9 27 27 27 27 27 27 27 14 13 10 9 9 9 9 9 9 10 14 14 13 12 11 11 10 9 9 9 27 0 0 0 0 0 0 0 19 20 20 20 19 19 18 18 18 17 16 16 15 15 14 14 12 12 11 11 0 
4 27 27 27 27 27 16 8 6 6 6 6 6 6 6 5 5 6 15 15 15 15 14 14 14 15 27 27 27 0 0 0 0 0 19 19 19 19 19 19 19 19 19 19 19 19 19 19 19 19 19 19 19 18 0 0 0 
1 27 27 27 27 17 17 16 16 16 15 15 14 13 12 12 11 10 10 10 9 9 8 8 9 27 27 27 27 0 0 0 0 20 20 20 20 19 19 18 17 17 16 16 15 14 14 13 13 12 13 13 12 0 0 0 0 
4 27 27 27 27 27 9 8 7 6 6 5 4 4 4 4 4 4 5 5 19 20 20 20 27 27 27 27 27 0 0 0 0 0 20 20 21 22 22 22 22 22 23 23 23 23 22 22 22 22 22 21 0 0 0 0 0 
4 27 27 27 27 27 27 19 17 17 12 11 10 10 9 8 8 8 11 11 10 9 9 9 9 8 8 27 27 0 0 0 0 0 0 21 21 20 20 19 18 17 17 19 19 19 14 13 12 12 11 11 10 10 10 0 0 
6 27 27 27 27 15 14 13 12 12 11 10 10 9 9 9 9 9 9 9 9 9 9 10 12 27 27 27 27 0 0 0 0 19 19 19 19 19 15 14 14 13 19 20 20 20 20 20 19 19 18 17 16 0 0 0 0 
0 27 27 27 27 27 14 13 11 10 10 9 9 8 7 6 6 5 4 4 4 4 4 4 5 6 27 27 27 0 0 0 0 0 18 19 21 21 21 22 22 23 23 23 23 23 23 21 21 18 18 17 15 15 0 0 0 
4 27 27 27 27 27 12 11 11 11 10 9 8 8 7 7 6 6 6 6 6 7 15 15 15 15 27 27 27 0 0 0 0 0 23 23 23 23 22 22 22 22 21 20 20 20 19 19 18 18 18 17 17 17 0 0 0 
5 27 27 27 27 27 27 27 23 19 17 13 11 9 9 9 10 12 12 6 6 6 6 8 27 27 27 27 27 0 0 0 0 0 0 0 25 25 25 24 19 17 14 14 14 14 14 14 14 13 13 10 0 0 0 0 0 
6 27 27 18 17 16 15 14 13 12 12 11 10 10 9 9 8 8 8 8 8 9 9 27 27 27 27 27 27 0 0 19 19 18 18 17 16 16 15 14 13 20 21 21 21 21 20 19 18 17 15 0 0 0 0 0 0 
1 27 27 27 27 27 10 18 14 14 14 13 13 13 12 12 12 11 11 11 11 11 10 10 10 10 27 27 27 0 0 0 0 0 18 19 19 19 19 19 19 16 16 16 15 19 19 19 19 13 13 13 12 11 0 0 0 
0 27 27 27 27 12 10 9 7 6 6 5 5 5 5 5 5 5 5 6 6 7 9 10 12 27 27 27 27 0 0 0 0 16 17 18 20 21 22 23 24 24 24 24 24 24 24 24 24 23 23 22 19 0 0 0 0 
0 27 27 27 27 27 12 11 10 9 9 9 9 9 9 8 7 7 7 7 7 8 7 8 9 10 27 27 27 0 0 0 0 0 19 20 20 20 20 21 21 20 21 21 20 21 21 20 20 20 19 19 19 18 0 0 0 
1 27 27 27 13 12 11 10 9 9 9 9 13 13 13 13 12 12 12 12 11 10 10 10 27 27 27 27 27 0 0 0 15 16 16 15 15 15 15 15 15 15 15 15 14 20 20 20 20 20 18 17 0 0 0 0 0 
7 27 27 27 27 27 27 27 27 13 11 9 7 6 6 15 14 14 13 12 11 10 10 9 8 7 7 6 6 0 0 0 0 0 0 0 0 21 21 21 21 21 20 19 18 17 16 15 14 13 13 12 11 10 10 9 8 
1 27 27 27 27 12 12 13 13 13 13 13 13 13 13 13 13 13 13 12 12 12 12 12 12 27 27 27 27 0 0 0 0 14 14 15 15 15 15 15 15 15 15 15 15 15 15 15 15 14 14 14 14 0 0 0 0 
6 27 27 14 14 15 14 14 13 12 12 11 10 10 9 9 8 8 8 8 8 8 9 27 27 27 27 27 27 0 0 17 17 17 17 17 16 15 15 20 21 21 21 21 21 20 20 20 19 18 16 0 0 0 0 0 0 
3 27 27 27 27 27 9 8 7 7 9 13 10 10 9 9 15 15 15 16 16 9 9 9 9 9 27 27 27 0 0 0 0 0 15 16 17 17 17 16 17 17 18 18 18 19 19 19 19 18 18 17 17 16 0 0 0 
0 27 27 27 27 27 14 13 13 12 12 11 11 9 9 8 7 7 6 6 6 6 6 7 7 9 27 27 27 0 0 0 0 0 20 21 21 21 20 20 20 21 21 21 21 21 21 20 20 19 18 17 16 14 0 0 0 
2 27 27 27 27 12 9 6 5 5 5 14 13 12 12 11 10 10 9 9 9 9 9 10 12 27 27 27 27 0 0 0 0 16 17 18 18 18 18 18 18 17 16 16 14 13 12 11 12 24 24 22 20 0 0 0 0 
1 27 27 27 27 27 16 16 15 14 14 13 13 12 12 12 11 11 10 10 10 10 9 9 9 9 27 27 27 0 0 0 0 0 19 19 19 18 18 17 17 17 16 16 14 14 14 14 13 12 12 12 12 12 0 0 0 
1 27 27 27 27 15 15 15 15 15 15 14 14 14 13 13 12 12 11 10 10 9 9 8 8 27 27 27 27 0 0 0 0 17 19 19 19 19 19 19 18 18 18 17 17 16 16 15 15 14 13 13 11 0 0 0 0 
7 27 27 27 27 27 27 27 17 13 10 10 7 6 6 7 14 13 12 12 10 10 9 8 8 7 6 6 27 0 0 0 0 0 0 0 21 21 21 21 20 20 19 18 17 16 15 15 14 13 13 12 10 10 9 9 0 
9 27 27 27 27 11 10 10 9 9 9 9 10 10 10 8 8 8 8 8 8 8 9 10 11 27 27 27 27 0 0 0 0 18 18 18 18 20 20 20 20 20 20 20 20 21 21 21 20 20 19 19 18 0 0 0 0 
0 27 27 27 27 27 13 12 11 10 9 9 9 9 9 8 8 7 7 6 6 6 6 7 7 8 27 27 27 0 0 0 0 0 21 21 21 21 21 21 21 21 21 20 20 20 19 19 19 19 17 17 15 15 0 0 0 
2 27 27 27 10 9 9 9 9 9 9 17 18 18 19 10 7 7 7 6 6 6 6 7 27 27 27 27 27 0 0 0 16 17 18 19 19 20 20 21 21 21 21 21 21 21 22 22 22 22 19 18 0 0 0 0 0 
6 27 27 16 15 14 14 13 13 12 11 10 10 10 9 8 8 8 7 7 7 8 8 27 27 27 27 27 27 0 0 17 17 17 16 16 15 14 14 20 21 22 22 22 22 21 21 20 19 17 14 0 0 0 0 0 0 
7 27 27 27 27 27 27 27 3 3 5 18 18 17 17 16 16 15 15 14 14 14 13 13 12 12 12 12 27 0 0 0 0 0 0 0 19 20 20 20 20 20 19 19 19 18 17 17 17 16 16 15 15 16 16 16 0 
8 27 27 27 27 27 12 12 11 11 11 11 11 12 12 11 11 9 9 8 8 7 7 6 6 7 27 27 27 0 0 0 0 0 23 23 22 21 21 21 20 18 17 16 17 17 17 17 17 16 16 16 15 13 0 0 0 
3 27 27 27 27 27 27 3 3 3 11 10 10 10 11 15 17 18 19 20 20 20 20 12 11 12 13 27 27 0 0 0 0 0 0 14 15 15 15 15 16 18 19 20 21 22 22 22 22 22 22 22 22 21 20 0 0 
9 27 27 27 27 27 27 27 12 10 9 9 8 8 7 7 7 8 9 11 12 12 11 10 9 9 8 8 27 0 0 0 0 0 0 0 20 21 21 21 21 21 19 19 18 18 17 17 16 15 14 14 13 12 11 11 0 
0 27 27 27 27 10 9 8 8 7 7 7 6 6 6 6 6 6 6 6 7 7 7 7 8 27 27 27 27 0 0 0 0 17 17 18 19 20 21 22 22 23 23 23 23 23 23 22 22 21 21 19 18 0 0 0 0 
4 27 27 27 27 27 27 21 11 11 5 5 8 7 6 5 5 5 5 13 12 11 11 9 9 9 9 27 27 0 0 0 0 0 0 24 24 23 23 22 22 21 21 20 19 18 17 16 15 14 14 13 12 11 11 0 0 
6 27 27 17 15 15 13 12 11 10 9 8 8 8 7 7 7 7 7 7 8 8 10 27 27 27 27 27 27 0 0 20 20 20 18 17 15 14 14 13 12 21 22 22 21 21 21 21 20 18 17 0 0 0 0 0 0 
7 27 27 27 27 27 27 27 27 14 10 8 5 5 5 5 16 14 14 13 12 11 10 9 8 7 6 5 5 0 0 0 0 0 0 0 0 21 21 22 21 21 21 20 19 19 17 17 16 15 14 13 12 11 9 8 7 
4 27 27 27 27 27 18 9 9 9 9 9 9 9 8 8 8 8 9 16 16 16 16 17 17 17 27 27 27 0 0 0 0 0 19 19 19 19 19 19 19 19 19 18 18 18 18 18 18 18 18 18 18 18 0 0 0 
6 27 27 27 15 14 13 12 12 11 11 10 10 9 8 8 8 8 8 8 8 8 8 8 27 27 27 27 27 0 0 0 18 18 18 17 16 15 15 18 20 20 21 21 21 21 21 20 19 17 17 16 0 0 0 0 0 
8 27 27 27 27 27 14 12 10 9 9 9 9 9 10 11 12 12 11 10 9 9 8 8 8 8 27 27 27 0 0 0 0 0 19 20 20 21 21 20 20 19 19 17 16 16 16 16 16 16 15 15 14 14 0 0 0 
0 27 27 27 27 14 12 11 11 10 9 9 9 8 7 7 7 7 7 7 7 7 7 7 7 27 27 27 27 0 0 0 0 18 18 20 20 20 20 20 20 20 20 20 20 20 20 20 19 18 18 18 16 0 0 0 0 
7 27 27 27 27 27 27 27 13 10 8 8 8 15 15 15 14 14 13 13 12 12 12 12 12 11 11 12 27 0 0 0 0 0 0 0 19 19 19 19 19 18 18 17 17 16 16 16 15 15 15 15 14 14 15 15 0 
8 27 27 27 27 27 12 11 11 10 9 9 10 10 11 11 11 10 10 9 8 7 7 7 7 7 27 27 27 0 0 0 0 0 22 22 22 22 21 20 20 20 18 16 16 16 17 17 16 16 16 15 15 13 0 0 0 
3 27 27 27 27 27 10 9 8 8 8 14 12 10 10 10 16 16 17 17 16 15 9 9 9 9 27 27 27 0 0 0 0 0 16 17 17 17 17 16 16 17 18 18 19 19 19 19 19 19 18 18 17 15 0 0 0 
1 27 27 27 27 27 16 16 16 15 15 15 14 14 13 13 13 12 12 11 10 10 10 9 8 8 27 27 27 0 0 0 0 0 18 19 19 19 18 18 17 17 17 16 16 16 15 15 14 13 13 12 11 10 0 0 0 
