k: 50
	&	0	&	1	&	2	&	3	&	4	&	5	&	6	&	7	&	8	&	9\\
0	&	67.03	&	0.09328	&	6.305	&	2.783	&	2.065	&	4.481	&	4.856	&	0.7229	&	1.176	&	7.741\\
1	&	0.8964	&	71.27	&	2.018	&	7.582	&	2.238	&	3.329	&	2.883	&	3.614	&	15.03	&	2.25\\
2	&	5.08	&	7.836	&	10.21	&	26.1	&	3.528	&	11.84	&	7.284	&	5.181	&	20.78	&	6.121\\
3	&	6.275	&	5.504	&	25.22	&	2.687	&	4.647	&	18.05	&	3.642	&	6.506	&	15.42	&	11.52\\
4	&	1.494	&	1.399	&	5.17	&	5.278	&	29	&	5.058	&	7.436	&	10.12	&	4.837	&	24.3\\
5	&	5.876	&	5.69	&	18.79	&	10.65	&	6.024	&	4.994	&	8.042	&	6.867	&	16.21	&	11.7\\
6	&	4.781	&	0.9328	&	6.936	&	3.839	&	8.778	&	15.43	&	59.33	&	0.241	&	6.013	&	2.07\\
7	&	0.996	&	2.425	&	6.179	&	12.28	&	5.766	&	10.5	&	0	&	39.88	&	8.758	&	16.74\\
8	&	5.478	&	3.172	&	16.52	&	15.64	&	6.971	&	17.22	&	5.159	&	5.904	&	4.706	&	10.98\\
9	&	2.092	&	1.679	&	2.648	&	13.15	&	30.98	&	9.091	&	1.366	&	20.96	&	7.059	&	6.571\\
correct: 27.92%
k: 49
	&	0	&	1	&	2	&	3	&	4	&	5	&	6	&	7	&	8	&	9\\
0	&	67.37	&	0.09398	&	6.242	&	2.682	&	2.078	&	4.56	&	4.407	&	0.7308	&	1.155	&	7.775\\
1	&	0.8982	&	71.8	&	1.998	&	7.759	&	2.165	&	3.276	&	2.736	&	3.532	&	15.02	&	2.234\\
2	&	5.09	&	7.519	&	10.36	&	26.05	&	3.377	&	12.07	&	7.447	&	5.238	&	20.54	&	5.987\\
3	&	6.387	&	5.357	&	25.59	&	2.682	&	4.589	&	18.11	&	4.255	&	6.212	&	14.63	&	11.44\\
4	&	1.497	&	1.41	&	5.243	&	5.46	&	29.52	&	4.881	&	6.991	&	9.744	&	5.263	&	24.04\\
5	&	5.788	&	5.639	&	18.6	&	10.34	&	6.061	&	5.138	&	7.751	&	7.186	&	16.56	&	11.44\\
6	&	4.691	&	0.8459	&	6.742	&	3.831	&	8.745	&	15.35	&	59.73	&	0.2436	&	6.29	&	2.145\\
7	&	0.8982	&	2.538	&	6.117	&	12.07	&	5.801	&	9.955	&	0	&	40.93	&	8.858	&	16.98\\
8	&	5.489	&	3.195	&	16.35	&	15.61	&	6.84	&	17.53	&	5.015	&	5.847	&	4.621	&	10.9\\
9	&	1.896	&	1.598	&	2.747	&	13.51	&	30.82	&	9.12	&	1.672	&	20.34	&	7.06	&	7.06\\
correct: 28.15%
k: 48
	&	0	&	1	&	2	&	3	&	4	&	5	&	6	&	7	&	8	&	9\\
0	&	67.47	&	0.09363	&	6.068	&	2.664	&	2.161	&	4.545	&	4.374	&	0.8444	&	1.155	&	7.768\\
1	&	0.8982	&	71.72	&	2.023	&	7.707	&	2.247	&	3.247	&	2.715	&	3.498	&	14.76	&	2.232\\
2	&	4.99	&	7.303	&	10.87	&	25.98	&	3.457	&	12.53	&	7.089	&	5.066	&	19.9	&	6.071\\
3	&	6.387	&	5.524	&	25.92	&	2.854	&	4.235	&	17.86	&	4.374	&	6.031	&	15.28	&	11.61\\
4	&	1.697	&	1.498	&	5.31	&	5.709	&	29.56	&	4.481	&	6.938	&	9.771	&	5.392	&	23.84\\
5	&	5.489	&	5.993	&	18.58	&	10.37	&	6.137	&	5.325	&	7.692	&	7.238	&	16.3	&	11.25\\
6	&	4.89	&	0.8427	&	6.827	&	3.52	&	8.384	&	15.32	&	60.03	&	0.2413	&	6.547	&	2.232\\
7	&	0.7984	&	2.528	&	5.815	&	12.08	&	6.05	&	9.805	&	0	&	41.01	&	8.729	&	17.05\\
8	&	5.489	&	2.903	&	15.8	&	16.18	&	6.828	&	17.73	&	4.977	&	6.031	&	4.621	&	10.89\\
9	&	1.896	&	1.592	&	2.781	&	12.94	&	30.94	&	9.156	&	1.81	&	20.27	&	7.317	&	7.054\\
correct: 28.35%
k: 47
	&	0	&	1	&	2	&	3	&	4	&	5	&	6	&	7	&	8	&	9\\
0	&	68.37	&	0.09337	&	5.732	&	2.649	&	2.092	&	4.554	&	4.438	&	1.09	&	1.154	&	7.378\\
1	&	0.9036	&	71.8	&	2.166	&	7.379	&	2.092	&	3.253	&	2.811	&	3.511	&	14.74	&	2.222\\
2	&	4.618	&	7.19	&	10.96	&	25.92	&	3.575	&	12.49	&	7.249	&	4.964	&	20.26	&	6.044\\
3	&	6.225	&	5.509	&	26.11	&	3.027	&	4.01	&	17.96	&	4.29	&	6.174	&	15	&	11.82\\
4	&	1.707	&	1.307	&	5.223	&	5.298	&	29.82	&	4.489	&	6.361	&	10.05	&	5.641	&	24.27\\
5	&	5.622	&	6.162	&	18.85	&	10.31	&	5.929	&	5.4	&	8.284	&	7.264	&	16.15	&	10.67\\
6	&	4.819	&	0.8403	&	6.752	&	3.595	&	8.108	&	15.22	&	59.91	&	0.1211	&	6.538	&	2.311\\
7	&	0.8032	&	2.428	&	5.732	&	12.39	&	6.016	&	9.889	&	0	&	41.28	&	8.462	&	16.89\\
8	&	5.02	&	3.081	&	15.67	&	17.03	&	6.888	&	17.44	&	4.882	&	5.448	&	4.744	&	11.2\\
9	&	1.908	&	1.587	&	2.803	&	12.39	&	31.47	&	9.304	&	1.775	&	20.1	&	7.308	&	7.2\\
correct: 28.57%
k: 46
	&	0	&	1	&	2	&	3	&	4	&	5	&	6	&	7	&	8	&	9\\
0	&	68.5	&	0	&	5.839	&	2.624	&	2.002	&	4.641	&	3.852	&	1.103	&	1.032	&	7.437\\
1	&	0.9	&	72.26	&	2.236	&	7.216	&	2.089	&	3.268	&	2.815	&	3.554	&	14.71	&	2.151\\
2	&	4.6	&	7.31	&	11.18	&	26.15	&	3.22	&	12.35	&	7.111	&	4.657	&	20.13	&	6.362\\
3	&	6.1	&	5.248	&	26.46	&	2.718	&	4.091	&	18.1	&	4.444	&	6.25	&	15.23	&	11.47\\
4	&	1.7	&	1.312	&	5.217	&	5.155	&	30.2	&	4.51	&	6.222	&	9.559	&	5.419	&	24.73\\
5	&	5.8	&	6.092	&	18.51	&	10.5	&	6.005	&	5.686	&	8	&	6.863	&	16.65	&	10.13\\
6	&	4.7	&	0.656	&	6.832	&	3.655	&	7.746	&	15.23	&	61.04	&	0.1225	&	6.581	&	2.151\\
7	&	0.7	&	2.343	&	5.59	&	12.18	&	6.179	&	9.608	&	0	&	42.4	&	8.516	&	17.11\\
8	&	5	&	3.187	&	15.53	&	17.15	&	6.789	&	17.39	&	5.037	&	5.515	&	4.774	&	10.93\\
9	&	2	&	1.593	&	2.609	&	12.65	&	31.68	&	9.216	&	1.481	&	19.98	&	6.968	&	7.527\\
correct: 28.88%
k: 45
	&	0	&	1	&	2	&	3	&	4	&	5	&	6	&	7	&	8	&	9\\
0	&	68.87	&	0	&	5.521	&	2.428	&	2.005	&	4.74	&	4	&	1.229	&	1.044	&	7.214\\
1	&	0.9009	&	72.84	&	2.209	&	6.909	&	2.092	&	3.312	&	2.667	&	3.194	&	15.14	&	2.164\\
2	&	4.605	&	7.237	&	11.78	&	26.05	&	3.226	&	12.14	&	6.667	&	4.668	&	20.23	&	6.492\\
3	&	6.206	&	5.169	&	25.77	&	2.894	&	4.098	&	18.51	&	4.444	&	5.897	&	15.4	&	11.18\\
4	&	1.702	&	1.316	&	5.276	&	4.855	&	30.6	&	4.351	&	6.222	&	9.582	&	5.614	&	24.8\\
5	&	5.606	&	5.827	&	19.02	&	11.02	&	5.929	&	5.779	&	7.407	&	7.002	&	16.32	&	10.1\\
6	&	4.805	&	0.6579	&	6.871	&	3.641	&	7.672	&	15.06	&	62.07	&	0.1229	&	6.005	&	1.984\\
7	&	0.7007	&	2.35	&	5.521	&	12.23	&	6.016	&	9.61	&	0	&	43	&	7.833	&	17.4\\
8	&	4.905	&	3.102	&	15.21	&	17.27	&	6.539	&	17.53	&	5.037	&	5.283	&	5.352	&	10.82\\
9	&	1.702	&	1.504	&	2.822	&	12.7	&	31.82	&	8.961	&	1.481	&	20.02	&	7.05	&	7.845\\
correct: 29.27%
k: 44
	&	0	&	1	&	2	&	3	&	4	&	5	&	6	&	7	&	8	&	9\\
0	&	68.99	&	0	&	5.474	&	2.619	&	1.916	&	4.248	&	4.13	&	1.236	&	1.043	&	7.22\\
1	&	0.8946	&	73.1	&	2.311	&	6.642	&	2.091	&	3.203	&	2.655	&	3.214	&	15.51	&	2.076\\
2	&	4.871	&	7.338	&	12.53	&	25.91	&	3.223	&	11.9	&	6.49	&	4.574	&	20.6	&	6.047\\
3	&	6.064	&	5.174	&	25.67	&	2.806	&	4.094	&	18.82	&	4.277	&	5.81	&	15.51	&	11.1\\
4	&	1.59	&	1.317	&	5.231	&	4.584	&	31.18	&	4.379	&	6.637	&	9.271	&	5.215	&	24.82\\
5	&	5.467	&	5.55	&	18.61	&	11.41	&	5.836	&	6.078	&	7.375	&	6.675	&	16.04	&	10.47\\
6	&	4.871	&	0.6585	&	6.813	&	3.368	&	7.491	&	15.16	&	62.39	&	0.1236	&	5.867	&	2.076\\
7	&	0.6958	&	2.258	&	5.596	&	12.25	&	5.923	&	9.542	&	0	&	43.88	&	7.953	&	17.15\\
8	&	4.871	&	3.198	&	14.96	&	17.96	&	6.533	&	17.52	&	4.572	&	4.944	&	5.215	&	11.01\\
9	&	1.69	&	1.411	&	2.798	&	12.44	&	31.71	&	9.15	&	1.475	&	20.27	&	7.04	&	8.032\\
correct: 29.62%
k: 43
	&	0	&	1	&	2	&	3	&	4	&	5	&	6	&	7	&	8	&	9\\
0	&	69.22	&	0	&	5.446	&	2.519	&	1.75	&	4.248	&	4.545	&	1.11	&	1.312	&	6.906\\
1	&	0.7944	&	73.55	&	2.228	&	6.25	&	2.1	&	2.941	&	2.493	&	3.329	&	15.49	&	2.152\\
2	&	4.568	&	7.196	&	12.87	&	26.4	&	3.237	&	11.9	&	6.012	&	4.562	&	20.73	&	6.009\\
3	&	6.157	&	4.953	&	26.11	&	3.265	&	3.762	&	19.08	&	4.252	&	6.289	&	14.7	&	10.94\\
4	&	1.589	&	1.215	&	5.074	&	4.384	&	31.5	&	4.379	&	6.745	&	9.371	&	5.118	&	24.84\\
5	&	5.362	&	5.421	&	18.07	&	12.03	&	6.037	&	6.471	&	7.331	&	6.289	&	16.01	&	10.22\\
6	&	4.965	&	0.6542	&	6.931	&	3.265	&	7.437	&	15.1	&	62.61	&	0.1233	&	5.643	&	2.063\\
7	&	0.7944	&	2.243	&	5.569	&	11.94	&	6.037	&	9.085	&	0	&	44.27	&	8.399	&	17.22\\
8	&	4.965	&	3.364	&	14.73	&	17.82	&	6.387	&	17.58	&	4.545	&	4.439	&	5.512	&	11.39\\
9	&	1.589	&	1.402	&	2.97	&	12.13	&	31.76	&	9.216	&	1.466	&	20.22	&	7.087	&	8.251\\
correct: 30.02%
k: 42
	&	0	&	1	&	2	&	3	&	4	&	5	&	6	&	7	&	8	&	9\\
0	&	69.58	&	0	&	5.399	&	2.332	&	1.668	&	4.519	&	4.672	&	0.8642	&	1.318	&	6.679\\
1	&	0.8946	&	73.86	&	1.963	&	6.063	&	2.107	&	2.75	&	2.336	&	3.333	&	15.28	&	2.076\\
2	&	4.473	&	7.136	&	13.13	&	26.68	&	3.161	&	11.92	&	6.277	&	4.074	&	20.82	&	5.866\\
3	&	5.765	&	4.912	&	25.64	&	3.172	&	3.863	&	19.45	&	4.526	&	6.42	&	14.49	&	11.01\\
4	&	1.59	&	1.112	&	5.521	&	4.291	&	31.96	&	4.519	&	6.423	&	9.383	&	4.743	&	24.73\\
5	&	5.368	&	5.283	&	17.55	&	12.5	&	5.97	&	6.549	&	6.715	&	6.296	&	16.21	&	10.47\\
6	&	5.07	&	0.4634	&	7.239	&	3.358	&	6.936	&	14.93	&	63.07	&	0	&	5.929	&	2.076\\
7	&	0.8946	&	2.502	&	5.276	&	11.75	&	5.882	&	9.103	&	0.146	&	44.94	&	8.037	&	17.24\\
8	&	4.871	&	3.336	&	15.46	&	17.72	&	6.585	&	17.22	&	4.526	&	4.444	&	5.797	&	11.19\\
9	&	1.491	&	1.39	&	2.822	&	12.13	&	31.87	&	9.037	&	1.314	&	20.25	&	7.378	&	8.664\\
correct: 30.38%
k: 41
	&	0	&	1	&	2	&	3	&	4	&	5	&	6	&	7	&	8	&	9\\
0	&	69.44	&	0	&	5.439	&	2.334	&	1.765	&	4.509	&	4.506	&	0.8631	&	1.184	&	6.601\\
1	&	0.8902	&	74.08	&	1.731	&	5.882	&	1.942	&	2.785	&	2.471	&	3.083	&	15	&	2.052\\
2	&	4.649	&	7.077	&	13.6	&	27.17	&	3.001	&	12	&	5.669	&	3.822	&	20.26	&	6.066\\
3	&	5.638	&	4.596	&	26.08	&	3.361	&	3.972	&	19.5	&	4.651	&	6.165	&	14.74	&	10.97\\
4	&	1.583	&	1.103	&	5.192	&	4.482	&	32.3	&	4.443	&	6.105	&	9.494	&	4.474	&	24.8\\
5	&	5.341	&	5.423	&	17.31	&	12.61	&	6.002	&	6.764	&	6.686	&	5.795	&	16.32	&	10.44\\
6	&	5.143	&	0.4596	&	7.169	&	3.081	&	6.796	&	14.72	&	63.95	&	0	&	6.447	&	1.963\\
7	&	0.9891	&	2.482	&	5.315	&	11.48	&	5.825	&	8.952	&	0.1453	&	45.62	&	8.158	&	17.04\\
8	&	4.847	&	3.309	&	15.2	&	17.83	&	6.267	&	17.24	&	4.651	&	4.932	&	6.053	&	11.24\\
9	&	1.484	&	1.471	&	2.967	&	11.76	&	32.13	&	9.085	&	1.163	&	20.22	&	7.368	&	8.831\\
correct: 30.77%
k: 40
	&	0	&	1	&	2	&	3	&	4	&	5	&	6	&	7	&	8	&	9\\
0	&	69.69	&	0	&	5.515	&	2.224	&	1.842	&	4.316	&	4.499	&	0.9732	&	1.053	&	6.571\\
1	&	0.8885	&	74.52	&	1.593	&	5.561	&	1.93	&	2.832	&	2.467	&	2.92	&	15.13	&	2.07\\
2	&	4.64	&	6.808	&	13.73	&	27.25	&	2.982	&	12.14	&	5.515	&	3.771	&	20.26	&	6.121\\
3	&	5.429	&	4.784	&	26.72	&	3.244	&	3.86	&	19.42	&	4.499	&	6.448	&	14.34	&	11.25\\
4	&	1.481	&	0.92	&	5.025	&	4.449	&	32.63	&	4.518	&	6.096	&	9.489	&	4.868	&	24.48\\
5	&	5.627	&	5.336	&	16.54	&	12.7	&	5.965	&	7.148	&	6.386	&	5.839	&	16.32	&	10.35\\
6	&	5.035	&	0.368	&	7.108	&	2.966	&	6.93	&	14.7	&	64.73	&	0	&	6.579	&	1.8\\
7	&	0.9872	&	2.668	&	5.392	&	11.4	&	5.614	&	8.968	&	0.1451	&	45.86	&	8.026	&	16.74\\
8	&	4.64	&	3.128	&	15.81	&	18.54	&	6.053	&	16.93	&	4.499	&	4.988	&	6.184	&	11.25\\
9	&	1.579	&	1.472	&	2.574	&	11.68	&	32.19	&	9.036	&	1.161	&	19.71	&	7.237	&	9.361\\
correct: 31.15%
k: 39
	&	0	&	1	&	2	&	3	&	4	&	5	&	6	&	7	&	8	&	9\\
0	&	70.18	&	0	&	5.542	&	2.214	&	1.853	&	4.192	&	4.532	&	1.095	&	1.032	&	6.637\\
1	&	0.8946	&	74.86	&	1.355	&	5.351	&	1.942	&	2.84	&	2.339	&	3.041	&	14.71	&	1.973\\
2	&	4.374	&	6.881	&	14.41	&	26.94	&	2.736	&	11.97	&	5.556	&	4.258	&	20	&	6.099\\
3	&	5.268	&	4.679	&	27.34	&	3.321	&	3.707	&	19.47	&	4.386	&	5.839	&	14.58	&	11.39\\
4	&	1.491	&	0.9174	&	5.049	&	4.52	&	32.83	&	4.53	&	5.848	&	9.367	&	4.774	&	24.57\\
5	&	5.765	&	5.321	&	16.13	&	13.01	&	5.914	&	7.099	&	6.287	&	5.353	&	16.65	&	10.4\\
6	&	4.97	&	0.367	&	7.02	&	2.768	&	7.149	&	14.67	&	65.5	&	0.2433	&	6.452	&	1.704\\
7	&	0.994	&	2.294	&	5.542	&	11.62	&	5.472	&	8.925	&	0.1462	&	46.11	&	8.129	&	16.59\\
8	&	4.672	&	3.028	&	15.15	&	18.45	&	6.267	&	17.31	&	4.094	&	4.623	&	6.968	&	11.12\\
9	&	1.392	&	1.651	&	2.463	&	11.81	&	32.13	&	8.993	&	1.316	&	20.07	&	6.71	&	9.507\\
correct: 31.39%
k: 38
	&	0	&	1	&	2	&	3	&	4	&	5	&	6	&	7	&	8	&	9\\
0	&	70.78	&	0	&	5.515	&	2.226	&	1.857	&	3.938	&	4.36	&	1.08	&	1.16	&	6.545\\
1	&	0.8946	&	75.07	&	1.225	&	5.288	&	1.857	&	2.783	&	2.326	&	3.121	&	14.3	&	1.727\\
2	&	4.473	&	6.551	&	15.32	&	27.18	&	2.564	&	11.54	&	5.814	&	4.442	&	20.1	&	5.909\\
3	&	5.169	&	4.732	&	27.21	&	3.247	&	3.625	&	20.23	&	4.36	&	5.882	&	14.18	&	11\\
4	&	1.392	&	0.9099	&	5.025	&	4.545	&	33.51	&	4.345	&	6.25	&	9.124	&	4.768	&	24.45\\
5	&	5.467	&	5.096	&	15.93	&	13.08	&	5.924	&	7.332	&	6.105	&	5.522	&	17.4	&	10.18\\
6	&	4.771	&	0.455	&	6.985	&	2.783	&	6.985	&	15.14	&	65.26	&	0.2401	&	5.928	&	1.727\\
7	&	0.994	&	2.184	&	5.27	&	11.87	&	5.393	&	8.554	&	0.1453	&	45.98	&	7.861	&	17.36\\
8	&	4.672	&	3.276	&	15.2	&	18.09	&	6.278	&	17.45	&	3.924	&	4.442	&	7.474	&	11.09\\
9	&	1.392	&	1.729	&	2.328	&	11.69	&	32.01	&	8.69	&	1.453	&	20.17	&	6.83	&	10\\
correct: 31.84%
k: 37
	&	0	&	1	&	2	&	3	&	4	&	5	&	6	&	7	&	8	&	9\\
0	&	71.49	&	0	&	5.314	&	2.425	&	1.67	&	3.927	&	4.088	&	0.9709	&	1.276	&	6.387\\
1	&	0.6979	&	75.85	&	1.208	&	5.131	&	1.757	&	2.776	&	2.336	&	3.277	&	14.16	&	1.734\\
2	&	4.387	&	6.038	&	15.1	&	27.8	&	2.636	&	11.71	&	5.547	&	4.49	&	19.9	&	5.931\\
3	&	4.686	&	4.483	&	27.9	&	3.545	&	3.339	&	20.24	&	4.088	&	5.583	&	14.29	&	11.13\\
4	&	1.595	&	1.006	&	5.314	&	4.291	&	33.74	&	4.13	&	5.693	&	9.345	&	4.592	&	24.45\\
5	&	5.583	&	5.215	&	15.7	&	13.25	&	5.888	&	7.38	&	6.131	&	5.218	&	17.73	&	9.763\\
6	&	4.487	&	0.4575	&	6.884	&	2.985	&	6.854	&	15.03	&	66.42	&	0.2427	&	5.485	&	1.734\\
7	&	0.997	&	2.104	&	5.314	&	11.29	&	5.36	&	8.463	&	0.146	&	46.97	&	8.291	&	17.43\\
8	&	4.786	&	3.385	&	15.1	&	18.1	&	6.063	&	17.47	&	4.088	&	4.248	&	7.653	&	10.95\\
9	&	1.296	&	1.464	&	2.174	&	11.19	&	32.69	&	8.869	&	1.46	&	19.66	&	6.633	&	10.49\\
correct: 32.19%
k: 36
	&	0	&	1	&	2	&	3	&	4	&	5	&	6	&	7	&	8	&	9\\
0	&	72.29	&	0	&	4.946	&	2.401	&	1.68	&	3.995	&	4.076	&	0.8505	&	1.412	&	6.29\\
1	&	0.7028	&	75.96	&	1.206	&	4.986	&	1.592	&	2.573	&	2.329	&	3.402	&	14.25	&	1.732\\
2	&	4.317	&	5.92	&	16.04	&	27.89	&	2.653	&	11.65	&	5.531	&	4.253	&	19.13	&	5.925\\
3	&	4.518	&	4.463	&	27.86	&	4.247	&	3.006	&	20.24	&	3.493	&	6.075	&	14.38	&	10.94\\
4	&	1.506	&	0.9107	&	5.066	&	4.34	&	34.22	&	4.333	&	5.531	&	8.87	&	4.493	&	24.7\\
5	&	5.422	&	5.191	&	15.44	&	12.47	&	6.012	&	7.651	&	5.822	&	5.103	&	19	&	9.754\\
6	&	4.518	&	0.4554	&	6.876	&	3.139	&	7.162	&	14.83	&	67.1	&	0.1215	&	4.878	&	1.55\\
7	&	0.8032	&	2.277	&	5.428	&	11.36	&	4.951	&	8.463	&	0.1456	&	47.87	&	8.087	&	17.14\\
8	&	4.618	&	3.279	&	14.84	&	18.19	&	6.101	&	17.2	&	4.512	&	4.253	&	8.087	&	10.94\\
9	&	1.305	&	1.548	&	2.292	&	10.99	&	32.63	&	9.072	&	1.456	&	19.2	&	6.29	&	11.03\\
correct: 32.72%
k: 35
	&	0	&	1	&	2	&	3	&	4	&	5	&	6	&	7	&	8	&	9\\
0	&	73.14	&	0	&	4.916	&	2.136	&	1.695	&	3.706	&	4	&	0.8424	&	1.434	&	6.336\\
1	&	0.7042	&	75.79	&	1.199	&	5.2	&	1.517	&	2.628	&	2.429	&	3.369	&	13.95	&	1.653\\
2	&	4.024	&	5.893	&	16.07	&	27.76	&	2.765	&	11.39	&	5.714	&	4.212	&	20.08	&	5.969\\
3	&	4.427	&	4.442	&	28.3	&	4.735	&	2.944	&	20.22	&	3.571	&	6.137	&	13.95	&	10.47\\
4	&	1.308	&	0.9066	&	4.796	&	4.457	&	34.79	&	4.38	&	5.571	&	8.785	&	4.433	&	24.79\\
5	&	5.332	&	4.986	&	15.47	&	12.44	&	5.709	&	7.884	&	6.286	&	5.535	&	18.77	&	9.734\\
6	&	4.326	&	0.4533	&	6.954	&	3.157	&	7.136	&	14.56	&	66.29	&	0.1203	&	5.085	&	1.653\\
7	&	0.8048	&	2.539	&	5.396	&	11.23	&	4.55	&	8.76	&	0.1429	&	47.77	&	8.083	&	16.99\\
8	&	4.728	&	3.264	&	14.51	&	18.29	&	5.977	&	17.45	&	4.571	&	4.212	&	8.475	&	10.56\\
9	&	1.207	&	1.723	&	2.398	&	10.58	&	32.92	&	9.03	&	1.429	&	19.01	&	5.737	&	11.85\\
correct: 33.1%
k: 34
	&	0	&	1	&	2	&	3	&	4	&	5	&	6	&	7	&	8	&	9\\
0	&	73.76	&	0	&	5.03	&	2.066	&	1.699	&	3.619	&	3.966	&	0.6017	&	1.548	&	6.434\\
1	&	0.6079	&	76.25	&	1.317	&	5.258	&	1.431	&	2.48	&	2.55	&	3.249	&	13.68	&	1.562\\
2	&	4.154	&	5.621	&	17.25	&	27.89	&	2.683	&	11.19	&	5.524	&	4.212	&	19.74	&	5.882\\
3	&	4.559	&	4.533	&	27.78	&	5.07	&	3.22	&	20.44	&	3.541	&	5.897	&	13.94	&	9.743\\
4	&	1.317	&	0.816	&	4.311	&	4.319	&	35.33	&	4.357	&	5.807	&	8.785	&	4.387	&	24.82\\
5	&	5.268	&	4.986	&	15.09	&	12.77	&	5.456	&	8.244	&	6.091	&	5.174	&	18.84	&	9.835\\
6	&	4.053	&	0.7253	&	6.826	&	2.911	&	7.066	&	14.34	&	66.71	&	0.1203	&	5.032	&	1.654\\
7	&	0.8105	&	2.539	&	5.15	&	11.08	&	4.472	&	8.512	&	0.2833	&	48.62	&	8.129	&	17\\
8	&	4.357	&	3.173	&	14.85	&	18.22	&	5.635	&	17.63	&	4.249	&	4.091	&	9.032	&	10.85\\
9	&	1.114	&	1.36	&	2.395	&	10.42	&	33.01	&	9.182	&	1.275	&	19.25	&	5.677	&	12.22\\
correct: 33.63%
k: 33
	&	0	&	1	&	2	&	3	&	4	&	5	&	6	&	7	&	8	&	9\\
0	&	74.21	&	0	&	4.779	&	1.976	&	1.523	&	3.815	&	3.771	&	0.8444	&	1.811	&	6.061\\
1	&	0.7107	&	77.05	&	1.195	&	5.174	&	1.434	&	2.41	&	2.514	&	3.257	&	13.45	&	1.469\\
2	&	3.858	&	5.191	&	17.68	&	28.6	&	2.688	&	10.84	&	6.006	&	4.101	&	19.66	&	5.877\\
3	&	4.569	&	4.372	&	27.96	&	5.174	&	3.047	&	21.08	&	3.352	&	5.187	&	13.71	&	9.734\\
4	&	1.32	&	0.9107	&	4.301	&	3.951	&	35.75	&	4.485	&	5.866	&	8.565	&	4.269	&	24.7\\
5	&	5.178	&	4.918	&	15.05	&	12.89	&	5.376	&	8.367	&	6.006	&	5.308	&	18.76	&	9.826\\
6	&	3.959	&	0.5464	&	7.049	&	3.01	&	7.168	&	13.72	&	66.76	&	0.2413	&	5.175	&	1.561\\
7	&	0.8122	&	2.459	&	5.137	&	11.1	&	4.391	&	8.367	&	0.2793	&	49.22	&	8.021	&	17.08\\
8	&	4.264	&	3.097	&	14.58	&	17.97	&	5.197	&	17.94	&	4.19	&	4.463	&	9.702	&	10.74\\
9	&	1.117	&	1.457	&	2.27	&	10.16	&	33.42	&	8.969	&	1.257	&	18.82	&	5.433	&	12.95\\
correct: 34.06%
k: 32
	&	0	&	1	&	2	&	3	&	4	&	5	&	6	&	7	&	8	&	9\\
0	&	74.82	&	0	&	4.64	&	2.052	&	1.518	&	3.761	&	3.694	&	0.9547	&	1.825	&	5.953\\
1	&	0.7136	&	76.99	&	1.099	&	4.944	&	1.429	&	2.283	&	2.736	&	3.222	&	13.17	&	1.395\\
2	&	4.077	&	5.235	&	18.19	&	29.01	&	2.5	&	10.81	&	5.609	&	4.296	&	19.56	&	5.395\\
3	&	4.383	&	4.422	&	28.08	&	5.41	&	2.768	&	21.42	&	3.283	&	5.37	&	13.69	&	9.86\\
4	&	1.121	&	0.9025	&	3.907	&	3.918	&	36.43	&	4.365	&	5.882	&	8.234	&	4.433	&	24.93\\
5	&	5.097	&	5.054	&	15.26	&	12.59	&	5.446	&	8.731	&	5.609	&	5.37	&	18.64	&	9.86\\
6	&	3.874	&	0.6318	&	6.838	&	3.078	&	7.054	&	13.36	&	67.17	&	0.2387	&	4.954	&	1.395\\
7	&	0.6116	&	2.256	&	5.25	&	11.1	&	4.464	&	8.261	&	0.2736	&	49.52	&	8.214	&	16.93\\
8	&	4.281	&	2.978	&	14.29	&	17.91	&	4.911	&	18.07	&	4.514	&	4.415	&	10.3	&	10.88\\
9	&	1.019	&	1.534	&	2.442	&	9.981	&	33.48	&	8.932	&	1.231	&	18.38	&	5.215	&	13.4\\
correct: 34.61%
k: 31
	&	0	&	1	&	2	&	3	&	4	&	5	&	6	&	7	&	8	&	9\\
0	&	75.49	&	0	&	4.657	&	1.966	&	1.329	&	3.711	&	3.846	&	1.056	&	1.825	&	5.97\\
1	&	0.7179	&	77.23	&	1.103	&	5.056	&	1.417	&	2.362	&	2.61	&	3.169	&	12.65	&	1.213\\
2	&	4.103	&	5.131	&	19	&	28.46	&	2.746	&	10.93	&	5.357	&	4.108	&	19.69	&	5.41\\
3	&	4.103	&	4.41	&	28.19	&	5.712	&	2.834	&	21.52	&	2.747	&	5.751	&	14.08	&	9.515\\
4	&	1.128	&	0.9001	&	3.799	&	3.839	&	36.58	&	4.318	&	5.632	&	7.864	&	4.694	&	25\\
5	&	5.128	&	4.77	&	14.58	&	12.36	&	5.669	&	9.177	&	5.357	&	5.282	&	19.17	&	9.981\\
6	&	3.795	&	0.7201	&	6.373	&	2.903	&	7.086	&	13.29	&	68.82	&	0.1174	&	4.694	&	1.399\\
7	&	0.7179	&	2.16	&	5.27	&	11.05	&	4.34	&	8.367	&	0.2747	&	49.77	&	7.562	&	16.7\\
8	&	4	&	3.24	&	14.46	&	18.45	&	5.049	&	17.75	&	4.258	&	4.577	&	10.56	&	10.54\\
9	&	0.8205	&	1.44	&	2.574	&	10.21	&	32.95	&	8.57	&	1.099	&	18.31	&	5.085	&	14.27\\
correct: 35.18%
k: 30
	&	0	&	1	&	2	&	3	&	4	&	5	&	6	&	7	&	8	&	9\\
0	&	76.39	&	0	&	4.507	&	1.901	&	1.319	&	3.761	&	3.444	&	0.8111	&	1.717	&	6.215\\
1	&	0.7216	&	77.11	&	1.218	&	4.943	&	1.319	&	2.351	&	2.617	&	3.013	&	12.15	&	1.224\\
2	&	3.711	&	5.076	&	19.85	&	29.66	&	2.639	&	11.01	&	5.096	&	3.708	&	19.02	&	5.367\\
3	&	3.918	&	4.63	&	27.77	&	5.989	&	2.639	&	21.56	&	2.617	&	5.446	&	14.66	&	9.51\\
4	&	1.134	&	0.8905	&	3.776	&	3.612	&	37.03	&	4.164	&	5.785	&	7.879	&	4.491	&	24.95\\
5	&	4.948	&	4.63	&	14.74	&	12.55	&	5.805	&	9.134	&	5.51	&	5.562	&	19.55	&	9.51\\
6	&	3.918	&	0.8014	&	5.847	&	2.757	&	6.948	&	13.3	&	69.42	&	0.1159	&	4.756	&	1.507\\
7	&	0.6186	&	2.137	&	5.116	&	10.84	&	4.31	&	8.193	&	0.1377	&	50.06	&	7.662	&	16.95\\
8	&	3.814	&	3.295	&	14.62	&	18.16	&	4.573	&	18.33	&	4.27	&	4.287	&	11.36	&	10.36\\
9	&	0.8247	&	1.425	&	2.558	&	9.601	&	33.42	&	8.193	&	1.102	&	19.12	&	4.624	&	14.41\\
correct: 35.65%
k: 29
	&	0	&	1	&	2	&	3	&	4	&	5	&	6	&	7	&	8	&	9\\
0	&	76.28	&	0	&	4.401	&	1.784	&	1.336	&	3.789	&	3.591	&	0.9324	&	1.733	&	5.931\\
1	&	0.616	&	77.45	&	1.1	&	4.695	&	1.336	&	2.165	&	2.348	&	2.564	&	12.67	&	1.205\\
2	&	3.491	&	5.305	&	20.17	&	30.42	&	2.671	&	10.69	&	4.972	&	3.263	&	18.4	&	5.468\\
3	&	3.799	&	4.421	&	27.63	&	6.291	&	2.582	&	22.06	&	2.624	&	5.478	&	14	&	9.639\\
4	&	1.129	&	0.8842	&	3.912	&	3.568	&	37.67	&	4.33	&	5.525	&	7.343	&	4.533	&	24.75\\
5	&	4.825	&	4.509	&	14.91	&	12.86	&	5.966	&	9.134	&	5.525	&	5.012	&	19.73	&	9.453\\
6	&	4.209	&	0.6189	&	5.99	&	2.723	&	6.679	&	13.06	&	70.44	&	0.1166	&	4.8	&	1.576\\
7	&	0.616	&	2.299	&	5.012	&	10.52	&	4.185	&	8.187	&	0.1381	&	50.93	&	7.6	&	16.68\\
8	&	4.209	&	3.183	&	14.18	&	17.75	&	4.541	&	18.67	&	3.729	&	4.545	&	12	&	10.1\\
9	&	0.8214	&	1.326	&	2.689	&	9.39	&	33.04	&	7.916	&	1.105	&	19.81	&	4.533	&	15.2\\
correct: 36.1%
k: 28
	&	0	&	1	&	2	&	3	&	4	&	5	&	6	&	7	&	8	&	9\\
0	&	76.46	&	0	&	4.121	&	1.601	&	1.427	&	3.878	&	3.557	&	0.9217	&	1.884	&	5.69\\
1	&	0.5118	&	78.16	&	0.9697	&	4.802	&	1.249	&	2.177	&	1.915	&	2.535	&	12.25	&	1.306\\
2	&	3.275	&	5.128	&	21.33	&	30.13	&	2.498	&	10.95	&	5.198	&	3.341	&	17.77	&	5.41\\
3	&	3.48	&	3.979	&	27.88	&	6.78	&	2.319	&	22.24	&	2.599	&	5.76	&	13.73	&	9.795\\
4	&	1.126	&	0.8842	&	3.879	&	3.484	&	38.45	&	4.422	&	5.335	&	7.373	&	4.172	&	24.44\\
5	&	4.913	&	4.421	&	14.55	&	12.81	&	6.066	&	9.388	&	5.472	&	4.724	&	20.05	&	9.515\\
6	&	4.299	&	0.7073	&	5.818	&	2.825	&	6.334	&	12.93	&	70.86	&	0.1152	&	4.576	&	1.493\\
7	&	0.6141	&	2.387	&	4.606	&	10.64	&	4.014	&	8.299	&	0.1368	&	50.81	&	7.806	&	16.51\\
8	&	4.504	&	3.183	&	14.3	&	17.61	&	4.371	&	18.03	&	3.967	&	4.378	&	13.46	&	10.07\\
9	&	0.8188	&	1.149	&	2.545	&	9.322	&	33.27	&	7.687	&	0.9576	&	20.05	&	4.307	&	15.76\\
correct: 36.76%
k: 27
	&	0	&	1	&	2	&	3	&	4	&	5	&	6	&	7	&	8	&	9\\
0	&	77.34	&	0.08818	&	4.281	&	1.326	&	1.253	&	3.711	&	3.235	&	1.045	&	2.145	&	5.664\\
1	&	0.5149	&	78.48	&	0.9512	&	4.64	&	1.164	&	2.199	&	1.887	&	2.323	&	12.06	&	1.3\\
2	&	3.09	&	5.026	&	22.47	&	29.26	&	2.596	&	11.2	&	5.526	&	3.368	&	17.43	&	5.107\\
3	&	3.399	&	3.704	&	27.11	&	7.576	&	2.417	&	22.96	&	2.426	&	5.923	&	13	&	9.285\\
4	&	1.03	&	0.97	&	3.805	&	3.409	&	38.85	&	4.055	&	5.391	&	6.504	&	4.424	&	25.16\\
5	&	4.84	&	4.233	&	14.27	&	13.16	&	5.64	&	9.416	&	5.795	&	4.762	&	20.24	&	9.564\\
6	&	4.222	&	0.7055	&	5.826	&	2.273	&	6.356	&	12.99	&	70.89	&	0.1161	&	4.424	&	1.486\\
7	&	0.5149	&	2.381	&	4.756	&	10.8	&	3.76	&	8.11	&	0.2695	&	51.92	&	7.507	&	16.43\\
8	&	4.325	&	3.263	&	14.15	&	18.28	&	4.566	&	17.66	&	3.639	&	4.181	&	14.61	&	9.564\\
9	&	0.7209	&	1.146	&	2.378	&	9.28	&	33.39	&	7.698	&	0.9434	&	19.86	&	4.155	&	16.43\\
correct: 37.4%
k: 26
	&	0	&	1	&	2	&	3	&	4	&	5	&	6	&	7	&	8	&	9\\
0	&	77.64	&	0.08834	&	4.028	&	1.337	&	1.156	&	3.441	&	3.476	&	1.056	&	2.39	&	5.415\\
1	&	0.5128	&	78.98	&	0.8294	&	4.489	&	1.156	&	2.271	&	1.872	&	2.113	&	11.95	&	1.307\\
2	&	2.872	&	5.124	&	23.46	&	29.13	&	2.933	&	10.87	&	5.08	&	3.404	&	17.26	&	5.135\\
3	&	3.077	&	3.799	&	27.37	&	7.927	&	2.489	&	23.06	&	2.54	&	5.634	&	12.62	&	9.15\\
4	&	1.128	&	0.9717	&	3.673	&	3.343	&	39.11	&	4.129	&	5.214	&	6.573	&	4.25	&	24.93\\
5	&	4.821	&	3.975	&	14.45	&	13.47	&	5.6	&	9.635	&	5.481	&	4.812	&	20.19	&	9.337\\
6	&	4.103	&	0.7067	&	5.687	&	2.197	&	6.133	&	12.73	&	71.39	&	0.1174	&	4.382	&	1.587\\
7	&	0.6154	&	2.032	&	4.384	&	10.41	&	3.911	&	8.121	&	0.1337	&	53.29	&	7.968	&	16.43\\
8	&	4.513	&	3.18	&	13.86	&	18.53	&	4.178	&	17.89	&	3.743	&	3.873	&	14.74	&	9.711\\
9	&	0.7179	&	1.148	&	2.251	&	9.169	&	33.33	&	7.846	&	1.07	&	19.13	&	4.25	&	16.99\\
correct: 37.93%
k: 25
	&	0	&	1	&	2	&	3	&	4	&	5	&	6	&	7	&	8	&	9\\
0	&	78.05	&	0.08787	&	3.686	&	1.347	&	1.344	&	3.448	&	3.605	&	1.055	&	2.614	&	4.842\\
1	&	0.4103	&	79.44	&	0.8323	&	4.427	&	1.165	&	2.138	&	1.869	&	1.758	&	11.5	&	1.21\\
2	&	2.872	&	4.833	&	24.38	&	29.16	&	2.867	&	11.24	&	4.806	&	3.517	&	16.99	&	4.655\\
3	&	2.974	&	3.866	&	28.18	&	8.181	&	2.33	&	23.31	&	2.67	&	5.158	&	12.55	&	8.473\\
4	&	1.231	&	0.8787	&	3.567	&	3.08	&	40.05	&	4.069	&	4.406	&	7.151	&	3.922	&	24.95\\
5	&	4.821	&	3.691	&	14.74	&	12.61	&	5.466	&	9.724	&	5.741	&	4.807	&	20.65	&	9.683\\
6	&	3.795	&	0.703	&	5.47	&	2.406	&	5.735	&	12.83	&	72.36	&	0.1172	&	4.183	&	1.583\\
7	&	0.6154	&	2.021	&	4.281	&	10.78	&	3.584	&	7.793	&	0.1335	&	54.04	&	7.843	&	16.39\\
8	&	4.41	&	3.163	&	13.44	&	18.96	&	4.48	&	17.59	&	3.471	&	3.517	&	15.56	&	9.777\\
9	&	0.8205	&	1.318	&	1.427	&	9.047	&	32.97	&	7.862	&	0.9346	&	18.87	&	4.183	&	18.44\\
correct: 38.63%
k: 24
	&	0	&	1	&	2	&	3	&	4	&	5	&	6	&	7	&	8	&	9\\
0	&	78.91	&	0.08772	&	3.814	&	1.242	&	1.158	&	3.268	&	3.826	&	1.063	&	2.507	&	4.638\\
1	&	0.4115	&	79.91	&	0.8343	&	4.298	&	1.158	&	2.017	&	1.979	&	1.417	&	11.35	&	1.206\\
2	&	3.086	&	4.912	&	25.39	&	28.94	&	3.295	&	10.99	&	4.354	&	2.952	&	16.49	&	4.824\\
3	&	2.984	&	3.86	&	28.96	&	8.405	&	2.315	&	23.09	&	2.507	&	5.313	&	12.66	&	8.163\\
4	&	1.235	&	0.9649	&	3.456	&	2.674	&	40.61	&	3.755	&	4.749	&	7.32	&	3.562	&	24.77\\
5	&	4.321	&	3.772	&	13.59	&	13.28	&	4.898	&	10.36	&	5.541	&	4.841	&	21.11	&	9.926\\
6	&	3.395	&	0.5263	&	5.244	&	2.77	&	6.233	&	12.66	&	72.16	&	0.1181	&	4.09	&	1.391\\
7	&	0.6173	&	2.018	&	4.529	&	10.79	&	3.473	&	7.441	&	0.2639	&	54.66	&	7.916	&	16.42\\
8	&	4.321	&	2.632	&	13.11	&	18.72	&	4.274	&	18.57	&	3.694	&	3.424	&	16.09	&	9.462\\
9	&	0.7202	&	1.316	&	1.073	&	8.883	&	32.59	&	7.858	&	0.9235	&	18.89	&	4.222	&	19.2\\
correct: 39.23%
k: 23
	&	0	&	1	&	2	&	3	&	4	&	5	&	6	&	7	&	8	&	9\\
0	&	79.22	&	0.08803	&	3.851	&	1.139	&	1.172	&	3.185	&	3.916	&	1.037	&	2.749	&	4.324\\
1	&	0.4115	&	80.63	&	0.8424	&	3.985	&	1.082	&	1.982	&	1.567	&	1.498	&	11.52	&	1.196\\
2	&	3.086	&	4.577	&	26.11	&	29.32	&	3.427	&	10.69	&	4.439	&	2.88	&	16.49	&	4.6\\
3	&	2.881	&	3.961	&	29.36	&	8.729	&	1.894	&	23.21	&	2.219	&	5.645	&	12.17	&	8.556\\
4	&	1.235	&	0.9683	&	3.369	&	2.467	&	41.66	&	3.539	&	4.7	&	7.373	&	3.403	&	24.56\\
5	&	4.321	&	3.433	&	13.36	&	12.81	&	4.869	&	11.04	&	5.744	&	5.3	&	21.34	&	9.384\\
6	&	3.395	&	0.6162	&	5.174	&	2.562	&	6.222	&	12.74	&	72.32	&	0.1152	&	3.796	&	1.38\\
7	&	0.5144	&	2.201	&	3.971	&	10.44	&	3.427	&	7.714	&	0.2611	&	54.61	&	7.461	&	16.1\\
8	&	4.218	&	2.377	&	13	&	19.83	&	4.238	&	18.33	&	3.786	&	3.226	&	16.62	&	9.108\\
9	&	0.7202	&	1.144	&	0.9627	&	8.729	&	32.01	&	7.573	&	1.044	&	18.32	&	4.45	&	20.79\\
correct: 39.94%
k: 22
	&	0	&	1	&	2	&	3	&	4	&	5	&	6	&	7	&	8	&	9\\
0	&	79.34	&	0.08757	&	3.542	&	1.139	&	1.092	&	3.314	&	3.786	&	0.9132	&	2.752	&	4.487\\
1	&	0.4111	&	81	&	0.8264	&	3.89	&	1.001	&	1.945	&	1.436	&	1.484	&	10.88	&	1.19\\
2	&	3.083	&	4.466	&	27.63	&	29.13	&	3.458	&	10.81	&	4.439	&	2.626	&	15.86	&	4.029\\
3	&	2.98	&	3.678	&	29.63	&	9.108	&	1.547	&	23.41	&	1.828	&	5.365	&	13.11	&	8.15\\
4	&	1.028	&	0.7881	&	3.188	&	2.467	&	42.68	&	3.314	&	4.308	&	7.306	&	3.801	&	24.63\\
5	&	4.522	&	3.152	&	13.22	&	12.9	&	4.732	&	11.96	&	5.614	&	5.023	&	21.49	&	8.7\\
6	&	3.289	&	0.613	&	5.077	&	2.562	&	6.005	&	12.39	&	73.76	&	0.1142	&	3.801	&	1.465\\
7	&	0.5139	&	2.452	&	3.778	&	10.15	&	3.458	&	7.349	&	0.3916	&	55.14	&	7.208	&	16.03\\
8	&	4.111	&	2.539	&	12.04	&	20.11	&	4.186	&	18.59	&	3.394	&	3.311	&	16.91	&	9.432\\
9	&	0.7194	&	1.226	&	1.063	&	8.539	&	31.85	&	6.916	&	1.044	&	18.72	&	4.194	&	21.89\\
correct: 40.78%
k: 21
	&	0	&	1	&	2	&	3	&	4	&	5	&	6	&	7	&	8	&	9\\
0	&	79.65	&	0.08795	&	3.432	&	1.111	&	1.105	&	3.287	&	3.622	&	0.813	&	2.706	&	4.545\\
1	&	0.4111	&	81.79	&	0.7101	&	3.611	&	1.013	&	1.899	&	1.294	&	1.278	&	10.95	&	1.182\\
2	&	3.289	&	4.222	&	27.93	&	28.61	&	3.591	&	10.96	&	4.398	&	2.439	&	15.72	&	3.727\\
3	&	2.672	&	3.342	&	29.23	&	10	&	1.473	&	23.45	&	1.94	&	4.994	&	13.14	&	8.545\\
4	&	1.028	&	0.7036	&	2.959	&	2.685	&	43.92	&	3.214	&	4.01	&	7.201	&	3.608	&	24.36\\
5	&	4.419	&	3.254	&	13.14	&	12.96	&	4.696	&	12.64	&	5.563	&	4.878	&	21.13	&	8\\
6	&	3.392	&	0.6157	&	4.852	&	2.5	&	5.617	&	12.34	&	74.26	&	0.1161	&	3.608	&	1.545\\
7	&	0.5139	&	2.375	&	3.55	&	10.28	&	3.499	&	7.232	&	0.5175	&	56.79	&	6.701	&	15.73\\
8	&	3.803	&	2.463	&	13.02	&	20	&	3.499	&	18.26	&	3.364	&	3.252	&	18.3	&	9\\
9	&	0.8222	&	1.143	&	1.183	&	8.241	&	31.58	&	6.72	&	1.035	&	18.23	&	4.124	&	23.36\\
correct: 41.61%
k: 20
	&	0	&	1	&	2	&	3	&	4	&	5	&	6	&	7	&	8	&	9\\
0	&	81.06	&	0.08726	&	3.513	&	1.307	&	1.104	&	3.27	&	3.699	&	0.5747	&	1.859	&	4.3\\
1	&	0.4141	&	81.68	&	0.5855	&	3.455	&	0.92	&	1.89	&	1.148	&	1.264	&	11.02	&	1.281\\
2	&	3.106	&	4.363	&	29.98	&	28.29	&	3.128	&	10.97	&	4.082	&	2.529	&	15.41	&	3.477\\
3	&	2.484	&	3.49	&	28.45	&	10.55	&	1.472	&	23.26	&	1.786	&	4.713	&	14.34	&	8.326\\
4	&	0.9317	&	0.6981	&	2.927	&	2.801	&	44.99	&	3.125	&	3.954	&	6.552	&	3.32	&	24.25\\
5	&	4.037	&	3.054	&	12.88	&	12.61	&	4.692	&	13.74	&	5.612	&	4.943	&	21.25	&	7.868\\
6	&	3.313	&	0.5236	&	4.45	&	2.521	&	5.612	&	11.92	&	74.87	&	0.1149	&	3.586	&	1.372\\
7	&	0.5176	&	2.443	&	3.513	&	9.711	&	3.128	&	6.977	&	0.6378	&	57.36	&	5.843	&	16.74\\
8	&	3.313	&	2.356	&	12.65	&	20.63	&	3.588	&	18.6	&	3.316	&	3.103	&	19.26	&	8.509\\
9	&	0.8282	&	1.309	&	1.054	&	8.123	&	31.37	&	6.25	&	0.8929	&	18.85	&	4.117	&	23.88\\
correct: 42.58%
k: 19
	&	0	&	1	&	2	&	3	&	4	&	5	&	6	&	7	&	8	&	9\\
0	&	81.37	&	0.08681	&	3.325	&	1.31	&	1.204	&	3.316	&	3.491	&	0.5721	&	1.979	&	4.091\\
1	&	0.4141	&	81.94	&	0.5938	&	3.555	&	0.7407	&	1.916	&	1.122	&	1.373	&	10.03	&	1.182\\
2	&	3.313	&	4.34	&	30.76	&	28.53	&	2.963	&	10.76	&	4.489	&	2.288	&	15.04	&	3.455\\
3	&	2.692	&	3.125	&	28.62	&	11.13	&	1.389	&	23.36	&	1.496	&	4.691	&	15.17	&	8\\
4	&	0.9317	&	0.6944	&	2.732	&	2.619	&	45.56	&	3.242	&	4.115	&	6.522	&	3.166	&	24\\
5	&	3.83	&	2.865	&	12.23	&	13.19	&	4.722	&	14.3	&	5.486	&	4.92	&	21.24	&	7.727\\
6	&	3.106	&	0.6944	&	4.513	&	2.245	&	5.463	&	11.35	&	74.94	&	0.1144	&	3.562	&	1.455\\
7	&	0.5176	&	2.431	&	3.919	&	9.167	&	3.148	&	6.927	&	0.6234	&	58.24	&	5.541	&	16.36\\
8	&	2.899	&	2.431	&	12.35	&	20.95	&	3.704	&	18.64	&	3.367	&	2.975	&	20.05	&	8.364\\
9	&	0.9317	&	1.389	&	0.9501	&	7.297	&	31.11	&	6.19	&	0.8728	&	18.31	&	4.222	&	25.36\\
correct: 43.35%
k: 18
	&	0	&	1	&	2	&	3	&	4	&	5	&	6	&	7	&	8	&	9\\
0	&	82.11	&	0	&	2.945	&	1.407	&	0.9311	&	3.319	&	3.23	&	0.5688	&	2.097	&	4.037\\
1	&	0.4137	&	82.45	&	0.5889	&	3.471	&	0.7449	&	1.917	&	0.9938	&	1.365	&	9.699	&	1.101\\
2	&	3.309	&	4.17	&	31.8	&	28.99	&	2.886	&	10.4	&	4.224	&	2.389	&	14.29	&	3.394\\
3	&	2.999	&	3.215	&	28.74	&	11.82	&	1.21	&	23.01	&	1.242	&	4.892	&	14.81	&	7.615\\
4	&	0.8273	&	0.695	&	2.945	&	2.814	&	47.49	&	3.245	&	3.975	&	5.916	&	3.145	&	22.84\\
5	&	3.516	&	2.78	&	12.01	&	13.41	&	4.283	&	15.27	&	5.217	&	5.006	&	20.58	&	7.798\\
6	&	2.689	&	0.695	&	4.122	&	1.876	&	5.493	&	11.14	&	76.65	&	0.1138	&	3.277	&	1.468\\
7	&	0.4137	&	2.433	&	3.651	&	8.818	&	3.352	&	7.006	&	0.6211	&	58.59	&	5.505	&	16.33\\
8	&	2.999	&	2.259	&	12.13	&	20.36	&	3.538	&	18.51	&	3.106	&	3.072	&	22.28	&	8.073\\
9	&	0.7239	&	1.303	&	1.06	&	7.036	&	30.07	&	6.195	&	0.7453	&	18.09	&	4.325	&	27.34\\
correct: 44.56%
k: 17
	&	0	&	1	&	2	&	3	&	4	&	5	&	6	&	7	&	8	&	9\\
0	&	82.72	&	0	&	2.824	&	1.139	&	0.8459	&	2.99	&	3.045	&	0.5605	&	1.697	&	3.963\\
1	&	0.409	&	82.9	&	0.7059	&	3.321	&	0.7519	&	1.868	&	0.9744	&	1.233	&	9.399	&	1.014\\
2	&	3.067	&	3.819	&	34	&	28.75	&	2.914	&	9.641	&	4.141	&	2.691	&	14.49	&	3.41\\
3	&	2.658	&	3.038	&	27.53	&	12.71	&	1.41	&	23.54	&	1.462	&	4.484	&	15.93	&	7.097\\
4	&	0.818	&	0.6944	&	2.824	&	2.751	&	48.59	&	3.363	&	3.776	&	5.942	&	3.003	&	22.49\\
5	&	3.885	&	2.691	&	12	&	13.66	&	3.947	&	15.99	&	5.968	&	4.596	&	19.84	&	7.281\\
6	&	2.352	&	0.7812	&	3.647	&	2.182	&	5.451	&	11.14	&	76.61	&	0.1121	&	2.742	&	1.29\\
7	&	0.409	&	2.344	&	3.529	&	8.729	&	3.383	&	6.652	&	0.4872	&	59.53	&	5.352	&	16.04\\
8	&	3.067	&	2.517	&	11.88	&	20.02	&	3.383	&	18.68	&	2.801	&	3.139	&	23.37	&	8.018\\
9	&	0.6135	&	1.215	&	1.059	&	6.736	&	29.32	&	6.129	&	0.7308	&	17.71	&	4.178	&	29.4\\
correct: 45.76%
k: 16
	&	0	&	1	&	2	&	3	&	4	&	5	&	6	&	7	&	8	&	9\\
0	&	83.44	&	0	&	2.91	&	1.154	&	0.7477	&	2.842	&	3.19	&	0.7752	&	1.44	&	3.815\\
1	&	0.3086	&	84.28	&	0.6985	&	3.173	&	0.7477	&	1.72	&	0.9816	&	1.107	&	9.686	&	0.9083\\
2	&	2.984	&	3.775	&	35.39	&	28.27	&	3.364	&	9.574	&	3.681	&	2.547	&	14.01	&	3.451\\
3	&	2.572	&	2.634	&	27.82	&	12.98	&	1.495	&	23.71	&	1.472	&	4.43	&	15.58	&	6.994\\
4	&	0.7202	&	0.7024	&	2.445	&	2.596	&	49.07	&	3.291	&	3.558	&	5.759	&	3.141	&	22.25\\
5	&	3.807	&	2.195	&	11.76	&	13.75	&	3.645	&	17.2	&	5.644	&	4.651	&	20.03	&	6.903\\
6	&	2.469	&	0.6146	&	3.492	&	2.308	&	5.234	&	10.77	&	78.04	&	0.2215	&	2.88	&	1.181\\
7	&	0.2058	&	2.195	&	3.26	&	8.846	&	3.364	&	6.432	&	0.2454	&	60.13	&	4.843	&	16.08\\
8	&	2.778	&	2.458	&	11.41	&	20.38	&	2.897	&	18.77	&	2.577	&	3.212	&	24.61	&	8.084\\
9	&	0.7202	&	1.141	&	0.8149	&	6.538	&	29.44	&	5.684	&	0.6135	&	17.17	&	3.796	&	30.34\\
correct: 46.66%
k: 15
	&	0	&	1	&	2	&	3	&	4	&	5	&	6	&	7	&	8	&	9\\
0	&	83.97	&	0	&	2.715	&	1.163	&	0.8295	&	2.814	&	2.676	&	0.6608	&	1.521	&	3.839\\
1	&	0.3083	&	84.85	&	0.7084	&	2.81	&	0.8295	&	1.445	&	1.095	&	1.211	&	9.759	&	0.8227\\
2	&	2.672	&	3.348	&	36.84	&	29.17	&	3.226	&	9.582	&	3.528	&	2.313	&	13.69	&	3.291\\
3	&	2.364	&	2.555	&	27.63	&	14.34	&	1.475	&	23.65	&	1.582	&	4.075	&	16.22	&	6.49\\
4	&	0.7194	&	0.6167	&	2.243	&	2.519	&	49.77	&	3.346	&	3.285	&	5.176	&	2.915	&	22.12\\
5	&	3.905	&	2.115	&	11.69	&	13.37	&	3.687	&	17.95	&	5.961	&	4.956	&	19.01	&	6.673\\
6	&	2.364	&	0.6167	&	3.188	&	2.422	&	5.253	&	10.8	&	78.35	&	0.2203	&	2.662	&	0.9141\\
7	&	0.2055	&	2.203	&	2.952	&	8.043	&	3.594	&	5.932	&	0.365	&	62	&	4.689	&	15.81\\
8	&	2.878	&	2.467	&	11.22	&	19.67	&	2.765	&	18.71	&	2.555	&	3.194	&	25.98	&	8.135\\
9	&	0.6166	&	1.233	&	0.8264	&	6.492	&	28.57	&	5.779	&	0.6083	&	16.19	&	3.549	&	31.9\\
correct: 47.77%
k: 14
	&	0	&	1	&	2	&	3	&	4	&	5	&	6	&	7	&	8	&	9\\
0	&	84.76	&	0	&	2.778	&	1.257	&	0.9107	&	2.588	&	2.552	&	0.4444	&	1.548	&	3.588\\
1	&	0.309	&	85.19	&	0.6944	&	2.708	&	0.8197	&	1.37	&	1.094	&	1.222	&	9.935	&	0.736\\
2	&	2.575	&	3.175	&	38.43	&	28.72	&	3.461	&	9.437	&	3.402	&	1.889	&	13.29	&	2.944\\
3	&	2.06	&	2.734	&	26.85	&	15.38	&	1.73	&	23.14	&	1.458	&	4.111	&	16.26	&	6.44\\
4	&	0.8239	&	0.5291	&	1.852	&	2.418	&	50.46	&	3.196	&	3.159	&	4.667	&	3.226	&	21.9\\
5	&	3.913	&	2.205	&	11	&	12.38	&	4.007	&	19.79	&	5.589	&	4.444	&	19.48	&	5.98\\
6	&	2.266	&	0.7055	&	3.356	&	2.224	&	4.645	&	10.65	&	79.22	&	0.2222	&	2.452	&	1.104\\
7	&	0.103	&	2.116	&	2.778	&	8.317	&	3.097	&	5.556	&	0.243	&	64.22	&	4.387	&	15.82\\
8	&	2.575	&	2.205	&	11.34	&	20.12	&	3.097	&	18.8	&	2.916	&	3	&	26.19	&	7.636\\
9	&	0.6179	&	1.146	&	0.9259	&	6.48	&	27.78	&	5.479	&	0.3645	&	15.78	&	3.226	&	33.85\\
correct: 48.95%
k: 13
	&	0	&	1	&	2	&	3	&	4	&	5	&	6	&	7	&	8	&	9\\
0	&	85.36	&	0	&	2.771	&	1.179	&	0.9259	&	2.564	&	2.395	&	0.5405	&	1.533	&	3.297\\
1	&	0.4124	&	85.23	&	0.6928	&	2.652	&	0.8333	&	1.01	&	0.9581	&	0.973	&	9.706	&	0.7326\\
2	&	2.165	&	3.147	&	40.99	&	28.39	&	3.611	&	9.402	&	3.473	&	2.162	&	11.88	&	2.656\\
3	&	1.649	&	2.535	&	26.56	&	16.9	&	1.667	&	23.23	&	1.317	&	3.892	&	16.22	&	6.593\\
4	&	0.8247	&	0.5245	&	1.732	&	2.161	&	52.13	&	3.186	&	2.874	&	4.541	&	3.193	&	21.61\\
5	&	3.918	&	2.185	&	10.39	&	11.98	&	3.889	&	21.21	&	6.108	&	4.108	&	18.65	&	6.136\\
6	&	2.474	&	0.8741	&	3.118	&	1.965	&	4.259	&	10.26	&	79.76	&	0.2162	&	2.427	&	1.099\\
7	&	0.2062	&	2.185	&	2.425	&	7.662	&	2.685	&	4.895	&	0.2395	&	65.19	&	4.853	&	15.29\\
8	&	2.268	&	2.098	&	10.62	&	20.73	&	3.333	&	18.88	&	2.515	&	2.919	&	28.35	&	6.96\\
9	&	0.7216	&	1.224	&	0.6928	&	6.385	&	26.67	&	5.361	&	0.3593	&	15.46	&	3.193	&	35.62\\
correct: 50.46%
k: 12
	&	0	&	1	&	2	&	3	&	4	&	5	&	6	&	7	&	8	&	9\\
0	&	86.51	&	0	&	2.395	&	1.183	&	0.8227	&	2.365	&	2.243	&	0.4353	&	1.717	&	2.908\\
1	&	0.309	&	86.1	&	0.7982	&	2.761	&	0.8227	&	1.068	&	0.8264	&	0.6529	&	9.115	&	0.6567\\
2	&	2.06	&	2.797	&	43.44	&	27.12	&	3.108	&	9.382	&	3.66	&	2.285	&	11.62	&	2.533\\
3	&	1.339	&	2.273	&	26	&	18.84	&	1.645	&	23.19	&	1.299	&	3.482	&	15.72	&	6.379\\
4	&	0.8239	&	0.3497	&	1.368	&	2.071	&	53.2	&	3.204	&	2.834	&	4.135	&	2.774	&	21.58\\
5	&	3.811	&	2.185	&	9.806	&	11.93	&	3.748	&	22.96	&	5.313	&	4.026	&	18.1	&	5.816\\
6	&	1.957	&	0.8741	&	2.851	&	1.775	&	4.388	&	9.611	&	80.99	&	0.1088	&	1.849	&	1.032\\
7	&	0.309	&	2.01	&	2.395	&	7.101	&	2.925	&	4.5	&	0.2361	&	67.03	&	4.756	&	15.38\\
8	&	2.163	&	2.185	&	10.15	&	21.01	&	3.199	&	18.69	&	2.243	&	3.047	&	30.91	&	6.098\\
9	&	0.7209	&	1.224	&	0.7982	&	6.213	&	26.14	&	5.034	&	0.3542	&	14.8	&	3.435	&	37.62\\
correct: 52.17%
k: 11
	&	0	&	1	&	2	&	3	&	4	&	5	&	6	&	7	&	8	&	9\\
0	&	87.41	&	0	&	2.275	&	1.076	&	0.8451	&	2.2	&	2.197	&	0.4372	&	1.414	&	2.865\\
1	&	0.3096	&	86.46	&	0.9101	&	2.544	&	0.7512	&	1.178	&	0.8092	&	0.6557	&	7.841	&	0.4621\\
2	&	1.858	&	2.691	&	46.19	&	26.91	&	3.005	&	8.877	&	4.162	&	1.967	&	10.28	&	2.126\\
3	&	1.342	&	2.517	&	24.12	&	20.25	&	1.784	&	23.8	&	1.503	&	3.607	&	15.42	&	5.638\\
4	&	0.8256	&	0.3472	&	1.479	&	1.663	&	55.4	&	2.907	&	2.775	&	3.716	&	2.699	&	21.63\\
5	&	3.302	&	1.997	&	9.329	&	12.04	&	3.756	&	23.57	&	5.78	&	3.716	&	18.51	&	5.915\\
6	&	1.961	&	0.9549	&	2.73	&	1.663	&	4.131	&	9.427	&	80.58	&	0.1093	&	1.799	&	1.017\\
7	&	0.3096	&	1.649	&	2.503	&	6.556	&	2.723	&	4.635	&	0.2312	&	69.18	&	4.884	&	14.42\\
8	&	2.064	&	2.257	&	9.329	&	21.04	&	3.192	&	18.22	&	1.734	&	3.06	&	33.68	&	5.545\\
9	&	0.6192	&	1.128	&	1.138	&	6.262	&	24.41	&	5.185	&	0.2312	&	13.55	&	3.47	&	40.39\\
correct: 53.75%
k: 10
	&	0	&	1	&	2	&	3	&	4	&	5	&	6	&	7	&	8	&	9\\
0	&	87.85	&	0	&	2.198	&	0.9833	&	0.8326	&	2.121	&	1.738	&	0.4386	&	1.348	&	2.974\\
1	&	0.206	&	87.36	&	0.7692	&	2.262	&	0.9251	&	1.1	&	0.6952	&	0.4386	&	7.412	&	0.4647\\
2	&	2.06	&	2.511	&	47.91	&	25.76	&	2.868	&	8.013	&	3.592	&	2.193	&	10.24	&	2.323\\
3	&	1.236	&	2.597	&	23.41	&	22.12	&	1.665	&	23.49	&	1.506	&	3.399	&	14.82	&	5.483\\
4	&	0.8239	&	0.4329	&	1.099	&	1.672	&	57.35	&	2.907	&	2.665	&	3.509	&	2.291	&	19.8\\
5	&	3.193	&	1.645	&	8.791	&	10.91	&	3.423	&	26.55	&	5.214	&	3.728	&	18.6	&	5.483\\
6	&	1.751	&	0.8658	&	2.527	&	1.573	&	3.978	&	9.112	&	82.27	&	0.1096	&	1.482	&	1.022\\
7	&	0.309	&	1.732	&	2.088	&	6.785	&	2.683	&	4.399	&	0.2317	&	70.39	&	4.447	&	14.41\\
8	&	1.751	&	1.905	&	10.11	&	22.52	&	2.868	&	16.89	&	1.854	&	2.961	&	35.71	&	5.576\\
9	&	0.8239	&	0.9524	&	1.099	&	5.408	&	23.4	&	5.42	&	0.2317	&	12.83	&	3.639	&	42.47\\
correct: 55.55%
k: 9
	&	0	&	1	&	2	&	3	&	4	&	5	&	6	&	7	&	8	&	9\\
0	&	89.13	&	0	&	1.982	&	0.8712	&	0.7678	&	2.105	&	1.954	&	0.4367	&	1.299	&	2.455\\
1	&	0.1035	&	87.84	&	0.6608	&	1.742	&	0.7678	&	1.134	&	0.6897	&	0.3275	&	7.013	&	0.5455\\
2	&	2.174	&	2.241	&	50.77	&	24.88	&	2.783	&	7.854	&	2.874	&	2.183	&	9.61	&	2\\
3	&	0.9317	&	2.759	&	23.02	&	24.2	&	1.631	&	23.32	&	0.9195	&	2.729	&	15.06	&	5.091\\
4	&	0.6211	&	0.431	&	0.7709	&	1.355	&	60.46	&	2.672	&	2.874	&	2.838	&	2.727	&	19.55\\
5	&	2.899	&	1.638	&	8.26	&	11.33	&	3.455	&	27.45	&	5.747	&	3.821	&	17.14	&	5.545\\
6	&	1.76	&	0.8621	&	2.423	&	1.549	&	3.743	&	9.555	&	82.41	&	0	&	1.299	&	0.8182\\
7	&	0.207	&	1.379	&	1.652	&	6.486	&	2.495	&	4.049	&	0.2299	&	73.03	&	4.156	&	13.55\\
8	&	1.449	&	1.897	&	9.581	&	21.68	&	2.783	&	16.68	&	2.069	&	2.838	&	38.31	&	4.818\\
9	&	0.7246	&	0.9483	&	0.8811	&	5.905	&	21.11	&	5.182	&	0.2299	&	11.79	&	3.377	&	45.64\\
correct: 57.43%
k: 8
	&	0	&	1	&	2	&	3	&	4	&	5	&	6	&	7	&	8	&	9\\
0	&	90.54	&	0	&	1.392	&	0.9804	&	0.7498	&	1.951	&	1.72	&	0.324	&	1.083	&	2.566\\
1	&	0	&	88.52	&	0.6424	&	1.667	&	0.5623	&	1.138	&	0.6881	&	0.324	&	6.766	&	0.6416\\
2	&	1.871	&	2.243	&	53.53	&	24.22	&	2.999	&	7.073	&	2.294	&	2.16	&	8.39	&	1.833\\
3	&	0.8316	&	2.33	&	22.81	&	26.57	&	1.5	&	22.6	&	1.147	&	2.376	&	15.02	&	4.95\\
4	&	0.6237	&	0.1726	&	0.5353	&	1.373	&	61.39	&	2.602	&	2.408	&	2.7	&	2.842	&	18.42\\
5	&	2.703	&	1.812	&	7.602	&	11.27	&	3.28	&	30.08	&	5.161	&	3.24	&	16.78	&	5.041\\
6	&	1.247	&	0.7765	&	2.355	&	1.569	&	3.468	&	9.106	&	84.52	&	0	&	0.8119	&	0.6416\\
7	&	0.2079	&	1.294	&	1.713	&	5.294	&	2.53	&	3.74	&	0	&	74.41	&	4.465	&	13.38\\
8	&	1.351	&	2.071	&	8.565	&	22.16	&	2.812	&	16.91	&	1.835	&	2.592	&	40.87	&	4.675\\
9	&	0.6237	&	0.7765	&	0.8565	&	4.902	&	20.71	&	4.797	&	0.2294	&	11.88	&	2.977	&	47.85\\
correct: 59.43%
k: 7
	&	0	&	1	&	2	&	3	&	4	&	5	&	6	&	7	&	8	&	9\\
0	&	90.2	&	0	&	1.184	&	0.8815	&	0.6692	&	2.083	&	1.136	&	0.1055	&	0.9162	&	2.437\\
1	&	0	&	88.67	&	0.4306	&	1.469	&	0.5736	&	1.083	&	0.5682	&	0.4219	&	6.545	&	0.4686\\
2	&	1.735	&	1.803	&	56.94	&	23.41	&	2.294	&	7.333	&	2.045	&	1.582	&	8.639	&	1.406\\
3	&	1.02	&	2.403	&	21.64	&	30.26	&	1.243	&	21.33	&	0.9091	&	2.637	&	15.45	&	3.936\\
4	&	0.7143	&	0.3433	&	0.7535	&	0.9794	&	63.77	&	2.417	&	1.818	&	2.426	&	2.356	&	18.84\\
5	&	2.857	&	1.373	&	6.889	&	11.66	&	2.964	&	33	&	5.568	&	2.954	&	15.18	&	4.217\\
6	&	1.429	&	0.6867	&	2.045	&	1.273	&	3.346	&	8.583	&	85.68	&	0	&	0.9162	&	0.4686\\
7	&	0.2041	&	1.288	&	1.292	&	4.603	&	2.581	&	3.833	&	0	&	75.53	&	3.927	&	12.46\\
8	&	1.224	&	2.232	&	7.966	&	20.86	&	3.346	&	16.25	&	2.045	&	3.059	&	43.72	&	3.561\\
9	&	0.6122	&	1.202	&	0.8611	&	4.603	&	19.22	&	4.083	&	0.2273	&	11.29	&	2.356	&	52.2\\
correct: 61.79%
k: 6
	&	0	&	1	&	2	&	3	&	4	&	5	&	6	&	7	&	8	&	9\\
0	&	91.07	&	0	&	1.251	&	0.5988	&	0.4682	&	1.904	&	0.9122	&	0.1052	&	0.6849	&	2.195\\
1	&	0	&	88.91	&	0.4171	&	1.597	&	0.4682	&	1.242	&	0.5701	&	0.4206	&	5.479	&	0.3817\\
2	&	1.726	&	2.133	&	60.17	&	20.16	&	2.06	&	7.119	&	2.281	&	1.472	&	7.671	&	1.24\\
3	&	0.7107	&	2.304	&	20.54	&	34.63	&	1.311	&	18.87	&	0.9122	&	2.944	&	15.07	&	4.198\\
4	&	0.7107	&	0.08532	&	1.043	&	0.7984	&	66.57	&	1.987	&	1.482	&	1.893	&	2.466	&	16.41\\
5	&	2.335	&	1.109	&	5.422	&	10.48	&	2.528	&	38.58	&	4.447	&	2.734	&	14.38	&	3.435\\
6	&	1.421	&	0.7679	&	1.773	&	1.098	&	3.184	&	7.285	&	87.8	&	0	&	1.37	&	0.4771\\
7	&	0.203	&	1.451	&	1.251	&	4.391	&	2.715	&	3.642	&	0	&	76.34	&	3.973	&	11.93\\
8	&	1.32	&	2.304	&	7.508	&	22.16	&	2.996	&	15.56	&	1.368	&	2.944	&	46.99	&	3.531\\
9	&	0.5076	&	0.9386	&	0.6257	&	4.092	&	17.7	&	3.808	&	0.2281	&	11.15	&	1.918	&	56.2\\
correct: 64.68%
k: 5
	&	0	&	1	&	2	&	3	&	4	&	5	&	6	&	7	&	8	&	9\\
0	&	92.53	&	0	&	1.271	&	0.5842	&	0.3922	&	1.989	&	0.7692	&	0.2055	&	0.5038	&	1.758\\
1	&	0	&	89.9	&	0.7415	&	1.461	&	0.5882	&	0.9946	&	0.4396	&	0.5139	&	4.534	&	0.09251\\
2	&	1.433	&	1.884	&	63.35	&	20.35	&	2.059	&	6.329	&	2.308	&	1.542	&	6.423	&	1.018\\
3	&	0.9212	&	2.14	&	18.64	&	38.36	&	1.078	&	17.63	&	1.099	&	2.98	&	14.74	&	4.07\\
4	&	0.4094	&	0.08562	&	1.271	&	0.6816	&	70.29	&	1.989	&	1.209	&	1.542	&	1.889	&	16.47\\
5	&	2.252	&	0.9418	&	4.661	&	10.42	&	2.059	&	43.22	&	4.945	&	3.083	&	11.96	&	3.608\\
6	&	0.9212	&	0.5137	&	1.695	&	0.9737	&	2.745	&	6.6	&	88.02	&	0	&	1.259	&	0.4625\\
7	&	0	&	1.284	&	1.165	&	4.284	&	2.353	&	3.436	&	0	&	77.8	&	3.526	&	10.27\\
8	&	1.024	&	2.312	&	6.568	&	18.89	&	2.549	&	14.47	&	1.099	&	2.364	&	53.65	&	3.33\\
9	&	0.5118	&	0.9418	&	0.6356	&	3.992	&	15.88	&	3.345	&	0.1099	&	9.969	&	1.511	&	58.93\\
correct: 67.62%
k: 4
	&	0	&	1	&	2	&	3	&	4	&	5	&	6	&	7	&	8	&	9\\
0	&	92.07	&	0	&	0.8973	&	0.503	&	0.1896	&	2.067	&	0.6734	&	0.106	&	0.561	&	1.135\\
1	&	0	&	89.72	&	0.6979	&	0.9054	&	0.3791	&	0.6891	&	0.2245	&	0.4242	&	4.769	&	0.1892\\
2	&	1.506	&	1.685	&	67.4	&	16.3	&	1.422	&	5.34	&	1.571	&	1.803	&	5.47	&	1.135\\
3	&	0.7028	&	2.275	&	16.65	&	47.28	&	1.043	&	14.73	&	0.6734	&	2.651	&	11.92	&	3.879\\
4	&	0.502	&	0.08425	&	1.097	&	0.4024	&	73.74	&	2.067	&	0.8979	&	0.9544	&	1.403	&	12.49\\
5	&	2.309	&	1.095	&	3.29	&	8.35	&	1.706	&	49.27	&	3.255	&	2.439	&	9.537	&	2.838\\
6	&	1.205	&	0.337	&	1.097	&	0.8048	&	2.464	&	5.857	&	91.25	&	0	&	1.262	&	0.6623\\
7	&	0	&	1.179	&	1.396	&	4.326	&	2.18	&	2.842	&	0.1122	&	81.76	&	3.506	&	9.839\\
8	&	1.406	&	2.696	&	6.68	&	18.01	&	2.18	&	13.61	&	1.01	&	2.333	&	60.45	&	3.69\\
9	&	0.3012	&	0.9267	&	0.7976	&	3.119	&	14.69	&	3.531	&	0.3367	&	7.529	&	1.122	&	64.14\\
correct: 71.71%
k: 3
	&	0	&	1	&	2	&	3	&	4	&	5	&	6	&	7	&	8	&	9\\
0	&	93.81	&	0	&	0.733	&	0.3052	&	0.09852	&	2.212	&	0.639	&	0	&	0.6912	&	0.8604\\
1	&	0	&	91.32	&	0.733	&	0.8138	&	0.2956	&	0.7692	&	0.3195	&	0.3021	&	3.456	&	0\\
2	&	1.521	&	1.362	&	73.82	&	14.85	&	1.182	&	5.192	&	1.491	&	1.813	&	5.3	&	0.5736\\
3	&	0.5071	&	2.043	&	13.3	&	54.93	&	0.6897	&	12.21	&	0.7455	&	2.82	&	12.56	&	3.442\\
4	&	0.5071	&	0.08511	&	0.8377	&	0.3052	&	77.83	&	2.019	&	0.852	&	0.7049	&	0.9217	&	12.52\\
5	&	1.521	&	0.4255	&	2.723	&	8.342	&	1.675	&	56.06	&	3.834	&	2.719	&	9.447	&	1.816\\
6	&	0.5071	&	0.3404	&	0.6283	&	0.5086	&	1.872	&	5	&	90.31	&	0	&	1.498	&	0.5736\\
7	&	0.2028	&	1.106	&	0.8377	&	2.747	&	2.167	&	2.212	&	0	&	82.88	&	2.995	&	8.031\\
8	&	1.116	&	2.383	&	5.864	&	14.55	&	1.675	&	10.96	&	1.704	&	2.316	&	61.75	&	2.868\\
9	&	0.3043	&	0.9362	&	0.5236	&	2.645	&	12.51	&	3.365	&	0.1065	&	6.445	&	1.382	&	69.31\\
correct: 75.48%
k: 2
	&	0	&	1	&	2	&	3	&	4	&	5	&	6	&	7	&	8	&	9\\
0	&	93.91	&	0	&	0	&	0	&	0.2752	&	1.383	&	0.221	&	0.2137	&	0	&	0.09653\\
1	&	0	&	91.29	&	0.5489	&	0.2181	&	0.09174	&	0.9507	&	0.1105	&	0	&	0.4754	&	0\\
2	&	1.179	&	0.8217	&	78.96	&	6.87	&	1.193	&	3.803	&	0.3315	&	0.7479	&	1.268	&	0.8687\\
3	&	0.2947	&	2.219	&	11.71	&	69.79	&	0.5505	&	9.68	&	0.442	&	2.137	&	5.705	&	3.282\\
4	&	0.3929	&	0.1643	&	0.366	&	0.1091	&	81.38	&	1.729	&	0.5525	&	0.2137	&	0.317	&	5.309\\
5	&	1.277	&	0.4108	&	1.372	&	5.453	&	0.9174	&	63.09	&	1.768	&	1.709	&	2.853	&	1.834\\
6	&	0.8841	&	0.493	&	0.7319	&	0.2181	&	1.468	&	4.149	&	95.25	&	0	&	0.317	&	0.4826\\
7	&	0.1965	&	1.15	&	0.9149	&	2.726	&	1.284	&	1.901	&	0.1105	&	90.17	&	0.7924	&	8.784\\
8	&	0.9823	&	2.465	&	4.941	&	13.52	&	1.835	&	10.72	&	1.215	&	2.778	&	87.48	&	2.22\\
9	&	0.8841	&	0.986	&	0.4575	&	1.091	&	11.01	&	2.593	&	0	&	2.03	&	0.7924	&	77.12\\
correct: 82.44%
k: 1
	&	0	&	1	&	2	&	3	&	4	&	5	&	6	&	7	&	8	&	9\\
0	&	94.42	&	0	&	0.5176	&	0.1961	&	0.3128	&	1.034	&	0.5128	&	0.1921	&	0.2099	&	0.4812\\
1	&	0	&	93.44	&	0.6211	&	0.5882	&	0.1043	&	1.034	&	0.2051	&	0.09606	&	1.364	&	0\\
2	&	0.8973	&	0.4259	&	82.92	&	12.84	&	0.8342	&	2.184	&	0.7179	&	1.441	&	3.358	&	0.4812\\
3	&	0.3988	&	1.448	&	8.489	&	68.04	&	0.5214	&	6.437	&	1.128	&	2.594	&	9.549	&	2.214\\
4	&	0.1994	&	0.1704	&	0.7246	&	0.09804	&	87.07	&	1.494	&	0.7179	&	0.7685	&	1.259	&	9.143\\
5	&	1.795	&	0.3407	&	1.656	&	5.784	&	1.043	&	73.33	&	2.872	&	2.786	&	7.45	&	1.829\\
6	&	0.5982	&	0.3407	&	0.4141	&	0.2941	&	0.5214	&	2.989	&	92.51	&	0	&	0.3148	&	0.4812\\
7	&	0.1994	&	1.107	&	0.9317	&	1.863	&	0.7299	&	1.379	&	0	&	85.49	&	2.204	&	5.294\\
8	&	0.7976	&	1.704	&	3.313	&	8.529	&	1.356	&	8.161	&	1.333	&	2.305	&	72.4	&	1.54\\
9	&	0.6979	&	1.022	&	0.4141	&	1.765	&	7.508	&	1.954	&	0	&	4.323	&	1.889	&	78.54\\
correct: 83.1%
