k: 5
	&	0	&	1	&	2	&	3	&	4	&	5	&	6	&	7	&	8	&	9\\
0	&	83.51	&	0.2521	&	1.163	&	0.8147	&	0.3922	&	1.559	&	1.504	&	0.3122	&	2.999	&	0.4655\\
1	&	0.7498	&	87.9	&	0.1057	&	0.8147	&	0.6863	&	0.5198	&	0.5371	&	0.4162	&	4.844	&	0.838\\
2	&	1.312	&	1.513	&	88.27	&	5.499	&	1.373	&	1.247	&	1.611	&	3.746	&	3.114	&	0.6518\\
3	&	3.093	&	1.513	&	3.594	&	65.27	&	0.3922	&	16.53	&	0.3222	&	1.873	&	7.382	&	3.352\\
4	&	0.5623	&	0.5882	&	0.4228	&	0.1018	&	66.57	&	1.871	&	3.008	&	5.411	&	1.038	&	16.57\\
5	&	1.593	&	1.092	&	0.2114	&	13.24	&	1.863	&	64.14	&	2.793	&	1.041	&	4.383	&	1.862\\
6	&	1.593	&	0.9244	&	1.374	&	0.2037	&	3.333	&	3.638	&	88.51	&	0.4162	&	1.961	&	0.09311\\
7	&	0.09372	&	1.008	&	3.594	&	3.462	&	4.706	&	1.143	&	0.2148	&	75.23	&	1.269	&	14.15\\
8	&	6.935	&	3.866	&	0.9514	&	8.961	&	2.059	&	7.277	&	1.396	&	1.769	&	69.32	&	3.259\\
9	&	0.5623	&	1.345	&	0.3171	&	1.629	&	18.63	&	2.079	&	0.1074	&	9.781	&	3.691	&	58.75\\
correct: 74.88%
k: 4
	&	0	&	1	&	2	&	3	&	4	&	5	&	6	&	7	&	8	&	9\\
0	&	84.76	&	0.2459	&	0.9231	&	0.6363	&	0.09294	&	1.476	&	1.304	&	0.3375	&	2.094	&	0.1864\\
1	&	0.4647	&	86.97	&	0.1026	&	0.7423	&	0.6506	&	0.3937	&	0.4348	&	0.3375	&	4.433	&	0.6524\\
2	&	1.766	&	1.475	&	89.33	&	4.56	&	1.487	&	1.181	&	0.5435	&	2.7	&	2.34	&	0.466\\
3	&	3.067	&	1.475	&	3.487	&	69.88	&	0.2788	&	15.35	&	0.1087	&	2.025	&	6.65	&	3.169\\
4	&	0.3717	&	0.7377	&	0.3077	&	0.106	&	71.47	&	1.673	&	1.957	&	3.487	&	0.6158	&	11.65\\
5	&	1.208	&	0.8197	&	0.1026	&	10.07	&	1.58	&	67.91	&	2.174	&	0.7874	&	3.202	&	1.212\\
6	&	1.022	&	0.8197	&	1.333	&	0.2121	&	2.509	&	2.756	&	92.07	&	0.3375	&	2.094	&	0\\
7	&	0.1859	&	1.148	&	3.487	&	3.499	&	5.112	&	0.8858	&	0.1087	&	80.99	&	0.7389	&	14.35\\
8	&	6.32	&	4.754	&	0.7179	&	8.484	&	2.23	&	6.594	&	1.196	&	1.687	&	75.86	&	2.61\\
9	&	0.8364	&	1.557	&	0.2051	&	1.803	&	14.59	&	1.772	&	0.1087	&	7.312	&	1.97	&	65.7\\
correct: 78.5%
k: 3
	&	0	&	1	&	2	&	3	&	4	&	5	&	6	&	7	&	8	&	9\\
0	&	87.98	&	0.0834	&	0.8188	&	0.4145	&	0.1008	&	1.046	&	1.152	&	0.2151	&	2.14	&	0.1835\\
1	&	0.4771	&	89.66	&	0.1024	&	0.5181	&	0.4032	&	0.3138	&	0.6283	&	0.2151	&	3.266	&	0.4587\\
2	&	1.622	&	0.9174	&	90.89	&	3.627	&	1.21	&	1.046	&	1.257	&	2.473	&	2.252	&	0.367\\
3	&	2.385	&	1.168	&	2.559	&	76.27	&	0.3024	&	10.98	&	0.2094	&	1.828	&	6.419	&	2.385\\
4	&	0.09542	&	0.5838	&	0.4094	&	0.1036	&	76.92	&	1.36	&	1.99	&	3.011	&	0.5631	&	12.94\\
5	&	1.05	&	0.5838	&	0	&	8.29	&	1.512	&	74.06	&	1.675	&	0.6452	&	3.829	&	1.376\\
6	&	0.5725	&	0.834	&	0.5118	&	0.2073	&	2.117	&	2.615	&	91.52	&	0.1075	&	1.577	&	0\\
7	&	0.09542	&	1.251	&	3.582	&	2.383	&	4.335	&	0.9414	&	0.1047	&	83.33	&	0.7883	&	10.92\\
8	&	4.962	&	3.586	&	0.8188	&	6.632	&	1.915	&	5.858	&	1.361	&	0.8602	&	77.48	&	2.11\\
9	&	0.7634	&	1.334	&	0.3071	&	1.554	&	11.19	&	1.778	&	0.1047	&	7.312	&	1.689	&	69.27\\
correct: 81.84%
k: 2
	&	0	&	1	&	2	&	3	&	4	&	5	&	6	&	7	&	8	&	9\\
0	&	89.13	&	0.2398	&	0.1946	&	0.3348	&	0.08873	&	0.8523	&	0.3215	&	0.1179	&	0.9358	&	0\\
1	&	0.1874	&	89.13	&	0.2918	&	0.1116	&	0.3549	&	0.2841	&	0.4287	&	0	&	0.2674	&	0.0956\\
2	&	1.687	&	0.7994	&	92.61	&	1.116	&	1.242	&	0.6629	&	0.3215	&	0.8255	&	1.07	&	0.2868\\
3	&	2.249	&	1.439	&	2.335	&	84.82	&	0.5324	&	12.12	&	0	&	1.297	&	2.273	&	2.103\\
4	&	0.09372	&	0.3997	&	0.09728	&	0	&	80.3	&	0.7576	&	1.179	&	0.1179	&	0.2674	&	4.589\\
5	&	0.8435	&	0.1599	&	0.3891	&	4.129	&	0.4437	&	76.8	&	0.6431	&	0.2358	&	1.07	&	0.7648\\
6	&	0.656	&	0.9592	&	0.3891	&	0.1116	&	1.863	&	1.894	&	95.28	&	0.1179	&	0.4011	&	0\\
7	&	0.09372	&	1.359	&	2.626	&	1.897	&	3.993	&	0.8523	&	0.1072	&	93.51	&	0.4011	&	10.99\\
8	&	4.499	&	4.157	&	0.8755	&	6.138	&	1.952	&	4.545	&	1.715	&	0.9434	&	92.91	&	2.008\\
9	&	0.5623	&	1.359	&	0.1946	&	1.339	&	9.228	&	1.231	&	0	&	2.83	&	0.4011	&	79.16\\
correct: 86.99%
k: 1
	&	0	&	1	&	2	&	3	&	4	&	5	&	6	&	7	&	8	&	9\\
0	&	93.69	&	0.1656	&	0.6024	&	0.4061	&	0.1032	&	0.5721	&	0.7179	&	0.2053	&	1.554	&	0.1896\\
1	&	0.1001	&	91.39	&	0.2008	&	0.3046	&	0.4128	&	0.1144	&	0.4103	&	0	&	1.554	&	0.09479\\
2	&	0.9009	&	0.4967	&	94.08	&	1.827	&	0.9288	&	0.2288	&	0.8205	&	1.951	&	2.28	&	0.1896\\
3	&	1.301	&	0.9934	&	1.606	&	84.37	&	0.3096	&	7.323	&	0	&	1.745	&	4.145	&	1.327\\
4	&	0.1001	&	0.4967	&	0.1004	&	0.1015	&	85.86	&	0.5721	&	2.256	&	1.54	&	0.6218	&	8.815\\
5	&	0.7007	&	0.4139	&	0.4016	&	6.396	&	0.9288	&	85.7	&	1.231	&	0.308	&	3.316	&	0.7583\\
6	&	0.5005	&	0.9934	&	0.1004	&	0.1015	&	1.032	&	1.373	&	92.92	&	0.1027	&	0.829	&	0.1896\\
7	&	0	&	0.9934	&	1.807	&	0.9137	&	3.199	&	0.4577	&	0.1026	&	88.3	&	0.829	&	8.057\\
8	&	2.302	&	3.063	&	0.6024	&	3.655	&	1.445	&	3.089	&	1.538	&	0.308	&	82.9	&	1.232\\
9	&	0.4004	&	0.9934	&	0.502	&	1.929	&	5.779	&	0.5721	&	0	&	5.544	&	1.969	&	79.15\\
correct: 87.9%
