k: 50
	&	0	&	1	&	2	&	3	&	4	&	5	&	6	&	7	&	8	&	9\\
0	&	52.97	&	1.064	&	8.995	&	3.371	&	1.237	&	5.862	&	6.797	&	1.475	&	3.758	&	4.121\\
1	&	2.801	&	63.83	&	0.3968	&	3.064	&	4.505	&	2.845	&	5.098	&	3.583	&	15.76	&	5.586\\
2	&	4.53	&	7.358	&	47.88	&	17.36	&	4.947	&	4.052	&	4.837	&	9.8	&	11.03	&	3.48\\
3	&	6.096	&	4.787	&	7.804	&	16.14	&	2.297	&	27.84	&	1.699	&	3.583	&	13.94	&	14.1\\
4	&	3.048	&	3.635	&	4.63	&	3.575	&	20.32	&	6.034	&	6.013	&	19.39	&	5.576	&	23.63\\
5	&	7.743	&	2.66	&	4.497	&	16.04	&	3.534	&	19.22	&	8.627	&	2.213	&	16.36	&	8.425\\
6	&	7.414	&	3.546	&	6.614	&	2.349	&	11.4	&	8.793	&	57.39	&	1.897	&	4.242	&	2.93\\
7	&	0.9885	&	2.926	&	8.995	&	16.24	&	11.57	&	3.448	&	0.915	&	27.92	&	5.939	&	24.18\\
8	&	11.53	&	5.851	&	7.54	&	13.38	&	5.919	&	17.24	&	6.667	&	4.426	&	16.36	&	7.784\\
9	&	2.883	&	4.344	&	2.646	&	8.478	&	34.28	&	4.655	&	1.961	&	25.71	&	7.03	&	5.769\\
correct: 32.38%
k: 49
	&	0	&	1	&	2	&	3	&	4	&	5	&	6	&	7	&	8	&	9\\
0	&	53.14	&	1.07	&	8.959	&	3.163	&	1.143	&	5.959	&	6.919	&	1.485	&	3.735	&	4.113\\
1	&	2.805	&	64.41	&	0.3953	&	2.959	&	4.485	&	2.763	&	4.961	&	3.606	&	15.9	&	5.484\\
2	&	4.538	&	7.226	&	47.96	&	17.55	&	5.189	&	4.145	&	4.7	&	9.65	&	10.72	&	3.382\\
3	&	6.106	&	4.55	&	7.642	&	16.53	&	2.287	&	27.46	&	1.567	&	3.818	&	14.1	&	14.26\\
4	&	2.97	&	3.211	&	4.216	&	3.571	&	20.67	&	6.131	&	6.005	&	19.72	&	5.783	&	23.49\\
5	&	7.673	&	2.676	&	4.348	&	16.43	&	3.43	&	19.52	&	8.616	&	2.333	&	15.78	&	8.318\\
6	&	7.261	&	3.657	&	6.719	&	2.347	&	11.26	&	8.722	&	57.83	&	1.591	&	4.337	&	2.925\\
7	&	1.073	&	2.765	&	9.354	&	15.82	&	11.61	&	3.454	&	0.9138	&	28.21	&	6.145	&	23.95\\
8	&	11.55	&	5.798	&	7.773	&	13.06	&	5.717	&	17.27	&	6.527	&	4.136	&	16.87	&	8.044\\
9	&	2.888	&	4.639	&	2.635	&	8.571	&	34.21	&	4.577	&	1.958	&	25.45	&	6.627	&	6.033\\
correct: 32.68%
k: 48
	&	0	&	1	&	2	&	3	&	4	&	5	&	6	&	7	&	8	&	9\\
0	&	53.14	&	0.9752	&	8.53	&	3.285	&	1.141	&	6.457	&	5.99	&	1.587	&	3.748	&	3.867\\
1	&	2.694	&	64.63	&	0.2625	&	2.567	&	4.565	&	2.618	&	4.948	&	3.704	&	15.96	&	5.433\\
2	&	4.49	&	6.915	&	48.56	&	17.56	&	5.18	&	4.014	&	4.818	&	9.63	&	10.76	&	3.315\\
3	&	6.204	&	4.433	&	7.743	&	16.94	&	2.458	&	27.75	&	1.432	&	3.704	&	14.27	&	13.81\\
4	&	3.02	&	3.369	&	4.462	&	3.285	&	20.63	&	5.934	&	5.99	&	19.68	&	5.804	&	23.76\\
5	&	7.918	&	2.66	&	4.199	&	16.32	&	3.248	&	19.9	&	9.115	&	2.434	&	15.24	&	8.287\\
6	&	6.939	&	3.546	&	6.562	&	2.567	&	11.24	&	8.639	&	58.72	&	1.587	&	4.232	&	2.762\\
7	&	0.9796	&	2.926	&	9.449	&	15.5	&	11.68	&	3.403	&	0.9115	&	28.68	&	5.804	&	24.13\\
8	&	11.76	&	5.94	&	7.612	&	13.24	&	5.356	&	16.93	&	6.25	&	4.021	&	17.41	&	8.379\\
9	&	2.857	&	4.61	&	2.625	&	8.727	&	34.5	&	4.363	&	1.823	&	24.97	&	6.771	&	6.262\\
correct: 33.12%
k: 47
	&	0	&	1	&	2	&	3	&	4	&	5	&	6	&	7	&	8	&	9\\
0	&	53.48	&	0.9804	&	8.112	&	3.285	&	0.9726	&	6.195	&	6.226	&	1.658	&	3.704	&	4.171\\
1	&	2.698	&	65.24	&	0.266	&	2.464	&	4.686	&	2.618	&	4.799	&	3.627	&	15.65	&	5.375\\
2	&	4.497	&	6.684	&	49.34	&	17.35	&	4.951	&	4.014	&	4.799	&	10.05	&	10.87	&	3.244\\
3	&	6.132	&	4.278	&	7.58	&	17.35	&	2.387	&	28.18	&	1.427	&	3.731	&	13.86	&	13.72\\
4	&	2.862	&	3.387	&	4.255	&	3.388	&	21.31	&	6.108	&	5.447	&	19.27	&	5.854	&	23.73\\
5	&	7.931	&	2.941	&	3.989	&	16.32	&	3.271	&	20.16	&	8.69	&	2.383	&	15.29	&	8.063\\
6	&	6.868	&	3.387	&	6.649	&	2.567	&	10.88	&	8.464	&	59.66	&	1.554	&	4.182	&	2.873\\
7	&	0.9812	&	2.852	&	9.176	&	15.3	&	11.58	&	3.229	&	0.9079	&	29.22	&	5.974	&	24\\
8	&	11.69	&	5.526	&	7.846	&	13.45	&	5.305	&	16.67	&	6.355	&	4.041	&	17.68	&	8.526\\
9	&	2.862	&	4.724	&	2.793	&	8.522	&	34.66	&	4.363	&	1.686	&	24.46	&	6.93	&	6.302\\
correct: 33.56%
k: 46
	&	0	&	1	&	2	&	3	&	4	&	5	&	6	&	7	&	8	&	9\\
0	&	53.56	&	0.885	&	7.804	&	3.099	&	1.053	&	6.364	&	6.307	&	1.758	&	3.842	&	4.093\\
1	&	2.698	&	65.49	&	0.2646	&	2.376	&	4.561	&	2.616	&	4.731	&	3.516	&	15.25	&	5.395\\
2	&	4.334	&	6.372	&	50	&	17.87	&	5.088	&	4.185	&	4.205	&	10.03	&	10.44	&	3.163\\
3	&	6.214	&	4.425	&	7.672	&	17.77	&	2.193	&	27.99	&	1.445	&	3.619	&	13.69	&	13.77\\
4	&	2.698	&	3.451	&	4.365	&	3.099	&	21.58	&	5.841	&	5.256	&	19.44	&	6.122	&	23.72\\
5	&	8.095	&	3.009	&	4.101	&	16.22	&	3.158	&	20.58	&	8.541	&	2.378	&	15.01	&	8\\
6	&	6.787	&	3.363	&	6.349	&	2.583	&	10.88	&	8.718	&	60.71	&	1.448	&	4.202	&	2.698\\
7	&	0.8994	&	2.743	&	9.127	&	15.08	&	11.49	&	3.139	&	0.9198	&	29.27	&	6.363	&	24.28\\
8	&	11.77	&	5.487	&	7.54	&	13.74	&	5.088	&	16.39	&	6.045	&	4.24	&	18.49	&	8.465\\
9	&	2.944	&	4.779	&	2.778	&	8.161	&	34.91	&	4.185	&	1.84	&	24.3	&	6.603	&	6.419\\
correct: 33.95%
k: 45
	&	0	&	1	&	2	&	3	&	4	&	5	&	6	&	7	&	8	&	9\\
0	&	54.21	&	0.7086	&	7.815	&	3.173	&	1.05	&	6.522	&	5.548	&	1.762	&	3.814	&	4.38\\
1	&	2.805	&	65.99	&	0.2649	&	2.149	&	4.549	&	2.522	&	4.756	&	3.523	&	14.9	&	5.312\\
2	&	4.62	&	6.023	&	50.99	&	17.81	&	4.812	&	4.174	&	3.963	&	9.741	&	10.61	&	3.075\\
3	&	5.941	&	4.429	&	7.55	&	17.71	&	2.187	&	27.91	&	1.453	&	3.731	&	14.18	&	13.61\\
4	&	2.64	&	3.366	&	4.371	&	3.071	&	22.05	&	5.739	&	5.416	&	19.27	&	6.317	&	23.39\\
5	&	8.003	&	2.834	&	3.974	&	16.38	&	3.237	&	21.13	&	8.454	&	2.073	&	14.66	&	8.015\\
6	&	6.683	&	3.366	&	6.225	&	2.559	&	10.76	&	8.522	&	61.69	&	1.451	&	4.41	&	2.61\\
7	&	0.9901	&	3.1	&	8.874	&	14.33	&	11.29	&	2.957	&	0.9247	&	30.05	&	5.959	&	24.6\\
8	&	11.47	&	5.492	&	7.02	&	14.23	&	5.074	&	16.43	&	6.209	&	4.145	&	18.47	&	8.574\\
9	&	2.64	&	4.694	&	2.914	&	8.598	&	35	&	4.087	&	1.585	&	24.25	&	6.675	&	6.431\\
correct: 34.36%
k: 44
	&	0	&	1	&	2	&	3	&	4	&	5	&	6	&	7	&	8	&	9\\
0	&	54.74	&	0.7092	&	7.56	&	3.061	&	1.226	&	6.349	&	5.409	&	1.943	&	3.86	&	3.97\\
1	&	2.721	&	66.4	&	0.2653	&	2.041	&	4.641	&	2.469	&	4.485	&	3.579	&	14.85	&	5.104\\
2	&	4.699	&	5.762	&	51.72	&	17.65	&	4.904	&	4.233	&	3.43	&	9.816	&	10.64	&	2.836\\
3	&	6.43	&	4.433	&	7.294	&	18.06	&	1.926	&	27.95	&	1.583	&	3.579	&	14.27	&	13.42\\
4	&	2.473	&	3.457	&	4.377	&	2.959	&	22.68	&	5.732	&	5.673	&	18.71	&	6.316	&	23.35\\
5	&	7.667	&	2.748	&	3.846	&	16.63	&	3.24	&	21.52	&	8.311	&	2.249	&	14.5	&	8.129\\
6	&	6.101	&	3.191	&	6.499	&	2.551	&	10.51	&	8.554	&	62.93	&	1.534	&	4.327	&	2.647\\
7	&	1.072	&	3.103	&	8.621	&	14.39	&	11.12	&	3.086	&	0.7916	&	29.86	&	5.614	&	25.14\\
8	&	11.54	&	5.496	&	7.029	&	14.49	&	5.166	&	15.96	&	5.937	&	4.09	&	18.71	&	8.696\\
9	&	2.556	&	4.699	&	2.785	&	8.163	&	34.59	&	4.145	&	1.451	&	24.64	&	6.901	&	6.711\\
correct: 34.83%
k: 43
	&	0	&	1	&	2	&	3	&	4	&	5	&	6	&	7	&	8	&	9\\
0	&	55.02	&	0.8007	&	7.398	&	2.86	&	1.062	&	6.294	&	5.256	&	1.842	&	4.06	&	3.94\\
1	&	2.796	&	66.73	&	0.2642	&	2.145	&	4.248	&	2.394	&	4.599	&	3.48	&	15.43	&	4.784\\
2	&	4.688	&	5.694	&	52.05	&	17.67	&	4.779	&	4.255	&	3.285	&	9.826	&	10.32	&	3.002\\
3	&	6.003	&	4.181	&	7.53	&	18.59	&	1.77	&	28.28	&	1.314	&	3.378	&	14.73	&	13.32\\
4	&	2.467	&	3.559	&	4.227	&	2.962	&	23.45	&	5.496	&	5.519	&	18.63	&	6.032	&	23.26\\
5	&	7.73	&	2.669	&	3.699	&	16.65	&	3.274	&	22.16	&	8.279	&	2.149	&	13.69	&	8.255\\
6	&	6.25	&	3.203	&	6.473	&	2.451	&	10.09	&	8.245	&	63.6	&	1.535	&	4.64	&	2.533\\
7	&	0.9868	&	2.936	&	8.851	&	14.2	&	11.15	&	3.103	&	0.7884	&	30.19	&	5.452	&	25.14\\
8	&	11.51	&	5.516	&	6.737	&	14.2	&	5.31	&	15.69	&	6.045	&	3.992	&	19.26	&	8.818\\
9	&	2.549	&	4.715	&	2.774	&	8.274	&	34.87	&	4.078	&	1.314	&	24.97	&	6.381	&	6.942\\
correct: 35.29%
k: 42
	&	0	&	1	&	2	&	3	&	4	&	5	&	6	&	7	&	8	&	9\\
0	&	55.01	&	0.8842	&	7.398	&	2.828	&	0.9717	&	6.289	&	5.249	&	1.773	&	4.276	&	3.796\\
1	&	2.956	&	67.11	&	0.2642	&	2.02	&	4.24	&	2.391	&	4.593	&	3.233	&	15.08	&	4.63\\
2	&	4.598	&	5.482	&	52.84	&	17.68	&	4.77	&	3.986	&	3.543	&	9.906	&	9.976	&	3.148\\
3	&	6.076	&	4.244	&	7.398	&	18.69	&	1.767	&	28.26	&	1.181	&	3.337	&	14.85	&	13.15\\
4	&	2.299	&	3.36	&	3.699	&	3.131	&	23.94	&	5.58	&	5.512	&	19.08	&	5.582	&	23.24\\
5	&	7.635	&	2.476	&	3.831	&	17.17	&	3.357	&	22.5	&	7.349	&	2.19	&	13.54	&	8.241\\
6	&	6.322	&	3.183	&	6.341	&	2.02	&	9.894	&	8.149	&	64.17	&	1.564	&	5.107	&	2.407\\
7	&	0.9852	&	2.741	&	8.983	&	14.34	&	10.69	&	3.1	&	0.7874	&	30.87	&	5.344	&	25.19\\
8	&	11.66	&	5.747	&	6.605	&	13.94	&	5.212	&	15.5	&	6.168	&	3.962	&	19.71	&	8.704\\
9	&	2.463	&	4.775	&	2.642	&	8.182	&	35.16	&	4.252	&	1.444	&	24.09	&	6.532	&	7.5\\
correct: 35.71%
k: 41
	&	0	&	1	&	2	&	3	&	4	&	5	&	6	&	7	&	8	&	9\\
0	&	55.3	&	0.7972	&	7.517	&	2.903	&	0.9649	&	6.311	&	5.236	&	1.775	&	4.152	&	3.611\\
1	&	3.122	&	67.49	&	0.2685	&	2.002	&	4.035	&	2.311	&	4.319	&	3.132	&	15.18	&	4.63\\
2	&	4.519	&	5.58	&	54.23	&	17.42	&	4.474	&	3.822	&	3.403	&	10.02	&	9.964	&	3.333\\
3	&	5.916	&	4.429	&	7.114	&	18.92	&	1.579	&	28.53	&	1.309	&	3.445	&	14.71	&	12.96\\
4	&	2.219	&	3.366	&	3.49	&	3.003	&	24.12	&	5.689	&	5.759	&	18.79	&	5.575	&	23.24\\
5	&	7.642	&	2.303	&	3.758	&	17.22	&	3.333	&	22.58	&	7.068	&	2.401	&	13.76	&	8.148\\
6	&	6.245	&	2.834	&	6.443	&	1.902	&	10	&	8.178	&	64.53	&	1.357	&	5.457	&	2.315\\
7	&	0.9039	&	2.48	&	8.725	&	14.31	&	10.7	&	3.2	&	0.7853	&	31.11	&	5.101	&	25.56\\
8	&	11.59	&	6.023	&	6.174	&	14.41	&	5.263	&	15.2	&	6.283	&	3.653	&	19.81	&	8.704\\
9	&	2.547	&	4.694	&	2.282	&	7.908	&	35.53	&	4.178	&	1.309	&	24.32	&	6.287	&	7.5\\
correct: 35.96%
k: 40
	&	0	&	1	&	2	&	3	&	4	&	5	&	6	&	7	&	8	&	9\\
0	&	55.44	&	0.8787	&	7.008	&	2.92	&	0.8826	&	6.355	&	5.188	&	1.651	&	3.966	&	3.752\\
1	&	3.107	&	67.84	&	0.2695	&	2.014	&	3.795	&	2.295	&	4.28	&	2.683	&	15.5	&	4.315\\
2	&	4.497	&	5.536	&	54.72	&	17.62	&	4.59	&	3.795	&	3.372	&	10.01	&	9.736	&	3.189\\
3	&	5.478	&	4.482	&	7.143	&	19.54	&	1.412	&	28.51	&	1.556	&	3.715	&	14.54	&	12.85\\
4	&	2.208	&	3.339	&	3.504	&	2.719	&	24.89	&	5.472	&	5.707	&	19.2	&	5.649	&	22.8\\
5	&	7.931	&	2.46	&	3.504	&	16.82	&	3.266	&	23.21	&	7.134	&	2.374	&	13.34	&	7.974\\
6	&	6.296	&	2.724	&	6.469	&	1.813	&	10.06	&	8.032	&	64.72	&	1.342	&	5.409	&	2.064\\
7	&	0.6541	&	2.109	&	9.03	&	14.4	&	10.5	&	3.266	&	0.7782	&	31.58	&	5.048	&	25.89\\
8	&	11.86	&	5.975	&	6.065	&	14.2	&	5.384	&	14.92	&	5.966	&	3.818	&	20.43	&	8.63\\
9	&	2.535	&	4.657	&	2.291	&	7.956	&	35.22	&	4.148	&	1.297	&	23.63	&	6.37	&	8.537\\
correct: 36.61%
k: 39
	&	0	&	1	&	2	&	3	&	4	&	5	&	6	&	7	&	8	&	9\\
0	&	55.84	&	0.7951	&	7.457	&	2.932	&	0.8764	&	5.961	&	4.922	&	1.546	&	3.805	&	3.791\\
1	&	3.02	&	68.64	&	0.2663	&	1.82	&	3.944	&	2.135	&	4.145	&	2.784	&	15.22	&	4.265\\
2	&	4.327	&	5.389	&	55.13	&	18	&	4.47	&	3.915	&	3.109	&	10.1	&	9.394	&	2.844\\
3	&	5.388	&	4.594	&	7.19	&	20.02	&	1.402	&	29	&	1.425	&	3.814	&	14.39	&	12.23\\
4	&	2.204	&	3.357	&	3.462	&	2.73	&	25.68	&	5.427	&	5.44	&	18.76	&	5.707	&	22.56\\
5	&	8	&	2.473	&	3.329	&	16.89	&	3.155	&	23.4	&	6.865	&	2.371	&	13.56	&	8.057\\
6	&	6.204	&	2.562	&	6.525	&	1.618	&	9.641	&	8.007	&	65.93	&	1.34	&	5.232	&	2.085\\
7	&	0.7347	&	2.032	&	9.055	&	14.16	&	10.6	&	3.114	&	0.7772	&	31.86	&	4.875	&	26.16\\
8	&	11.59	&	5.654	&	5.726	&	14.36	&	5.434	&	14.86	&	6.088	&	3.608	&	21.28	&	8.815\\
9	&	2.694	&	4.505	&	1.864	&	7.482	&	34.79	&	4.181	&	1.295	&	23.81	&	6.54	&	9.194\\
correct: 37.23%
k: 38
	&	0	&	1	&	2	&	3	&	4	&	5	&	6	&	7	&	8	&	9\\
0	&	56.41	&	0.6162	&	7.096	&	2.929	&	0.8734	&	5.709	&	4.903	&	1.74	&	4.187	&	3.835\\
1	&	2.961	&	68.93	&	0.2628	&	1.818	&	3.755	&	2.052	&	4.516	&	2.661	&	14.95	&	4.219\\
2	&	4.03	&	5.37	&	55.58	&	17.58	&	4.454	&	3.836	&	2.968	&	10.24	&	9.569	&	2.685\\
3	&	5.263	&	4.577	&	7.49	&	20.71	&	1.223	&	28.9	&	1.677	&	3.48	&	14.35	&	12.18\\
4	&	2.467	&	3.169	&	3.548	&	2.525	&	26.72	&	5.442	&	5.548	&	18.53	&	5.263	&	21.96\\
5	&	8.306	&	2.377	&	3.154	&	17.07	&	3.144	&	23.91	&	6.323	&	2.456	&	13.28	&	7.958\\
6	&	5.921	&	2.553	&	6.702	&	1.616	&	9.694	&	7.939	&	66.19	&	1.228	&	5.024	&	2.205\\
7	&	0.5757	&	2.025	&	8.804	&	13.94	&	10.66	&	3.211	&	0.7742	&	32.14	&	4.426	&	26.65\\
8	&	11.43	&	5.81	&	5.65	&	14.34	&	5.328	&	14.81	&	5.806	&	3.275	&	22.37	&	8.917\\
9	&	2.632	&	4.577	&	1.708	&	7.475	&	34.15	&	4.193	&	1.29	&	24.26	&	6.579	&	9.396\\
correct: 37.83%
k: 37
	&	0	&	1	&	2	&	3	&	4	&	5	&	6	&	7	&	8	&	9\\
0	&	56.63	&	0.6108	&	6.937	&	2.846	&	0.8734	&	5.66	&	5.161	&	1.633	&	4.162	&	3.857\\
1	&	2.881	&	68.94	&	0.1309	&	1.829	&	3.843	&	1.977	&	4.258	&	2.551	&	14.74	&	4.147\\
2	&	4.198	&	5.061	&	56.54	&	16.97	&	4.367	&	3.684	&	3.097	&	10.41	&	9.512	&	2.604\\
3	&	5.844	&	4.625	&	7.068	&	21.44	&	1.223	&	28.84	&	1.677	&	3.469	&	13.91	&	11.76\\
4	&	2.387	&	3.229	&	3.403	&	2.337	&	26.81	&	5.481	&	5.29	&	17.96	&	5.707	&	22.57\\
5	&	7.984	&	2.443	&	2.88	&	17.38	&	3.319	&	24.71	&	6.452	&	2.347	&	12.37	&	8.1\\
6	&	5.844	&	2.443	&	6.806	&	1.524	&	9.607	&	7.727	&	66.71	&	1.224	&	5.232	&	2.218\\
7	&	0.5761	&	2.182	&	8.77	&	13.52	&	10.74	&	3.145	&	0.9032	&	32.76	&	4.518	&	26.23\\
8	&	11.28	&	5.846	&	5.759	&	14.74	&	4.978	&	14.65	&	5.419	&	3.265	&	23.19	&	8.872\\
9	&	2.387	&	4.625	&	1.702	&	7.419	&	34.24	&	4.133	&	1.032	&	24.39	&	6.659	&	9.643\\
correct: 38.36%
k: 36
	&	0	&	1	&	2	&	3	&	4	&	5	&	6	&	7	&	8	&	9\\
0	&	56.89	&	0.6135	&	7.087	&	2.99	&	0.9607	&	5.32	&	4.447	&	1.837	&	3.86	&	3.88\\
1	&	2.869	&	69.68	&	0.1312	&	1.753	&	3.493	&	1.894	&	4.193	&	2.449	&	14.62	&	4.268\\
2	&	4.098	&	4.908	&	57.61	&	16.49	&	4.192	&	3.607	&	3.558	&	10.31	&	9.942	&	2.425\\
3	&	5.82	&	4.557	&	7.087	&	22.16	&	1.223	&	28.67	&	1.779	&	3.673	&	14.15	&	11.15\\
4	&	2.377	&	2.98	&	3.543	&	2.474	&	27.6	&	5.591	&	5.083	&	17.86	&	5.497	&	22.11\\
5	&	7.869	&	2.454	&	2.887	&	17.22	&	3.057	&	25.7	&	6.989	&	2.143	&	12.05	&	7.759\\
6	&	6.066	&	2.542	&	6.168	&	1.34	&	9.869	&	7.574	&	66.45	&	1.122	&	4.912	&	2.134\\
7	&	0.4918	&	1.928	&	8.399	&	13.3	&	10.57	&	3.156	&	0.7624	&	33.06	&	4.795	&	27.16\\
8	&	11.15	&	6.135	&	5.381	&	14.85	&	4.978	&	14.61	&	5.718	&	2.959	&	23.51	&	8.632\\
9	&	2.377	&	4.207	&	1.706	&	7.423	&	34.06	&	3.877	&	1.017	&	24.59	&	6.667	&	10.48\\
correct: 39%
k: 35
	&	0	&	1	&	2	&	3	&	4	&	5	&	6	&	7	&	8	&	9\\
0	&	57.04	&	0.5263	&	6.789	&	2.758	&	0.8741	&	5.364	&	4.464	&	1.824	&	4.094	&	4.008\\
1	&	2.864	&	70.26	&	0.1305	&	1.736	&	3.497	&	1.909	&	4.082	&	2.229	&	14.5	&	4.106\\
2	&	4.337	&	4.737	&	58.09	&	16.24	&	4.283	&	3.727	&	3.444	&	10.03	&	9.357	&	2.444\\
3	&	5.728	&	4.298	&	7.572	&	22.57	&	1.224	&	28.73	&	1.786	&	3.749	&	14.15	&	10.75\\
4	&	2.291	&	2.982	&	3.525	&	2.247	&	28.23	&	5.455	&	4.974	&	17.83	&	5.38	&	22.19\\
5	&	7.61	&	2.544	&	2.611	&	17.57	&	3.059	&	26.18	&	6.76	&	2.026	&	12.16	&	7.625\\
6	&	5.892	&	2.456	&	5.614	&	1.43	&	9.615	&	7.727	&	67.86	&	1.114	&	4.912	&	2.053\\
7	&	0.5728	&	2.018	&	8.094	&	12.97	&	10.23	&	3	&	0.7653	&	33.33	&	4.795	&	27.66\\
8	&	11.29	&	6.14	&	5.744	&	14.71	&	4.983	&	14.18	&	5.102	&	3.04	&	24.09	&	8.7\\
9	&	2.373	&	4.035	&	1.828	&	7.763	&	34	&	3.727	&	0.7653	&	24.82	&	6.55	&	10.46\\
correct: 39.49%
k: 34
	&	0	&	1	&	2	&	3	&	4	&	5	&	6	&	7	&	8	&	9\\
0	&	57.43	&	0.5263	&	6.658	&	2.58	&	0.8711	&	5.205	&	4.442	&	1.641	&	4.353	&	3.816\\
1	&	2.859	&	70.35	&	0.1305	&	1.548	&	3.397	&	1.826	&	4.061	&	2.154	&	14.66	&	4.11\\
2	&	4.248	&	4.649	&	59.01	&	16.31	&	4.094	&	3.836	&	3.299	&	9.744	&	9.507	&	2.348\\
3	&	5.964	&	4.211	&	7.311	&	22.91	&	1.22	&	28.86	&	1.777	&	3.692	&	13.63	&	10.96\\
4	&	2.369	&	3.07	&	3.525	&	2.167	&	29.09	&	5.205	&	4.822	&	17.54	&	5.269	&	21.92\\
5	&	7.516	&	2.544	&	2.35	&	17.13	&	3.049	&	26.48	&	6.726	&	1.846	&	13.06	&	7.534\\
6	&	5.719	&	2.456	&	5.483	&	1.445	&	9.582	&	7.489	&	68.65	&	1.026	&	4.696	&	1.957\\
7	&	0.4902	&	2.105	&	7.833	&	13.11	&	9.756	&	2.922	&	0.7614	&	34.26	&	4.696	&	27.98\\
8	&	10.95	&	6.053	&	6.005	&	14.86	&	4.878	&	14.43	&	4.949	&	3.179	&	23.94	&	8.611\\
9	&	2.451	&	4.035	&	1.697	&	7.946	&	34.06	&	3.744	&	0.5076	&	24.92	&	6.186	&	10.76\\
correct: 39.97%
k: 33
	&	0	&	1	&	2	&	3	&	4	&	5	&	6	&	7	&	8	&	9\\
0	&	57.59	&	0.6211	&	6.477	&	2.572	&	0.8666	&	5.234	&	4.282	&	1.445	&	4.587	&	3.61\\
1	&	3.018	&	71.43	&	0.1295	&	1.852	&	3.293	&	1.745	&	3.904	&	1.858	&	14.56	&	4\\
2	&	4.323	&	4.437	&	59.07	&	16.36	&	4.159	&	4.04	&	3.023	&	9.494	&	9.289	&	2.439\\
3	&	5.791	&	4.17	&	7.124	&	23.56	&	1.127	&	28.93	&	1.763	&	3.922	&	13.88	&	10.44\\
4	&	2.365	&	3.194	&	3.238	&	2.058	&	29.2	&	5.142	&	4.66	&	17.65	&	4.817	&	22.34\\
5	&	7.015	&	2.396	&	2.72	&	17.18	&	2.946	&	27.09	&	7.305	&	1.754	&	12.61	&	7.512\\
6	&	5.628	&	2.307	&	5.44	&	1.543	&	9.359	&	7.53	&	69.14	&	1.032	&	4.358	&	1.854\\
7	&	0.571	&	1.863	&	8.031	&	12.76	&	9.792	&	2.847	&	0.7557	&	34.98	&	4.931	&	27.51\\
8	&	11.42	&	5.856	&	6.088	&	14.71	&	5.026	&	13.87	&	4.66	&	2.786	&	24.54	&	8.878\\
9	&	2.284	&	3.727	&	1.684	&	7.407	&	34.23	&	3.581	&	0.5038	&	25.08	&	6.422	&	11.41\\
correct: 40.47%
k: 32
	&	0	&	1	&	2	&	3	&	4	&	5	&	6	&	7	&	8	&	9\\
0	&	58.55	&	0.5305	&	6.418	&	2.261	&	0.9475	&	5.321	&	4.12	&	1.356	&	4.729	&	3.324\\
1	&	2.796	&	71.62	&	0.1284	&	2.055	&	3.015	&	1.743	&	4.12	&	1.668	&	14.53	&	4.008\\
2	&	4.441	&	4.156	&	59.95	&	15.72	&	4.565	&	4.037	&	2.871	&	8.968	&	8.997	&	2.639\\
3	&	5.674	&	4.332	&	6.932	&	24.46	&	1.12	&	29.08	&	1.623	&	3.858	&	13.38	&	10.17\\
4	&	2.467	&	3.271	&	3.081	&	2.055	&	29.63	&	5.046	&	4.744	&	17.73	&	4.844	&	21.7\\
5	&	6.826	&	2.387	&	2.439	&	17.47	&	3.187	&	27.52	&	6.991	&	1.981	&	12.69	&	6.94\\
6	&	5.51	&	2.299	&	5.263	&	1.439	&	9.13	&	7.339	&	69.29	&	1.043	&	4.498	&	1.955\\
7	&	0.5757	&	2.122	&	7.831	&	12.33	&	9.647	&	2.752	&	0.8739	&	35.45	&	4.498	&	28.15\\
8	&	11.02	&	5.747	&	6.033	&	14.7	&	4.996	&	13.94	&	4.869	&	2.92	&	25.26	&	8.7\\
9	&	2.138	&	3.537	&	1.926	&	7.503	&	33.76	&	3.211	&	0.4994	&	25.03	&	6.574	&	12.41\\
correct: 41.12%
k: 31
	&	0	&	1	&	2	&	3	&	4	&	5	&	6	&	7	&	8	&	9\\
0	&	59.57	&	0.4417	&	6.427	&	2.111	&	0.8658	&	5.375	&	4.125	&	1.548	&	4.598	&	3.137\\
1	&	2.829	&	71.91	&	0.1285	&	2.111	&	2.771	&	1.668	&	3.875	&	1.651	&	14.37	&	4.216\\
2	&	4.16	&	4.24	&	61.05	&	15.78	&	4.502	&	3.892	&	2.875	&	8.566	&	8.506	&	2.745\\
3	&	5.574	&	4.24	&	6.684	&	24.62	&	0.9524	&	28.82	&	1.875	&	3.922	&	13.79	&	10.1\\
4	&	2.329	&	3.18	&	3.085	&	2.111	&	29.87	&	5.097	&	4.875	&	17.54	&	4.713	&	21.86\\
5	&	6.739	&	2.473	&	2.442	&	17.59	&	3.03	&	28.45	&	6.5	&	1.961	&	12.18	&	6.863\\
6	&	5.324	&	2.297	&	5.398	&	1.407	&	9.351	&	7.229	&	69.88	&	0.8256	&	4.483	&	1.961\\
7	&	0.5824	&	1.855	&	7.198	&	11.86	&	9.697	&	2.78	&	0.75	&	36.22	&	4.598	&	28.14\\
8	&	10.82	&	6.095	&	5.784	&	14.87	&	4.848	&	13.72	&	4.75	&	3.096	&	25.98	&	8.235\\
9	&	2.08	&	3.269	&	1.799	&	7.538	&	34.11	&	2.966	&	0.5	&	24.66	&	6.782	&	12.75\\
correct: 41.68%
k: 30
	&	0	&	1	&	2	&	3	&	4	&	5	&	6	&	7	&	8	&	9\\
0	&	60.17	&	0.4405	&	6.683	&	2.202	&	0.8673	&	5.116	&	3.625	&	1.572	&	4.238	&	2.863\\
1	&	2.905	&	72.33	&	0.1261	&	2.102	&	2.602	&	1.395	&	3.625	&	1.782	&	13.86	&	4.442\\
2	&	4.066	&	3.965	&	61.16	&	16.32	&	4.423	&	3.814	&	3	&	8.386	&	7.675	&	2.665\\
3	&	5.56	&	4.317	&	6.179	&	24.82	&	0.954	&	28.84	&	1.875	&	3.669	&	14.55	&	9.773\\
4	&	2.158	&	3.26	&	3.026	&	2.002	&	30.62	&	5.116	&	4.75	&	17.3	&	5.04	&	21.72\\
5	&	6.39	&	2.467	&	2.648	&	17.62	&	3.209	&	29.02	&	6.5	&	1.887	&	11.91	&	6.614\\
6	&	5.145	&	2.291	&	5.801	&	1.401	&	9.107	&	6.977	&	70.88	&	0.8386	&	4.238	&	1.777\\
7	&	0.6639	&	1.586	&	7.314	&	11.31	&	9.627	&	2.791	&	0.625	&	37.32	&	4.696	&	28.43\\
8	&	10.79	&	5.991	&	5.422	&	15.02	&	4.597	&	13.86	&	4.5	&	2.83	&	27.03	&	8.095\\
9	&	2.158	&	3.348	&	1.639	&	7.207	&	34	&	3.07	&	0.625	&	24.42	&	6.758	&	13.62\\
correct: 42.41%
k: 29
	&	0	&	1	&	2	&	3	&	4	&	5	&	6	&	7	&	8	&	9\\
0	&	60.85	&	0.4371	&	6.329	&	2.238	&	0.8651	&	4.883	&	3.704	&	1.34	&	4.343	&	3.072\\
1	&	2.922	&	72.55	&	0.1266	&	2.34	&	2.163	&	1.315	&	3.58	&	1.753	&	13.26	&	4.46\\
2	&	3.673	&	3.934	&	61.9	&	16.28	&	4.498	&	3.944	&	3.21	&	8.247	&	7.771	&	2.577\\
3	&	5.676	&	4.108	&	6.329	&	26.04	&	1.038	&	28.26	&	1.605	&	3.711	&	14.17	&	10.21\\
4	&	2.17	&	3.059	&	3.038	&	1.628	&	30.97	&	5.164	&	4.938	&	16.6	&	4.914	&	22.2\\
5	&	6.26	&	2.535	&	2.658	&	17.5	&	3.114	&	30.14	&	6.667	&	1.959	&	11.2	&	6.64\\
6	&	5.008	&	1.923	&	5.696	&	1.424	&	9.429	&	6.573	&	70.99	&	0.7216	&	4.571	&	1.586\\
7	&	0.5843	&	1.748	&	6.709	&	11.39	&	9.602	&	2.817	&	0.4938	&	38.56	&	4.686	&	27.35\\
8	&	10.93	&	6.119	&	5.443	&	14.65	&	4.498	&	13.43	&	4.198	&	2.887	&	28.69	&	7.73\\
9	&	1.92	&	3.584	&	1.772	&	6.511	&	33.82	&	3.474	&	0.6173	&	24.23	&	6.4	&	14.17\\
correct: 43.26%
k: 28
	&	0	&	1	&	2	&	3	&	4	&	5	&	6	&	7	&	8	&	9\\
0	&	61.7	&	0.4337	&	5.98	&	2.326	&	0.8673	&	4.837	&	3.448	&	1.235	&	4.398	&	3.175\\
1	&	2.694	&	72.77	&	0.1272	&	2.427	&	1.908	&	1.488	&	3.448	&	1.749	&	12.85	&	4.464\\
2	&	3.451	&	4.25	&	62.85	&	16.18	&	4.25	&	3.907	&	3.079	&	8.436	&	7.755	&	2.282\\
3	&	5.64	&	4.163	&	6.361	&	26.59	&	1.041	&	28.37	&	1.601	&	3.086	&	14.24	&	9.821\\
4	&	2.104	&	2.602	&	2.926	&	1.82	&	31.83	&	4.93	&	5.049	&	16.26	&	4.861	&	22.32\\
5	&	5.976	&	2.342	&	2.799	&	17.49	&	3.036	&	30.6	&	6.404	&	1.955	&	11.57	&	6.349\\
6	&	4.882	&	1.908	&	5.598	&	1.416	&	9.02	&	6.419	&	71.8	&	0.7202	&	4.63	&	1.687\\
7	&	0.5892	&	1.821	&	6.489	&	10.41	&	9.54	&	2.698	&	0.4926	&	39.92	&	4.398	&	27.48\\
8	&	11.28	&	5.984	&	5.216	&	14.96	&	4.337	&	13.21	&	3.941	&	2.881	&	29.17	&	7.738\\
9	&	1.684	&	3.729	&	1.654	&	6.37	&	34.17	&	3.535	&	0.7389	&	23.77	&	6.134	&	14.68\\
correct: 43.96%
k: 27
	&	0	&	1	&	2	&	3	&	4	&	5	&	6	&	7	&	8	&	9\\
0	&	62.45	&	0.3493	&	5.499	&	2.209	&	1.04	&	4.864	&	3.507	&	1.235	&	4.707	&	2.979\\
1	&	2.719	&	74.06	&	0.1279	&	2.209	&	1.906	&	1.497	&	3.386	&	1.749	&	12.06	&	4.369\\
2	&	3.314	&	4.105	&	64.32	&	15.86	&	4.246	&	4.022	&	3.023	&	8.333	&	7.692	&	1.986\\
3	&	5.692	&	3.843	&	5.882	&	28.21	&	1.04	&	27.5	&	1.572	&	3.086	&	14.58	&	9.533\\
4	&	2.124	&	2.533	&	2.685	&	1.807	&	32.24	&	4.958	&	5.079	&	16.15	&	4.592	&	22.34\\
5	&	5.692	&	2.096	&	2.941	&	17.57	&	3.206	&	31.43	&	6.288	&	1.852	&	11.14	&	6.256\\
6	&	4.418	&	1.659	&	5.115	&	1.506	&	8.579	&	6.548	&	72.19	&	0.7202	&	4.707	&	1.787\\
7	&	0.5098	&	1.834	&	6.65	&	10.24	&	9.445	&	2.526	&	0.6046	&	40.23	&	4.592	&	27.31\\
8	&	11.38	&	5.939	&	5.115	&	14.56	&	4.246	&	13.19	&	3.628	&	2.469	&	29.85	&	8.242\\
9	&	1.699	&	3.581	&	1.662	&	5.823	&	34.06	&	3.461	&	0.7255	&	24.18	&	6.085	&	15.19\\
correct: 44.76%
k: 26
	&	0	&	1	&	2	&	3	&	4	&	5	&	6	&	7	&	8	&	9\\
0	&	62.44	&	0.1759	&	5.083	&	2.295	&	0.8651	&	4.717	&	3.249	&	0.9317	&	4.878	&	3.366\\
1	&	2.857	&	74.85	&	0.1271	&	2.196	&	2.163	&	1.509	&	3.129	&	1.76	&	12.31	&	3.663\\
2	&	3.109	&	3.694	&	65.57	&	15.37	&	4.152	&	4.057	&	2.888	&	8.489	&	7.433	&	2.178\\
3	&	5.714	&	3.43	&	6.099	&	28.94	&	1.038	&	27.64	&	1.324	&	3.313	&	14.17	&	9.406\\
4	&	2.101	&	2.726	&	2.414	&	1.697	&	33.04	&	5	&	4.934	&	15.63	&	4.53	&	22.18\\
5	&	5.21	&	2.023	&	2.795	&	17.86	&	3.114	&	32.08	&	6.137	&	1.863	&	11.38	&	6.238\\
6	&	4.37	&	1.847	&	4.701	&	1.497	&	8.045	&	6.038	&	73.41	&	0.7246	&	4.646	&	1.881\\
7	&	0.5042	&	2.111	&	6.48	&	9.88	&	8.997	&	2.453	&	0.6017	&	40.99	&	4.413	&	27.62\\
8	&	11.93	&	5.717	&	4.956	&	14.17	&	4.066	&	13.4	&	3.369	&	2.588	&	30.55	&	8.02\\
9	&	1.765	&	3.43	&	1.779	&	6.088	&	34.52	&	3.113	&	0.9627	&	23.71	&	5.691	&	15.45\\
correct: 45.47%
k: 25
	&	0	&	1	&	2	&	3	&	4	&	5	&	6	&	7	&	8	&	9\\
0	&	63.35	&	0.1761	&	4.912	&	2.383	&	0.8688	&	4.511	&	3.151	&	1.03	&	4.889	&	3.376\\
1	&	2.806	&	75.44	&	0.1259	&	2.085	&	1.911	&	1.536	&	3.034	&	1.648	&	12.34	&	3.674\\
2	&	3.061	&	3.521	&	66.25	&	14.5	&	4.083	&	3.839	&	3.501	&	8.342	&	7.567	&	2.085\\
3	&	5.952	&	3.345	&	5.919	&	30.19	&	1.043	&	27.54	&	1.4	&	2.781	&	13.74	&	9.434\\
4	&	2.041	&	2.729	&	2.519	&	1.688	&	33.62	&	4.99	&	5.018	&	15.24	&	4.191	&	22.24\\
5	&	5.102	&	1.937	&	2.519	&	18.17	&	3.215	&	32.92	&	6.068	&	1.751	&	11.18	&	6.157\\
6	&	3.997	&	1.849	&	4.912	&	1.49	&	7.732	&	6.142	&	72.7	&	0.8239	&	4.075	&	1.688\\
7	&	0.5102	&	1.937	&	6.423	&	9.335	&	9.123	&	2.303	&	0.7001	&	42.43	&	4.424	&	26.81\\
8	&	11.65	&	5.546	&	4.786	&	14.2	&	4.257	&	13.24	&	3.501	&	2.369	&	31.9	&	7.845\\
9	&	1.531	&	3.521	&	1.637	&	5.958	&	34.14	&	2.975	&	0.9335	&	23.58	&	5.704	&	16.68\\
correct: 46.39%
k: 24
	&	0	&	1	&	2	&	3	&	4	&	5	&	6	&	7	&	8	&	9\\
0	&	63.97	&	0.3497	&	4.851	&	2.395	&	0.7752	&	4.645	&	2.83	&	1.121	&	4.353	&	3.287\\
1	&	2.641	&	75.79	&	0.1244	&	2.096	&	1.809	&	1.422	&	2.712	&	1.733	&	12.45	&	3.586\\
2	&	2.981	&	3.234	&	66.79	&	14.77	&	3.79	&	3.602	&	3.184	&	8.155	&	7.618	&	2.291\\
3	&	5.963	&	3.409	&	5.721	&	31.24	&	1.12	&	27.58	&	1.179	&	2.446	&	13.66	&	9.064\\
4	&	2.044	&	2.622	&	2.488	&	1.697	&	34.11	&	4.739	&	4.953	&	15.9	&	3.628	&	21.61\\
5	&	5.026	&	2.098	&	2.861	&	18.06	&	2.756	&	33.93	&	5.778	&	1.733	&	10.64	&	6.076\\
6	&	3.918	&	1.836	&	4.602	&	1.397	&	7.494	&	6.256	&	74.17	&	0.8155	&	4.111	&	1.594\\
7	&	0.5111	&	1.836	&	6.343	&	8.683	&	9.216	&	2.18	&	0.7075	&	43.02	&	4.353	&	26.79\\
8	&	11.5	&	5.594	&	4.726	&	14.27	&	4.22	&	13.08	&	3.302	&	2.345	&	33.62	&	7.769\\
9	&	1.448	&	3.234	&	1.493	&	5.389	&	34.71	&	2.559	&	1.179	&	22.73	&	5.562	&	17.93\\
correct: 47.31%
k: 23
	&	0	&	1	&	2	&	3	&	4	&	5	&	6	&	7	&	8	&	9\\
0	&	64.68	&	0.4382	&	4.674	&	2.098	&	0.7853	&	4.339	&	3.147	&	1.111	&	4.479	&	2.854\\
1	&	2.56	&	76.51	&	0	&	1.998	&	1.832	&	1.543	&	2.448	&	1.616	&	12.35	&	3.543\\
2	&	2.56	&	3.243	&	67.16	&	14.29	&	3.403	&	3.761	&	3.38	&	8.081	&	7.869	&	2.362\\
3	&	6.143	&	3.506	&	5.535	&	32.37	&	1.047	&	27.29	&	1.166	&	2.525	&	13.68	&	8.465\\
4	&	2.048	&	2.542	&	2.46	&	1.598	&	35.08	&	4.532	&	4.779	&	15.66	&	3.269	&	21.75\\
5	&	5.034	&	1.84	&	2.952	&	18.08	&	2.88	&	34.62	&	5.711	&	1.717	&	10.53	&	6.102\\
6	&	3.754	&	1.753	&	4.551	&	1.499	&	6.894	&	6.461	&	74.59	&	0.8081	&	3.632	&	1.772\\
7	&	0.5119	&	2.016	&	6.396	&	8.092	&	9.075	&	2.122	&	0.6993	&	43.03	&	4.116	&	26.97\\
8	&	11.26	&	5.346	&	4.674	&	14.59	&	4.101	&	12.83	&	3.147	&	2.323	&	34.87	&	7.776\\
9	&	1.451	&	2.805	&	1.599	&	5.395	&	34.9	&	2.507	&	0.9324	&	23.13	&	5.206	&	18.41\\
correct: 48.03%
k: 22
	&	0	&	1	&	2	&	3	&	4	&	5	&	6	&	7	&	8	&	9\\
0	&	65.44	&	0.4348	&	4.68	&	1.892	&	0.6071	&	4.008	&	3.263	&	1.028	&	4.364	&	2.976\\
1	&	2.481	&	77.04	&	0	&	1.892	&	1.648	&	1.336	&	2.214	&	1.439	&	11.88	&	3.671\\
2	&	2.481	&	3.13	&	68.35	&	14.54	&	3.643	&	3.912	&	2.914	&	7.914	&	7.273	&	2.083\\
3	&	5.817	&	3.652	&	5.296	&	32.77	&	1.041	&	27.39	&	1.049	&	2.775	&	13.45	&	8.135\\
4	&	1.796	&	2.609	&	2.34	&	1.693	&	36.25	&	4.58	&	4.662	&	15.11	&	3.394	&	21.23\\
5	&	4.79	&	1.826	&	2.094	&	17.93	&	2.775	&	35.69	&	5.361	&	1.85	&	10.42	&	6.151\\
6	&	3.593	&	1.652	&	4.557	&	1.394	&	6.765	&	5.63	&	76.34	&	0.7194	&	4.121	&	1.29\\
7	&	0.5988	&	1.826	&	6.773	&	8.267	&	8.673	&	1.908	&	0.5828	&	44.71	&	4	&	26.69\\
8	&	11.55	&	5.13	&	4.433	&	14.44	&	4.076	&	12.79	&	2.914	&	2.261	&	35.88	&	7.44\\
9	&	1.454	&	2.696	&	1.478	&	5.179	&	34.52	&	2.767	&	0.6993	&	22.2	&	5.212	&	20.34\\
correct: 49.18%
k: 21
	&	0	&	1	&	2	&	3	&	4	&	5	&	6	&	7	&	8	&	9\\
0	&	65.27	&	0.4374	&	4.455	&	1.787	&	0.6975	&	3.946	&	3.349	&	1.21	&	4.406	&	2.973\\
1	&	2.474	&	77.87	&	0	&	1.887	&	1.744	&	1.251	&	2.194	&	1.411	&	11.63	&	3.568\\
2	&	2.645	&	3.062	&	69.68	&	13.7	&	3.487	&	3.754	&	3.002	&	7.964	&	7.344	&	2.081\\
3	&	5.717	&	3.762	&	4.827	&	33.86	&	0.959	&	26.76	&	1.039	&	2.722	&	13.59	&	8.325\\
4	&	1.877	&	2.45	&	2.351	&	1.39	&	36.88	&	4.524	&	4.734	&	14.72	&	3.06	&	21.51\\
5	&	4.863	&	1.662	&	1.856	&	18.07	&	2.616	&	36.67	&	5.312	&	1.815	&	10.4	&	5.847\\
6	&	3.669	&	1.575	&	4.208	&	1.39	&	6.888	&	5.871	&	75.98	&	1.008	&	3.427	&	1.288\\
7	&	0.5973	&	1.75	&	6.931	&	8.143	&	8.544	&	1.636	&	0.5774	&	45.06	&	4.039	&	26.07\\
8	&	11.52	&	4.812	&	4.208	&	14.1	&	4.098	&	12.9	&	3.118	&	2.319	&	37.21	&	7.235\\
9	&	1.365	&	2.625	&	1.485	&	5.66	&	34.09	&	2.695	&	0.6928	&	21.77	&	4.896	&	21.11\\
correct: 49.85%
k: 20
	&	0	&	1	&	2	&	3	&	4	&	5	&	6	&	7	&	8	&	9\\
0	&	66.1	&	0.3478	&	4.172	&	1.603	&	0.6045	&	4.155	&	3.421	&	1.021	&	4.172	&	2.985\\
1	&	2.397	&	77.91	&	0	&	1.603	&	1.641	&	1.256	&	2.281	&	1.328	&	11.53	&	3.582\\
2	&	2.483	&	2.957	&	70.8	&	14.23	&	3.454	&	3.671	&	2.737	&	7.457	&	6.871	&	1.891\\
3	&	5.479	&	3.826	&	4.908	&	34.77	&	1.209	&	26.47	&	0.9122	&	2.656	&	13.5	&	8.259\\
4	&	1.798	&	2.522	&	2.331	&	1.202	&	37.31	&	4.541	&	5.017	&	14.3	&	3.067	&	21.19\\
5	&	4.88	&	1.478	&	1.963	&	17.33	&	2.591	&	37.78	&	5.131	&	2.043	&	10.55	&	5.672\\
6	&	3.425	&	1.565	&	3.926	&	1.403	&	6.995	&	5.7	&	76.05	&	0.9193	&	3.313	&	1.095\\
7	&	0.5993	&	1.826	&	6.748	&	7.916	&	8.29	&	1.546	&	0.7982	&	46.27	&	3.436	&	26.47\\
8	&	11.56	&	5.13	&	3.681	&	14.43	&	3.972	&	12.27	&	2.851	&	2.451	&	38.9	&	6.667\\
9	&	1.284	&	2.435	&	1.472	&	5.511	&	33.94	&	2.609	&	0.7982	&	21.55	&	4.663	&	22.19\\
correct: 50.75%
k: 19
	&	0	&	1	&	2	&	3	&	4	&	5	&	6	&	7	&	8	&	9\\
0	&	66.72	&	0.3475	&	3.898	&	1.506	&	0.6981	&	4.352	&	3.2	&	0.925	&	4.034	&	2.745\\
1	&	2.23	&	78.28	&	0	&	1.707	&	1.745	&	1.161	&	2.4	&	1.233	&	11.12	&	3.431\\
2	&	2.83	&	3.041	&	71.5	&	13.86	&	3.49	&	3.191	&	2.057	&	7.297	&	7.213	&	1.765\\
3	&	5.403	&	3.649	&	5.238	&	36.65	&	1.222	&	25.63	&	1.029	&	2.158	&	13.57	&	7.549\\
4	&	1.801	&	2.346	&	2.314	&	1.305	&	38.39	&	4.352	&	4.914	&	13.46	&	2.812	&	21.57\\
5	&	4.545	&	1.564	&	1.949	&	17.77	&	2.531	&	38.78	&	4.914	&	1.953	&	10.02	&	5.294\\
6	&	3.345	&	1.738	&	3.654	&	1.305	&	6.545	&	5.706	&	77.14	&	1.131	&	3.056	&	1.078\\
7	&	0.5146	&	1.911	&	6.577	&	7.129	&	7.941	&	1.547	&	0.6857	&	48.41	&	3.423	&	25.78\\
8	&	11.23	&	5.039	&	3.654	&	13.55	&	3.665	&	12.48	&	3.086	&	2.261	&	40.34	&	6.863\\
9	&	1.372	&	2.085	&	1.218	&	5.221	&	33.77	&	2.805	&	0.5714	&	21.17	&	4.401	&	23.92\\
correct: 51.92%
k: 18
	&	0	&	1	&	2	&	3	&	4	&	5	&	6	&	7	&	8	&	9\\
0	&	67.47	&	0.3439	&	3.762	&	1.4	&	0.524	&	4.259	&	3.058	&	0.9404	&	3.634	&	2.721\\
1	&	2.14	&	78.76	&	0.1214	&	1.4	&	1.659	&	1.065	&	2.378	&	1.254	&	10.4	&	3.207\\
2	&	2.654	&	3.009	&	72.09	&	13.5	&	3.581	&	2.904	&	2.378	&	7.524	&	7.143	&	1.555\\
3	&	5.137	&	3.697	&	5.218	&	37.7	&	1.048	&	25.65	&	1.019	&	2.09	&	13.03	&	7.483\\
4	&	1.798	&	2.322	&	2.184	&	1	&	39.48	&	3.969	&	5.096	&	13.48	&	2.882	&	20.99\\
5	&	4.281	&	1.29	&	1.82	&	17.5	&	2.62	&	39.98	&	4.757	&	1.776	&	9.9	&	5.442\\
6	&	3.51	&	1.634	&	3.519	&	1.4	&	6.114	&	5.712	&	77.24	&	0.9404	&	2.882	&	1.166\\
7	&	0.3425	&	1.462	&	6.675	&	7.2	&	8.122	&	1.646	&	0.5663	&	49.74	&	3.133	&	25.66\\
8	&	11.39	&	5.331	&	3.398	&	13.7	&	3.493	&	12	&	3.058	&	2.09	&	41.98	&	6.608\\
9	&	1.284	&	2.15	&	1.214	&	5.2	&	33.36	&	2.807	&	0.453	&	20.17	&	5.013	&	25.17\\
correct: 52.92%
k: 17
	&	0	&	1	&	2	&	3	&	4	&	5	&	6	&	7	&	8	&	9\\
0	&	68.67	&	0.341	&	3.73	&	1.382	&	0.614	&	4.02	&	3.037	&	1.14	&	3.97	&	2.557\\
1	&	2.094	&	78.94	&	0	&	1.481	&	1.491	&	0.9804	&	1.912	&	1.347	&	9.926	&	3.245\\
2	&	2.618	&	2.984	&	73.65	&	13.43	&	3.07	&	2.255	&	2.137	&	7.565	&	6.328	&	1.77\\
3	&	4.625	&	3.495	&	5.174	&	38.8	&	1.053	&	26.08	&	1.012	&	2.073	&	13.15	&	6.588\\
4	&	1.745	&	2.472	&	2.166	&	0.8885	&	40.44	&	3.725	&	4.949	&	12.54	&	2.978	&	21.44\\
5	&	4.188	&	1.364	&	1.564	&	17.37	&	2.719	&	40.98	&	4.612	&	1.658	&	10.05	&	5.113\\
6	&	3.578	&	1.62	&	3.008	&	1.086	&	6.316	&	5.196	&	78.29	&	0.7254	&	2.73	&	1.18\\
7	&	0.2618	&	1.364	&	6.258	&	7.206	&	7.895	&	1.667	&	0.6749	&	50.98	&	2.978	&	25.07\\
8	&	11.08	&	5.2	&	3.369	&	13.92	&	3.509	&	11.96	&	2.925	&	2.073	&	42.56	&	6.49\\
9	&	1.134	&	2.217	&	1.083	&	4.442	&	32.89	&	3.137	&	0.4499	&	19.9	&	5.335	&	26.55\\
correct: 53.98%
k: 16
	&	0	&	1	&	2	&	3	&	4	&	5	&	6	&	7	&	8	&	9\\
0	&	69.9	&	0.3401	&	3.606	&	1.481	&	0.6957	&	3.846	&	2.703	&	0.9534	&	4.423	&	2.22\\
1	&	2.03	&	79.25	&	0	&	0.9872	&	1.478	&	1.183	&	2.027	&	1.483	&	9.705	&	2.896\\
2	&	2.648	&	2.721	&	75.24	&	12.83	&	3.043	&	2.071	&	2.14	&	7.415	&	6.388	&	1.641\\
3	&	4.501	&	3.061	&	4.567	&	40.18	&	0.8696	&	26.04	&	1.014	&	2.225	&	13.14	&	6.467\\
4	&	1.765	&	2.381	&	2.043	&	0.8885	&	41.91	&	3.254	&	4.73	&	12.08	&	2.703	&	20.75\\
5	&	3.972	&	1.446	&	1.562	&	17.37	&	2.87	&	42.41	&	4.279	&	1.695	&	8.968	&	4.923\\
6	&	3.442	&	1.616	&	2.524	&	1.086	&	6.174	&	5.128	&	78.94	&	0.7415	&	2.948	&	1.255\\
7	&	0.1765	&	1.276	&	6.37	&	7.009	&	7.913	&	1.578	&	0.4505	&	52.12	&	2.826	&	25.19\\
8	&	10.5	&	5.612	&	3.245	&	13.72	&	3.304	&	11.44	&	3.266	&	2.119	&	43.61	&	6.274\\
9	&	1.059	&	2.296	&	0.8413	&	4.442	&	31.74	&	3.057	&	0.4505	&	19.17	&	5.283	&	28.38\\
correct: 55.11%
k: 15
	&	0	&	1	&	2	&	3	&	4	&	5	&	6	&	7	&	8	&	9\\
0	&	71.65	&	0.256	&	3.593	&	1.485	&	0.6162	&	3.996	&	2.876	&	0.8359	&	3.966	&	2.111\\
1	&	1.8	&	79.69	&	0	&	1.089	&	1.32	&	1.199	&	2.102	&	1.672	&	9.255	&	2.975\\
2	&	2.52	&	2.56	&	75.81	&	11.98	&	2.993	&	1.798	&	2.323	&	7.315	&	6.851	&	1.919\\
3	&	3.87	&	2.901	&	4.671	&	42.18	&	0.9683	&	25.37	&	0.885	&	1.985	&	13.34	&	6.238\\
4	&	1.71	&	2.56	&	2.156	&	0.9901	&	43.13	&	2.997	&	4.535	&	11.18	&	2.284	&	20.92\\
5	&	3.96	&	1.451	&	1.557	&	17.13	&	2.729	&	44.06	&	4.314	&	1.149	&	8.894	&	4.702\\
6	&	3.06	&	1.706	&	2.275	&	0.9901	&	6.602	&	4.496	&	78.65	&	0.7315	&	3.125	&	1.056\\
7	&	0.18	&	1.195	&	5.868	&	6.931	&	7.218	&	1.499	&	0.5531	&	54.55	&	2.764	&	23.61\\
8	&	10.26	&	5.375	&	3.234	&	13.17	&	3.345	&	11.69	&	3.208	&	2.09	&	44.59	&	5.95\\
9	&	0.9901	&	2.304	&	0.8383	&	4.059	&	31.07	&	2.897	&	0.5531	&	18.5	&	4.928	&	30.52\\
correct: 56.42%
k: 14
	&	0	&	1	&	2	&	3	&	4	&	5	&	6	&	7	&	8	&	9\\
0	&	73.25	&	0.2547	&	3.412	&	1.401	&	0.7036	&	3.582	&	2.464	&	0.7368	&	3.986	&	1.892\\
1	&	1.813	&	80.05	&	0.1176	&	1.001	&	1.055	&	1.194	&	1.792	&	1.579	&	8.696	&	3.217\\
2	&	2.357	&	2.462	&	75.76	&	12.01	&	2.814	&	1.692	&	2.016	&	7.474	&	6.643	&	1.892\\
3	&	3.445	&	2.716	&	4.353	&	44.04	&	1.055	&	25.27	&	0.8959	&	1.789	&	13.04	&	6.055\\
4	&	1.451	&	2.292	&	2.235	&	1.001	&	44.77	&	2.886	&	4.255	&	10.84	&	2.295	&	20.06\\
5	&	3.536	&	1.528	&	1.294	&	16.62	&	2.902	&	45.37	&	3.807	&	1.053	&	9.541	&	4.352\\
6	&	2.72	&	1.783	&	2.588	&	0.8008	&	6.332	&	4.677	&	80.74	&	0.4211	&	2.778	&	0.9461\\
7	&	0.1813	&	1.019	&	6.235	&	6.607	&	6.948	&	1.294	&	0.5599	&	55.68	&	2.295	&	23.65\\
8	&	10.24	&	5.688	&	3.176	&	12.81	&	3.254	&	11.24	&	2.912	&	2.316	&	46.14	&	5.582\\
9	&	0.9973	&	2.207	&	0.8235	&	3.704	&	30.17	&	2.786	&	0.5599	&	18.11	&	4.589	&	32.36\\
correct: 57.74%
k: 13
	&	0	&	1	&	2	&	3	&	4	&	5	&	6	&	7	&	8	&	9\\
0	&	73.89	&	0.2517	&	3.704	&	1.296	&	0.3562	&	3.528	&	2.455	&	0.7322	&	3.813	&	1.701\\
1	&	1.723	&	80.54	&	0.1157	&	1.097	&	0.8905	&	1.109	&	1.897	&	1.151	&	7.749	&	3.025\\
2	&	2.357	&	2.517	&	76.74	&	10.77	&	2.939	&	1.714	&	1.674	&	7.427	&	6.15	&	1.796\\
3	&	3.264	&	2.685	&	4.398	&	46.36	&	0.9795	&	24.4	&	0.7812	&	1.569	&	12.67	&	5.766\\
4	&	1.36	&	2.265	&	1.968	&	0.5982	&	46.3	&	2.823	&	4.018	&	10.46	&	2.214	&	20.32\\
5	&	3.354	&	1.426	&	1.157	&	16.45	&	2.76	&	47.18	&	3.683	&	1.046	&	9.471	&	4.159\\
6	&	2.811	&	1.762	&	1.968	&	0.6979	&	6.144	&	4.637	&	81.81	&	0.523	&	2.583	&	0.7561\\
7	&	0.1813	&	1.174	&	6.134	&	6.281	&	6.857	&	1.21	&	0.3348	&	57.11	&	2.337	&	22.59\\
8	&	10.15	&	5.453	&	2.894	&	13.16	&	3.117	&	10.58	&	2.79	&	2.092	&	48.83	&	5.482\\
9	&	0.9066	&	1.93	&	0.9259	&	3.29	&	29.65	&	2.823	&	0.558	&	17.89	&	4.182	&	34.4\\
correct: 59.31%
k: 12
	&	0	&	1	&	2	&	3	&	4	&	5	&	6	&	7	&	8	&	9\\
0	&	74.34	&	0.2532	&	3.292	&	1.471	&	0.1783	&	3.486	&	2.368	&	0.7384	&	3.62	&	1.811\\
1	&	1.723	&	81.52	&	0.1135	&	1.275	&	0.9804	&	1.096	&	1.917	&	0.9494	&	7.241	&	2.86\\
2	&	2.357	&	2.363	&	77.87	&	10.2	&	2.585	&	1.295	&	1.578	&	6.857	&	5.993	&	1.811\\
3	&	2.992	&	2.7	&	4.54	&	46.76	&	0.8913	&	23.61	&	0.5637	&	1.371	&	12.73	&	5.815\\
4	&	1.451	&	2.025	&	1.816	&	0.2941	&	48.31	&	2.789	&	3.72	&	10.23	&	2.372	&	19.45\\
5	&	3.264	&	1.519	&	1.022	&	15.78	&	2.674	&	48.31	&	3.608	&	1.266	&	8.614	&	3.813\\
6	&	2.629	&	1.688	&	1.816	&	0.8824	&	5.882	&	4.582	&	82.86	&	0.7384	&	2.622	&	0.858\\
7	&	0.1813	&	1.181	&	6.243	&	5.98	&	6.863	&	1.594	&	0.3382	&	57.91	&	2.372	&	22.12\\
8	&	10.24	&	4.979	&	2.384	&	13.53	&	2.941	&	10.46	&	2.48	&	2.11	&	50.44	&	5.624\\
9	&	0.816	&	1.772	&	0.9081	&	3.824	&	28.7	&	2.789	&	0.5637	&	17.83	&	3.995	&	35.84\\
correct: 60.4%
k: 11
	&	0	&	1	&	2	&	3	&	4	&	5	&	6	&	7	&	8	&	9\\
0	&	75.55	&	0.2534	&	3.16	&	1.285	&	0.182	&	3.307	&	2.477	&	0.6186	&	3.427	&	1.619\\
1	&	1.551	&	82.35	&	0.1129	&	1.285	&	0.8189	&	1.002	&	1.689	&	1.031	&	6.977	&	2.667\\
2	&	2.464	&	2.449	&	78.89	&	9.783	&	2.457	&	1.303	&	1.464	&	6.495	&	5.508	&	1.619\\
3	&	3.102	&	2.534	&	4.402	&	48.91	&	0.8189	&	22.34	&	0.6757	&	1.237	&	12	&	6.095\\
4	&	1.369	&	1.689	&	1.58	&	0.2964	&	50.05	&	2.605	&	3.716	&	10	&	2.326	&	19.52\\
5	&	2.646	&	1.605	&	0.9029	&	15.71	&	2.457	&	49.8	&	3.604	&	1.031	&	8.69	&	3.81\\
6	&	2.555	&	1.774	&	1.693	&	0.5929	&	5.914	&	4.91	&	83.33	&	0.6186	&	2.57	&	0.6667\\
7	&	0.1825	&	1.014	&	5.982	&	5.534	&	6.551	&	1.804	&	0.3378	&	59.9	&	2.326	&	20.19\\
8	&	9.763	&	4.392	&	2.483	&	13.34	&	2.73	&	10.52	&	2.252	&	1.753	&	52.63	&	5.333\\
9	&	0.8212	&	1.943	&	0.7901	&	3.261	&	28.03	&	2.405	&	0.4505	&	17.32	&	3.55	&	38.48\\
correct: 61.99%
k: 10
	&	0	&	1	&	2	&	3	&	4	&	5	&	6	&	7	&	8	&	9\\
0	&	76.56	&	0.3336	&	2.905	&	1.303	&	0.18	&	3.088	&	2.587	&	0.5225	&	3.261	&	1.266\\
1	&	1.19	&	82.15	&	0.2235	&	1.503	&	0.9001	&	0.8964	&	1.35	&	1.045	&	6.884	&	2.142\\
2	&	2.473	&	2.335	&	79.55	&	9.419	&	2.16	&	1.394	&	1.237	&	6.688	&	5.193	&	1.461\\
3	&	3.205	&	2.669	&	4.358	&	51.8	&	0.7201	&	21.61	&	0.7874	&	1.463	&	10.51	&	5.258\\
4	&	1.374	&	1.668	&	1.341	&	0.2004	&	52.66	&	1.992	&	3.487	&	9.3	&	2.657	&	18.11\\
5	&	2.289	&	1.418	&	0.5587	&	14.53	&	2.43	&	52.89	&	3.15	&	1.045	&	8.333	&	3.408\\
6	&	2.381	&	1.585	&	1.899	&	0.501	&	5.401	&	4.681	&	84.36	&	0.627	&	2.657	&	0.5842\\
7	&	0.1832	&	1.251	&	6.369	&	4.81	&	6.571	&	1.594	&	0.3375	&	61.65	&	1.691	&	20.45\\
8	&	9.615	&	4.754	&	2.123	&	12.83	&	2.43	&	9.861	&	2.25	&	1.463	&	54.83	&	4.966\\
9	&	0.7326	&	1.835	&	0.6704	&	3.106	&	26.55	&	1.992	&	0.4499	&	16.2	&	3.986	&	42.36\\
correct: 63.95%
k: 9
	&	0	&	1	&	2	&	3	&	4	&	5	&	6	&	7	&	8	&	9\\
0	&	78.31	&	0.2521	&	2.539	&	1.201	&	0.2786	&	2.716	&	2.431	&	0.5187	&	3.538	&	0.9634\\
1	&	1.205	&	83.28	&	0.2208	&	1.101	&	0.65	&	0.9054	&	1.215	&	0.9336	&	7.193	&	2.023\\
2	&	2.41	&	2.269	&	80.91	&	8.609	&	2.136	&	1.61	&	1.547	&	6.224	&	4.127	&	1.156\\
3	&	3.614	&	2.269	&	4.305	&	54.15	&	0.65	&	20.62	&	0.7735	&	1.349	&	9.67	&	4.817\\
4	&	1.205	&	1.176	&	1.435	&	0.3003	&	54.22	&	2.113	&	3.204	&	8.61	&	2.123	&	19.65\\
5	&	2.039	&	1.429	&	0.6623	&	14.91	&	2.228	&	54.23	&	3.867	&	1.141	&	7.075	&	2.794\\
6	&	2.039	&	1.597	&	1.766	&	0.4004	&	5.107	&	4.728	&	84.31	&	0.5187	&	2.594	&	0.4817\\
7	&	0.09268	&	1.429	&	5.408	&	4.805	&	6.407	&	1.408	&	0.1105	&	64	&	1.533	&	19.17\\
8	&	8.341	&	4.538	&	2.097	&	11.81	&	2.6	&	9.557	&	2.32	&	1.452	&	57.67	&	4.432\\
9	&	0.7414	&	1.765	&	0.6623	&	2.703	&	25.72	&	2.113	&	0.221	&	15.25	&	4.481	&	44.51\\
correct: 65.64%
k: 8
	&	0	&	1	&	2	&	3	&	4	&	5	&	6	&	7	&	8	&	9\\
0	&	79.29	&	0.1678	&	2.172	&	1.32	&	0.2778	&	2.564	&	2.208	&	0.5269	&	3.136	&	1.051\\
1	&	1.114	&	84.31	&	0.2172	&	0.7107	&	0.7407	&	0.9862	&	0.9934	&	0.9484	&	6.634	&	1.719\\
2	&	2.043	&	2.013	&	82.52	&	7.614	&	2.037	&	1.578	&	1.545	&	6.006	&	4.101	&	0.7641\\
3	&	3.621	&	1.93	&	3.8	&	57.06	&	0.6481	&	19.63	&	0.9934	&	1.686	&	8.444	&	4.776\\
4	&	1.114	&	0.9228	&	1.303	&	0.203	&	57.04	&	1.972	&	3.201	&	8.008	&	2.292	&	17.67\\
5	&	1.95	&	1.594	&	0.6515	&	14.11	&	1.667	&	56.41	&	3.091	&	1.054	&	6.393	&	2.483\\
6	&	1.95	&	1.426	&	1.629	&	0.4061	&	5.093	&	4.241	&	85.1	&	0.5269	&	2.774	&	0.382\\
7	&	0.09285	&	1.258	&	4.995	&	4.772	&	5.741	&	1.479	&	0.2208	&	65.86	&	1.327	&	19.48\\
8	&	7.892	&	4.866	&	2.063	&	11.17	&	2.5	&	9.369	&	2.539	&	1.791	&	60.07	&	4.011\\
9	&	0.9285	&	1.51	&	0.6515	&	2.64	&	24.26	&	1.775	&	0.1104	&	13.59	&	4.825	&	47.66\\
correct: 67.62%
k: 7
	&	0	&	1	&	2	&	3	&	4	&	5	&	6	&	7	&	8	&	9\\
0	&	80.41	&	0.08446	&	1.632	&	1.204	&	0.478	&	2.326	&	2.088	&	0.4175	&	3.059	&	0.4695\\
1	&	1.109	&	86.06	&	0.1088	&	0.8024	&	0.7648	&	0.7078	&	0.6593	&	0.4175	&	6.235	&	1.596\\
2	&	1.848	&	1.774	&	84.98	&	7.723	&	1.912	&	1.416	&	1.538	&	5.01	&	3.412	&	0.7512\\
3	&	3.697	&	1.689	&	3.591	&	58.78	&	0.3824	&	18.71	&	0.7692	&	2.088	&	8	&	4.413\\
4	&	0.8318	&	0.8446	&	0.8705	&	0.2006	&	59.94	&	2.022	&	3.626	&	6.681	&	1.529	&	18.4\\
5	&	1.571	&	1.52	&	0.4353	&	14.44	&	1.625	&	58.85	&	2.637	&	1.044	&	6	&	2.347\\
6	&	1.756	&	1.182	&	1.523	&	0.4012	&	4.493	&	4.146	&	86.7	&	0.4175	&	2.706	&	0.2817\\
7	&	0.09242	&	1.182	&	4.679	&	4.313	&	5.449	&	1.618	&	0.1099	&	69	&	1.176	&	17.09\\
8	&	7.948	&	4.223	&	1.632	&	9.829	&	2.486	&	8.493	&	1.868	&	2.088	&	63.41	&	3.662\\
9	&	0.7394	&	1.436	&	0.5441	&	2.307	&	22.47	&	1.719	&	0	&	12.84	&	4.471	&	50.99\\
correct: 69.97%
k: 6
	&	0	&	1	&	2	&	3	&	4	&	5	&	6	&	7	&	8	&	9\\
0	&	81.59	&	0.2515	&	1.491	&	1.131	&	0.2788	&	1.6	&	1.846	&	0.4292	&	2.994	&	0.4762\\
1	&	1.11	&	86.92	&	0.1065	&	0.8222	&	0.6506	&	0.5	&	0.4343	&	0.4292	&	5.509	&	1.048\\
2	&	1.665	&	1.509	&	85.84	&	6.68	&	1.487	&	1.1	&	1.737	&	4.828	&	3.713	&	0.5714\\
3	&	3.423	&	1.341	&	3.514	&	61.87	&	0.4647	&	19	&	0.6515	&	2.146	&	7.186	&	3.905\\
4	&	0.7401	&	0.5868	&	0.852	&	0.1028	&	62.36	&	1.8	&	3.257	&	6.33	&	1.437	&	16\\
5	&	1.665	&	1.425	&	0.3195	&	12.74	&	1.859	&	61	&	2.823	&	0.8584	&	5.15	&	2.19\\
6	&	1.665	&	1.09	&	1.384	&	0.1028	&	4.182	&	4.3	&	87.19	&	0.3219	&	2.156	&	0.09524\\
7	&	0.09251	&	1.006	&	4.579	&	4.522	&	5.39	&	1	&	0.1086	&	72.21	&	1.317	&	16.67\\
8	&	7.308	&	4.526	&	1.384	&	9.866	&	2.23	&	7.9	&	1.954	&	1.824	&	66.35	&	3.81\\
9	&	0.7401	&	1.341	&	0.5325	&	2.158	&	21.1	&	1.8	&	0	&	10.62	&	4.192	&	55.24\\
correct: 72.18%
k: 5
	&	0	&	1	&	2	&	3	&	4	&	5	&	6	&	7	&	8	&	9\\
0	&	83.51	&	0.2521	&	1.163	&	0.8147	&	0.3922	&	1.559	&	1.504	&	0.3122	&	2.999	&	0.4655\\
1	&	0.7498	&	87.9	&	0.1057	&	0.8147	&	0.6863	&	0.5198	&	0.5371	&	0.4162	&	4.844	&	0.838\\
2	&	1.312	&	1.513	&	88.27	&	5.499	&	1.373	&	1.247	&	1.611	&	3.746	&	3.114	&	0.6518\\
3	&	3.093	&	1.513	&	3.594	&	65.27	&	0.3922	&	16.53	&	0.3222	&	1.873	&	7.382	&	3.352\\
4	&	0.5623	&	0.5882	&	0.4228	&	0.1018	&	66.57	&	1.871	&	3.008	&	5.411	&	1.038	&	16.57\\
5	&	1.593	&	1.092	&	0.2114	&	13.24	&	1.863	&	64.14	&	2.793	&	1.041	&	4.383	&	1.862\\
6	&	1.593	&	0.9244	&	1.374	&	0.2037	&	3.333	&	3.638	&	88.51	&	0.4162	&	1.961	&	0.09311\\
7	&	0.09372	&	1.008	&	3.594	&	3.462	&	4.706	&	1.143	&	0.2148	&	75.23	&	1.269	&	14.15\\
8	&	6.935	&	3.866	&	0.9514	&	8.961	&	2.059	&	7.277	&	1.396	&	1.769	&	69.32	&	3.259\\
9	&	0.5623	&	1.345	&	0.3171	&	1.629	&	18.63	&	2.079	&	0.1074	&	9.781	&	3.691	&	58.75\\
correct: 74.88%
k: 4
	&	0	&	1	&	2	&	3	&	4	&	5	&	6	&	7	&	8	&	9\\
0	&	84.76	&	0.2459	&	0.9231	&	0.6363	&	0.09294	&	1.476	&	1.304	&	0.3375	&	2.094	&	0.1864\\
1	&	0.4647	&	86.97	&	0.1026	&	0.7423	&	0.6506	&	0.3937	&	0.4348	&	0.3375	&	4.433	&	0.6524\\
2	&	1.766	&	1.475	&	89.33	&	4.56	&	1.487	&	1.181	&	0.5435	&	2.7	&	2.34	&	0.466\\
3	&	3.067	&	1.475	&	3.487	&	69.88	&	0.2788	&	15.35	&	0.1087	&	2.025	&	6.65	&	3.169\\
4	&	0.3717	&	0.7377	&	0.3077	&	0.106	&	71.47	&	1.673	&	1.957	&	3.487	&	0.6158	&	11.65\\
5	&	1.208	&	0.8197	&	0.1026	&	10.07	&	1.58	&	67.91	&	2.174	&	0.7874	&	3.202	&	1.212\\
6	&	1.022	&	0.8197	&	1.333	&	0.2121	&	2.509	&	2.756	&	92.07	&	0.3375	&	2.094	&	0\\
7	&	0.1859	&	1.148	&	3.487	&	3.499	&	5.112	&	0.8858	&	0.1087	&	80.99	&	0.7389	&	14.35\\
8	&	6.32	&	4.754	&	0.7179	&	8.484	&	2.23	&	6.594	&	1.196	&	1.687	&	75.86	&	2.61\\
9	&	0.8364	&	1.557	&	0.2051	&	1.803	&	14.59	&	1.772	&	0.1087	&	7.312	&	1.97	&	65.7\\
correct: 78.5%
k: 3
	&	0	&	1	&	2	&	3	&	4	&	5	&	6	&	7	&	8	&	9\\
0	&	87.98	&	0.0834	&	0.8188	&	0.4145	&	0.1008	&	1.046	&	1.152	&	0.2151	&	2.14	&	0.1835\\
1	&	0.4771	&	89.66	&	0.1024	&	0.5181	&	0.4032	&	0.3138	&	0.6283	&	0.2151	&	3.266	&	0.4587\\
2	&	1.622	&	0.9174	&	90.89	&	3.627	&	1.21	&	1.046	&	1.257	&	2.473	&	2.252	&	0.367\\
3	&	2.385	&	1.168	&	2.559	&	76.27	&	0.3024	&	10.98	&	0.2094	&	1.828	&	6.419	&	2.385\\
4	&	0.09542	&	0.5838	&	0.4094	&	0.1036	&	76.92	&	1.36	&	1.99	&	3.011	&	0.5631	&	12.94\\
5	&	1.05	&	0.5838	&	0	&	8.29	&	1.512	&	74.06	&	1.675	&	0.6452	&	3.829	&	1.376\\
6	&	0.5725	&	0.834	&	0.5118	&	0.2073	&	2.117	&	2.615	&	91.52	&	0.1075	&	1.577	&	0\\
7	&	0.09542	&	1.251	&	3.582	&	2.383	&	4.335	&	0.9414	&	0.1047	&	83.33	&	0.7883	&	10.92\\
8	&	4.962	&	3.586	&	0.8188	&	6.632	&	1.915	&	5.858	&	1.361	&	0.8602	&	77.48	&	2.11\\
9	&	0.7634	&	1.334	&	0.3071	&	1.554	&	11.19	&	1.778	&	0.1047	&	7.312	&	1.689	&	69.27\\
correct: 81.84%
k: 2
	&	0	&	1	&	2	&	3	&	4	&	5	&	6	&	7	&	8	&	9\\
0	&	89.13	&	0.2398	&	0.1946	&	0.3348	&	0.08873	&	0.8523	&	0.3215	&	0.1179	&	0.9358	&	0\\
1	&	0.1874	&	89.13	&	0.2918	&	0.1116	&	0.3549	&	0.2841	&	0.4287	&	0	&	0.2674	&	0.0956\\
2	&	1.687	&	0.7994	&	92.61	&	1.116	&	1.242	&	0.6629	&	0.3215	&	0.8255	&	1.07	&	0.2868\\
3	&	2.249	&	1.439	&	2.335	&	84.82	&	0.5324	&	12.12	&	0	&	1.297	&	2.273	&	2.103\\
4	&	0.09372	&	0.3997	&	0.09728	&	0	&	80.3	&	0.7576	&	1.179	&	0.1179	&	0.2674	&	4.589\\
5	&	0.8435	&	0.1599	&	0.3891	&	4.129	&	0.4437	&	76.8	&	0.6431	&	0.2358	&	1.07	&	0.7648\\
6	&	0.656	&	0.9592	&	0.3891	&	0.1116	&	1.863	&	1.894	&	95.28	&	0.1179	&	0.4011	&	0\\
7	&	0.09372	&	1.359	&	2.626	&	1.897	&	3.993	&	0.8523	&	0.1072	&	93.51	&	0.4011	&	10.99\\
8	&	4.499	&	4.157	&	0.8755	&	6.138	&	1.952	&	4.545	&	1.715	&	0.9434	&	92.91	&	2.008\\
9	&	0.5623	&	1.359	&	0.1946	&	1.339	&	9.228	&	1.231	&	0	&	2.83	&	0.4011	&	79.16\\
correct: 86.99%
k: 1
	&	0	&	1	&	2	&	3	&	4	&	5	&	6	&	7	&	8	&	9\\
0	&	93.69	&	0.1656	&	0.6024	&	0.4061	&	0.1032	&	0.5721	&	0.7179	&	0.2053	&	1.554	&	0.1896\\
1	&	0.1001	&	91.39	&	0.2008	&	0.3046	&	0.4128	&	0.1144	&	0.4103	&	0	&	1.554	&	0.09479\\
2	&	0.9009	&	0.4967	&	94.08	&	1.827	&	0.9288	&	0.2288	&	0.8205	&	1.951	&	2.28	&	0.1896\\
3	&	1.301	&	0.9934	&	1.606	&	84.37	&	0.3096	&	7.323	&	0	&	1.745	&	4.145	&	1.327\\
4	&	0.1001	&	0.4967	&	0.1004	&	0.1015	&	85.86	&	0.5721	&	2.256	&	1.54	&	0.6218	&	8.815\\
5	&	0.7007	&	0.4139	&	0.4016	&	6.396	&	0.9288	&	85.7	&	1.231	&	0.308	&	3.316	&	0.7583\\
6	&	0.5005	&	0.9934	&	0.1004	&	0.1015	&	1.032	&	1.373	&	92.92	&	0.1027	&	0.829	&	0.1896\\
7	&	0	&	0.9934	&	1.807	&	0.9137	&	3.199	&	0.4577	&	0.1026	&	88.3	&	0.829	&	8.057\\
8	&	2.302	&	3.063	&	0.6024	&	3.655	&	1.445	&	3.089	&	1.538	&	0.308	&	82.9	&	1.232\\
9	&	0.4004	&	0.9934	&	0.502	&	1.929	&	5.779	&	0.5721	&	0	&	5.544	&	1.969	&	79.15\\
correct: 87.9%
