k: 15
	&	0	&	1	&	2	&	3	&	4	&	5	&	6	&	7	&	8	&	9\\
0	&	71.65	&	0.256	&	3.593	&	1.485	&	0.6162	&	3.996	&	2.876	&	0.8359	&	3.966	&	2.111\\
1	&	1.8	&	79.69	&	0	&	1.089	&	1.32	&	1.199	&	2.102	&	1.672	&	9.255	&	2.975\\
2	&	2.52	&	2.56	&	75.81	&	11.98	&	2.993	&	1.798	&	2.323	&	7.315	&	6.851	&	1.919\\
3	&	3.87	&	2.901	&	4.671	&	42.18	&	0.9683	&	25.37	&	0.885	&	1.985	&	13.34	&	6.238\\
4	&	1.71	&	2.56	&	2.156	&	0.9901	&	43.13	&	2.997	&	4.535	&	11.18	&	2.284	&	20.92\\
5	&	3.96	&	1.451	&	1.557	&	17.13	&	2.729	&	44.06	&	4.314	&	1.149	&	8.894	&	4.702\\
6	&	3.06	&	1.706	&	2.275	&	0.9901	&	6.602	&	4.496	&	78.65	&	0.7315	&	3.125	&	1.056\\
7	&	0.18	&	1.195	&	5.868	&	6.931	&	7.218	&	1.499	&	0.5531	&	54.55	&	2.764	&	23.61\\
8	&	10.26	&	5.375	&	3.234	&	13.17	&	3.345	&	11.69	&	3.208	&	2.09	&	44.59	&	5.95\\
9	&	0.9901	&	2.304	&	0.8383	&	4.059	&	31.07	&	2.897	&	0.5531	&	18.5	&	4.928	&	30.52\\
correct: 56.42%
k: 14
	&	0	&	1	&	2	&	3	&	4	&	5	&	6	&	7	&	8	&	9\\
0	&	73.25	&	0.2547	&	3.412	&	1.401	&	0.7036	&	3.582	&	2.464	&	0.7368	&	3.986	&	1.892\\
1	&	1.813	&	80.05	&	0.1176	&	1.001	&	1.055	&	1.194	&	1.792	&	1.579	&	8.696	&	3.217\\
2	&	2.357	&	2.462	&	75.76	&	12.01	&	2.814	&	1.692	&	2.016	&	7.474	&	6.643	&	1.892\\
3	&	3.445	&	2.716	&	4.353	&	44.04	&	1.055	&	25.27	&	0.8959	&	1.789	&	13.04	&	6.055\\
4	&	1.451	&	2.292	&	2.235	&	1.001	&	44.77	&	2.886	&	4.255	&	10.84	&	2.295	&	20.06\\
5	&	3.536	&	1.528	&	1.294	&	16.62	&	2.902	&	45.37	&	3.807	&	1.053	&	9.541	&	4.352\\
6	&	2.72	&	1.783	&	2.588	&	0.8008	&	6.332	&	4.677	&	80.74	&	0.4211	&	2.778	&	0.9461\\
7	&	0.1813	&	1.019	&	6.235	&	6.607	&	6.948	&	1.294	&	0.5599	&	55.68	&	2.295	&	23.65\\
8	&	10.24	&	5.688	&	3.176	&	12.81	&	3.254	&	11.24	&	2.912	&	2.316	&	46.14	&	5.582\\
9	&	0.9973	&	2.207	&	0.8235	&	3.704	&	30.17	&	2.786	&	0.5599	&	18.11	&	4.589	&	32.36\\
correct: 57.74%
k: 13
	&	0	&	1	&	2	&	3	&	4	&	5	&	6	&	7	&	8	&	9\\
0	&	73.89	&	0.2517	&	3.704	&	1.296	&	0.3562	&	3.528	&	2.455	&	0.7322	&	3.813	&	1.701\\
1	&	1.723	&	80.54	&	0.1157	&	1.097	&	0.8905	&	1.109	&	1.897	&	1.151	&	7.749	&	3.025\\
2	&	2.357	&	2.517	&	76.74	&	10.77	&	2.939	&	1.714	&	1.674	&	7.427	&	6.15	&	1.796\\
3	&	3.264	&	2.685	&	4.398	&	46.36	&	0.9795	&	24.4	&	0.7812	&	1.569	&	12.67	&	5.766\\
4	&	1.36	&	2.265	&	1.968	&	0.5982	&	46.3	&	2.823	&	4.018	&	10.46	&	2.214	&	20.32\\
5	&	3.354	&	1.426	&	1.157	&	16.45	&	2.76	&	47.18	&	3.683	&	1.046	&	9.471	&	4.159\\
6	&	2.811	&	1.762	&	1.968	&	0.6979	&	6.144	&	4.637	&	81.81	&	0.523	&	2.583	&	0.7561\\
7	&	0.1813	&	1.174	&	6.134	&	6.281	&	6.857	&	1.21	&	0.3348	&	57.11	&	2.337	&	22.59\\
8	&	10.15	&	5.453	&	2.894	&	13.16	&	3.117	&	10.58	&	2.79	&	2.092	&	48.83	&	5.482\\
9	&	0.9066	&	1.93	&	0.9259	&	3.29	&	29.65	&	2.823	&	0.558	&	17.89	&	4.182	&	34.4\\
correct: 59.31%
k: 12
	&	0	&	1	&	2	&	3	&	4	&	5	&	6	&	7	&	8	&	9\\
0	&	74.34	&	0.2532	&	3.292	&	1.471	&	0.1783	&	3.486	&	2.368	&	0.7384	&	3.62	&	1.811\\
1	&	1.723	&	81.52	&	0.1135	&	1.275	&	0.9804	&	1.096	&	1.917	&	0.9494	&	7.241	&	2.86\\
2	&	2.357	&	2.363	&	77.87	&	10.2	&	2.585	&	1.295	&	1.578	&	6.857	&	5.993	&	1.811\\
3	&	2.992	&	2.7	&	4.54	&	46.76	&	0.8913	&	23.61	&	0.5637	&	1.371	&	12.73	&	5.815\\
4	&	1.451	&	2.025	&	1.816	&	0.2941	&	48.31	&	2.789	&	3.72	&	10.23	&	2.372	&	19.45\\
5	&	3.264	&	1.519	&	1.022	&	15.78	&	2.674	&	48.31	&	3.608	&	1.266	&	8.614	&	3.813\\
6	&	2.629	&	1.688	&	1.816	&	0.8824	&	5.882	&	4.582	&	82.86	&	0.7384	&	2.622	&	0.858\\
7	&	0.1813	&	1.181	&	6.243	&	5.98	&	6.863	&	1.594	&	0.3382	&	57.91	&	2.372	&	22.12\\
8	&	10.24	&	4.979	&	2.384	&	13.53	&	2.941	&	10.46	&	2.48	&	2.11	&	50.44	&	5.624\\
9	&	0.816	&	1.772	&	0.9081	&	3.824	&	28.7	&	2.789	&	0.5637	&	17.83	&	3.995	&	35.84\\
correct: 60.4%
k: 11
	&	0	&	1	&	2	&	3	&	4	&	5	&	6	&	7	&	8	&	9\\
0	&	75.55	&	0.2534	&	3.16	&	1.285	&	0.182	&	3.307	&	2.477	&	0.6186	&	3.427	&	1.619\\
1	&	1.551	&	82.35	&	0.1129	&	1.285	&	0.8189	&	1.002	&	1.689	&	1.031	&	6.977	&	2.667\\
2	&	2.464	&	2.449	&	78.89	&	9.783	&	2.457	&	1.303	&	1.464	&	6.495	&	5.508	&	1.619\\
3	&	3.102	&	2.534	&	4.402	&	48.91	&	0.8189	&	22.34	&	0.6757	&	1.237	&	12	&	6.095\\
4	&	1.369	&	1.689	&	1.58	&	0.2964	&	50.05	&	2.605	&	3.716	&	10	&	2.326	&	19.52\\
5	&	2.646	&	1.605	&	0.9029	&	15.71	&	2.457	&	49.8	&	3.604	&	1.031	&	8.69	&	3.81\\
6	&	2.555	&	1.774	&	1.693	&	0.5929	&	5.914	&	4.91	&	83.33	&	0.6186	&	2.57	&	0.6667\\
7	&	0.1825	&	1.014	&	5.982	&	5.534	&	6.551	&	1.804	&	0.3378	&	59.9	&	2.326	&	20.19\\
8	&	9.763	&	4.392	&	2.483	&	13.34	&	2.73	&	10.52	&	2.252	&	1.753	&	52.63	&	5.333\\
9	&	0.8212	&	1.943	&	0.7901	&	3.261	&	28.03	&	2.405	&	0.4505	&	17.32	&	3.55	&	38.48\\
correct: 61.99%
k: 10
	&	0	&	1	&	2	&	3	&	4	&	5	&	6	&	7	&	8	&	9\\
0	&	76.56	&	0.3336	&	2.905	&	1.303	&	0.18	&	3.088	&	2.587	&	0.5225	&	3.261	&	1.266\\
1	&	1.19	&	82.15	&	0.2235	&	1.503	&	0.9001	&	0.8964	&	1.35	&	1.045	&	6.884	&	2.142\\
2	&	2.473	&	2.335	&	79.55	&	9.419	&	2.16	&	1.394	&	1.237	&	6.688	&	5.193	&	1.461\\
3	&	3.205	&	2.669	&	4.358	&	51.8	&	0.7201	&	21.61	&	0.7874	&	1.463	&	10.51	&	5.258\\
4	&	1.374	&	1.668	&	1.341	&	0.2004	&	52.66	&	1.992	&	3.487	&	9.3	&	2.657	&	18.11\\
5	&	2.289	&	1.418	&	0.5587	&	14.53	&	2.43	&	52.89	&	3.15	&	1.045	&	8.333	&	3.408\\
6	&	2.381	&	1.585	&	1.899	&	0.501	&	5.401	&	4.681	&	84.36	&	0.627	&	2.657	&	0.5842\\
7	&	0.1832	&	1.251	&	6.369	&	4.81	&	6.571	&	1.594	&	0.3375	&	61.65	&	1.691	&	20.45\\
8	&	9.615	&	4.754	&	2.123	&	12.83	&	2.43	&	9.861	&	2.25	&	1.463	&	54.83	&	4.966\\
9	&	0.7326	&	1.835	&	0.6704	&	3.106	&	26.55	&	1.992	&	0.4499	&	16.2	&	3.986	&	42.36\\
correct: 63.95%
k: 9
	&	0	&	1	&	2	&	3	&	4	&	5	&	6	&	7	&	8	&	9\\
0	&	78.31	&	0.2521	&	2.539	&	1.201	&	0.2786	&	2.716	&	2.431	&	0.5187	&	3.538	&	0.9634\\
1	&	1.205	&	83.28	&	0.2208	&	1.101	&	0.65	&	0.9054	&	1.215	&	0.9336	&	7.193	&	2.023\\
2	&	2.41	&	2.269	&	80.91	&	8.609	&	2.136	&	1.61	&	1.547	&	6.224	&	4.127	&	1.156\\
3	&	3.614	&	2.269	&	4.305	&	54.15	&	0.65	&	20.62	&	0.7735	&	1.349	&	9.67	&	4.817\\
4	&	1.205	&	1.176	&	1.435	&	0.3003	&	54.22	&	2.113	&	3.204	&	8.61	&	2.123	&	19.65\\
5	&	2.039	&	1.429	&	0.6623	&	14.91	&	2.228	&	54.23	&	3.867	&	1.141	&	7.075	&	2.794\\
6	&	2.039	&	1.597	&	1.766	&	0.4004	&	5.107	&	4.728	&	84.31	&	0.5187	&	2.594	&	0.4817\\
7	&	0.09268	&	1.429	&	5.408	&	4.805	&	6.407	&	1.408	&	0.1105	&	64	&	1.533	&	19.17\\
8	&	8.341	&	4.538	&	2.097	&	11.81	&	2.6	&	9.557	&	2.32	&	1.452	&	57.67	&	4.432\\
9	&	0.7414	&	1.765	&	0.6623	&	2.703	&	25.72	&	2.113	&	0.221	&	15.25	&	4.481	&	44.51\\
correct: 65.64%
k: 8
	&	0	&	1	&	2	&	3	&	4	&	5	&	6	&	7	&	8	&	9\\
0	&	79.29	&	0.1678	&	2.172	&	1.32	&	0.2778	&	2.564	&	2.208	&	0.5269	&	3.136	&	1.051\\
1	&	1.114	&	84.31	&	0.2172	&	0.7107	&	0.7407	&	0.9862	&	0.9934	&	0.9484	&	6.634	&	1.719\\
2	&	2.043	&	2.013	&	82.52	&	7.614	&	2.037	&	1.578	&	1.545	&	6.006	&	4.101	&	0.7641\\
3	&	3.621	&	1.93	&	3.8	&	57.06	&	0.6481	&	19.63	&	0.9934	&	1.686	&	8.444	&	4.776\\
4	&	1.114	&	0.9228	&	1.303	&	0.203	&	57.04	&	1.972	&	3.201	&	8.008	&	2.292	&	17.67\\
5	&	1.95	&	1.594	&	0.6515	&	14.11	&	1.667	&	56.41	&	3.091	&	1.054	&	6.393	&	2.483\\
6	&	1.95	&	1.426	&	1.629	&	0.4061	&	5.093	&	4.241	&	85.1	&	0.5269	&	2.774	&	0.382\\
7	&	0.09285	&	1.258	&	4.995	&	4.772	&	5.741	&	1.479	&	0.2208	&	65.86	&	1.327	&	19.48\\
8	&	7.892	&	4.866	&	2.063	&	11.17	&	2.5	&	9.369	&	2.539	&	1.791	&	60.07	&	4.011\\
9	&	0.9285	&	1.51	&	0.6515	&	2.64	&	24.26	&	1.775	&	0.1104	&	13.59	&	4.825	&	47.66\\
correct: 67.62%
k: 7
	&	0	&	1	&	2	&	3	&	4	&	5	&	6	&	7	&	8	&	9\\
0	&	80.41	&	0.08446	&	1.632	&	1.204	&	0.478	&	2.326	&	2.088	&	0.4175	&	3.059	&	0.4695\\
1	&	1.109	&	86.06	&	0.1088	&	0.8024	&	0.7648	&	0.7078	&	0.6593	&	0.4175	&	6.235	&	1.596\\
2	&	1.848	&	1.774	&	84.98	&	7.723	&	1.912	&	1.416	&	1.538	&	5.01	&	3.412	&	0.7512\\
3	&	3.697	&	1.689	&	3.591	&	58.78	&	0.3824	&	18.71	&	0.7692	&	2.088	&	8	&	4.413\\
4	&	0.8318	&	0.8446	&	0.8705	&	0.2006	&	59.94	&	2.022	&	3.626	&	6.681	&	1.529	&	18.4\\
5	&	1.571	&	1.52	&	0.4353	&	14.44	&	1.625	&	58.85	&	2.637	&	1.044	&	6	&	2.347\\
6	&	1.756	&	1.182	&	1.523	&	0.4012	&	4.493	&	4.146	&	86.7	&	0.4175	&	2.706	&	0.2817\\
7	&	0.09242	&	1.182	&	4.679	&	4.313	&	5.449	&	1.618	&	0.1099	&	69	&	1.176	&	17.09\\
8	&	7.948	&	4.223	&	1.632	&	9.829	&	2.486	&	8.493	&	1.868	&	2.088	&	63.41	&	3.662\\
9	&	0.7394	&	1.436	&	0.5441	&	2.307	&	22.47	&	1.719	&	0	&	12.84	&	4.471	&	50.99\\
correct: 69.97%
k: 6
	&	0	&	1	&	2	&	3	&	4	&	5	&	6	&	7	&	8	&	9\\
0	&	81.59	&	0.2515	&	1.491	&	1.131	&	0.2788	&	1.6	&	1.846	&	0.4292	&	2.994	&	0.4762\\
1	&	1.11	&	86.92	&	0.1065	&	0.8222	&	0.6506	&	0.5	&	0.4343	&	0.4292	&	5.509	&	1.048\\
2	&	1.665	&	1.509	&	85.84	&	6.68	&	1.487	&	1.1	&	1.737	&	4.828	&	3.713	&	0.5714\\
3	&	3.423	&	1.341	&	3.514	&	61.87	&	0.4647	&	19	&	0.6515	&	2.146	&	7.186	&	3.905\\
4	&	0.7401	&	0.5868	&	0.852	&	0.1028	&	62.36	&	1.8	&	3.257	&	6.33	&	1.437	&	16\\
5	&	1.665	&	1.425	&	0.3195	&	12.74	&	1.859	&	61	&	2.823	&	0.8584	&	5.15	&	2.19\\
6	&	1.665	&	1.09	&	1.384	&	0.1028	&	4.182	&	4.3	&	87.19	&	0.3219	&	2.156	&	0.09524\\
7	&	0.09251	&	1.006	&	4.579	&	4.522	&	5.39	&	1	&	0.1086	&	72.21	&	1.317	&	16.67\\
8	&	7.308	&	4.526	&	1.384	&	9.866	&	2.23	&	7.9	&	1.954	&	1.824	&	66.35	&	3.81\\
9	&	0.7401	&	1.341	&	0.5325	&	2.158	&	21.1	&	1.8	&	0	&	10.62	&	4.192	&	55.24\\
correct: 72.18%
k: 5
	&	0	&	1	&	2	&	3	&	4	&	5	&	6	&	7	&	8	&	9\\
0	&	83.51	&	0.2521	&	1.163	&	0.8147	&	0.3922	&	1.559	&	1.504	&	0.3122	&	2.999	&	0.4655\\
1	&	0.7498	&	87.9	&	0.1057	&	0.8147	&	0.6863	&	0.5198	&	0.5371	&	0.4162	&	4.844	&	0.838\\
2	&	1.312	&	1.513	&	88.27	&	5.499	&	1.373	&	1.247	&	1.611	&	3.746	&	3.114	&	0.6518\\
3	&	3.093	&	1.513	&	3.594	&	65.27	&	0.3922	&	16.53	&	0.3222	&	1.873	&	7.382	&	3.352\\
4	&	0.5623	&	0.5882	&	0.4228	&	0.1018	&	66.57	&	1.871	&	3.008	&	5.411	&	1.038	&	16.57\\
5	&	1.593	&	1.092	&	0.2114	&	13.24	&	1.863	&	64.14	&	2.793	&	1.041	&	4.383	&	1.862\\
6	&	1.593	&	0.9244	&	1.374	&	0.2037	&	3.333	&	3.638	&	88.51	&	0.4162	&	1.961	&	0.09311\\
7	&	0.09372	&	1.008	&	3.594	&	3.462	&	4.706	&	1.143	&	0.2148	&	75.23	&	1.269	&	14.15\\
8	&	6.935	&	3.866	&	0.9514	&	8.961	&	2.059	&	7.277	&	1.396	&	1.769	&	69.32	&	3.259\\
9	&	0.5623	&	1.345	&	0.3171	&	1.629	&	18.63	&	2.079	&	0.1074	&	9.781	&	3.691	&	58.75\\
correct: 74.88%
k: 4
	&	0	&	1	&	2	&	3	&	4	&	5	&	6	&	7	&	8	&	9\\
0	&	84.76	&	0.2459	&	0.9231	&	0.6363	&	0.09294	&	1.476	&	1.304	&	0.3375	&	2.094	&	0.1864\\
1	&	0.4647	&	86.97	&	0.1026	&	0.7423	&	0.6506	&	0.3937	&	0.4348	&	0.3375	&	4.433	&	0.6524\\
2	&	1.766	&	1.475	&	89.33	&	4.56	&	1.487	&	1.181	&	0.5435	&	2.7	&	2.34	&	0.466\\
3	&	3.067	&	1.475	&	3.487	&	69.88	&	0.2788	&	15.35	&	0.1087	&	2.025	&	6.65	&	3.169\\
4	&	0.3717	&	0.7377	&	0.3077	&	0.106	&	71.47	&	1.673	&	1.957	&	3.487	&	0.6158	&	11.65\\
5	&	1.208	&	0.8197	&	0.1026	&	10.07	&	1.58	&	67.91	&	2.174	&	0.7874	&	3.202	&	1.212\\
6	&	1.022	&	0.8197	&	1.333	&	0.2121	&	2.509	&	2.756	&	92.07	&	0.3375	&	2.094	&	0\\
7	&	0.1859	&	1.148	&	3.487	&	3.499	&	5.112	&	0.8858	&	0.1087	&	80.99	&	0.7389	&	14.35\\
8	&	6.32	&	4.754	&	0.7179	&	8.484	&	2.23	&	6.594	&	1.196	&	1.687	&	75.86	&	2.61\\
9	&	0.8364	&	1.557	&	0.2051	&	1.803	&	14.59	&	1.772	&	0.1087	&	7.312	&	1.97	&	65.7\\
correct: 78.5%
k: 3
	&	0	&	1	&	2	&	3	&	4	&	5	&	6	&	7	&	8	&	9\\
0	&	87.98	&	0.0834	&	0.8188	&	0.4145	&	0.1008	&	1.046	&	1.152	&	0.2151	&	2.14	&	0.1835\\
1	&	0.4771	&	89.66	&	0.1024	&	0.5181	&	0.4032	&	0.3138	&	0.6283	&	0.2151	&	3.266	&	0.4587\\
2	&	1.622	&	0.9174	&	90.89	&	3.627	&	1.21	&	1.046	&	1.257	&	2.473	&	2.252	&	0.367\\
3	&	2.385	&	1.168	&	2.559	&	76.27	&	0.3024	&	10.98	&	0.2094	&	1.828	&	6.419	&	2.385\\
4	&	0.09542	&	0.5838	&	0.4094	&	0.1036	&	76.92	&	1.36	&	1.99	&	3.011	&	0.5631	&	12.94\\
5	&	1.05	&	0.5838	&	0	&	8.29	&	1.512	&	74.06	&	1.675	&	0.6452	&	3.829	&	1.376\\
6	&	0.5725	&	0.834	&	0.5118	&	0.2073	&	2.117	&	2.615	&	91.52	&	0.1075	&	1.577	&	0\\
7	&	0.09542	&	1.251	&	3.582	&	2.383	&	4.335	&	0.9414	&	0.1047	&	83.33	&	0.7883	&	10.92\\
8	&	4.962	&	3.586	&	0.8188	&	6.632	&	1.915	&	5.858	&	1.361	&	0.8602	&	77.48	&	2.11\\
9	&	0.7634	&	1.334	&	0.3071	&	1.554	&	11.19	&	1.778	&	0.1047	&	7.312	&	1.689	&	69.27\\
correct: 81.84%
k: 2
	&	0	&	1	&	2	&	3	&	4	&	5	&	6	&	7	&	8	&	9\\
0	&	89.13	&	0.2398	&	0.1946	&	0.3348	&	0.08873	&	0.8523	&	0.3215	&	0.1179	&	0.9358	&	0\\
1	&	0.1874	&	89.13	&	0.2918	&	0.1116	&	0.3549	&	0.2841	&	0.4287	&	0	&	0.2674	&	0.0956\\
2	&	1.687	&	0.7994	&	92.61	&	1.116	&	1.242	&	0.6629	&	0.3215	&	0.8255	&	1.07	&	0.2868\\
3	&	2.249	&	1.439	&	2.335	&	84.82	&	0.5324	&	12.12	&	0	&	1.297	&	2.273	&	2.103\\
4	&	0.09372	&	0.3997	&	0.09728	&	0	&	80.3	&	0.7576	&	1.179	&	0.1179	&	0.2674	&	4.589\\
5	&	0.8435	&	0.1599	&	0.3891	&	4.129	&	0.4437	&	76.8	&	0.6431	&	0.2358	&	1.07	&	0.7648\\
6	&	0.656	&	0.9592	&	0.3891	&	0.1116	&	1.863	&	1.894	&	95.28	&	0.1179	&	0.4011	&	0\\
7	&	0.09372	&	1.359	&	2.626	&	1.897	&	3.993	&	0.8523	&	0.1072	&	93.51	&	0.4011	&	10.99\\
8	&	4.499	&	4.157	&	0.8755	&	6.138	&	1.952	&	4.545	&	1.715	&	0.9434	&	92.91	&	2.008\\
9	&	0.5623	&	1.359	&	0.1946	&	1.339	&	9.228	&	1.231	&	0	&	2.83	&	0.4011	&	79.16\\
correct: 86.99%
k: 1
	&	0	&	1	&	2	&	3	&	4	&	5	&	6	&	7	&	8	&	9\\
0	&	93.69	&	0.1656	&	0.6024	&	0.4061	&	0.1032	&	0.5721	&	0.7179	&	0.2053	&	1.554	&	0.1896\\
1	&	0.1001	&	91.39	&	0.2008	&	0.3046	&	0.4128	&	0.1144	&	0.4103	&	0	&	1.554	&	0.09479\\
2	&	0.9009	&	0.4967	&	94.08	&	1.827	&	0.9288	&	0.2288	&	0.8205	&	1.951	&	2.28	&	0.1896\\
3	&	1.301	&	0.9934	&	1.606	&	84.37	&	0.3096	&	7.323	&	0	&	1.745	&	4.145	&	1.327\\
4	&	0.1001	&	0.4967	&	0.1004	&	0.1015	&	85.86	&	0.5721	&	2.256	&	1.54	&	0.6218	&	8.815\\
5	&	0.7007	&	0.4139	&	0.4016	&	6.396	&	0.9288	&	85.7	&	1.231	&	0.308	&	3.316	&	0.7583\\
6	&	0.5005	&	0.9934	&	0.1004	&	0.1015	&	1.032	&	1.373	&	92.92	&	0.1027	&	0.829	&	0.1896\\
7	&	0	&	0.9934	&	1.807	&	0.9137	&	3.199	&	0.4577	&	0.1026	&	88.3	&	0.829	&	8.057\\
8	&	2.302	&	3.063	&	0.6024	&	3.655	&	1.445	&	3.089	&	1.538	&	0.308	&	82.9	&	1.232\\
9	&	0.4004	&	0.9934	&	0.502	&	1.929	&	5.779	&	0.5721	&	0	&	5.544	&	1.969	&	79.15\\
correct: 87.9%
