k: 50
	&	0	&	1	&	2	&	3	&	4	&	5	&	6	&	7	&	8	&	9\\
0	&	64.84	&	0	&	6.861	&	3.213	&	2.452	&	4.193	&	4.69	&	0.4785	&	2.67	&	7.005\\
1	&	1.273	&	72.48	&	1.271	&	7.595	&	1.998	&	3.567	&	1.815	&	4.785	&	17.84	&	2.539\\
2	&	6.268	&	6.281	&	10.55	&	24.63	&	3.542	&	12.27	&	8.775	&	5.981	&	20.15	&	5.254\\
3	&	5.583	&	5.284	&	25.29	&	2.434	&	4.087	&	17.65	&	3.933	&	6.459	&	16.26	&	11.82\\
4	&	1.371	&	1.695	&	5.972	&	5.745	&	29.16	&	5.319	&	5.749	&	10.17	&	5.34	&	23.82\\
5	&	7.835	&	5.184	&	15.76	&	12.95	&	7.72	&	3.88	&	8.169	&	6.818	&	14.32	&	11.12\\
6	&	5.387	&	0.8973	&	7.751	&	3.116	&	7.72	&	15.46	&	57.79	&	0.3589	&	5.704	&	3.24\\
7	&	1.077	&	2.692	&	6.734	&	12.46	&	5.995	&	10.58	&	1.059	&	37.68	&	8.131	&	16.2\\
8	&	4.505	&	3.988	&	15.25	&	16.55	&	6.721	&	15.77	&	5.9	&	5.502	&	3.519	&	13.84\\
9	&	1.861	&	1.496	&	4.574	&	11.3	&	30.61	&	11.33	&	2.118	&	21.77	&	6.068	&	5.166\\
correct: 26.65%
k: 49
	&	0	&	1	&	2	&	3	&	4	&	5	&	6	&	7	&	8	&	9\\
0	&	65.42	&	0	&	6.616	&	3.086	&	2.355	&	4.31	&	4.992	&	0.4813	&	2.663	&	6.726\\
1	&	1.277	&	72.66	&	1.272	&	7.618	&	1.812	&	3.373	&	1.815	&	4.813	&	17.55	&	2.743\\
2	&	6.189	&	6.163	&	10.81	&	25.07	&	3.351	&	11.99	&	8.018	&	5.776	&	20.82	&	5.31\\
3	&	5.206	&	5.268	&	25.7	&	2.411	&	3.986	&	17.74	&	3.933	&	6.137	&	16.59	&	11.95\\
4	&	1.375	&	1.69	&	5.852	&	5.593	&	29.53	&	5.434	&	5.9	&	9.747	&	4.964	&	24.16\\
5	&	7.367	&	5.169	&	15.78	&	12.83	&	7.79	&	4.247	&	8.623	&	7.1	&	14.04	&	10.8\\
6	&	5.403	&	0.8946	&	7.761	&	3.086	&	8.062	&	15.37	&	57.94	&	0.2407	&	5.569	&	3.097\\
7	&	1.081	&	2.684	&	6.743	&	12.44	&	5.978	&	10.49	&	1.059	&	38.27	&	7.748	&	16.37\\
8	&	4.617	&	3.877	&	14.89	&	16.68	&	6.522	&	16.05	&	5.749	&	5.656	&	3.632	&	13.63\\
9	&	2.063	&	1.59	&	4.58	&	11.19	&	30.62	&	10.99	&	1.967	&	21.78	&	6.416	&	5.221\\
correct: 26.91%
k: 48
	&	0	&	1	&	2	&	3	&	4	&	5	&	6	&	7	&	8	&	9\\
0	&	66.17	&	0	&	6.41	&	2.978	&	2.262	&	4.464	&	4.726	&	0.3593	&	2.748	&	6.94\\
1	&	1.29	&	73.13	&	1.282	&	7.493	&	1.719	&	3.348	&	1.829	&	4.91	&	17.44	&	2.669\\
2	&	5.655	&	6.094	&	11.03	&	25.46	&	3.529	&	12.28	&	8.079	&	5.629	&	19.83	&	5.338\\
3	&	5.159	&	5.195	&	26.15	&	2.402	&	4.163	&	17.61	&	4.116	&	6.467	&	15.65	&	12.01\\
4	&	1.389	&	1.698	&	5.769	&	5.379	&	29.77	&	5.332	&	5.945	&	9.94	&	5.257	&	23.93\\
5	&	7.341	&	4.995	&	15.51	&	12.78	&	8.145	&	4.34	&	8.232	&	6.707	&	14.7	&	10.77\\
6	&	5.258	&	0.8991	&	7.308	&	3.458	&	8.145	&	14.94	&	58.84	&	0.2395	&	6.093	&	2.936\\
7	&	1.091	&	2.498	&	6.923	&	12.2	&	5.792	&	10.48	&	1.067	&	38.68	&	8.005	&	16.1\\
8	&	4.464	&	4.096	&	15	&	16.91	&	6.244	&	16.12	&	5.335	&	5.509	&	3.704	&	13.7\\
9	&	2.183	&	1.399	&	4.615	&	10.95	&	30.23	&	11.1	&	1.829	&	21.56	&	6.571	&	5.605\\
correct: 27.12%
k: 47
	&	0	&	1	&	2	&	3	&	4	&	5	&	6	&	7	&	8	&	9\\
0	&	66.27	&	0	&	6.407	&	3.152	&	2.267	&	4.351	&	4.532	&	0.4779	&	2.785	&	6.841\\
1	&	1.19	&	73.63	&	1.382	&	7.545	&	1.632	&	3.294	&	1.813	&	4.659	&	17.31	&	2.79\\
2	&	5.655	&	5.894	&	11.18	&	25.5	&	3.626	&	12.24	&	8.006	&	6.093	&	19.37	&	5.311\\
3	&	5.159	&	5.095	&	26.38	&	2.292	&	4.17	&	17.34	&	4.079	&	6.332	&	15.98	&	12.24\\
4	&	1.389	&	1.698	&	5.402	&	5.253	&	30.1	&	5.407	&	5.891	&	9.916	&	5.448	&	24.03\\
5	&	7.143	&	4.995	&	15.95	&	12.89	&	7.888	&	4.226	&	8.006	&	6.81	&	15.01	&	10.71\\
6	&	5.655	&	0.8991	&	6.784	&	3.247	&	8.069	&	14.85	&	59.21	&	0.2389	&	5.932	&	2.97\\
7	&	1.091	&	2.597	&	7.161	&	12.13	&	5.802	&	10.75	&	1.057	&	38.83	&	7.869	&	15.57\\
8	&	4.365	&	3.796	&	14.7	&	16.91	&	6.074	&	16.47	&	5.74	&	5.137	&	3.874	&	13.77\\
9	&	2.083	&	1.399	&	4.648	&	11.08	&	30.37	&	11.06	&	1.662	&	21.51	&	6.416	&	5.761\\
correct: 27.31%
k: 46
	&	0	&	1	&	2	&	3	&	4	&	5	&	6	&	7	&	8	&	9\\
0	&	66.57	&	0	&	6.21	&	3.128	&	2.242	&	4.12	&	4.834	&	0.4819	&	2.574	&	6.881\\
1	&	1.088	&	74.03	&	1.141	&	7.393	&	1.614	&	3.246	&	1.964	&	4.578	&	17.4	&	2.949\\
2	&	5.836	&	6.094	&	11.53	&	25.12	&	3.587	&	12.17	&	7.553	&	6.024	&	19.98	&	5.183\\
3	&	5.242	&	4.995	&	26.62	&	2.37	&	3.946	&	17.35	&	4.23	&	6.024	&	16.18	&	12.51\\
4	&	1.385	&	1.798	&	5.07	&	5.118	&	30.13	&	5.368	&	5.438	&	10.12	&	5.515	&	24.04\\
5	&	6.924	&	4.995	&	16.48	&	12.7	&	7.892	&	4.744	&	7.855	&	6.506	&	14.46	&	10.72\\
6	&	5.44	&	0.8991	&	6.591	&	3.507	&	8.072	&	14.98	&	59.67	&	0.1205	&	6.005	&	2.681\\
7	&	1.088	&	2.298	&	7.351	&	12.23	&	5.74	&	10.49	&	0.9063	&	39.4	&	7.598	&	16.09\\
8	&	4.352	&	3.596	&	14.45	&	17.35	&	6.188	&	16.54	&	6.042	&	5.542	&	3.799	&	13.05\\
9	&	2.077	&	1.299	&	4.563	&	11.09	&	30.58	&	10.99	&	1.511	&	21.2	&	6.495	&	5.898\\
correct: 27.61%
k: 45
	&	0	&	1	&	2	&	3	&	4	&	5	&	6	&	7	&	8	&	9\\
0	&	66.7	&	0	&	5.978	&	2.775	&	1.984	&	4.143	&	5.082	&	0.4802	&	2.686	&	7.059\\
1	&	1.084	&	73.74	&	1.245	&	7.464	&	1.623	&	3.327	&	1.794	&	4.562	&	16.85	&	2.986\\
2	&	5.714	&	5.946	&	11.58	&	25.36	&	3.607	&	12.37	&	7.324	&	5.882	&	19.66	&	5.43\\
3	&	5.419	&	5.154	&	26.65	&	2.679	&	3.697	&	17.33	&	4.335	&	6.002	&	16.12	&	12.04\\
4	&	1.379	&	1.784	&	5.23	&	4.88	&	30.75	&	5.399	&	5.381	&	10.08	&	5.495	&	23.98\\
5	&	6.7	&	5.154	&	16.31	&	12.34	&	7.935	&	4.834	&	7.623	&	6.483	&	15.14	&	10.68\\
6	&	5.32	&	1.09	&	6.725	&	3.349	&	7.935	&	14.81	&	60.09	&	0.12	&	5.861	&	2.624\\
7	&	1.084	&	2.279	&	7.098	&	12.34	&	5.5	&	10.67	&	0.8969	&	39.62	&	7.326	&	16.38\\
8	&	4.433	&	3.568	&	14.94	&	17.7	&	5.951	&	16.26	&	5.979	&	5.762	&	4.274	&	12.67\\
9	&	2.167	&	1.288	&	4.234	&	11.1	&	31.02	&	10.86	&	1.495	&	21.01	&	6.593	&	6.154\\
correct: 27.95%
k: 44
	&	0	&	1	&	2	&	3	&	4	&	5	&	6	&	7	&	8	&	9\\
0	&	67.09	&	0	&	6	&	2.657	&	1.907	&	4.217	&	4.769	&	0.4819	&	2.401	&	7.014\\
1	&	1.081	&	73.72	&	1.25	&	7.495	&	1.544	&	3.259	&	1.788	&	4.578	&	16.21	&	2.968\\
2	&	5.796	&	6.102	&	11.88	&	25.62	&	3.542	&	12.4	&	7.154	&	5.542	&	19.09	&	5.396\\
3	&	5.206	&	5.217	&	27.25	&	2.751	&	3.724	&	17.51	&	4.173	&	5.904	&	16.81	&	11.24\\
4	&	1.277	&	1.772	&	5.125	&	4.839	&	31.24	&	5.367	&	5.663	&	9.759	&	5.762	&	23.74\\
5	&	6.385	&	4.724	&	16.25	&	12.24	&	7.811	&	4.984	&	7.452	&	5.904	&	16.21	&	10.97\\
6	&	5.206	&	1.181	&	6.75	&	3.51	&	7.72	&	14.95	&	60.66	&	0.1205	&	6.002	&	2.248\\
7	&	1.081	&	2.264	&	7.125	&	11.95	&	5.359	&	10.54	&	0.8942	&	40.84	&	6.723	&	16.73\\
8	&	4.715	&	3.74	&	14.12	&	17.74	&	5.904	&	16.23	&	5.812	&	5.663	&	4.322	&	13.22\\
9	&	2.161	&	1.28	&	4.25	&	11.2	&	31.24	&	10.54	&	1.639	&	21.2	&	6.483	&	6.475\\
correct: 28.32%
k: 43
	&	0	&	1	&	2	&	3	&	4	&	5	&	6	&	7	&	8	&	9\\
0	&	67.59	&	0	&	6.03	&	2.542	&	1.982	&	4.14	&	4.825	&	0.6002	&	2.153	&	6.962\\
1	&	1.084	&	74.21	&	1.256	&	7.345	&	1.532	&	3.105	&	1.901	&	4.682	&	16.15	&	2.984\\
2	&	5.714	&	5.731	&	12.56	&	25.71	&	3.514	&	12.74	&	7.018	&	5.282	&	18.9	&	5.154\\
3	&	4.926	&	5.04	&	27.51	&	2.825	&	3.784	&	17.85	&	4.094	&	6.122	&	16.99	&	10.94\\
4	&	1.281	&	1.779	&	5.151	&	4.614	&	31.35	&	5.304	&	5.994	&	9.364	&	5.861	&	23.78\\
5	&	6.207	&	4.644	&	16.08	&	11.96	&	7.748	&	5.045	&	7.602	&	6.483	&	16.39	&	10.85\\
6	&	5.32	&	1.186	&	6.03	&	3.578	&	7.748	&	14.94	&	60.23	&	0.3601	&	5.981	&	2.17\\
7	&	0.9852	&	2.372	&	7.161	&	12.05	&	5.135	&	10.03	&	0.8772	&	40.94	&	6.579	&	17.63\\
8	&	4.729	&	3.656	&	13.94	&	18.17	&	5.766	&	16.69	&	5.848	&	5.402	&	4.426	&	12.75\\
9	&	2.167	&	1.383	&	4.271	&	11.21	&	31.44	&	10.16	&	1.608	&	20.77	&	6.579	&	6.781\\
correct: 28.58%
k: 42
	&	0	&	1	&	2	&	3	&	4	&	5	&	6	&	7	&	8	&	9\\
0	&	68.32	&	0	&	5.772	&	2.533	&	2.07	&	4.07	&	4.832	&	0.7229	&	2.038	&	6.937\\
1	&	1.092	&	74.56	&	1.255	&	7.317	&	1.35	&	2.972	&	1.903	&	4.819	&	16.19	&	2.793\\
2	&	5.76	&	6.016	&	13.43	&	25.23	&	3.51	&	13.18	&	6.589	&	4.578	&	18.59	&	5.045\\
3	&	4.767	&	5.128	&	27.85	&	3.096	&	4.14	&	17.7	&	3.514	&	6.024	&	16.79	&	10.9\\
4	&	1.291	&	1.677	&	4.893	&	4.597	&	31.68	&	5.297	&	5.857	&	9.157	&	5.755	&	23.96\\
5	&	5.76	&	4.241	&	16.44	&	12.1	&	7.741	&	5.426	&	7.467	&	6.747	&	16.31	&	10.63\\
6	&	5.263	&	1.183	&	6.023	&	3.659	&	7.291	&	15.05	&	60.91	&	0.3614	&	5.995	&	2.072\\
7	&	0.993	&	2.17	&	6.524	&	11.82	&	5.131	&	9.755	&	0.8785	&	41.45	&	7.434	&	17.84\\
8	&	4.667	&	3.649	&	13.68	&	18.67	&	5.401	&	16.34	&	6.296	&	5.663	&	4.556	&	12.7\\
9	&	2.085	&	1.381	&	4.141	&	10.98	&	31.68	&	10.21	&	1.757	&	20.48	&	6.355	&	7.117\\
correct: 28.97%
k: 41
	&	0	&	1	&	2	&	3	&	4	&	5	&	6	&	7	&	8	&	9\\
0	&	68.96	&	0	&	5.646	&	2.7	&	1.882	&	4.145	&	5.132	&	0.609	&	2.14	&	6.446\\
1	&	1.098	&	75.55	&	1.129	&	6.983	&	1.254	&	3.044	&	1.613	&	4.872	&	16.29	&	2.775\\
2	&	5.489	&	5.666	&	13.93	&	25.05	&	3.584	&	13.47	&	6.452	&	4.507	&	18.43	&	5.013\\
3	&	4.89	&	4.871	&	27.73	&	3.073	&	4.122	&	17.88	&	2.933	&	6.456	&	16.77	&	10.92\\
4	&	1.198	&	1.69	&	5.019	&	4.19	&	31.72	&	5.052	&	6.305	&	8.77	&	5.945	&	24.26\\
5	&	5.788	&	3.976	&	16.69	&	12.48	&	7.796	&	5.505	&	7.625	&	6.334	&	15.93	&	10.47\\
6	&	5.289	&	1.292	&	5.897	&	3.911	&	7.168	&	14.83	&	61.44	&	0.2436	&	5.826	&	2.149\\
7	&	0.7984	&	2.187	&	6.399	&	12.01	&	5.018	&	9.65	&	0.8798	&	42.27	&	7.253	&	17.82\\
8	&	4.491	&	3.28	&	13.68	&	18.99	&	5.466	&	16.26	&	5.865	&	5.725	&	4.994	&	12.71\\
9	&	1.996	&	1.491	&	3.89	&	10.61	&	31.99	&	10.17	&	1.76	&	20.22	&	6.421	&	7.431\\
correct: 29.25%
k: 40
	&	0	&	1	&	2	&	3	&	4	&	5	&	6	&	7	&	8	&	9\\
0	&	69.55	&	0	&	5.59	&	2.773	&	1.794	&	3.904	&	5.279	&	0.6112	&	2.148	&	6.601\\
1	&	1.005	&	76.17	&	1.118	&	6.654	&	1.256	&	3.058	&	1.76	&	4.645	&	16.35	&	2.587\\
2	&	5.126	&	5.561	&	14.16	&	25.51	&	3.677	&	13.47	&	5.865	&	4.401	&	18.62	&	4.906\\
3	&	4.824	&	4.469	&	27.33	&	3.235	&	3.946	&	18.15	&	2.786	&	6.601	&	16.95	&	11.06\\
4	&	1.106	&	1.589	&	4.845	&	4.344	&	32.29	&	5.075	&	5.718	&	8.68	&	5.847	&	24.26\\
5	&	5.829	&	3.972	&	16.89	&	12.38	&	7.713	&	5.66	&	7.771	&	6.235	&	15.63	&	10.35\\
6	&	5.327	&	1.291	&	5.963	&	3.882	&	7.085	&	14.7	&	62.32	&	0.2445	&	5.37	&	2.23\\
7	&	0.9045	&	2.284	&	6.211	&	11.83	&	5.022	&	9.369	&	0.8798	&	42.91	&	7.041	&	18.02\\
8	&	4.623	&	3.277	&	13.66	&	19.13	&	5.381	&	16.07	&	5.865	&	5.868	&	5.37	&	12.31\\
9	&	1.709	&	1.39	&	4.224	&	10.26	&	31.84	&	10.54	&	1.76	&	19.8	&	6.683	&	7.672\\
correct: 29.62%
k: 39
	&	0	&	1	&	2	&	3	&	4	&	5	&	6	&	7	&	8	&	9\\
0	&	70.1	&	0	&	5.831	&	2.646	&	1.716	&	4.039	&	5.117	&	0.6083	&	2.278	&	6.323\\
1	&	1.01	&	76.15	&	1.117	&	6.478	&	1.265	&	2.866	&	1.754	&	4.623	&	15.71	&	2.71\\
2	&	5.253	&	5.397	&	14.27	&	25.36	&	3.342	&	13.36	&	6.433	&	4.38	&	18.59	&	4.968\\
3	&	4.848	&	4.612	&	26.67	&	3.285	&	4.155	&	18.63	&	2.632	&	6.813	&	16.55	&	10.84\\
4	&	1.212	&	1.472	&	4.715	&	4.471	&	32.7	&	5.147	&	5.848	&	8.516	&	5.755	&	24.3\\
5	&	5.253	&	3.925	&	16.75	&	12.5	&	7.407	&	5.928	&	7.31	&	6.204	&	16.43	&	10.57\\
6	&	5.354	&	1.276	&	6.079	&	3.741	&	6.956	&	14.66	&	62.72	&	0.2433	&	5.276	&	2.258\\
7	&	0.9091	&	2.355	&	6.079	&	11.77	&	4.878	&	9.316	&	0.731	&	43.55	&	7.074	&	17.89\\
8	&	4.646	&	3.337	&	14.39	&	19.34	&	5.239	&	15.7	&	5.848	&	5.474	&	5.396	&	12.38\\
9	&	1.414	&	1.472	&	4.094	&	10.4	&	32.34	&	10.36	&	1.608	&	19.59	&	6.954	&	7.769\\
correct: 29.92%
k: 38
	&	0	&	1	&	2	&	3	&	4	&	5	&	6	&	7	&	8	&	9\\
0	&	70.24	&	0	&	5.651	&	2.661	&	1.617	&	3.932	&	5.162	&	0.6039	&	2.303	&	6.063\\
1	&	1.002	&	76.54	&	1.106	&	5.963	&	1.258	&	2.949	&	1.622	&	4.589	&	15.76	&	2.715\\
2	&	5.311	&	5.181	&	14	&	26.24	&	3.414	&	12.98	&	6.195	&	4.469	&	19.15	&	4.796\\
3	&	4.81	&	4.594	&	27.15	&	3.486	&	4.043	&	18.74	&	2.655	&	6.763	&	16.12	&	10.68\\
4	&	1.202	&	1.466	&	4.668	&	4.404	&	33.15	&	5.177	&	5.9	&	7.971	&	5.818	&	24.16\\
5	&	5.411	&	3.91	&	17.08	&	12.39	&	7.278	&	6.094	&	6.785	&	5.797	&	16.73	&	10.68\\
6	&	5.411	&	1.271	&	5.897	&	3.67	&	6.739	&	14.42	&	64.31	&	0.3623	&	5.212	&	2.353\\
7	&	0.9018	&	2.248	&	5.774	&	11.1	&	4.942	&	9.699	&	0.7375	&	43.72	&	6.909	&	18.19\\
8	&	4.309	&	3.324	&	14.74	&	19.72	&	5.121	&	15.86	&	5.162	&	5.676	&	5.455	&	12.31\\
9	&	1.403	&	1.466	&	3.931	&	10.37	&	32.43	&	10.16	&	1.475	&	20.05	&	6.545	&	8.054\\
correct: 30.3%
k: 37
	&	0	&	1	&	2	&	3	&	4	&	5	&	6	&	7	&	8	&	9\\
0	&	70.71	&	0	&	5.535	&	2.653	&	1.529	&	3.979	&	4.942	&	0.5917	&	2.217	&	6.069\\
1	&	1.003	&	76.65	&	1.107	&	5.855	&	1.259	&	2.918	&	1.453	&	4.379	&	16.01	&	2.627\\
2	&	5.216	&	5.253	&	14.51	&	26.53	&	3.417	&	12.86	&	5.959	&	4.852	&	18.72	&	4.71\\
3	&	5.115	&	4.767	&	27.55	&	3.477	&	4.227	&	19.1	&	2.471	&	6.627	&	15.76	&	10.14\\
4	&	1.103	&	1.556	&	4.428	&	4.392	&	33.09	&	4.973	&	6.105	&	7.811	&	5.911	&	24.64\\
5	&	5.216	&	3.988	&	16.61	&	12.72	&	7.194	&	5.968	&	7.413	&	6.272	&	16.75	&	10.42\\
6	&	5.216	&	1.167	&	6.027	&	3.66	&	6.745	&	14.52	&	63.95	&	0.355	&	5.049	&	2.446\\
7	&	0.9027	&	2.14	&	5.904	&	11.07	&	5.036	&	9.549	&	0.7267	&	43.91	&	6.527	&	18.03\\
8	&	4.112	&	3.113	&	14.88	&	19.21	&	5.396	&	15.98	&	5.378	&	5.562	&	6.281	&	12.14\\
9	&	1.404	&	1.362	&	3.444	&	10.43	&	32.1	&	10.15	&	1.599	&	19.64	&	6.773	&	8.786\\
correct: 30.66%
k: 36
	&	0	&	1	&	2	&	3	&	4	&	5	&	6	&	7	&	8	&	9\\
0	&	71.18	&	0	&	5.187	&	2.585	&	1.613	&	4.034	&	5.102	&	0.5855	&	2.112	&	5.866\\
1	&	1.004	&	77.14	&	1.206	&	5.817	&	1.165	&	2.844	&	1.458	&	4.45	&	15.78	&	2.566\\
2	&	5.02	&	5.058	&	14.84	&	27.15	&	3.405	&	12.7	&	5.394	&	4.918	&	18.88	&	4.766\\
3	&	4.819	&	4.767	&	27.99	&	3.786	&	4.122	&	19.25	&	2.478	&	6.323	&	15.16	&	10.08\\
4	&	1.205	&	1.459	&	4.343	&	4.432	&	33.69	&	4.96	&	5.831	&	7.494	&	5.839	&	24.66\\
5	&	5.221	&	3.988	&	16.28	&	12.28	&	6.9	&	6.548	&	7.872	&	5.738	&	17.39	&	10.27\\
6	&	5.422	&	1.167	&	5.669	&	3.693	&	6.9	&	14.15	&	64.72	&	0.3513	&	5.217	&	2.291\\
7	&	0.9036	&	2.14	&	6.031	&	11.08	&	4.928	&	9.392	&	0.7289	&	44.26	&	6.46	&	17.87\\
8	&	3.916	&	3.016	&	14.96	&	19.3	&	5.287	&	16.14	&	4.81	&	5.621	&	6.584	&	12.28\\
9	&	1.305	&	1.265	&	3.498	&	9.88	&	31.99	&	9.987	&	1.603	&	20.26	&	6.584	&	9.349\\
correct: 31.18%
k: 35
	&	0	&	1	&	2	&	3	&	4	&	5	&	6	&	7	&	8	&	9\\
0	&	71.51	&	0	&	5.244	&	2.368	&	1.632	&	3.976	&	4.857	&	0.8264	&	2.138	&	5.683\\
1	&	1.003	&	77.02	&	1.22	&	5.829	&	1.088	&	2.717	&	1.571	&	4.25	&	15.6	&	2.383\\
2	&	4.714	&	4.904	&	15.12	&	26.68	&	3.173	&	12.79	&	6.286	&	5.077	&	18.87	&	4.766\\
3	&	4.714	&	4.808	&	28.17	&	4.007	&	4.08	&	19.28	&	2.143	&	6.494	&	15.72	&	9.808\\
4	&	1.304	&	1.442	&	4.146	&	4.098	&	34	&	5.036	&	5.286	&	7.438	&	5.786	&	25.48\\
5	&	5.316	&	3.942	&	15.98	&	12.57	&	7.162	&	6.958	&	8	&	5.195	&	17.11	&	9.991\\
6	&	5.416	&	1.25	&	5.366	&	3.825	&	6.618	&	13.85	&	65.43	&	0.1181	&	5.031	&	2.2\\
7	&	0.9027	&	2.404	&	5.854	&	11.2	&	4.986	&	9.013	&	0.5714	&	45.1	&	6.289	&	17.97\\
8	&	3.811	&	3.077	&	15.24	&	19.76	&	5.077	&	16.37	&	4.429	&	5.195	&	7.17	&	11.64\\
9	&	1.304	&	1.154	&	3.659	&	9.654	&	32.18	&	10.01	&	1.429	&	20.31	&	6.289	&	10.08\\
correct: 31.69%
k: 34
	&	0	&	1	&	2	&	3	&	4	&	5	&	6	&	7	&	8	&	9\\
0	&	71.53	&	0	&	5.212	&	2.298	&	1.719	&	4.189	&	4.843	&	0.8363	&	1.786	&	5.325\\
1	&	0.999	&	77.25	&	1.212	&	5.699	&	1.086	&	2.66	&	1.425	&	4.182	&	15.56	&	2.347\\
2	&	4.895	&	4.493	&	16	&	27.3	&	3.258	&	12.23	&	6.41	&	5.018	&	18.88	&	4.693\\
3	&	4.795	&	4.589	&	27.52	&	4.412	&	3.801	&	20.01	&	2.137	&	6.332	&	14.92	&	10.02\\
4	&	1.199	&	1.434	&	4.121	&	4.412	&	34.21	&	4.854	&	5.271	&	7.168	&	5.74	&	25.27\\
5	&	5.495	&	3.92	&	16.24	&	12.59	&	6.968	&	7.181	&	7.123	&	5.137	&	17.22	&	10.11\\
6	&	5.295	&	1.147	&	5.455	&	3.493	&	6.425	&	13.76	&	66.52	&	0.1195	&	5.102	&	2.166\\
7	&	0.7992	&	2.486	&	5.818	&	10.94	&	5.068	&	8.71	&	0.5698	&	46.12	&	6.633	&	17.87\\
8	&	3.696	&	3.25	&	14.79	&	19.39	&	5.249	&	16.82	&	4.416	&	4.898	&	7.653	&	11.46\\
9	&	1.299	&	1.434	&	3.636	&	9.467	&	32.22	&	9.574	&	1.282	&	20.19	&	6.505	&	10.74\\
correct: 32.22%
k: 33
	&	0	&	1	&	2	&	3	&	4	&	5	&	6	&	7	&	8	&	9\\
0	&	72.4	&	0	&	5.025	&	2.555	&	1.734	&	3.987	&	4.622	&	0.7238	&	1.669	&	5.059\\
1	&	1	&	77.32	&	0.9804	&	5.839	&	0.8212	&	2.658	&	1.681	&	4.101	&	15.15	&	1.987\\
2	&	4.8	&	4.726	&	16.3	&	26.92	&	3.376	&	12.62	&	5.882	&	4.946	&	18.49	&	4.697\\
3	&	4.5	&	4.631	&	27.57	&	4.653	&	3.467	&	20.27	&	2.241	&	6.152	&	14.89	&	10.3\\
4	&	1.1	&	1.418	&	3.799	&	3.923	&	34.58	&	4.784	&	5.462	&	7.238	&	5.777	&	25.93\\
5	&	5.2	&	3.875	&	16.3	&	12.68	&	6.752	&	7.375	&	7.703	&	5.187	&	17.07	&	10.03\\
6	&	5.3	&	1.04	&	5.515	&	3.741	&	6.661	&	13.36	&	66.11	&	0.1206	&	5.006	&	1.987\\
7	&	0.8	&	2.363	&	5.882	&	11.13	&	5.018	&	8.505	&	0.7003	&	47.29	&	7.06	&	17.16\\
8	&	3.7	&	3.214	&	14.71	&	19.62	&	5.018	&	16.88	&	4.342	&	4.584	&	7.959	&	11.56\\
9	&	1.2	&	1.418	&	3.922	&	8.942	&	32.57	&	9.568	&	1.261	&	19.66	&	6.932	&	11.29\\
correct: 32.67%
k: 32
	&	0	&	1	&	2	&	3	&	4	&	5	&	6	&	7	&	8	&	9\\
0	&	72.75	&	0	&	5.018	&	2.627	&	1.555	&	3.915	&	4.507	&	0.8434	&	1.671	&	5.096\\
1	&	0.9018	&	77.54	&	0.9792	&	5.525	&	0.8234	&	2.654	&	1.549	&	4.096	&	15.17	&	1.82\\
2	&	4.409	&	4.981	&	17.5	&	26.36	&	3.294	&	12.41	&	5.915	&	4.94	&	18.64	&	4.55\\
3	&	4.709	&	4.511	&	27.54	&	4.801	&	3.294	&	20.44	&	2.394	&	6.024	&	14.52	&	10.28\\
4	&	1.102	&	1.41	&	3.55	&	3.714	&	35.5	&	4.91	&	5.634	&	6.988	&	5.398	&	25.84\\
5	&	5.311	&	3.947	&	15.67	&	13.41	&	6.496	&	7.565	&	7.465	&	5.06	&	16.97	&	9.918\\
6	&	5.01	&	0.9398	&	5.63	&	3.714	&	6.496	&	13.54	&	66.62	&	0.1205	&	5.398	&	1.82\\
7	&	0.8016	&	2.162	&	5.875	&	10.78	&	4.941	&	8.361	&	0.7042	&	47.95	&	7.069	&	17.47\\
8	&	3.808	&	3.008	&	14.32	&	19.66	&	4.849	&	16.85	&	4.366	&	4.699	&	8.355	&	11.65\\
9	&	1.202	&	1.504	&	3.917	&	9.42	&	32.75	&	9.356	&	0.8451	&	19.28	&	6.812	&	11.56\\
correct: 33.12%
k: 31
	&	0	&	1	&	2	&	3	&	4	&	5	&	6	&	7	&	8	&	9\\
0	&	73.64	&	0	&	4.932	&	2.656	&	1.545	&	4.013	&	4.196	&	0.8363	&	1.302	&	5.163\\
1	&	1.01	&	77.8	&	0.9864	&	5.586	&	0.7273	&	2.566	&	1.678	&	3.823	&	15.23	&	1.902\\
2	&	3.939	&	4.798	&	18.5	&	27.29	&	3.091	&	12.3	&	5.874	&	4.301	&	18.88	&	4.529\\
3	&	4.242	&	4.61	&	27	&	5.128	&	3.182	&	20.59	&	2.378	&	6.332	&	14.45	&	10.42\\
4	&	1.01	&	1.317	&	3.206	&	3.388	&	35.91	&	4.934	&	5.734	&	6.571	&	5.599	&	25.91\\
5	&	5.556	&	3.951	&	15.54	&	13.37	&	6.455	&	7.368	&	7.552	&	5.376	&	16.93	&	10.05\\
6	&	4.848	&	0.8467	&	5.672	&	3.48	&	6.636	&	13.49	&	67.27	&	0.1195	&	5.078	&	1.63\\
7	&	0.8081	&	2.352	&	5.549	&	10.53	&	4.909	&	8.421	&	0.6993	&	48.51	&	7.031	&	17.03\\
8	&	3.737	&	2.822	&	15.17	&	19.51	&	4.909	&	17.04	&	3.776	&	4.421	&	8.594	&	11.59\\
9	&	1.212	&	1.505	&	3.453	&	9.066	&	32.64	&	9.276	&	0.8392	&	19.71	&	6.901	&	11.78\\
correct: 33.52%
k: 30
	&	0	&	1	&	2	&	3	&	4	&	5	&	6	&	7	&	8	&	9\\
0	&	74.14	&	0	&	4.651	&	2.665	&	1.553	&	3.626	&	4.138	&	1.07	&	1.195	&	5.091\\
1	&	1.006	&	78.22	&	0.9792	&	5.423	&	0.7306	&	2.439	&	1.655	&	3.805	&	14.87	&	1.818\\
2	&	3.823	&	4.393	&	19.22	&	27.48	&	3.014	&	12.39	&	6.621	&	4.518	&	17.66	&	4.636\\
3	&	4.225	&	4.579	&	27.05	&	5.515	&	3.014	&	20.9	&	2.345	&	5.826	&	14.74	&	10.09\\
4	&	1.006	&	1.215	&	3.06	&	3.309	&	36.71	&	4.812	&	5.517	&	6.421	&	5.71	&	26\\
5	&	5.433	&	3.738	&	15.67	&	13.42	&	6.21	&	7.647	&	7.034	&	4.875	&	17.93	&	10.27\\
6	&	4.728	&	0.9346	&	5.753	&	3.309	&	6.484	&	13.51	&	67.31	&	0.1189	&	4.648	&	1.636\\
7	&	0.8048	&	2.617	&	5.263	&	10.29	&	5.023	&	8.372	&	0.6897	&	49.23	&	7.039	&	16.64\\
8	&	3.521	&	2.897	&	15.06	&	19.67	&	5.297	&	17.01	&	3.862	&	4.4	&	9.429	&	10.82\\
9	&	1.308	&	1.402	&	3.305	&	8.915	&	31.96	&	9.295	&	0.8276	&	19.74	&	6.773	&	13\\
correct: 34.25%
k: 29
	&	0	&	1	&	2	&	3	&	4	&	5	&	6	&	7	&	8	&	9\\
0	&	74.75	&	0	&	4.49	&	2.39	&	1.459	&	3.657	&	4.11	&	0.9524	&	1.326	&	5.273\\
1	&	1.01	&	78.75	&	1.092	&	4.963	&	0.7293	&	2.394	&	1.507	&	3.929	&	14.59	&	1.727\\
2	&	3.434	&	4.473	&	19.66	&	28.12	&	3.464	&	11.97	&	6.712	&	4.167	&	17.37	&	4.455\\
3	&	4.04	&	4.473	&	27.43	&	5.515	&	2.917	&	21.74	&	2.329	&	5.357	&	13.93	&	10\\
4	&	0.9091	&	1.025	&	2.913	&	3.493	&	36.74	&	4.787	&	5.479	&	6.548	&	5.57	&	26.18\\
5	&	5.455	&	3.821	&	15.41	&	12.59	&	6.29	&	8.045	&	6.849	&	4.524	&	18.7	&	10.36\\
6	&	4.646	&	0.932	&	5.704	&	3.585	&	6.472	&	13.23	&	67.67	&	0.119	&	4.509	&	1.545\\
7	&	0.8081	&	2.423	&	5.461	&	10.11	&	5.014	&	8.444	&	0.8219	&	50.12	&	7.029	&	16.09\\
8	&	3.636	&	2.703	&	15.05	&	20.22	&	5.105	&	16.49	&	3.699	&	4.524	&	10.34	&	10.73\\
9	&	1.313	&	1.398	&	2.791	&	9.007	&	31.81	&	9.242	&	0.8219	&	19.76	&	6.631	&	13.64\\
correct: 34.74%
k: 28
	&	0	&	1	&	2	&	3	&	4	&	5	&	6	&	7	&	8	&	9\\
0	&	74.92	&	0	&	4.71	&	2.267	&	1.557	&	3.617	&	3.956	&	0.8323	&	1.314	&	5.326\\
1	&	0.8089	&	79.74	&	0.9662	&	4.714	&	0.7326	&	2.411	&	1.364	&	3.805	&	14.19	&	1.745\\
2	&	3.134	&	4.295	&	20.53	&	27.83	&	3.571	&	12.06	&	6.548	&	3.805	&	17.35	&	4.316\\
3	&	4.044	&	4.295	&	27.42	&	5.984	&	2.839	&	21.7	&	1.91	&	5.232	&	14.45	&	9.917\\
4	&	0.91	&	1.12	&	3.019	&	3.354	&	37.45	&	4.689	&	4.911	&	6.659	&	5.388	&	26.35\\
5	&	5.662	&	3.548	&	14.86	&	12.87	&	6.136	&	8.506	&	6.958	&	4.4	&	18.92	&	9.826\\
6	&	4.752	&	0.6536	&	5.918	&	3.264	&	6.136	&	12.99	&	68.89	&	0.2378	&	4.468	&	1.561\\
7	&	0.8089	&	2.428	&	5.072	&	10.15	&	4.762	&	8.439	&	0.6821	&	51.13	&	6.57	&	16.25\\
8	&	3.64	&	2.428	&	14.98	&	20.4	&	4.762	&	16.48	&	3.683	&	4.518	&	11.17	&	10.56\\
9	&	1.314	&	1.494	&	2.536	&	9.157	&	32.05	&	9.109	&	1.091	&	19.38	&	6.176	&	14.14\\
correct: 35.41%
k: 27
	&	0	&	1	&	2	&	3	&	4	&	5	&	6	&	7	&	8	&	9\\
0	&	75.43	&	0	&	4.676	&	2.156	&	1.626	&	3.605	&	3.799	&	0.8424	&	1.062	&	5.229\\
1	&	0.8089	&	79.74	&	0.8393	&	4.223	&	0.7227	&	2.517	&	1.357	&	3.851	&	14.48	&	1.743\\
2	&	2.831	&	4.368	&	20.98	&	28.03	&	3.613	&	12.31	&	6.377	&	3.61	&	16.87	&	4.128\\
3	&	3.943	&	4.368	&	27.58	&	6.11	&	2.891	&	21.84	&	1.9	&	5.535	&	14.34	&	9.633\\
4	&	1.011	&	1.022	&	2.998	&	3.504	&	37.4	&	4.558	&	4.885	&	6.378	&	4.914	&	26.61\\
5	&	5.561	&	3.81	&	15.47	&	12.67	&	5.601	&	8.844	&	7.056	&	4.091	&	19.65	&	9.174\\
6	&	4.853	&	0.4647	&	5.396	&	3.055	&	6.323	&	13.13	&	69.34	&	0.2407	&	4.382	&	1.56\\
7	&	0.91	&	2.23	&	4.796	&	10.15	&	4.607	&	8.299	&	0.5427	&	52.35	&	6.375	&	16.7\\
8	&	3.337	&	2.602	&	14.27	&	20.75	&	4.968	&	16.19	&	3.799	&	4.332	&	11.95	&	10.64\\
9	&	1.314	&	1.394	&	2.998	&	9.344	&	32.25	&	8.707	&	0.9498	&	18.77	&	5.976	&	14.59\\
correct: 35.86%
k: 26
	&	0	&	1	&	2	&	3	&	4	&	5	&	6	&	7	&	8	&	9\\
0	&	76.11	&	0	&	4.24	&	2.273	&	1.71	&	3.486	&	3.509	&	0.7151	&	0.8054	&	5.443\\
1	&	0.8097	&	79.72	&	0.9423	&	4.273	&	0.7201	&	2.461	&	1.484	&	3.933	&	14.36	&	1.476\\
2	&	2.733	&	4.63	&	21.91	&	28.36	&	3.24	&	11.83	&	6.478	&	3.218	&	17.18	&	4.151\\
3	&	3.846	&	4.259	&	27.56	&	6.273	&	2.88	&	21.8	&	1.889	&	5.483	&	14.36	&	9.686\\
4	&	1.012	&	1.019	&	3.416	&	2.818	&	37.8	&	4.443	&	4.723	&	6.436	&	5.101	&	26.66\\
5	&	5.466	&	3.796	&	15.19	&	12.45	&	5.671	&	9.501	&	7.018	&	4.291	&	19.73	&	8.672\\
6	&	4.555	&	0.5556	&	5.183	&	3.091	&	6.211	&	13.19	&	69.64	&	0.2384	&	4.43	&	1.476\\
7	&	0.9109	&	2.315	&	4.476	&	10.36	&	4.14	&	7.861	&	0.5398	&	52.68	&	6.443	&	17.25\\
8	&	3.138	&	2.407	&	14.37	&	20.91	&	5.311	&	16.75	&	3.644	&	4.529	&	12.08	&	9.779\\
9	&	1.417	&	1.296	&	2.709	&	9.182	&	32.31	&	8.681	&	1.08	&	18.47	&	5.503	&	15.41\\
correct: 36.42%
k: 25
	&	0	&	1	&	2	&	3	&	4	&	5	&	6	&	7	&	8	&	9\\
0	&	77.12	&	0	&	4.056	&	2.198	&	1.701	&	3.465	&	3.495	&	0.927	&	0.6711	&	5.446\\
1	&	0.8172	&	80.35	&	0.927	&	3.846	&	0.7162	&	2.426	&	1.478	&	3.36	&	13.83	&	1.502\\
2	&	2.554	&	4.591	&	22.13	&	29.03	&	3.402	&	12.2	&	6.317	&	3.129	&	16.11	&	3.85\\
3	&	3.882	&	4.04	&	27.46	&	6.41	&	2.775	&	22.11	&	1.747	&	5.91	&	14.63	&	9.202\\
4	&	1.124	&	1.01	&	3.36	&	2.93	&	38.41	&	4.297	&	4.435	&	6.141	&	5.235	&	26.57\\
5	&	5.005	&	3.765	&	14.72	&	12.55	&	5.64	&	9.91	&	6.855	&	4.983	&	19.6	&	8.638\\
6	&	4.29	&	0.551	&	5.098	&	2.839	&	6.446	&	13.03	&	70.56	&	0.2317	&	4.43	&	1.408\\
7	&	0.715	&	2.112	&	4.635	&	10.44	&	3.939	&	7.762	&	0.5376	&	52.72	&	6.309	&	17.09\\
8	&	3.064	&	2.296	&	14.83	&	20.7	&	5.013	&	16.35	&	3.898	&	4.519	&	13.69	&	9.671\\
9	&	1.43	&	1.286	&	2.781	&	9.066	&	31.96	&	8.455	&	0.672	&	18.08	&	5.503	&	16.62\\
correct: 37.22%
k: 24
	&	0	&	1	&	2	&	3	&	4	&	5	&	6	&	7	&	8	&	9\\
0	&	78.01	&	0	&	4.201	&	1.812	&	1.614	&	3.554	&	3.709	&	0.9153	&	0.6803	&	5.174\\
1	&	0.7194	&	80.99	&	0.9335	&	3.533	&	0.6278	&	2.3	&	1.589	&	3.318	&	14.01	&	1.411\\
2	&	2.364	&	4.224	&	23.1	&	29.35	&	3.139	&	12.13	&	6.49	&	3.89	&	14.97	&	3.669\\
3	&	3.7	&	3.949	&	28.12	&	7.428	&	2.96	&	22.51	&	1.325	&	5.034	&	14.83	&	8.373\\
4	&	1.028	&	1.102	&	3.384	&	2.989	&	39.28	&	3.902	&	4.238	&	6.178	&	5.17	&	26.34\\
5	&	5.036	&	3.765	&	14	&	12.5	&	5.291	&	10.52	&	6.623	&	5.034	&	19.73	&	8.937\\
6	&	4.214	&	0.551	&	4.667	&	2.627	&	6.099	&	13.03	&	71.13	&	0.2288	&	4.354	&	1.505\\
7	&	0.7194	&	1.928	&	4.784	&	9.964	&	3.946	&	7.596	&	0.5298	&	53.32	&	5.578	&	17.4\\
8	&	2.98	&	2.388	&	14.47	&	20.74	&	4.664	&	16.31	&	3.841	&	4.119	&	14.69	&	10.07\\
9	&	1.233	&	1.102	&	2.334	&	9.058	&	32.38	&	8.153	&	0.5298	&	17.96	&	5.986	&	17.12\\
correct: 38.03%
k: 23
	&	0	&	1	&	2	&	3	&	4	&	5	&	6	&	7	&	8	&	9\\
0	&	78.84	&	0	&	4.196	&	1.709	&	1.53	&	3.492	&	3.831	&	0.9143	&	0.6831	&	4.915\\
1	&	0.6192	&	81.11	&	0.9324	&	3.237	&	0.6301	&	2.304	&	1.321	&	3.314	&	14.07	&	1.323\\
2	&	2.477	&	3.923	&	24.24	&	28.69	&	3.51	&	11.8	&	6.869	&	3.657	&	14.34	&	3.875\\
3	&	3.406	&	3.832	&	27.51	&	8.004	&	2.88	&	22.91	&	1.321	&	4.914	&	14.75	&	8.412\\
4	&	1.032	&	0.9124	&	3.613	&	3.147	&	39.6	&	3.701	&	3.963	&	5.943	&	5.055	&	26.84\\
5	&	5.16	&	3.558	&	13.75	&	12.86	&	5.491	&	10.54	&	6.869	&	4.8	&	19.67	&	8.696\\
6	&	4.025	&	0.8212	&	4.779	&	2.878	&	5.851	&	12.92	&	71.6	&	0.1143	&	4.098	&	1.323\\
7	&	0.7224	&	2.007	&	4.312	&	9.982	&	3.6	&	7.402	&	0.5284	&	54.29	&	6.011	&	17.2\\
8	&	2.58	&	2.646	&	14.34	&	20.59	&	5.131	&	16.69	&	3.17	&	3.886	&	15.57	&	9.452\\
9	&	1.135	&	1.186	&	2.331	&	8.903	&	31.77	&	8.24	&	0.5284	&	18.17	&	5.738	&	17.96\\
correct: 38.62%
k: 22
	&	0	&	1	&	2	&	3	&	4	&	5	&	6	&	7	&	8	&	9\\
0	&	79.08	&	0	&	4.051	&	1.627	&	1.248	&	3.336	&	4.095	&	0.9249	&	0.5487	&	4.892\\
1	&	0.5128	&	81.26	&	1.042	&	3.526	&	0.713	&	2.271	&	1.057	&	3.006	&	12.89	&	1.129\\
2	&	2.359	&	3.784	&	26.04	&	28.75	&	3.565	&	11	&	6.473	&	3.815	&	13.99	&	4.233\\
3	&	3.487	&	3.514	&	26.85	&	8.409	&	2.852	&	23.14	&	1.321	&	5.202	&	14.68	&	8.655\\
4	&	1.231	&	0.9009	&	3.704	&	2.803	&	40.55	&	3.62	&	3.831	&	5.78	&	4.527	&	26.25\\
5	&	5.026	&	3.514	&	13.19	&	12.75	&	5.258	&	11.28	&	6.869	&	4.277	&	21.26	&	8.184\\
6	&	3.692	&	0.7207	&	4.745	&	2.984	&	5.704	&	13.06	&	72.39	&	0.2312	&	3.841	&	1.317\\
7	&	0.7179	&	2.252	&	4.167	&	9.855	&	3.654	&	7.097	&	0.5284	&	55.49	&	6.31	&	16.93\\
8	&	2.872	&	2.703	&	13.66	&	20.8	&	4.902	&	17.25	&	3.038	&	3.815	&	15.91	&	9.219\\
9	&	1.026	&	1.351	&	2.546	&	8.499	&	31.55	&	7.949	&	0.3963	&	17.46	&	6.036	&	19.19\\
correct: 39.53%
k: 21
	&	0	&	1	&	2	&	3	&	4	&	5	&	6	&	7	&	8	&	9\\
0	&	79.45	&	0	&	3.886	&	1.512	&	1.184	&	3.384	&	4.09	&	1.034	&	0.5594	&	4.775\\
1	&	0.5139	&	81.51	&	1.143	&	3.737	&	0.6375	&	2.232	&	1.055	&	2.759	&	12.87	&	1.102\\
2	&	2.467	&	3.697	&	26.51	&	28.83	&	3.461	&	11.09	&	6.332	&	3.448	&	13.71	&	3.949\\
3	&	3.494	&	3.517	&	26.86	&	9.164	&	2.277	&	22.82	&	1.583	&	5.402	&	14.55	&	8.632\\
4	&	1.131	&	0.9017	&	3.886	&	2.58	&	41.35	&	3.816	&	3.43	&	5.517	&	4.476	&	26.17\\
5	&	4.728	&	3.607	&	13.26	&	12.81	&	5.282	&	11.95	&	6.596	&	4.713	&	19.86	&	8.173\\
6	&	3.7	&	0.541	&	4.571	&	3.381	&	5.738	&	12.46	&	73.48	&	0.3448	&	3.776	&	1.377\\
7	&	0.7194	&	2.254	&	3.886	&	9.964	&	3.552	&	7.055	&	0.3958	&	55.86	&	6.154	&	16.53\\
8	&	2.878	&	2.615	&	13.6	&	20.2	&	4.736	&	17.28	&	2.639	&	3.563	&	17.62	&	9.366\\
9	&	0.925	&	1.353	&	2.4	&	7.829	&	31.79	&	7.919	&	0.3958	&	17.36	&	6.434	&	19.93\\
correct: 40.18%
k: 20
	&	0	&	1	&	2	&	3	&	4	&	5	&	6	&	7	&	8	&	9\\
0	&	79.88	&	0	&	3.949	&	1.53	&	1.181	&	3.237	&	4.222	&	0.8149	&	0.6812	&	4.831\\
1	&	0.3096	&	81.34	&	1.161	&	3.33	&	0.6358	&	2.158	&	1.187	&	2.794	&	12.53	&	1.094\\
2	&	2.58	&	3.75	&	27.87	&	28.89	&	3.179	&	10.72	&	5.805	&	3.492	&	14.17	&	3.829\\
3	&	3.199	&	3.929	&	26.48	&	9.991	&	1.998	&	22.59	&	1.451	&	5.239	&	14.44	&	8.933\\
4	&	1.135	&	0.8929	&	3.368	&	2.52	&	42.87	&	3.597	&	2.902	&	4.657	&	4.768	&	25.98\\
5	&	4.954	&	3.75	&	13.47	&	12.87	&	4.905	&	12.66	&	6.728	&	4.307	&	18.8	&	7.931\\
6	&	3.406	&	0.4464	&	4.297	&	3.24	&	5.359	&	12.88	&	74.54	&	0.3492	&	3.542	&	1.367\\
7	&	0.7224	&	2.232	&	3.717	&	9.721	&	3.451	&	6.906	&	0.1319	&	57.51	&	6.403	&	16.41\\
8	&	2.89	&	2.321	&	13.59	&	20.43	&	4.541	&	17.48	&	2.639	&	3.492	&	18.66	&	8.751\\
9	&	0.9288	&	1.339	&	2.091	&	7.471	&	31.88	&	7.77	&	0.3958	&	17.35	&	5.995	&	20.88\\
correct: 41.09%
k: 19
	&	0	&	1	&	2	&	3	&	4	&	5	&	6	&	7	&	8	&	9\\
0	&	80.85	&	0	&	3.708	&	1.724	&	1.181	&	3.172	&	4.124	&	0.7001	&	0.8299	&	4.62\\
1	&	0.3122	&	81.26	&	1.159	&	3.448	&	0.6358	&	1.802	&	1.031	&	2.8	&	12.86	&	1.087\\
2	&	2.289	&	3.819	&	28.51	&	28.49	&	3.361	&	10.67	&	5.928	&	3.267	&	14.52	&	3.895\\
3	&	2.601	&	3.819	&	26.54	&	10.98	&	1.998	&	23.36	&	1.546	&	4.667	&	14.38	&	8.152\\
4	&	1.145	&	0.7993	&	3.36	&	2.45	&	43.23	&	3.389	&	2.964	&	4.434	&	4.979	&	25.91\\
5	&	4.891	&	3.819	&	14.02	&	12.7	&	4.995	&	13.63	&	6.572	&	4.201	&	17.84	&	7.337\\
6	&	3.434	&	0.5329	&	3.824	&	3.085	&	5.45	&	12.4	&	74.36	&	0.3501	&	3.181	&	1.54\\
7	&	0.7284	&	2.131	&	3.476	&	9.619	&	3.451	&	6.777	&	0.2577	&	58.93	&	5.533	&	16.49\\
8	&	2.914	&	2.487	&	13.21	&	20.05	&	4.45	&	17.45	&	2.706	&	3.501	&	20.06	&	8.696\\
9	&	0.8325	&	1.332	&	2.202	&	7.441	&	31.24	&	7.354	&	0.5155	&	17.15	&	5.809	&	22.28\\
correct: 41.97%
k: 18
	&	0	&	1	&	2	&	3	&	4	&	5	&	6	&	7	&	8	&	9\\
0	&	82.04	&	0	&	3.429	&	1.55	&	1.091	&	3.365	&	4.103	&	0.8083	&	0.6897	&	4.529\\
1	&	0.3151	&	81.57	&	1.143	&	3.464	&	0.4545	&	1.756	&	1.026	&	2.309	&	12.55	&	0.9964\\
2	&	2.311	&	3.704	&	29.6	&	28.17	&	3.182	&	10.68	&	5.385	&	3.349	&	15.03	&	3.533\\
3	&	2.206	&	3.704	&	26.63	&	11.67	&	2.182	&	23.12	&	1.795	&	4.157	&	14.76	&	8.062\\
4	&	1.05	&	0.7937	&	3.314	&	2.279	&	44.73	&	3.292	&	3.077	&	4.042	&	4.69	&	25.27\\
5	&	4.517	&	3.616	&	13.71	&	14.04	&	4.636	&	14.41	&	5.769	&	3.464	&	18.07	&	7.246\\
6	&	3.151	&	0.4409	&	3.657	&	3.191	&	5.455	&	12.44	&	74.74	&	0.3464	&	3.172	&	1.54\\
7	&	0.6303	&	2.293	&	3.429	&	8.933	&	3.273	&	6.437	&	0.2564	&	60.16	&	5.103	&	16.67\\
8	&	3.151	&	2.646	&	12.91	&	19.14	&	4.273	&	17.7	&	3.077	&	3.58	&	21.24	&	8.424\\
9	&	0.6303	&	1.235	&	2.171	&	7.566	&	30.73	&	6.803	&	0.7692	&	17.78	&	4.69	&	23.73\\
correct: 43.02%
k: 17
	&	0	&	1	&	2	&	3	&	4	&	5	&	6	&	7	&	8	&	9\\
0	&	82.46	&	0	&	3.303	&	1.537	&	0.8419	&	3.412	&	3.929	&	0.6873	&	0.6897	&	4.208\\
1	&	0.3132	&	81.97	&	0.7973	&	3.345	&	0.4677	&	1.855	&	1.141	&	2.291	&	12.14	&	0.8057\\
2	&	1.983	&	3.518	&	31.21	&	27.76	&	2.993	&	10.39	&	4.816	&	3.093	&	15.45	&	3.85\\
3	&	2.296	&	3.782	&	26.88	&	12.48	&	1.777	&	23.22	&	1.774	&	4.124	&	14.62	&	7.431\\
4	&	1.044	&	0.7916	&	3.531	&	2.17	&	46.68	&	3.264	&	3.042	&	4.009	&	4.276	&	24.62\\
5	&	4.593	&	3.606	&	13.55	&	14.2	&	4.116	&	15.28	&	5.45	&	3.436	&	18.07	&	6.893\\
6	&	3.34	&	0.5277	&	3.189	&	2.984	&	5.613	&	11.94	&	75.79	&	0.3436	&	2.759	&	1.522\\
7	&	0.6263	&	2.375	&	2.961	&	8.77	&	3.368	&	5.935	&	0.3802	&	60.71	&	4.69	&	16.92\\
8	&	2.714	&	2.463	&	12.41	&	19.44	&	4.303	&	17.51	&	2.915	&	3.551	&	22.76	&	8.505\\
9	&	0.6263	&	0.9675	&	2.164	&	7.324	&	29.84	&	7.196	&	0.7605	&	17.75	&	4.552	&	25.25\\
correct: 44.14%
k: 16
	&	0	&	1	&	2	&	3	&	4	&	5	&	6	&	7	&	8	&	9\\
0	&	83.4	&	0	&	3.39	&	1.471	&	0.8349	&	3.383	&	3.634	&	0.6787	&	0.9589	&	3.932\\
1	&	0.3151	&	82.83	&	0.791	&	3.585	&	0.4638	&	1.88	&	1.003	&	1.81	&	11.37	&	0.7149\\
2	&	2.101	&	3.433	&	33.56	&	27.02	&	3.34	&	9.85	&	4.887	&	2.602	&	15.07	&	3.843\\
3	&	1.996	&	3.609	&	25.99	&	13.88	&	2.226	&	22.78	&	1.504	&	4.072	&	14.66	&	7.775\\
4	&	0.9454	&	0.6162	&	3.277	&	2.206	&	47.31	&	3.233	&	3.133	&	4.072	&	3.973	&	24.13\\
5	&	4.622	&	3.345	&	12.77	&	13.24	&	4.082	&	16.54	&	5.764	&	4.186	&	17.95	&	6.702\\
6	&	2.941	&	0.6162	&	3.164	&	3.125	&	5.473	&	11.58	&	76.19	&	0.3394	&	2.74	&	1.519\\
7	&	0.5252	&	2.201	&	2.712	&	8.64	&	3.525	&	6.015	&	0.2506	&	61.09	&	5.205	&	16.26\\
8	&	2.521	&	2.289	&	12.2	&	19.94	&	4.082	&	17.52	&	2.882	&	3.62	&	23.84	&	8.311\\
9	&	0.6303	&	1.056	&	2.147	&	6.893	&	28.66	&	7.218	&	0.7519	&	17.53	&	4.247	&	26.81\\
correct: 45.35%
k: 15
	&	0	&	1	&	2	&	3	&	4	&	5	&	6	&	7	&	8	&	9\\
0	&	83.23	&	0	&	3.344	&	1.404	&	0.7421	&	3.191	&	3.625	&	0.558	&	1.075	&	4.022\\
1	&	0.3125	&	82.56	&	0.7804	&	3.652	&	0.3711	&	1.824	&	1.125	&	1.674	&	10.48	&	0.8227\\
2	&	2.083	&	3.487	&	34.45	&	26.59	&	3.34	&	10.03	&	5.375	&	2.121	&	14.38	&	3.839\\
3	&	1.771	&	3.487	&	24.97	&	15.36	&	2.226	&	23.1	&	1	&	3.46	&	15.19	&	7.77\\
4	&	0.9375	&	0.6103	&	3.456	&	1.966	&	48.24	&	3.343	&	2.875	&	3.906	&	4.032	&	23.95\\
5	&	4.792	&	3.4	&	12.49	&	13.01	&	4.082	&	17.1	&	5.5	&	4.576	&	17.61	&	6.49\\
6	&	3.021	&	0.6975	&	3.122	&	2.903	&	5.195	&	11.32	&	77.38	&	0.3348	&	2.419	&	1.554\\
7	&	0.5208	&	2.528	&	2.899	&	8.708	&	3.525	&	5.775	&	0.125	&	61.5	&	4.704	&	15.9\\
8	&	2.604	&	2.354	&	12.26	&	19.66	&	3.989	&	17.55	&	2.625	&	3.571	&	25.81	&	7.587\\
9	&	0.7292	&	0.8718	&	2.23	&	6.742	&	28.29	&	6.763	&	0.375	&	18.3	&	4.301	&	28.06\\
correct: 46.33%
k: 14
	&	0	&	1	&	2	&	3	&	4	&	5	&	6	&	7	&	8	&	9\\
0	&	84.12	&	0	&	3.043	&	1.331	&	0.7326	&	3.206	&	3.856	&	0.5574	&	0.813	&	3.8\\
1	&	0.3135	&	82.88	&	0.8696	&	3.327	&	0.4579	&	1.679	&	1.244	&	1.561	&	10.3	&	0.7414\\
2	&	1.985	&	3.388	&	35.87	&	27.28	&	3.114	&	9.389	&	4.851	&	2.453	&	13.28	&	3.8\\
3	&	1.672	&	3.301	&	25.65	&	15.78	&	2.198	&	22.98	&	0.995	&	3.456	&	15.18	&	7.229\\
4	&	1.045	&	0.5213	&	3.478	&	1.996	&	49.45	&	3.053	&	2.363	&	4.125	&	3.93	&	22.98\\
5	&	4.807	&	3.128	&	11.96	&	12.74	&	3.938	&	18.55	&	5.473	&	4.459	&	17.07	&	6.487\\
6	&	2.612	&	0.6082	&	3.587	&	2.567	&	4.853	&	10.76	&	78.36	&	0.3344	&	2.981	&	1.576\\
7	&	0.5225	&	2.606	&	2.609	&	8.46	&	3.48	&	5.802	&	0.2488	&	62.21	&	4.743	&	15.85\\
8	&	2.09	&	2.693	&	10.98	&	19.87	&	3.48	&	18.17	&	2.239	&	3.79	&	27.51	&	7.6\\
9	&	0.8359	&	0.8688	&	1.957	&	6.654	&	28.3	&	6.412	&	0.3731	&	17.06	&	4.201	&	29.94\\
correct: 47.52%
k: 13
	&	0	&	1	&	2	&	3	&	4	&	5	&	6	&	7	&	8	&	9\\
0	&	84.82	&	0	&	3.077	&	1.222	&	0.8227	&	3.123	&	3.902	&	0.5531	&	0.5284	&	3.665\\
1	&	0.3141	&	83.58	&	0.6593	&	3.477	&	0.457	&	1.561	&	1.341	&	1.327	&	9.379	&	0.7519\\
2	&	2.094	&	3.215	&	37.8	&	27.82	&	2.834	&	9.055	&	4.268	&	2.323	&	12.68	&	3.383\\
3	&	1.675	&	3.215	&	24.73	&	17.29	&	2.102	&	23.26	&	0.8537	&	3.761	&	14.8	&	6.955\\
4	&	0.8377	&	0.4344	&	3.187	&	1.786	&	49.91	&	2.888	&	2.317	&	4.204	&	3.963	&	23.59\\
5	&	4.607	&	2.954	&	11.65	&	12.41	&	3.931	&	20.06	&	5.732	&	3.761	&	17.44	&	5.921\\
6	&	2.304	&	0.3475	&	3.297	&	2.256	&	4.845	&	10.69	&	78.54	&	0.2212	&	3.17	&	1.692\\
7	&	0.5236	&	2.606	&	2.857	&	7.519	&	3.291	&	5.699	&	0.2439	&	63.94	&	4.888	&	15.13\\
8	&	1.99	&	2.606	&	10.99	&	20.11	&	3.931	&	17.33	&	2.317	&	3.65	&	29.06	&	6.955\\
9	&	0.8377	&	1.043	&	1.758	&	6.109	&	27.88	&	6.323	&	0.4878	&	16.26	&	4.095	&	31.95\\
correct: 48.85%
k: 12
	&	0	&	1	&	2	&	3	&	4	&	5	&	6	&	7	&	8	&	9\\
0	&	84.61	&	0	&	3.004	&	1.043	&	0.7326	&	2.911	&	3.79	&	0.4449	&	0.664	&	3.51\\
1	&	0.2066	&	84.28	&	0.6438	&	3.223	&	0.4579	&	1.416	&	0.7335	&	1.335	&	9.031	&	0.759\\
2	&	2.273	&	3.368	&	40.24	&	25.97	&	2.747	&	8.733	&	4.401	&	2.002	&	12.35	&	3.226\\
3	&	1.446	&	3.022	&	25.21	&	18.67	&	1.923	&	22.42	&	0.7335	&	3.56	&	15.54	&	6.452\\
4	&	0.9298	&	0.5181	&	2.79	&	1.517	&	51.56	&	2.911	&	2.2	&	3.671	&	3.718	&	23.34\\
5	&	4.649	&	2.763	&	9.979	&	12.23	&	3.755	&	22.34	&	5.379	&	3.893	&	17.4	&	5.503\\
6	&	2.376	&	0.3454	&	3.112	&	2.464	&	4.029	&	10.54	&	80.2	&	0.2225	&	2.922	&	1.708\\
7	&	0.5165	&	2.504	&	2.575	&	7.299	&	3.388	&	5.744	&	0.2445	&	65.41	&	5.046	&	14.71\\
8	&	2.066	&	2.418	&	10.62	&	21.71	&	3.663	&	16.92	&	2.2	&	2.892	&	30.01	&	6.926\\
9	&	0.9298	&	0.7772	&	1.824	&	5.877	&	27.75	&	6.058	&	0.1222	&	16.57	&	3.32	&	33.87\\
correct: 50.41%
k: 11
	&	0	&	1	&	2	&	3	&	4	&	5	&	6	&	7	&	8	&	9\\
0	&	85.6	&	0	&	2.378	&	0.9515	&	0.9276	&	2.716	&	3.58	&	0.4415	&	0.6502	&	3.143\\
1	&	0.2058	&	85.07	&	0.5405	&	2.95	&	0.4638	&	1.278	&	0.5967	&	1.214	&	8.322	&	0.9524\\
2	&	2.058	&	3.192	&	42.59	&	26.74	&	2.226	&	8.706	&	4.177	&	2.208	&	10.4	&	3.048\\
3	&	1.337	&	3.106	&	24.65	&	20.65	&	2.041	&	22.12	&	0.716	&	3.201	&	15.86	&	5.714\\
4	&	0.7202	&	0.5177	&	2.811	&	1.237	&	52.97	&	2.875	&	2.267	&	3.532	&	3.511	&	23.33\\
5	&	4.63	&	2.416	&	9.405	&	11.89	&	3.525	&	23.72	&	5.37	&	3.863	&	17.43	&	5.524\\
6	&	2.058	&	0.3451	&	2.703	&	2.093	&	3.989	&	10.3	&	80.91	&	0.3311	&	2.731	&	1.238\\
7	&	0.3086	&	2.243	&	2.486	&	7.326	&	2.968	&	5.591	&	0.1193	&	67	&	5.202	&	14.19\\
8	&	2.263	&	2.588	&	10.7	&	20.46	&	3.711	&	16.61	&	2.029	&	2.759	&	32.77	&	6.286\\
9	&	0.823	&	0.5177	&	1.73	&	5.709	&	27.18	&	6.07	&	0.2387	&	15.45	&	3.121	&	36.57\\
correct: 52.18%
k: 10
	&	0	&	1	&	2	&	3	&	4	&	5	&	6	&	7	&	8	&	9\\
0	&	86.56	&	0	&	1.846	&	0.7648	&	0.9191	&	3.038	&	3.11	&	0.4372	&	0.6562	&	2.687\\
1	&	0.2051	&	85.65	&	0.3257	&	2.868	&	0.3676	&	1.359	&	0.4785	&	1.202	&	7.612	&	0.8637\\
2	&	1.744	&	3.093	&	46.58	&	24.38	&	2.482	&	7.594	&	4.306	&	2.295	&	11.29	&	2.879\\
3	&	1.128	&	3.007	&	24.86	&	22.37	&	1.838	&	21.58	&	0.7177	&	3.169	&	15.62	&	5.47\\
4	&	0.6154	&	0.6014	&	2.172	&	1.338	&	54.96	&	3.038	&	1.914	&	3.06	&	3.281	&	22.07\\
5	&	4.308	&	2.234	&	8.36	&	11.57	&	3.309	&	26.14	&	4.785	&	4.153	&	16.8	&	5.47\\
6	&	2.154	&	0.3436	&	2.497	&	2.199	&	4.044	&	9.752	&	82.18	&	0.4372	&	2.231	&	1.248\\
7	&	0.1026	&	1.89	&	2.063	&	7.553	&	2.574	&	4.876	&	0.1196	&	68.63	&	5.381	&	14.2\\
8	&	2.256	&	2.749	&	9.989	&	20.84	&	3.309	&	16.95	&	2.153	&	2.842	&	33.86	&	5.758\\
9	&	0.9231	&	0.4296	&	1.303	&	6.119	&	26.19	&	5.675	&	0.2392	&	13.77	&	3.281	&	39.35\\
correct: 54.12%
k: 9
	&	0	&	1	&	2	&	3	&	4	&	5	&	6	&	7	&	8	&	9\\
0	&	87.41	&	0	&	1.522	&	0.7605	&	1.003	&	2.805	&	2.709	&	0.3293	&	0.7624	&	2.611\\
1	&	0.2047	&	86.39	&	0.5435	&	2.567	&	0.4558	&	1.073	&	0.4711	&	0.9879	&	7.878	&	0.4836\\
2	&	1.945	&	2.929	&	48.8	&	24.9	&	2.461	&	7.591	&	3.416	&	2.305	&	9.403	&	2.418\\
3	&	1.024	&	2.929	&	24.46	&	23.67	&	2.005	&	20.87	&	0.7067	&	3.074	&	16.14	&	5.416\\
4	&	0.5118	&	0.6029	&	2.065	&	1.046	&	56.24	&	3.135	&	1.885	&	2.415	&	2.922	&	21.66\\
5	&	3.787	&	1.895	&	7.391	&	12.83	&	3.282	&	26.82	&	5.183	&	4.061	&	16.77	&	5.416\\
6	&	2.252	&	0.3445	&	2.174	&	2.091	&	3.555	&	9.241	&	83.51	&	0.2195	&	2.414	&	0.8704\\
7	&	0.1024	&	1.809	&	1.957	&	7.605	&	2.826	&	5.116	&	0	&	71.57	&	4.574	&	12.28\\
8	&	1.945	&	2.498	&	9.783	&	19.39	&	3.008	&	17.9	&	1.885	&	2.634	&	35.83	&	5.803\\
9	&	0.8188	&	0.6029	&	1.304	&	5.133	&	25.16	&	5.446	&	0.2356	&	12.4	&	3.304	&	43.04\\
correct: 55.85%
k: 8
	&	0	&	1	&	2	&	3	&	4	&	5	&	6	&	7	&	8	&	9\\
0	&	87.8	&	0	&	1.582	&	0.7921	&	0.7156	&	2.581	&	1.998	&	0.33	&	0.9032	&	2.599\\
1	&	0.2033	&	86.78	&	0.4219	&	2.475	&	0.2683	&	1.166	&	0.47	&	0.8801	&	7.742	&	0.385\\
2	&	2.236	&	2.661	&	52.11	&	23.17	&	2.504	&	6.994	&	3.055	&	1.65	&	9.677	&	2.214\\
3	&	0.9146	&	2.918	&	23	&	27.13	&	2.057	&	20.4	&	0.9401	&	3.3	&	15.35	&	4.812\\
4	&	0.6098	&	0.515	&	1.793	&	0.7921	&	58.14	&	2.748	&	1.763	&	2.42	&	2.065	&	20.12\\
5	&	3.862	&	1.459	&	6.751	&	12.67	&	3.041	&	29.48	&	4.935	&	3.63	&	15.61	&	5.871\\
6	&	1.931	&	0.3433	&	1.793	&	1.782	&	3.399	&	9.159	&	84.96	&	0.22	&	2.194	&	0.9625\\
7	&	0.1016	&	2.06	&	1.793	&	6.832	&	2.862	&	4.913	&	0	&	73.16	&	4.129	&	12.42\\
8	&	1.626	&	2.575	&	9.916	&	19.5	&	3.309	&	17.24	&	1.645	&	2.97	&	38.97	&	4.812\\
9	&	0.7114	&	0.6867	&	0.8439	&	4.851	&	23.7	&	5.329	&	0.235	&	11.44	&	3.355	&	45.81\\
correct: 58.13%
k: 7
	&	0	&	1	&	2	&	3	&	4	&	5	&	6	&	7	&	8	&	9\\
0	&	88.61	&	0	&	1.494	&	0.6958	&	0.6399	&	2.506	&	1.714	&	0.4324	&	0.9828	&	2.402\\
1	&	0.2035	&	87.5	&	0.2134	&	2.386	&	0.2742	&	0.9507	&	0.4571	&	0.8649	&	6.88	&	0.2882\\
2	&	1.729	&	2.568	&	55.82	&	23.06	&	2.651	&	6.569	&	2.4	&	1.514	&	8.6	&	1.921\\
3	&	1.017	&	2.312	&	21.88	&	30.72	&	1.828	&	20.05	&	0.9143	&	3.135	&	14.86	&	4.707\\
4	&	0.6104	&	0.5137	&	1.494	&	0.6958	&	61.24	&	2.247	&	1.943	&	1.946	&	1.966	&	19.4\\
5	&	3.764	&	1.284	&	6.403	&	12.13	&	2.468	&	32.58	&	5.371	&	4	&	14.13	&	5.283\\
6	&	1.933	&	0.4281	&	1.387	&	1.491	&	3.108	&	8.557	&	85.03	&	0.1081	&	2.334	&	0.8646\\
7	&	0.2035	&	2.14	&	1.708	&	6.362	&	2.468	&	4.581	&	0.1143	&	75.24	&	3.686	&	10.95\\
8	&	1.221	&	2.568	&	9.178	&	17.79	&	3.656	&	16.77	&	1.829	&	2.595	&	43.24	&	3.939\\
9	&	0.7121	&	0.6849	&	0.4269	&	4.672	&	21.66	&	5.186	&	0.2286	&	10.16	&	3.317	&	50.24\\
correct: 60.87%
k: 6
	&	0	&	1	&	2	&	3	&	4	&	5	&	6	&	7	&	8	&	9\\
0	&	89.26	&	0	&	1.212	&	0.829	&	0.7188	&	2.22	&	1.356	&	0.3226	&	1.051	&	2.153\\
1	&	0.2026	&	87.67	&	0.202	&	1.762	&	0.2695	&	1.025	&	0.452	&	0.8602	&	6.965	&	0.2935\\
2	&	1.722	&	2.636	&	58.99	&	19.9	&	2.516	&	6.234	&	2.034	&	1.505	&	7.359	&	1.859\\
3	&	1.013	&	2.126	&	20.81	&	35.13	&	1.617	&	18.62	&	1.017	&	2.796	&	14.45	&	4.795\\
4	&	0.6079	&	0.4252	&	1.212	&	0.5181	&	64.78	&	2.135	&	1.808	&	1.828	&	1.577	&	15.95\\
5	&	3.343	&	1.276	&	5.859	&	10.98	&	2.156	&	36.64	&	5.085	&	3.656	&	13.27	&	4.599\\
6	&	1.722	&	0.5102	&	1.313	&	1.865	&	2.695	&	7.6	&	85.65	&	0.3226	&	2.102	&	0.7828\\
7	&	0.2026	&	2.126	&	1.717	&	5.699	&	2.246	&	4.014	&	0.113	&	76.13	&	3.417	&	11.94\\
8	&	1.418	&	2.721	&	7.879	&	18.34	&	3.414	&	16.82	&	2.26	&	2.688	&	47.04	&	3.425\\
9	&	0.5066	&	0.5102	&	0.8081	&	4.974	&	19.59	&	4.697	&	0.226	&	9.892	&	2.76	&	54.21\\
correct: 63.63%
k: 5
	&	0	&	1	&	2	&	3	&	4	&	5	&	6	&	7	&	8	&	9\\
0	&	89.85	&	0	&	1.328	&	0.6211	&	0.5682	&	2.048	&	1.096	&	0.3151	&	0.9615	&	1.69\\
1	&	0.1005	&	88.71	&	0.2043	&	1.863	&	0.1894	&	1.024	&	0.4386	&	0.7353	&	6.01	&	0.2817\\
2	&	1.608	&	2.31	&	63.43	&	18.53	&	2.083	&	5.587	&	1.535	&	1.576	&	7.692	&	1.315\\
3	&	0.9045	&	1.967	&	18.28	&	40.37	&	1.61	&	17.13	&	0.7675	&	2.731	&	15.02	&	4.695\\
4	&	0.603	&	0.2566	&	0.9193	&	0.6211	&	67.9	&	2.235	&	1.864	&	1.891	&	1.442	&	15.96\\
5	&	3.116	&	0.8554	&	5.618	&	10.14	&	2.273	&	41.71	&	5.154	&	2.941	&	12.62	&	4.319\\
6	&	1.709	&	0.5988	&	1.226	&	1.242	&	2.652	&	6.331	&	86.84	&	0.105	&	1.562	&	0.7512\\
7	&	0.3015	&	1.967	&	1.736	&	4.555	&	2.178	&	3.538	&	0	&	77.84	&	3.486	&	10.33\\
8	&	1.407	&	2.566	&	6.537	&	17.7	&	3.125	&	16.2	&	2.083	&	3.151	&	49.16	&	2.817\\
9	&	0.402	&	0.7699	&	0.715	&	4.348	&	17.42	&	4.19	&	0.2193	&	8.718	&	2.043	&	57.84\\
correct: 66.65%
k: 4
	&	0	&	1	&	2	&	3	&	4	&	5	&	6	&	7	&	8	&	9\\
0	&	91.01	&	0	&	1.165	&	0.5365	&	0.3626	&	1.839	&	0.8801	&	0.4315	&	0.4127	&	1.148\\
1	&	0.0999	&	89.27	&	0.2913	&	1.931	&	0.272	&	0.8757	&	0.11	&	0.4315	&	5.227	&	0\\
2	&	1.798	&	2.196	&	67.67	&	13.41	&	1.904	&	5.342	&	1.32	&	1.294	&	6.19	&	1.435\\
3	&	0.4995	&	1.689	&	17.38	&	48.18	&	1.451	&	15.15	&	0.7701	&	2.265	&	13.07	&	4.306\\
4	&	0.5994	&	0.08446	&	0.7767	&	0.3219	&	70.63	&	1.926	&	1.32	&	0.9709	&	1.376	&	12.63\\
5	&	2.498	&	0.9291	&	3.786	&	8.798	&	1.904	&	47.99	&	4.07	&	2.697	&	9.078	&	3.636\\
6	&	1.299	&	0.5912	&	1.068	&	0.9657	&	2.267	&	6.042	&	89	&	0	&	1.238	&	0.5742\\
7	&	0.3996	&	1.943	&	1.456	&	4.292	&	1.723	&	2.715	&	0.11	&	81.77	&	2.476	&	11.39\\
8	&	1.299	&	2.449	&	6.019	&	18.03	&	2.629	&	14.54	&	2.31	&	2.913	&	59.28	&	2.679\\
9	&	0.4995	&	0.8446	&	0.3883	&	3.541	&	16.86	&	3.59	&	0.11	&	7.228	&	1.651	&	62.2\\
correct: 70.89%
k: 3
	&	0	&	1	&	2	&	3	&	4	&	5	&	6	&	7	&	8	&	9\\
0	&	92.71	&	0	&	0.6073	&	0.2099	&	0.3795	&	1.76	&	1.062	&	0.6048	&	0.8037	&	1.079\\
1	&	0.1012	&	91.45	&	0.5061	&	1.259	&	0.1898	&	0.5865	&	0.3185	&	0.4032	&	3.674	&	0\\
2	&	1.721	&	1.709	&	73.48	&	13.75	&	1.803	&	5.181	&	0.5308	&	1.21	&	4.822	&	0.6869\\
3	&	0.5061	&	1.624	&	13.56	&	55.61	&	1.139	&	13.2	&	0.8493	&	2.319	&	12.4	&	3.533\\
4	&	0.4049	&	0.08547	&	0.7085	&	0.6296	&	75.9	&	0.8798	&	1.486	&	1.109	&	1.148	&	11.78\\
5	&	1.721	&	0.8547	&	2.834	&	7.975	&	1.233	&	54.25	&	4.352	&	2.923	&	10.1	&	3.435\\
6	&	1.215	&	0.5128	&	0.7085	&	0.7345	&	1.898	&	5.181	&	88.85	&	0	&	1.148	&	0.5888\\
7	&	0.3036	&	1.624	&	1.012	&	3.358	&	1.613	&	2.248	&	0.1062	&	81.35	&	2.985	&	8.832\\
8	&	0.8097	&	1.538	&	6.275	&	13.64	&	1.992	&	13.29	&	2.123	&	3.024	&	61.08	&	1.668\\
9	&	0.5061	&	0.5983	&	0.3036	&	2.833	&	13.85	&	3.421	&	0.3185	&	7.056	&	1.837	&	68.4\\
correct: 74.7%
k: 2
	&	0	&	1	&	2	&	3	&	4	&	5	&	6	&	7	&	8	&	9\\
0	&	93.1	&	0	&	0.09268	&	0	&	0.1792	&	1.208	&	0.2203	&	0.2155	&	0	&	0.09709\\
1	&	0.09718	&	90.92	&	0.5561	&	0.3333	&	0.1792	&	0.604	&	0.1101	&	0	&	0.4777	&	0\\
2	&	1.555	&	1.472	&	78.59	&	6.556	&	1.254	&	3.883	&	0.7709	&	0.6466	&	1.592	&	0.8738\\
3	&	0.4859	&	1.962	&	12.05	&	68.89	&	0.7168	&	9.836	&	0.6608	&	2.263	&	6.847	&	3.786\\
4	&	0.3887	&	0.1635	&	0.4634	&	0.2222	&	80.56	&	1.639	&	0.5507	&	0.2155	&	0.1592	&	4.175\\
5	&	1.361	&	0.5724	&	1.576	&	4.333	&	0.8961	&	62.81	&	1.872	&	1.94	&	3.822	&	1.748\\
6	&	1.069	&	0.4088	&	0.7414	&	0.8889	&	1.254	&	4.314	&	93.72	&	0	&	0.3185	&	0.8738\\
7	&	0.1944	&	1.472	&	1.019	&	2.222	&	1.344	&	1.553	&	0	&	89.33	&	1.592	&	10.19\\
8	&	0.8746	&	2.289	&	4.634	&	14.67	&	1.792	&	11.56	&	1.982	&	3.664	&	84.08	&	2.039\\
9	&	0.8746	&	0.7359	&	0.278	&	1.889	&	11.83	&	2.588	&	0.1101	&	1.724	&	1.115	&	76.21\\
correct: 81.58%
k: 1
	&	0	&	1	&	2	&	3	&	4	&	5	&	6	&	7	&	8	&	9\\
0	&	93.95	&	0	&	0.2075	&	0.1016	&	0.3077	&	1.151	&	0.4073	&	0.485	&	0.1045	&	0.5698\\
1	&	0	&	93.03	&	0.7261	&	0.7114	&	0.2051	&	0.4603	&	0.2037	&	0.09699	&	1.881	&	0\\
2	&	1.189	&	0.8503	&	82.37	&	11.38	&	0.9231	&	2.762	&	1.324	&	0.9699	&	4.18	&	0.7597\\
3	&	0.4955	&	1.276	&	9.232	&	68.9	&	0.4103	&	6.674	&	0.8147	&	2.619	&	10.55	&	2.374\\
4	&	0.09911	&	0.08503	&	0.3112	&	0.3049	&	86.15	&	1.726	&	0.8147	&	0.7759	&	1.045	&	8.832\\
5	&	1.586	&	1.02	&	1.763	&	5.894	&	1.231	&	71.58	&	3.666	&	2.716	&	6.897	&	2.374\\
6	&	0.892	&	0.2551	&	0.3112	&	0.3049	&	0.7179	&	3.107	&	91.14	&	0	&	0.7315	&	0.3799\\
7	&	0.1982	&	1.19	&	0.7261	&	1.728	&	0.7179	&	0.9206	&	0	&	85.16	&	2.717	&	6.553\\
8	&	0.9911	&	1.701	&	3.942	&	8.638	&	1.333	&	9.551	&	1.426	&	2.619	&	70.01	&	1.33\\
9	&	0.5946	&	0.5952	&	0.4149	&	2.033	&	8	&	2.071	&	0.2037	&	4.559	&	1.881	&	76.83\\
correct: 82.28%
